CRITICAL - 2023-05-10 05:22:17 --> Array to string conversion
in APPPATH\Controllers\Admin\SettingsController.php on line 67.
 1 APPPATH\Controllers\Admin\SettingsController.php(67): CodeIgniter\Debug\Exceptions->errorHandler(2, 'Array to string conversion', 'C:\\xampp\\htdocs\\truflow\\app\\Controllers\\Admin\\SettingsController.php', 67)
 2 APPPATH\Controllers\Admin\SettingsController.php(58): App\Controllers\Admin\SettingsController->SettingImages('89', [...])
 3 SYSTEMPATH\CodeIgniter.php(934): App\Controllers\Admin\SettingsController->settingsSave()
 4 SYSTEMPATH\CodeIgniter.php(499): CodeIgniter\CodeIgniter->runController(Object(App\Controllers\Admin\SettingsController))
 5 SYSTEMPATH\CodeIgniter.php(368): CodeIgniter\CodeIgniter->handleRequest(null, Object(Config\Cache), false)
 6 FCPATH\index.php(68): CodeIgniter\CodeIgniter->run()
CRITICAL - 2023-05-10 05:23:50 --> Array to string conversion
in APPPATH\Controllers\Admin\SettingsController.php on line 67.
 1 APPPATH\Controllers\Admin\SettingsController.php(67): CodeIgniter\Debug\Exceptions->errorHandler(2, 'Array to string conversion', 'C:\\xampp\\htdocs\\truflow\\app\\Controllers\\Admin\\SettingsController.php', 67)
 2 APPPATH\Controllers\Admin\SettingsController.php(58): App\Controllers\Admin\SettingsController->SettingImages('89', [...])
 3 SYSTEMPATH\CodeIgniter.php(934): App\Controllers\Admin\SettingsController->settingsSave()
 4 SYSTEMPATH\CodeIgniter.php(499): CodeIgniter\CodeIgniter->runController(Object(App\Controllers\Admin\SettingsController))
 5 SYSTEMPATH\CodeIgniter.php(368): CodeIgniter\CodeIgniter->handleRequest(null, Object(Config\Cache), false)
 6 FCPATH\index.php(68): CodeIgniter\CodeIgniter->run()
CRITICAL - 2023-05-10 05:23:59 --> Array to string conversion
in APPPATH\Controllers\Admin\SettingsController.php on line 67.
 1 APPPATH\Controllers\Admin\SettingsController.php(67): CodeIgniter\Debug\Exceptions->errorHandler(2, 'Array to string conversion', 'C:\\xampp\\htdocs\\truflow\\app\\Controllers\\Admin\\SettingsController.php', 67)
 2 APPPATH\Controllers\Admin\SettingsController.php(58): App\Controllers\Admin\SettingsController->SettingImages('89', [...])
 3 SYSTEMPATH\CodeIgniter.php(934): App\Controllers\Admin\SettingsController->settingsSave()
 4 SYSTEMPATH\CodeIgniter.php(499): CodeIgniter\CodeIgniter->runController(Object(App\Controllers\Admin\SettingsController))
 5 SYSTEMPATH\CodeIgniter.php(368): CodeIgniter\CodeIgniter->handleRequest(null, Object(Config\Cache), false)
 6 FCPATH\index.php(68): CodeIgniter\CodeIgniter->run()
CRITICAL - 2023-05-10 05:52:28 --> Undefined variable $imageData
in APPPATH\Controllers\Admin\SettingsController.php on line 34.
 1 APPPATH\Controllers\Admin\SettingsController.php(34): CodeIgniter\Debug\Exceptions->errorHandler(2, 'Undefined variable $imageData', 'C:\\xampp\\htdocs\\truflow\\app\\Controllers\\Admin\\SettingsController.php', 34)
 2 SYSTEMPATH\CodeIgniter.php(934): App\Controllers\Admin\SettingsController->settings()
 3 SYSTEMPATH\CodeIgniter.php(499): CodeIgniter\CodeIgniter->runController(Object(App\Controllers\Admin\SettingsController))
 4 SYSTEMPATH\CodeIgniter.php(368): CodeIgniter\CodeIgniter->handleRequest(null, Object(Config\Cache), false)
 5 FCPATH\index.php(68): CodeIgniter\CodeIgniter->run()
CRITICAL - 2023-05-10 05:56:35 --> Undefined array key "welcome_image_path"
in APPPATH\Views\admin\settings\settings.php on line 10.
 1 APPPATH\Views\admin\settings\settings.php(10): CodeIgniter\Debug\Exceptions->errorHandler(2, 'Undefined array key "welcome_image_path"', 'C:\\xampp\\htdocs\\truflow\\app\\Views\\admin\\settings\\settings.php', 10)
 2 SYSTEMPATH\View\View.php(213): include('C:\\xampp\\htdocs\\truflow\\app\\Views\\admin\\settings\\settings.php')
 3 SYSTEMPATH\View\View.php(216): CodeIgniter\View\View->CodeIgniter\View\{closure}()
 4 SYSTEMPATH\Common.php(1184): CodeIgniter\View\View->render('admin/settings/settings', [], true)
 5 APPPATH\Controllers\Admin\SettingsController.php(23): view('admin/settings/settings', [...])
 6 SYSTEMPATH\CodeIgniter.php(934): App\Controllers\Admin\SettingsController->settings()
 7 SYSTEMPATH\CodeIgniter.php(499): CodeIgniter\CodeIgniter->runController(Object(App\Controllers\Admin\SettingsController))
 8 SYSTEMPATH\CodeIgniter.php(368): CodeIgniter\CodeIgniter->handleRequest(null, Object(Config\Cache), false)
 9 FCPATH\index.php(68): CodeIgniter\CodeIgniter->run()
CRITICAL - 2023-05-10 06:01:30 --> Undefined array key "welcome_image_path"
in APPPATH\Views\admin\settings\settings.php on line 10.
 1 APPPATH\Views\admin\settings\settings.php(10): CodeIgniter\Debug\Exceptions->errorHandler(2, 'Undefined array key "welcome_image_path"', 'C:\\xampp\\htdocs\\truflow\\app\\Views\\admin\\settings\\settings.php', 10)
 2 SYSTEMPATH\View\View.php(213): include('C:\\xampp\\htdocs\\truflow\\app\\Views\\admin\\settings\\settings.php')
 3 SYSTEMPATH\View\View.php(216): CodeIgniter\View\View->CodeIgniter\View\{closure}()
 4 SYSTEMPATH\Common.php(1184): CodeIgniter\View\View->render('admin/settings/settings', [], true)
 5 APPPATH\Controllers\Admin\SettingsController.php(23): view('admin/settings/settings', [...])
 6 SYSTEMPATH\CodeIgniter.php(934): App\Controllers\Admin\SettingsController->settings()
 7 SYSTEMPATH\CodeIgniter.php(499): CodeIgniter\CodeIgniter->runController(Object(App\Controllers\Admin\SettingsController))
 8 SYSTEMPATH\CodeIgniter.php(368): CodeIgniter\CodeIgniter->handleRequest(null, Object(Config\Cache), false)
 9 FCPATH\index.php(68): CodeIgniter\CodeIgniter->run()
CRITICAL - 2023-05-10 06:01:43 --> Undefined variable $welcome_image_path
in APPPATH\Views\admin\settings\settings.php on line 92.
 1 APPPATH\Views\admin\settings\settings.php(92): CodeIgniter\Debug\Exceptions->errorHandler(2, 'Undefined variable $welcome_image_path', 'C:\\xampp\\htdocs\\truflow\\app\\Views\\admin\\settings\\settings.php', 92)
 2 SYSTEMPATH\View\View.php(213): include('C:\\xampp\\htdocs\\truflow\\app\\Views\\admin\\settings\\settings.php')
 3 SYSTEMPATH\View\View.php(216): CodeIgniter\View\View->CodeIgniter\View\{closure}()
 4 SYSTEMPATH\Common.php(1184): CodeIgniter\View\View->render('admin/settings/settings', [], true)
 5 APPPATH\Controllers\Admin\SettingsController.php(23): view('admin/settings/settings', [...])
 6 SYSTEMPATH\CodeIgniter.php(934): App\Controllers\Admin\SettingsController->settings()
 7 SYSTEMPATH\CodeIgniter.php(499): CodeIgniter\CodeIgniter->runController(Object(App\Controllers\Admin\SettingsController))
 8 SYSTEMPATH\CodeIgniter.php(368): CodeIgniter\CodeIgniter->handleRequest(null, Object(Config\Cache), false)
 9 FCPATH\index.php(68): CodeIgniter\CodeIgniter->run()
CRITICAL - 2023-05-10 06:07:15 --> Undefined array key "welcome_image_path"
in APPPATH\Views\admin\settings\settings.php on line 10.
 1 APPPATH\Views\admin\settings\settings.php(10): CodeIgniter\Debug\Exceptions->errorHandler(2, 'Undefined array key "welcome_image_path"', 'C:\\xampp\\htdocs\\truflow\\app\\Views\\admin\\settings\\settings.php', 10)
 2 SYSTEMPATH\View\View.php(213): include('C:\\xampp\\htdocs\\truflow\\app\\Views\\admin\\settings\\settings.php')
 3 SYSTEMPATH\View\View.php(216): CodeIgniter\View\View->CodeIgniter\View\{closure}()
 4 SYSTEMPATH\Common.php(1184): CodeIgniter\View\View->render('admin/settings/settings', [], true)
 5 APPPATH\Controllers\Admin\SettingsController.php(29): view('admin/settings/settings', [...])
 6 SYSTEMPATH\CodeIgniter.php(934): App\Controllers\Admin\SettingsController->settings()
 7 SYSTEMPATH\CodeIgniter.php(499): CodeIgniter\CodeIgniter->runController(Object(App\Controllers\Admin\SettingsController))
 8 SYSTEMPATH\CodeIgniter.php(368): CodeIgniter\CodeIgniter->handleRequest(null, Object(Config\Cache), false)
 9 FCPATH\index.php(68): CodeIgniter\CodeIgniter->run()
CRITICAL - 2023-05-10 06:09:49 --> Undefined variable $welcome_image_path
in APPPATH\Views\admin\settings\settings.php on line 93.
 1 APPPATH\Views\admin\settings\settings.php(93): CodeIgniter\Debug\Exceptions->errorHandler(2, 'Undefined variable $welcome_image_path', 'C:\\xampp\\htdocs\\truflow\\app\\Views\\admin\\settings\\settings.php', 93)
 2 SYSTEMPATH\View\View.php(213): include('C:\\xampp\\htdocs\\truflow\\app\\Views\\admin\\settings\\settings.php')
 3 SYSTEMPATH\View\View.php(216): CodeIgniter\View\View->CodeIgniter\View\{closure}()
 4 SYSTEMPATH\Common.php(1184): CodeIgniter\View\View->render('admin/settings/settings', [], true)
 5 APPPATH\Controllers\Admin\SettingsController.php(27): view('admin/settings/settings', [...])
 6 SYSTEMPATH\CodeIgniter.php(934): App\Controllers\Admin\SettingsController->settings()
 7 SYSTEMPATH\CodeIgniter.php(499): CodeIgniter\CodeIgniter->runController(Object(App\Controllers\Admin\SettingsController))
 8 SYSTEMPATH\CodeIgniter.php(368): CodeIgniter\CodeIgniter->handleRequest(null, Object(Config\Cache), false)
 9 FCPATH\index.php(68): CodeIgniter\CodeIgniter->run()
CRITICAL - 2023-05-10 06:26:38 --> file_get_contents(public/front/images/home/C:\xampp\tmp\php5817.tmp): Failed to open stream: No such file or directory
in APPPATH\Controllers\Admin\SettingsController.php on line 77.
 1 [internal function]: CodeIgniter\Debug\Exceptions->errorHandler(2, 'file_get_contents(public/front/images/home/C:\\xampp\\tmp\\php5817.tmp): Failed to open stream: No such file or directory', 'C:\\xampp\\htdocs\\truflow\\app\\Controllers\\Admin\\SettingsController.php', 77)
 2 APPPATH\Controllers\Admin\SettingsController.php(77): file_get_contents('public/front/images/home/C:\\xampp\\tmp\\php5817.tmp')
 3 APPPATH\Controllers\Admin\SettingsController.php(57): App\Controllers\Admin\SettingsController->settingImages('1', 'welcome')
 4 SYSTEMPATH\CodeIgniter.php(934): App\Controllers\Admin\SettingsController->settingsSave()
 5 SYSTEMPATH\CodeIgniter.php(499): CodeIgniter\CodeIgniter->runController(Object(App\Controllers\Admin\SettingsController))
 6 SYSTEMPATH\CodeIgniter.php(368): CodeIgniter\CodeIgniter->handleRequest(null, Object(Config\Cache), false)
 7 FCPATH\index.php(68): CodeIgniter\CodeIgniter->run()
CRITICAL - 2023-05-10 06:40:56 --> file_get_contents(public/front/images/home/1683700856_clear-cannabis-E-Inds0XLuo-unsplash.jpg): Failed to open stream: No such file or directory
in APPPATH\Controllers\Admin\SettingsController.php on line 79.
 1 [internal function]: CodeIgniter\Debug\Exceptions->errorHandler(2, 'file_get_contents(public/front/images/home/1683700856_clear-cannabis-E-Inds0XLuo-unsplash.jpg): Failed to open stream: No such file or directory', 'C:\\xampp\\htdocs\\truflow\\app\\Controllers\\Admin\\SettingsController.php', 79)
 2 APPPATH\Controllers\Admin\SettingsController.php(79): file_get_contents('public/front/images/home/1683700856_clear-cannabis-E-Inds0XLuo-unsplash.jpg')
 3 APPPATH\Controllers\Admin\SettingsController.php(57): App\Controllers\Admin\SettingsController->settingImages('1', 'welcome')
 4 SYSTEMPATH\CodeIgniter.php(934): App\Controllers\Admin\SettingsController->settingsSave()
 5 SYSTEMPATH\CodeIgniter.php(499): CodeIgniter\CodeIgniter->runController(Object(App\Controllers\Admin\SettingsController))
 6 SYSTEMPATH\CodeIgniter.php(368): CodeIgniter\CodeIgniter->handleRequest(null, Object(Config\Cache), false)
 7 FCPATH\index.php(68): CodeIgniter\CodeIgniter->run()
CRITICAL - 2023-05-10 06:41:44 --> file_get_contents(public/front/images/home/1683700904_clear-cannabis-E-Inds0XLuo-unsplash.jpg): Failed to open stream: No such file or directory
in APPPATH\Controllers\Admin\SettingsController.php on line 79.
 1 [internal function]: CodeIgniter\Debug\Exceptions->errorHandler(2, 'file_get_contents(public/front/images/home/1683700904_clear-cannabis-E-Inds0XLuo-unsplash.jpg): Failed to open stream: No such file or directory', 'C:\\xampp\\htdocs\\truflow\\app\\Controllers\\Admin\\SettingsController.php', 79)
 2 APPPATH\Controllers\Admin\SettingsController.php(79): file_get_contents('public/front/images/home/1683700904_clear-cannabis-E-Inds0XLuo-unsplash.jpg')
 3 APPPATH\Controllers\Admin\SettingsController.php(57): App\Controllers\Admin\SettingsController->settingImages('1', 'welcome')
 4 SYSTEMPATH\CodeIgniter.php(934): App\Controllers\Admin\SettingsController->settingsSave()
 5 SYSTEMPATH\CodeIgniter.php(499): CodeIgniter\CodeIgniter->runController(Object(App\Controllers\Admin\SettingsController))
 6 SYSTEMPATH\CodeIgniter.php(368): CodeIgniter\CodeIgniter->handleRequest(null, Object(Config\Cache), false)
 7 FCPATH\index.php(68): CodeIgniter\CodeIgniter->run()
CRITICAL - 2023-05-10 06:45:16 --> Could not move file "php62AA.tmp" to "public/front/images/home/". Reason: 
in SYSTEMPATH\HTTP\Files\UploadedFile.php on line 149.
 1 SYSTEMPATH\HTTP\Files\UploadedFile.php(149): CodeIgniter\HTTP\Exceptions\HTTPException::forMoveFailed('php62AA.tmp', 'public/front/images/home/', '')
 2 APPPATH\Controllers\Admin\SettingsController.php(77): CodeIgniter\HTTP\Files\UploadedFile->move('public/front/images/home/', 'C:\\xampp\\tmp\\php62AA.tmp')
 3 APPPATH\Controllers\Admin\SettingsController.php(57): App\Controllers\Admin\SettingsController->settingImages('1', 'welcome')
 4 SYSTEMPATH\CodeIgniter.php(934): App\Controllers\Admin\SettingsController->settingsSave()
 5 SYSTEMPATH\CodeIgniter.php(499): CodeIgniter\CodeIgniter->runController(Object(App\Controllers\Admin\SettingsController))
 6 SYSTEMPATH\CodeIgniter.php(368): CodeIgniter\CodeIgniter->handleRequest(null, Object(Config\Cache), false)
 7 FCPATH\index.php(68): CodeIgniter\CodeIgniter->run()
CRITICAL - 2023-05-10 06:45:49 --> file_get_contents(public/front/images/home/C:\xampp\tmp\phpE808.tmp): Failed to open stream: No such file or directory
in APPPATH\Controllers\Admin\SettingsController.php on line 78.
 1 [internal function]: CodeIgniter\Debug\Exceptions->errorHandler(2, 'file_get_contents(public/front/images/home/C:\\xampp\\tmp\\phpE808.tmp): Failed to open stream: No such file or directory', 'C:\\xampp\\htdocs\\truflow\\app\\Controllers\\Admin\\SettingsController.php', 78)
 2 APPPATH\Controllers\Admin\SettingsController.php(78): file_get_contents('public/front/images/home/C:\\xampp\\tmp\\phpE808.tmp')
 3 APPPATH\Controllers\Admin\SettingsController.php(57): App\Controllers\Admin\SettingsController->settingImages('1', 'welcome')
 4 SYSTEMPATH\CodeIgniter.php(934): App\Controllers\Admin\SettingsController->settingsSave()
 5 SYSTEMPATH\CodeIgniter.php(499): CodeIgniter\CodeIgniter->runController(Object(App\Controllers\Admin\SettingsController))
 6 SYSTEMPATH\CodeIgniter.php(368): CodeIgniter\CodeIgniter->handleRequest(null, Object(Config\Cache), false)
 7 FCPATH\index.php(68): CodeIgniter\CodeIgniter->run()
CRITICAL - 2023-05-10 06:46:18 --> file_get_contents(public/front/images/home/C:\xampp\tmp\php5401.tmp): Failed to open stream: No such file or directory
in APPPATH\Controllers\Admin\SettingsController.php on line 83.
 1 [internal function]: CodeIgniter\Debug\Exceptions->errorHandler(2, 'file_get_contents(public/front/images/home/C:\\xampp\\tmp\\php5401.tmp): Failed to open stream: No such file or directory', 'C:\\xampp\\htdocs\\truflow\\app\\Controllers\\Admin\\SettingsController.php', 83)
 2 APPPATH\Controllers\Admin\SettingsController.php(83): file_get_contents('public/front/images/home/C:\\xampp\\tmp\\php5401.tmp')
 3 APPPATH\Controllers\Admin\SettingsController.php(57): App\Controllers\Admin\SettingsController->settingImages('1', 'welcome')
 4 SYSTEMPATH\CodeIgniter.php(934): App\Controllers\Admin\SettingsController->settingsSave()
 5 SYSTEMPATH\CodeIgniter.php(499): CodeIgniter\CodeIgniter->runController(Object(App\Controllers\Admin\SettingsController))
 6 SYSTEMPATH\CodeIgniter.php(368): CodeIgniter\CodeIgniter->handleRequest(null, Object(Config\Cache), false)
 7 FCPATH\index.php(68): CodeIgniter\CodeIgniter->run()
CRITICAL - 2023-05-10 07:11:11 --> Undefined variable $extension
in APPPATH\Controllers\Admin\SettingsController.php on line 85.
 1 APPPATH\Controllers\Admin\SettingsController.php(85): CodeIgniter\Debug\Exceptions->errorHandler(2, 'Undefined variable $extension', 'C:\\xampp\\htdocs\\truflow\\app\\Controllers\\Admin\\SettingsController.php', 85)
 2 APPPATH\Controllers\Admin\SettingsController.php(57): App\Controllers\Admin\SettingsController->settingImages('1', 'welcome')
 3 SYSTEMPATH\CodeIgniter.php(934): App\Controllers\Admin\SettingsController->settingsSave()
 4 SYSTEMPATH\CodeIgniter.php(499): CodeIgniter\CodeIgniter->runController(Object(App\Controllers\Admin\SettingsController))
 5 SYSTEMPATH\CodeIgniter.php(368): CodeIgniter\CodeIgniter->handleRequest(null, Object(Config\Cache), false)
 6 FCPATH\index.php(68): CodeIgniter\CodeIgniter->run()
CRITICAL - 2023-05-10 07:16:42 --> file_get_contents(public/front/images/home/1683703002_bannerImg_dovpo-offical-YZm0jT51n78-unsplash.jpg): Failed to open stream: No such file or directory
in APPPATH\Controllers\Admin\SettingsController.php on line 85.
 1 [internal function]: CodeIgniter\Debug\Exceptions->errorHandler(2, 'file_get_contents(public/front/images/home/1683703002_bannerImg_dovpo-offical-YZm0jT51n78-unsplash.jpg): Failed to open stream: No such file or directory', 'C:\\xampp\\htdocs\\truflow\\app\\Controllers\\Admin\\SettingsController.php', 85)
 2 APPPATH\Controllers\Admin\SettingsController.php(85): file_get_contents('public/front/images/home/1683703002_bannerImg_dovpo-offical-YZm0jT51n78-unsplash.jpg')
 3 APPPATH\Controllers\Admin\SettingsController.php(57): App\Controllers\Admin\SettingsController->settingImages('1', 'welcome')
 4 SYSTEMPATH\CodeIgniter.php(934): App\Controllers\Admin\SettingsController->settingsSave()
 5 SYSTEMPATH\CodeIgniter.php(499): CodeIgniter\CodeIgniter->runController(Object(App\Controllers\Admin\SettingsController))
 6 SYSTEMPATH\CodeIgniter.php(368): CodeIgniter\CodeIgniter->handleRequest(null, Object(Config\Cache), false)
 7 FCPATH\index.php(68): CodeIgniter\CodeIgniter->run()
CRITICAL - 2023-05-10 07:21:43 --> Undefined property: App\Controllers\Admin\SettingsController::$load
in APPPATH\Controllers\Admin\SettingsController.php on line 89.
 1 APPPATH\Controllers\Admin\SettingsController.php(89): CodeIgniter\Debug\Exceptions->errorHandler(2, 'Undefined property: App\\Controllers\\Admin\\SettingsController::$load', 'C:\\xampp\\htdocs\\truflow\\app\\Controllers\\Admin\\SettingsController.php', 89)
 2 APPPATH\Controllers\Admin\SettingsController.php(57): App\Controllers\Admin\SettingsController->settingImages('1', 'welcome')
 3 SYSTEMPATH\CodeIgniter.php(934): App\Controllers\Admin\SettingsController->settingsSave()
 4 SYSTEMPATH\CodeIgniter.php(499): CodeIgniter\CodeIgniter->runController(Object(App\Controllers\Admin\SettingsController))
 5 SYSTEMPATH\CodeIgniter.php(368): CodeIgniter\CodeIgniter->handleRequest(null, Object(Config\Cache), false)
 6 FCPATH\index.php(68): CodeIgniter\CodeIgniter->run()
CRITICAL - 2023-05-10 07:32:12 --> Undefined property: App\Controllers\Admin\SettingsController::$load
in APPPATH\Controllers\Admin\SettingsController.php on line 89.
 1 APPPATH\Controllers\Admin\SettingsController.php(89): CodeIgniter\Debug\Exceptions->errorHandler(2, 'Undefined property: App\\Controllers\\Admin\\SettingsController::$load', 'C:\\xampp\\htdocs\\truflow\\app\\Controllers\\Admin\\SettingsController.php', 89)
 2 APPPATH\Controllers\Admin\SettingsController.php(57): App\Controllers\Admin\SettingsController->settingImages('1', 'welcome')
 3 SYSTEMPATH\CodeIgniter.php(934): App\Controllers\Admin\SettingsController->settingsSave()
 4 SYSTEMPATH\CodeIgniter.php(499): CodeIgniter\CodeIgniter->runController(Object(App\Controllers\Admin\SettingsController))
 5 SYSTEMPATH\CodeIgniter.php(368): CodeIgniter\CodeIgniter->handleRequest(null, Object(Config\Cache), false)
 6 FCPATH\index.php(68): CodeIgniter\CodeIgniter->run()
CRITICAL - 2023-05-10 07:39:04 --> File not found: "C:\xampp\htdocs\truflow\writable\uploads/1683704344_bannerImg_wallpaperflare.com_wallpaper.jpg"
in SYSTEMPATH\Files\File.php on line 47.
 1 SYSTEMPATH\Files\File.php(47): CodeIgniter\Files\Exceptions\FileNotFoundException::forFileNotFound('C:\\xampp\\htdocs\\truflow\\writable\\uploads/1683704344_bannerImg_wallpaperflare.com_wallpaper.jpg')
 2 SYSTEMPATH\Images\Handlers\BaseHandler.php(148): CodeIgniter\Files\File->__construct('C:\\xampp\\htdocs\\truflow\\writable\\uploads/1683704344_bannerImg_wallpaperflare.com_wallpaper.jpg', true)
 3 APPPATH\Controllers\Admin\SettingsController.php(89): CodeIgniter\Images\Handlers\BaseHandler->withFile('C:\\xampp\\htdocs\\truflow\\writable\\uploads/1683704344_bannerImg_wallpaperflare.com_wallpaper.jpg')
 4 APPPATH\Controllers\Admin\SettingsController.php(57): App\Controllers\Admin\SettingsController->settingImages('1', 'welcome')
 5 SYSTEMPATH\CodeIgniter.php(934): App\Controllers\Admin\SettingsController->settingsSave()
 6 SYSTEMPATH\CodeIgniter.php(499): CodeIgniter\CodeIgniter->runController(Object(App\Controllers\Admin\SettingsController))
 7 SYSTEMPATH\CodeIgniter.php(368): CodeIgniter\CodeIgniter->handleRequest(null, Object(Config\Cache), false)
 8 FCPATH\index.php(68): CodeIgniter\CodeIgniter->run()
CRITICAL - 2023-05-10 07:41:47 --> Class "Intervention\Image\ImageManager" not found
in APPPATH\Controllers\Admin\SettingsController.php on line 87.
 1 APPPATH\Controllers\Admin\SettingsController.php(58): App\Controllers\Admin\SettingsController->settingImages('1', 'welcome')
 2 SYSTEMPATH\CodeIgniter.php(934): App\Controllers\Admin\SettingsController->settingsSave()
 3 SYSTEMPATH\CodeIgniter.php(499): CodeIgniter\CodeIgniter->runController(Object(App\Controllers\Admin\SettingsController))
 4 SYSTEMPATH\CodeIgniter.php(368): CodeIgniter\CodeIgniter->handleRequest(null, Object(Config\Cache), false)
 5 FCPATH\index.php(68): CodeIgniter\CodeIgniter->run()
CRITICAL - 2023-05-10 07:52:27 --> file_get_contents(public/front/images/home/1683705147_bannerImg_ford-mustang-gt-fastback-drive-motel-neon-5k-5120x2880-355.jpg): Failed to open stream: No such file or directory
in APPPATH\Controllers\Admin\SettingsController.php on line 85.
 1 [internal function]: CodeIgniter\Debug\Exceptions->errorHandler(2, 'file_get_contents(public/front/images/home/1683705147_bannerImg_ford-mustang-gt-fastback-drive-motel-neon-5k-5120x2880-355.jpg): Failed to open stream: No such file or directory', 'C:\\xampp\\htdocs\\truflow\\app\\Controllers\\Admin\\SettingsController.php', 85)
 2 APPPATH\Controllers\Admin\SettingsController.php(85): file_get_contents('public/front/images/home/1683705147_bannerImg_ford-mustang-gt-fastback-drive-motel-neon-5k-5120x2880-355.jpg')
 3 APPPATH\Controllers\Admin\SettingsController.php(57): App\Controllers\Admin\SettingsController->settingImages('1', 'welcome')
 4 SYSTEMPATH\CodeIgniter.php(934): App\Controllers\Admin\SettingsController->settingsSave()
 5 SYSTEMPATH\CodeIgniter.php(499): CodeIgniter\CodeIgniter->runController(Object(App\Controllers\Admin\SettingsController))
 6 SYSTEMPATH\CodeIgniter.php(368): CodeIgniter\CodeIgniter->handleRequest(null, Object(Config\Cache), false)
 7 FCPATH\index.php(68): CodeIgniter\CodeIgniter->run()
CRITICAL - 2023-05-10 09:17:57 --> unlink(C:\xampp\htdocs\truflow\writable\): Is a directory
in APPPATH\Controllers\Admin\SettingsController.php on line 162.
 1 [internal function]: CodeIgniter\Debug\Exceptions->errorHandler(2, 'unlink(C:\\xampp\\htdocs\\truflow\\writable\\): Is a directory', 'C:\\xampp\\htdocs\\truflow\\app\\Controllers\\Admin\\SettingsController.php', 162)
 2 APPPATH\Controllers\Admin\SettingsController.php(162): unlink('C:\\xampp\\htdocs\\truflow\\writable\\')
 3 APPPATH\Controllers\Admin\SettingsController.php(58): App\Controllers\Admin\SettingsController->settingImages('1', 'welcome')
 4 SYSTEMPATH\CodeIgniter.php(934): App\Controllers\Admin\SettingsController->settingsSave()
 5 SYSTEMPATH\CodeIgniter.php(499): CodeIgniter\CodeIgniter->runController(Object(App\Controllers\Admin\SettingsController))
 6 SYSTEMPATH\CodeIgniter.php(368): CodeIgniter\CodeIgniter->handleRequest(null, Object(Config\Cache), false)
 7 FCPATH\index.php(68): CodeIgniter\CodeIgniter->run()
CRITICAL - 2023-05-10 09:43:09 --> Call to a member function getClientName() on array
in APPPATH\Controllers\Admin\SettingsController.php on line 136.
 1 APPPATH\Controllers\Admin\SettingsController.php(61): App\Controllers\Admin\SettingsController->partnerImages('6', 'partner')
 2 SYSTEMPATH\CodeIgniter.php(934): App\Controllers\Admin\SettingsController->settingsSave()
 3 SYSTEMPATH\CodeIgniter.php(499): CodeIgniter\CodeIgniter->runController(Object(App\Controllers\Admin\SettingsController))
 4 SYSTEMPATH\CodeIgniter.php(368): CodeIgniter\CodeIgniter->handleRequest(null, Object(Config\Cache), false)
 5 FCPATH\index.php(68): CodeIgniter\CodeIgniter->run()
CRITICAL - 2023-05-10 09:44:22 --> Call to a member function getClientName() on array
in APPPATH\Controllers\Admin\SettingsController.php on line 136.
 1 APPPATH\Controllers\Admin\SettingsController.php(61): App\Controllers\Admin\SettingsController->partnerImages('6', 'partner')
 2 SYSTEMPATH\CodeIgniter.php(934): App\Controllers\Admin\SettingsController->settingsSave()
 3 SYSTEMPATH\CodeIgniter.php(499): CodeIgniter\CodeIgniter->runController(Object(App\Controllers\Admin\SettingsController))
 4 SYSTEMPATH\CodeIgniter.php(368): CodeIgniter\CodeIgniter->handleRequest(null, Object(Config\Cache), false)
 5 FCPATH\index.php(68): CodeIgniter\CodeIgniter->run()
CRITICAL - 2023-05-10 10:33:23 --> Undefined array key "image_path"
in APPPATH\Views\admin\settings\settings.php on line 46.
 1 APPPATH\Views\admin\settings\settings.php(46): CodeIgniter\Debug\Exceptions->errorHandler(2, 'Undefined array key "image_path"', 'C:\\xampp\\htdocs\\truflow\\app\\Views\\admin\\settings\\settings.php', 46)
 2 SYSTEMPATH\View\View.php(213): include('C:\\xampp\\htdocs\\truflow\\app\\Views\\admin\\settings\\settings.php')
 3 SYSTEMPATH\View\View.php(216): CodeIgniter\View\View->CodeIgniter\View\{closure}()
 4 SYSTEMPATH\Common.php(1184): CodeIgniter\View\View->render('admin/settings/settings', [], true)
 5 APPPATH\Controllers\Admin\SettingsController.php(39): view('admin/settings/settings', [...])
 6 SYSTEMPATH\CodeIgniter.php(934): App\Controllers\Admin\SettingsController->settings()
 7 SYSTEMPATH\CodeIgniter.php(499): CodeIgniter\CodeIgniter->runController(Object(App\Controllers\Admin\SettingsController))
 8 SYSTEMPATH\CodeIgniter.php(368): CodeIgniter\CodeIgniter->handleRequest(null, Object(Config\Cache), false)
 9 FCPATH\index.php(68): CodeIgniter\CodeIgniter->run()
CRITICAL - 2023-05-10 13:34:49 --> Undefined variable $welcome_img_link
in APPPATH\Views\admin\testominal\testominal.php on line 41.
 1 APPPATH\Views\admin\testominal\testominal.php(41): CodeIgniter\Debug\Exceptions->errorHandler(2, 'Undefined variable $welcome_img_link', 'C:\\xampp\\htdocs\\truflow\\app\\Views\\admin\\testominal\\testominal.php', 41)
 2 SYSTEMPATH\View\View.php(213): include('C:\\xampp\\htdocs\\truflow\\app\\Views\\admin\\testominal\\testominal.php')
 3 SYSTEMPATH\View\View.php(216): CodeIgniter\View\View->CodeIgniter\View\{closure}()
 4 SYSTEMPATH\Common.php(1184): CodeIgniter\View\View->render('admin/testominal/testominal', [], true)
 5 APPPATH\Controllers\Admin\TestominalController.php(13): view('admin/testominal/testominal')
 6 SYSTEMPATH\CodeIgniter.php(934): App\Controllers\Admin\TestominalController->testominal()
 7 SYSTEMPATH\CodeIgniter.php(499): CodeIgniter\CodeIgniter->runController(Object(App\Controllers\Admin\TestominalController))
 8 SYSTEMPATH\CodeIgniter.php(368): CodeIgniter\CodeIgniter->handleRequest(null, Object(Config\Cache), false)
 9 FCPATH\index.php(68): CodeIgniter\CodeIgniter->run()
CRITICAL - 2023-05-10 13:49:24 --> Undefined variable $testimo_id
in APPPATH\Controllers\Admin\TestominalController.php on line 12.
 1 APPPATH\Controllers\Admin\TestominalController.php(12): CodeIgniter\Debug\Exceptions->errorHandler(2, 'Undefined variable $testimo_id', 'C:\\xampp\\htdocs\\truflow\\app\\Controllers\\Admin\\TestominalController.php', 12)
 2 SYSTEMPATH\CodeIgniter.php(934): App\Controllers\Admin\TestominalController->testominal()
 3 SYSTEMPATH\CodeIgniter.php(499): CodeIgniter\CodeIgniter->runController(Object(App\Controllers\Admin\TestominalController))
 4 SYSTEMPATH\CodeIgniter.php(368): CodeIgniter\CodeIgniter->handleRequest(null, Object(Config\Cache), false)
 5 FCPATH\index.php(68): CodeIgniter\CodeIgniter->run()
CRITICAL - 2023-05-10 14:06:40 --> Cannot use object of type App\Models\TestominalModel as array
in APPPATH\Controllers\Admin\TestominalController.php on line 13.
 1 SYSTEMPATH\CodeIgniter.php(934): App\Controllers\Admin\TestominalController->testominal()
 2 SYSTEMPATH\CodeIgniter.php(499): CodeIgniter\CodeIgniter->runController(Object(App\Controllers\Admin\TestominalController))
 3 SYSTEMPATH\CodeIgniter.php(368): CodeIgniter\CodeIgniter->handleRequest(null, Object(Config\Cache), false)
 4 FCPATH\index.php(68): CodeIgniter\CodeIgniter->run()
