CRITICAL - 2023-11-27 05:17:01 --> Undefined variable $orderData
in APPPATH\Views\admin\order\order_details.php on line 103.
 1 APPPATH\Views\admin\order\order_details.php(103): CodeIgniter\Debug\Exceptions->errorHandler(2, 'Undefined variable $orderData', 'C:\\xampp\\htdocs\\truflow-git\\truflow\\app\\Views\\admin\\order\\order_details.php', 103)
 2 SYSTEMPATH\View\View.php(213): include('C:\\xampp\\htdocs\\truflow-git\\truflow\\app\\Views\\admin\\order\\order_details.php')
 3 SYSTEMPATH\View\View.php(216): CodeIgniter\View\View->CodeIgniter\View\{closure}()
 4 SYSTEMPATH\Common.php(1184): CodeIgniter\View\View->render('admin/order/order_details', [], true)
 5 APPPATH\Controllers\Admin\OrderController.php(151): view('admin/order/order_details', [...])
 6 SYSTEMPATH\CodeIgniter.php(934): App\Controllers\Admin\OrderController->order_details('59')
 7 SYSTEMPATH\CodeIgniter.php(499): CodeIgniter\CodeIgniter->runController(Object(App\Controllers\Admin\OrderController))
 8 SYSTEMPATH\CodeIgniter.php(368): CodeIgniter\CodeIgniter->handleRequest(null, Object(Config\Cache), false)
 9 FCPATH\index.php(68): CodeIgniter\CodeIgniter->run()
CRITICAL - 2023-11-27 09:19:06 --> There is no data to insert.
in SYSTEMPATH\BaseModel.php on line 762.
 1 SYSTEMPATH\BaseModel.php(762): CodeIgniter\Database\Exceptions\DataException::forEmptyDataset('insert')
 2 SYSTEMPATH\Model.php(730): CodeIgniter\BaseModel->insert([], true)
 3 APPPATH\Controllers\Admin\HeaderMenuController.php(56): CodeIgniter\Model->insert([...])
 4 SYSTEMPATH\CodeIgniter.php(934): App\Controllers\Admin\HeaderMenuController->header_menuSave()
 5 SYSTEMPATH\CodeIgniter.php(499): CodeIgniter\CodeIgniter->runController(Object(App\Controllers\Admin\HeaderMenuController))
 6 SYSTEMPATH\CodeIgniter.php(368): CodeIgniter\CodeIgniter->handleRequest(null, Object(Config\Cache), false)
 7 FCPATH\index.php(68): CodeIgniter\CodeIgniter->run()
CRITICAL - 2023-11-27 09:20:06 --> There is no data to insert.
in SYSTEMPATH\BaseModel.php on line 762.
 1 SYSTEMPATH\BaseModel.php(762): CodeIgniter\Database\Exceptions\DataException::forEmptyDataset('insert')
 2 SYSTEMPATH\Model.php(730): CodeIgniter\BaseModel->insert([], true)
 3 APPPATH\Controllers\Admin\HeaderMenuController.php(56): CodeIgniter\Model->insert([...])
 4 SYSTEMPATH\CodeIgniter.php(934): App\Controllers\Admin\HeaderMenuController->header_menuSave()
 5 SYSTEMPATH\CodeIgniter.php(499): CodeIgniter\CodeIgniter->runController(Object(App\Controllers\Admin\HeaderMenuController))
 6 SYSTEMPATH\CodeIgniter.php(368): CodeIgniter\CodeIgniter->handleRequest(null, Object(Config\Cache), false)
 7 FCPATH\index.php(68): CodeIgniter\CodeIgniter->run()
CRITICAL - 2023-11-27 09:20:12 --> There is no data to insert.
in SYSTEMPATH\BaseModel.php on line 762.
 1 SYSTEMPATH\BaseModel.php(762): CodeIgniter\Database\Exceptions\DataException::forEmptyDataset('insert')
 2 SYSTEMPATH\Model.php(730): CodeIgniter\BaseModel->insert([], true)
 3 APPPATH\Controllers\Admin\HeaderMenuController.php(56): CodeIgniter\Model->insert([...])
 4 SYSTEMPATH\CodeIgniter.php(934): App\Controllers\Admin\HeaderMenuController->header_menuSave()
 5 SYSTEMPATH\CodeIgniter.php(499): CodeIgniter\CodeIgniter->runController(Object(App\Controllers\Admin\HeaderMenuController))
 6 SYSTEMPATH\CodeIgniter.php(368): CodeIgniter\CodeIgniter->handleRequest(null, Object(Config\Cache), false)
 7 FCPATH\index.php(68): CodeIgniter\CodeIgniter->run()
CRITICAL - 2023-11-27 09:24:53 --> Call to a member function getResultArray() on array
in APPPATH\Controllers\Admin\HeaderMenuController.php on line 92.
 1 SYSTEMPATH\CodeIgniter.php(934): App\Controllers\Admin\HeaderMenuController->header_menuEdit('9')
 2 SYSTEMPATH\CodeIgniter.php(499): CodeIgniter\CodeIgniter->runController(Object(App\Controllers\Admin\HeaderMenuController))
 3 SYSTEMPATH\CodeIgniter.php(368): CodeIgniter\CodeIgniter->handleRequest(null, Object(Config\Cache), false)
 4 FCPATH\index.php(68): CodeIgniter\CodeIgniter->run()
CRITICAL - 2023-11-27 09:25:02 --> Call to undefined method CodeIgniter\Database\MySQLi\Result::first()
in APPPATH\Controllers\Admin\HeaderMenuController.php on line 92.
 1 SYSTEMPATH\CodeIgniter.php(934): App\Controllers\Admin\HeaderMenuController->header_menuEdit('9')
 2 SYSTEMPATH\CodeIgniter.php(499): CodeIgniter\CodeIgniter->runController(Object(App\Controllers\Admin\HeaderMenuController))
 3 SYSTEMPATH\CodeIgniter.php(368): CodeIgniter\CodeIgniter->handleRequest(null, Object(Config\Cache), false)
 4 FCPATH\index.php(68): CodeIgniter\CodeIgniter->run()
CRITICAL - 2023-11-27 09:28:10 --> Call to undefined method App\Models\MetaContentsModel::getResultArray
in SYSTEMPATH\Model.php on line 842.
 1 APPPATH\Controllers\Admin\HeaderMenuController.php(91): CodeIgniter\Model->__call('getResultArray', [])
 2 SYSTEMPATH\CodeIgniter.php(934): App\Controllers\Admin\HeaderMenuController->header_menuEdit('9')
 3 SYSTEMPATH\CodeIgniter.php(499): CodeIgniter\CodeIgniter->runController(Object(App\Controllers\Admin\HeaderMenuController))
 4 SYSTEMPATH\CodeIgniter.php(368): CodeIgniter\CodeIgniter->handleRequest(null, Object(Config\Cache), false)
 5 FCPATH\index.php(68): CodeIgniter\CodeIgniter->run()
CRITICAL - 2023-11-27 09:40:17 --> Undefined array key "title"
in APPPATH\Views\admin\header_menu\header_menu.php on line 6.
 1 APPPATH\Views\admin\header_menu\header_menu.php(6): CodeIgniter\Debug\Exceptions->errorHandler(2, 'Undefined array key "title"', 'C:\\xampp\\htdocs\\truflow-git\\truflow\\app\\Views\\admin\\header_menu\\header_menu.php', 6)
 2 SYSTEMPATH\View\View.php(213): include('C:\\xampp\\htdocs\\truflow-git\\truflow\\app\\Views\\admin\\header_menu\\header_menu.php')
 3 SYSTEMPATH\View\View.php(216): CodeIgniter\View\View->CodeIgniter\View\{closure}()
 4 SYSTEMPATH\Common.php(1184): CodeIgniter\View\View->render('admin/header_menu/header_menu', [], true)
 5 APPPATH\Controllers\Admin\HeaderMenuController.php(99): view('admin/header_menu/header_menu', [...])
 6 SYSTEMPATH\CodeIgniter.php(934): App\Controllers\Admin\HeaderMenuController->header_menuEdit('9')
 7 SYSTEMPATH\CodeIgniter.php(499): CodeIgniter\CodeIgniter->runController(Object(App\Controllers\Admin\HeaderMenuController))
 8 SYSTEMPATH\CodeIgniter.php(368): CodeIgniter\CodeIgniter->handleRequest(null, Object(Config\Cache), false)
 9 FCPATH\index.php(68): CodeIgniter\CodeIgniter->run()
CRITICAL - 2023-11-27 10:29:47 --> Cannot access offset of type string on string
in APPPATH\Controllers\Home.php on line 1377.
 1 SYSTEMPATH\CodeIgniter.php(934): App\Controllers\Home->getMetaTags()
 2 SYSTEMPATH\CodeIgniter.php(499): CodeIgniter\CodeIgniter->runController(Object(App\Controllers\Home))
 3 SYSTEMPATH\CodeIgniter.php(368): CodeIgniter\CodeIgniter->handleRequest(null, Object(Config\Cache), false)
 4 FCPATH\index.php(68): CodeIgniter\CodeIgniter->run()
CRITICAL - 2023-11-27 11:04:13 --> Cannot access offset of type string on string
in APPPATH\Views\front\childsubcategory.php on line 14.
 1 SYSTEMPATH\View\View.php(213): include()
 2 SYSTEMPATH\View\View.php(216): CodeIgniter\View\View->CodeIgniter\View\{closure}()
 3 SYSTEMPATH\Common.php(1184): CodeIgniter\View\View->render('front/childsubcategory', [], true)
 4 APPPATH\Controllers\Home.php(1329): view('front/childsubcategory', [...])
 5 SYSTEMPATH\CodeIgniter.php(934): App\Controllers\Home->main_child_category('1')
 6 SYSTEMPATH\CodeIgniter.php(499): CodeIgniter\CodeIgniter->runController(Object(App\Controllers\Home))
 7 SYSTEMPATH\CodeIgniter.php(368): CodeIgniter\CodeIgniter->handleRequest(null, Object(Config\Cache), false)
 8 FCPATH\index.php(68): CodeIgniter\CodeIgniter->run()
CRITICAL - 2023-11-27 11:18:26 --> Undefined array key "subcategory_id"
in APPPATH\Controllers\Home.php on line 656.
 1 APPPATH\Controllers\Home.php(656): CodeIgniter\Debug\Exceptions->errorHandler(2, 'Undefined array key "subcategory_id"', 'C:\\xampp\\htdocs\\truflow-git\\truflow\\app\\Controllers\\Home.php', 656)
 2 SYSTEMPATH\CodeIgniter.php(934): App\Controllers\Home->product('1', '1')
 3 SYSTEMPATH\CodeIgniter.php(499): CodeIgniter\CodeIgniter->runController(Object(App\Controllers\Home))
 4 SYSTEMPATH\CodeIgniter.php(368): CodeIgniter\CodeIgniter->handleRequest(null, Object(Config\Cache), false)
 5 FCPATH\index.php(68): CodeIgniter\CodeIgniter->run()
CRITICAL - 2023-11-27 11:22:57 --> Undefined variable $child_id
in APPPATH\Controllers\Home.php on line 656.
 1 APPPATH\Controllers\Home.php(656): CodeIgniter\Debug\Exceptions->errorHandler(2, 'Undefined variable $child_id', 'C:\\xampp\\htdocs\\truflow-git\\truflow\\app\\Controllers\\Home.php', 656)
 2 SYSTEMPATH\CodeIgniter.php(934): App\Controllers\Home->product('1', '1')
 3 SYSTEMPATH\CodeIgniter.php(499): CodeIgniter\CodeIgniter->runController(Object(App\Controllers\Home))
 4 SYSTEMPATH\CodeIgniter.php(368): CodeIgniter\CodeIgniter->handleRequest(null, Object(Config\Cache), false)
 5 FCPATH\index.php(68): CodeIgniter\CodeIgniter->run()
CRITICAL - 2023-11-27 11:26:48 --> Trying to access array offset on value of type null
in APPPATH\Controllers\Home.php on line 658.
 1 APPPATH\Controllers\Home.php(658): CodeIgniter\Debug\Exceptions->errorHandler(2, 'Trying to access array offset on value of type null', 'C:\\xampp\\htdocs\\truflow-git\\truflow\\app\\Controllers\\Home.php', 658)
 2 SYSTEMPATH\CodeIgniter.php(934): App\Controllers\Home->product('7', '26')
 3 SYSTEMPATH\CodeIgniter.php(499): CodeIgniter\CodeIgniter->runController(Object(App\Controllers\Home))
 4 SYSTEMPATH\CodeIgniter.php(368): CodeIgniter\CodeIgniter->handleRequest(null, Object(Config\Cache), false)
 5 FCPATH\index.php(68): CodeIgniter\CodeIgniter->run()
CRITICAL - 2023-11-27 11:43:29 --> Too few arguments to function renderCategory(), 2 passed in C:\xampp\htdocs\truflow-git\truflow\app\Views\front\shop_sidebar.php on line 43 and exactly 3 expected
in APPPATH\Views\front\shop_sidebar.php on line 48.
 1 APPPATH\Views\front\shop_sidebar.php(43): renderCategory([...], 30)
 2 SYSTEMPATH\View\View.php(213): include('C:\\xampp\\htdocs\\truflow-git\\truflow\\app\\Views\\front\\shop_sidebar.php')
 3 SYSTEMPATH\View\View.php(216): CodeIgniter\View\View->CodeIgniter\View\{closure}()
 4 SYSTEMPATH\Common.php(1184): CodeIgniter\View\View->render('front/shop_sidebar', [], true)
 5 APPPATH\Views\front\shop.php(33): view('front/shop_sidebar')
 6 SYSTEMPATH\View\View.php(213): include('C:\\xampp\\htdocs\\truflow-git\\truflow\\app\\Views\\front\\shop.php')
 7 SYSTEMPATH\View\View.php(216): CodeIgniter\View\View->CodeIgniter\View\{closure}()
 8 SYSTEMPATH\Common.php(1184): CodeIgniter\View\View->render('front/shop', [], true)
 9 APPPATH\Controllers\Home.php(215): view('front/shop', [...])
10 SYSTEMPATH\CodeIgniter.php(934): App\Controllers\Home->shop()
11 SYSTEMPATH\CodeIgniter.php(499): CodeIgniter\CodeIgniter->runController(Object(App\Controllers\Home))
12 SYSTEMPATH\CodeIgniter.php(368): CodeIgniter\CodeIgniter->handleRequest(null, Object(Config\Cache), false)
13 FCPATH\index.php(68): CodeIgniter\CodeIgniter->run()
CRITICAL - 2023-11-27 11:53:01 --> Undefined variable $breadCrumb
in APPPATH\Views\front\shop_sidebar.php on line 61.
 1 APPPATH\Views\front\shop_sidebar.php(61): CodeIgniter\Debug\Exceptions->errorHandler(2, 'Undefined variable $breadCrumb', 'C:\\xampp\\htdocs\\truflow-git\\truflow\\app\\Views\\front\\shop_sidebar.php', 61)
 2 APPPATH\Views\front\shop_sidebar.php(43): renderCategory([...], 30, 'Hydraulic')
 3 SYSTEMPATH\View\View.php(213): include('C:\\xampp\\htdocs\\truflow-git\\truflow\\app\\Views\\front\\shop_sidebar.php')
 4 SYSTEMPATH\View\View.php(216): CodeIgniter\View\View->CodeIgniter\View\{closure}()
 5 SYSTEMPATH\Common.php(1184): CodeIgniter\View\View->render('front/shop_sidebar', [], true)
 6 APPPATH\Views\front\shop.php(33): view('front/shop_sidebar')
 7 SYSTEMPATH\View\View.php(213): include('C:\\xampp\\htdocs\\truflow-git\\truflow\\app\\Views\\front\\shop.php')
 8 SYSTEMPATH\View\View.php(216): CodeIgniter\View\View->CodeIgniter\View\{closure}()
 9 SYSTEMPATH\Common.php(1184): CodeIgniter\View\View->render('front/shop', [], true)
10 APPPATH\Controllers\Home.php(215): view('front/shop', [...])
11 SYSTEMPATH\CodeIgniter.php(934): App\Controllers\Home->shop()
12 SYSTEMPATH\CodeIgniter.php(499): CodeIgniter\CodeIgniter->runController(Object(App\Controllers\Home))
13 SYSTEMPATH\CodeIgniter.php(368): CodeIgniter\CodeIgniter->handleRequest(null, Object(Config\Cache), false)
14 FCPATH\index.php(68): CodeIgniter\CodeIgniter->run()
CRITICAL - 2023-11-27 11:54:06 --> Too few arguments to function renderCategory(), 2 passed in C:\xampp\htdocs\truflow-git\truflow\app\Views\front\shop_sidebar.php on line 43 and exactly 3 expected
in APPPATH\Views\front\shop_sidebar.php on line 49.
 1 APPPATH\Views\front\shop_sidebar.php(43): renderCategory([...], 30)
 2 SYSTEMPATH\View\View.php(213): include('C:\\xampp\\htdocs\\truflow-git\\truflow\\app\\Views\\front\\shop_sidebar.php')
 3 SYSTEMPATH\View\View.php(216): CodeIgniter\View\View->CodeIgniter\View\{closure}()
 4 SYSTEMPATH\Common.php(1184): CodeIgniter\View\View->render('front/shop_sidebar', [], true)
 5 APPPATH\Views\front\shop.php(33): view('front/shop_sidebar')
 6 SYSTEMPATH\View\View.php(213): include('C:\\xampp\\htdocs\\truflow-git\\truflow\\app\\Views\\front\\shop.php')
 7 SYSTEMPATH\View\View.php(216): CodeIgniter\View\View->CodeIgniter\View\{closure}()
 8 SYSTEMPATH\Common.php(1184): CodeIgniter\View\View->render('front/shop', [], true)
 9 APPPATH\Controllers\Home.php(215): view('front/shop', [...])
10 SYSTEMPATH\CodeIgniter.php(934): App\Controllers\Home->shop()
11 SYSTEMPATH\CodeIgniter.php(499): CodeIgniter\CodeIgniter->runController(Object(App\Controllers\Home))
12 SYSTEMPATH\CodeIgniter.php(368): CodeIgniter\CodeIgniter->handleRequest(null, Object(Config\Cache), false)
13 FCPATH\index.php(68): CodeIgniter\CodeIgniter->run()
CRITICAL - 2023-11-27 11:54:23 --> Undefined variable $catName
in APPPATH\Views\front\shop_sidebar.php on line 75.
 1 APPPATH\Views\front\shop_sidebar.php(75): CodeIgniter\Debug\Exceptions->errorHandler(2, 'Undefined variable $catName', 'C:\\xampp\\htdocs\\truflow-git\\truflow\\app\\Views\\front\\shop_sidebar.php', 75)
 2 APPPATH\Views\front\shop_sidebar.php(43): renderCategory([...], 30)
 3 SYSTEMPATH\View\View.php(213): include('C:\\xampp\\htdocs\\truflow-git\\truflow\\app\\Views\\front\\shop_sidebar.php')
 4 SYSTEMPATH\View\View.php(216): CodeIgniter\View\View->CodeIgniter\View\{closure}()
 5 SYSTEMPATH\Common.php(1184): CodeIgniter\View\View->render('front/shop_sidebar', [], true)
 6 APPPATH\Views\front\shop.php(33): view('front/shop_sidebar')
 7 SYSTEMPATH\View\View.php(213): include('C:\\xampp\\htdocs\\truflow-git\\truflow\\app\\Views\\front\\shop.php')
 8 SYSTEMPATH\View\View.php(216): CodeIgniter\View\View->CodeIgniter\View\{closure}()
 9 SYSTEMPATH\Common.php(1184): CodeIgniter\View\View->render('front/shop', [], true)
10 APPPATH\Controllers\Home.php(215): view('front/shop', [...])
11 SYSTEMPATH\CodeIgniter.php(934): App\Controllers\Home->shop()
12 SYSTEMPATH\CodeIgniter.php(499): CodeIgniter\CodeIgniter->runController(Object(App\Controllers\Home))
13 SYSTEMPATH\CodeIgniter.php(368): CodeIgniter\CodeIgniter->handleRequest(null, Object(Config\Cache), false)
14 FCPATH\index.php(68): CodeIgniter\CodeIgniter->run()
CRITICAL - 2023-11-27 12:03:19 --> Undefined array key "sub_category_name"
in APPPATH\Views\front\shop_sidebar.php on line 72.
 1 APPPATH\Views\front\shop_sidebar.php(72): CodeIgniter\Debug\Exceptions->errorHandler(2, 'Undefined array key "sub_category_name"', 'C:\\xampp\\htdocs\\truflow-git\\truflow\\app\\Views\\front\\shop_sidebar.php', 72)
 2 APPPATH\Views\front\shop_sidebar.php(73): renderCategory([...], 45, 'Adaptors')
 3 APPPATH\Views\front\shop_sidebar.php(43): renderCategory([...], 30, 'Adaptors')
 4 SYSTEMPATH\View\View.php(213): include('C:\\xampp\\htdocs\\truflow-git\\truflow\\app\\Views\\front\\shop_sidebar.php')
 5 SYSTEMPATH\View\View.php(216): CodeIgniter\View\View->CodeIgniter\View\{closure}()
 6 SYSTEMPATH\Common.php(1184): CodeIgniter\View\View->render('front/shop_sidebar', [], true)
 7 APPPATH\Views\front\shop.php(33): view('front/shop_sidebar')
 8 SYSTEMPATH\View\View.php(213): include('C:\\xampp\\htdocs\\truflow-git\\truflow\\app\\Views\\front\\shop.php')
 9 SYSTEMPATH\View\View.php(216): CodeIgniter\View\View->CodeIgniter\View\{closure}()
10 SYSTEMPATH\Common.php(1184): CodeIgniter\View\View->render('front/shop', [], true)
11 APPPATH\Controllers\Home.php(215): view('front/shop', [...])
12 SYSTEMPATH\CodeIgniter.php(934): App\Controllers\Home->shop()
13 SYSTEMPATH\CodeIgniter.php(499): CodeIgniter\CodeIgniter->runController(Object(App\Controllers\Home))
14 SYSTEMPATH\CodeIgniter.php(368): CodeIgniter\CodeIgniter->handleRequest(null, Object(Config\Cache), false)
15 FCPATH\index.php(68): CodeIgniter\CodeIgniter->run()
CRITICAL - 2023-11-27 12:17:36 --> Undefined array key "sub_category_name"
in APPPATH\Views\front\shop_sidebar.php on line 79.
 1 APPPATH\Views\front\shop_sidebar.php(79): CodeIgniter\Debug\Exceptions->errorHandler(2, 'Undefined array key "sub_category_name"', 'C:\\xampp\\htdocs\\truflow-git\\truflow\\app\\Views\\front\\shop_sidebar.php', 79)
 2 APPPATH\Views\front\shop_sidebar.php(81): renderCategory([...], 45, 'Hydraulic / Hose / Adaptors')
 3 APPPATH\Views\front\shop_sidebar.php(43): renderCategory([...], 30, 'Hydraulic / Hose / Adaptors')
 4 SYSTEMPATH\View\View.php(213): include('C:\\xampp\\htdocs\\truflow-git\\truflow\\app\\Views\\front\\shop_sidebar.php')
 5 SYSTEMPATH\View\View.php(216): CodeIgniter\View\View->CodeIgniter\View\{closure}()
 6 SYSTEMPATH\Common.php(1184): CodeIgniter\View\View->render('front/shop_sidebar', [], true)
 7 APPPATH\Views\front\shop.php(33): view('front/shop_sidebar')
 8 SYSTEMPATH\View\View.php(213): include('C:\\xampp\\htdocs\\truflow-git\\truflow\\app\\Views\\front\\shop.php')
 9 SYSTEMPATH\View\View.php(216): CodeIgniter\View\View->CodeIgniter\View\{closure}()
10 SYSTEMPATH\Common.php(1184): CodeIgniter\View\View->render('front/shop', [], true)
11 APPPATH\Controllers\Home.php(215): view('front/shop', [...])
12 SYSTEMPATH\CodeIgniter.php(934): App\Controllers\Home->shop()
13 SYSTEMPATH\CodeIgniter.php(499): CodeIgniter\CodeIgniter->runController(Object(App\Controllers\Home))
14 SYSTEMPATH\CodeIgniter.php(368): CodeIgniter\CodeIgniter->handleRequest(null, Object(Config\Cache), false)
15 FCPATH\index.php(68): CodeIgniter\CodeIgniter->run()
CRITICAL - 2023-11-27 13:01:36 --> Undefined array key "sub_category_name"
in APPPATH\Views\front\shop_sidebar.php on line 59.
 1 APPPATH\Views\front\shop_sidebar.php(59): CodeIgniter\Debug\Exceptions->errorHandler(2, 'Undefined array key "sub_category_name"', 'C:\\xampp\\htdocs\\truflow-git\\truflow\\app\\Views\\front\\shop_sidebar.php', 59)
 2 APPPATH\Views\front\shop_sidebar.php(74): renderCategory([...], 45, 'Hydraulic / Hose')
 3 APPPATH\Views\front\shop_sidebar.php(43): renderCategory([...], 30, 'Hydraulic')
 4 SYSTEMPATH\View\View.php(213): include('C:\\xampp\\htdocs\\truflow-git\\truflow\\app\\Views\\front\\shop_sidebar.php')
 5 SYSTEMPATH\View\View.php(216): CodeIgniter\View\View->CodeIgniter\View\{closure}()
 6 SYSTEMPATH\Common.php(1184): CodeIgniter\View\View->render('front/shop_sidebar', [], true)
 7 APPPATH\Views\front\shop.php(33): view('front/shop_sidebar')
 8 SYSTEMPATH\View\View.php(213): include('C:\\xampp\\htdocs\\truflow-git\\truflow\\app\\Views\\front\\shop.php')
 9 SYSTEMPATH\View\View.php(216): CodeIgniter\View\View->CodeIgniter\View\{closure}()
10 SYSTEMPATH\Common.php(1184): CodeIgniter\View\View->render('front/shop', [], true)
11 APPPATH\Controllers\Home.php(215): view('front/shop', [...])
12 SYSTEMPATH\CodeIgniter.php(934): App\Controllers\Home->shop()
13 SYSTEMPATH\CodeIgniter.php(499): CodeIgniter\CodeIgniter->runController(Object(App\Controllers\Home))
14 SYSTEMPATH\CodeIgniter.php(368): CodeIgniter\CodeIgniter->handleRequest(null, Object(Config\Cache), false)
15 FCPATH\index.php(68): CodeIgniter\CodeIgniter->run()
CRITICAL - 2023-11-27 13:04:08 --> Too few arguments to function renderCategory(), 2 passed in C:\xampp\htdocs\truflow-git\truflow\app\Views\front\shop_sidebar.php on line 72 and exactly 3 expected
in APPPATH\Views\front\shop_sidebar.php on line 48.
 1 APPPATH\Views\front\shop_sidebar.php(72): renderCategory([...], 45)
 2 APPPATH\Views\front\shop_sidebar.php(43): renderCategory([...], 30, 'Hydraulic')
 3 SYSTEMPATH\View\View.php(213): include('C:\\xampp\\htdocs\\truflow-git\\truflow\\app\\Views\\front\\shop_sidebar.php')
 4 SYSTEMPATH\View\View.php(216): CodeIgniter\View\View->CodeIgniter\View\{closure}()
 5 SYSTEMPATH\Common.php(1184): CodeIgniter\View\View->render('front/shop_sidebar', [], true)
 6 APPPATH\Views\front\shop.php(33): view('front/shop_sidebar')
 7 SYSTEMPATH\View\View.php(213): include('C:\\xampp\\htdocs\\truflow-git\\truflow\\app\\Views\\front\\shop.php')
 8 SYSTEMPATH\View\View.php(216): CodeIgniter\View\View->CodeIgniter\View\{closure}()
 9 SYSTEMPATH\Common.php(1184): CodeIgniter\View\View->render('front/shop', [], true)
10 APPPATH\Controllers\Home.php(215): view('front/shop', [...])
11 SYSTEMPATH\CodeIgniter.php(934): App\Controllers\Home->shop()
12 SYSTEMPATH\CodeIgniter.php(499): CodeIgniter\CodeIgniter->runController(Object(App\Controllers\Home))
13 SYSTEMPATH\CodeIgniter.php(368): CodeIgniter\CodeIgniter->handleRequest(null, Object(Config\Cache), false)
14 FCPATH\index.php(68): CodeIgniter\CodeIgniter->run()
CRITICAL - 2023-11-27 13:04:41 --> Undefined variable $breadCrumb
in APPPATH\Views\front\shop_sidebar.php on line 61.
 1 APPPATH\Views\front\shop_sidebar.php(61): CodeIgniter\Debug\Exceptions->errorHandler(2, 'Undefined variable $breadCrumb', 'C:\\xampp\\htdocs\\truflow-git\\truflow\\app\\Views\\front\\shop_sidebar.php', 61)
 2 APPPATH\Views\front\shop_sidebar.php(43): renderCategory([...], 30, 'Hydraulic')
 3 SYSTEMPATH\View\View.php(213): include('C:\\xampp\\htdocs\\truflow-git\\truflow\\app\\Views\\front\\shop_sidebar.php')
 4 SYSTEMPATH\View\View.php(216): CodeIgniter\View\View->CodeIgniter\View\{closure}()
 5 SYSTEMPATH\Common.php(1184): CodeIgniter\View\View->render('front/shop_sidebar', [], true)
 6 APPPATH\Views\front\shop.php(33): view('front/shop_sidebar')
 7 SYSTEMPATH\View\View.php(213): include('C:\\xampp\\htdocs\\truflow-git\\truflow\\app\\Views\\front\\shop.php')
 8 SYSTEMPATH\View\View.php(216): CodeIgniter\View\View->CodeIgniter\View\{closure}()
 9 SYSTEMPATH\Common.php(1184): CodeIgniter\View\View->render('front/shop', [], true)
10 APPPATH\Controllers\Home.php(215): view('front/shop', [...])
11 SYSTEMPATH\CodeIgniter.php(934): App\Controllers\Home->shop()
12 SYSTEMPATH\CodeIgniter.php(499): CodeIgniter\CodeIgniter->runController(Object(App\Controllers\Home))
13 SYSTEMPATH\CodeIgniter.php(368): CodeIgniter\CodeIgniter->handleRequest(null, Object(Config\Cache), false)
14 FCPATH\index.php(68): CodeIgniter\CodeIgniter->run()
CRITICAL - 2023-11-27 13:05:05 --> Too few arguments to function renderProducts(), 2 passed in C:\xampp\htdocs\truflow-git\truflow\app\Views\front\shop_sidebar.php on line 76 and exactly 3 expected
in APPPATH\Views\front\shop_sidebar.php on line 85.
 1 APPPATH\Views\front\shop_sidebar.php(76): renderProducts([...], 60)
 2 APPPATH\Views\front\shop_sidebar.php(72): renderCategory([...], 45)
 3 APPPATH\Views\front\shop_sidebar.php(43): renderCategory([...], 30, 'Hydraulic')
 4 SYSTEMPATH\View\View.php(213): include('C:\\xampp\\htdocs\\truflow-git\\truflow\\app\\Views\\front\\shop_sidebar.php')
 5 SYSTEMPATH\View\View.php(216): CodeIgniter\View\View->CodeIgniter\View\{closure}()
 6 SYSTEMPATH\Common.php(1184): CodeIgniter\View\View->render('front/shop_sidebar', [], true)
 7 APPPATH\Views\front\shop.php(33): view('front/shop_sidebar')
 8 SYSTEMPATH\View\View.php(213): include('C:\\xampp\\htdocs\\truflow-git\\truflow\\app\\Views\\front\\shop.php')
 9 SYSTEMPATH\View\View.php(216): CodeIgniter\View\View->CodeIgniter\View\{closure}()
10 SYSTEMPATH\Common.php(1184): CodeIgniter\View\View->render('front/shop', [], true)
11 APPPATH\Controllers\Home.php(215): view('front/shop', [...])
12 SYSTEMPATH\CodeIgniter.php(934): App\Controllers\Home->shop()
13 SYSTEMPATH\CodeIgniter.php(499): CodeIgniter\CodeIgniter->runController(Object(App\Controllers\Home))
14 SYSTEMPATH\CodeIgniter.php(368): CodeIgniter\CodeIgniter->handleRequest(null, Object(Config\Cache), false)
15 FCPATH\index.php(68): CodeIgniter\CodeIgniter->run()
CRITICAL - 2023-11-27 13:19:18 --> Array to string conversion
in APPPATH\Views\front\shop_sidebar.php on line 98.
 1 [internal function]: CodeIgniter\Debug\Exceptions->errorHandler(2, 'Array to string conversion', 'C:\\xampp\\htdocs\\truflow-git\\truflow\\app\\Views\\front\\shop_sidebar.php', 98)
 2 APPPATH\Views\front\shop_sidebar.php(98): implode(' > ', [...])
 3 SYSTEMPATH\View\View.php(213): include('C:\\xampp\\htdocs\\truflow-git\\truflow\\app\\Views\\front\\shop_sidebar.php')
 4 SYSTEMPATH\View\View.php(216): CodeIgniter\View\View->CodeIgniter\View\{closure}()
 5 SYSTEMPATH\Common.php(1184): CodeIgniter\View\View->render('front/shop_sidebar', [], true)
 6 APPPATH\Views\front\childsubcategory.php(32): view('front/shop_sidebar')
 7 SYSTEMPATH\View\View.php(213): include('C:\\xampp\\htdocs\\truflow-git\\truflow\\app\\Views\\front\\childsubcategory.php')
 8 SYSTEMPATH\View\View.php(216): CodeIgniter\View\View->CodeIgniter\View\{closure}()
 9 SYSTEMPATH\Common.php(1184): CodeIgniter\View\View->render('front/childsubcategory', [], true)
10 APPPATH\Controllers\Home.php(1354): view('front/childsubcategory', [...])
11 SYSTEMPATH\CodeIgniter.php(934): App\Controllers\Home->main_child_category('1')
12 SYSTEMPATH\CodeIgniter.php(499): CodeIgniter\CodeIgniter->runController(Object(App\Controllers\Home))
13 SYSTEMPATH\CodeIgniter.php(368): CodeIgniter\CodeIgniter->handleRequest(null, Object(Config\Cache), false)
14 FCPATH\index.php(68): CodeIgniter\CodeIgniter->run()
CRITICAL - 2023-11-27 13:26:25 --> Undefined variable $currentBreadcrumb
in APPPATH\Views\front\shop_sidebar.php on line 41.
 1 APPPATH\Views\front\shop_sidebar.php(41): CodeIgniter\Debug\Exceptions->errorHandler(2, 'Undefined variable $currentBreadcrumb', 'C:\\xampp\\htdocs\\truflow-git\\truflow\\app\\Views\\front\\shop_sidebar.php', 41)
 2 SYSTEMPATH\View\View.php(213): include('C:\\xampp\\htdocs\\truflow-git\\truflow\\app\\Views\\front\\shop_sidebar.php')
 3 SYSTEMPATH\View\View.php(216): CodeIgniter\View\View->CodeIgniter\View\{closure}()
 4 SYSTEMPATH\Common.php(1184): CodeIgniter\View\View->render('front/shop_sidebar', [], true)
 5 APPPATH\Views\front\childsubcategory.php(32): view('front/shop_sidebar')
 6 SYSTEMPATH\View\View.php(213): include('C:\\xampp\\htdocs\\truflow-git\\truflow\\app\\Views\\front\\childsubcategory.php')
 7 SYSTEMPATH\View\View.php(216): CodeIgniter\View\View->CodeIgniter\View\{closure}()
 8 SYSTEMPATH\Common.php(1184): CodeIgniter\View\View->render('front/childsubcategory', [], true)
 9 APPPATH\Controllers\Home.php(1354): view('front/childsubcategory', [...])
10 SYSTEMPATH\CodeIgniter.php(934): App\Controllers\Home->main_child_category('1')
11 SYSTEMPATH\CodeIgniter.php(499): CodeIgniter\CodeIgniter->runController(Object(App\Controllers\Home))
12 SYSTEMPATH\CodeIgniter.php(368): CodeIgniter\CodeIgniter->handleRequest(null, Object(Config\Cache), false)
13 FCPATH\index.php(68): CodeIgniter\CodeIgniter->run()
CRITICAL - 2023-11-27 13:27:03 --> [] operator not supported for strings
in APPPATH\Views\front\shop_sidebar.php on line 60.
 1 APPPATH\Views\front\shop_sidebar.php(41): renderCategory([...], 30, 'Hydraulic')
 2 SYSTEMPATH\View\View.php(213): include('C:\\xampp\\htdocs\\truflow-git\\truflow\\app\\Views\\front\\shop_sidebar.php')
 3 SYSTEMPATH\View\View.php(216): CodeIgniter\View\View->CodeIgniter\View\{closure}()
 4 SYSTEMPATH\Common.php(1184): CodeIgniter\View\View->render('front/shop_sidebar', [], true)
 5 APPPATH\Views\front\childsubcategory.php(32): view('front/shop_sidebar')
 6 SYSTEMPATH\View\View.php(213): include('C:\\xampp\\htdocs\\truflow-git\\truflow\\app\\Views\\front\\childsubcategory.php')
 7 SYSTEMPATH\View\View.php(216): CodeIgniter\View\View->CodeIgniter\View\{closure}()
 8 SYSTEMPATH\Common.php(1184): CodeIgniter\View\View->render('front/childsubcategory', [], true)
 9 APPPATH\Controllers\Home.php(1354): view('front/childsubcategory', [...])
10 SYSTEMPATH\CodeIgniter.php(934): App\Controllers\Home->main_child_category('1')
11 SYSTEMPATH\CodeIgniter.php(499): CodeIgniter\CodeIgniter->runController(Object(App\Controllers\Home))
12 SYSTEMPATH\CodeIgniter.php(368): CodeIgniter\CodeIgniter->handleRequest(null, Object(Config\Cache), false)
13 FCPATH\index.php(68): CodeIgniter\CodeIgniter->run()
