CRITICAL - 2023-08-11 06:45:47 --> Undefined variable $CouponData
in APPPATH\Views\admin\product\product.php on line 200.
 1 APPPATH\Views\admin\product\product.php(200): CodeIgniter\Debug\Exceptions->errorHandler(2, 'Undefined variable $CouponData', 'C:\\xampp\\htdocs\\truflow\\app\\Views\\admin\\product\\product.php', 200)
 2 SYSTEMPATH\View\View.php(213): include('C:\\xampp\\htdocs\\truflow\\app\\Views\\admin\\product\\product.php')
 3 SYSTEMPATH\View\View.php(216): CodeIgniter\View\View->CodeIgniter\View\{closure}()
 4 SYSTEMPATH\Common.php(1184): CodeIgniter\View\View->render('admin/product/product', [], true)
 5 APPPATH\Controllers\Admin\ProductController.php(195): view('admin/product/product', [...])
 6 SYSTEMPATH\CodeIgniter.php(934): App\Controllers\Admin\ProductController->productEdit('1')
 7 SYSTEMPATH\CodeIgniter.php(499): CodeIgniter\CodeIgniter->runController(Object(App\Controllers\Admin\ProductController))
 8 SYSTEMPATH\CodeIgniter.php(368): CodeIgniter\CodeIgniter->handleRequest(null, Object(Config\Cache), false)
 9 FCPATH\index.php(68): CodeIgniter\CodeIgniter->run()
CRITICAL - 2023-08-11 06:48:45 --> Undefined variable $CouponData
in APPPATH\Views\admin\product\product.php on line 200.
 1 APPPATH\Views\admin\product\product.php(200): CodeIgniter\Debug\Exceptions->errorHandler(2, 'Undefined variable $CouponData', 'C:\\xampp\\htdocs\\truflow\\app\\Views\\admin\\product\\product.php', 200)
 2 SYSTEMPATH\View\View.php(213): include('C:\\xampp\\htdocs\\truflow\\app\\Views\\admin\\product\\product.php')
 3 SYSTEMPATH\View\View.php(216): CodeIgniter\View\View->CodeIgniter\View\{closure}()
 4 SYSTEMPATH\Common.php(1184): CodeIgniter\View\View->render('admin/product/product', [], true)
 5 APPPATH\Controllers\Admin\ProductController.php(195): view('admin/product/product', [...])
 6 SYSTEMPATH\CodeIgniter.php(934): App\Controllers\Admin\ProductController->productEdit('1')
 7 SYSTEMPATH\CodeIgniter.php(499): CodeIgniter\CodeIgniter->runController(Object(App\Controllers\Admin\ProductController))
 8 SYSTEMPATH\CodeIgniter.php(368): CodeIgniter\CodeIgniter->handleRequest(null, Object(Config\Cache), false)
 9 FCPATH\index.php(68): CodeIgniter\CodeIgniter->run()
CRITICAL - 2023-08-11 07:49:49 --> Cannot access offset of type string on string
in APPPATH\Views\admin\company_coupon\company_coupon.php on line 108.
 1 SYSTEMPATH\View\View.php(213): include()
 2 SYSTEMPATH\View\View.php(216): CodeIgniter\View\View->CodeIgniter\View\{closure}()
 3 SYSTEMPATH\Common.php(1184): CodeIgniter\View\View->render('admin/company_coupon/company_coupon', [], true)
 4 APPPATH\Controllers\Admin\CompanyCouponController.php(137): view('admin/company_coupon/company_coupon', [...])
 5 SYSTEMPATH\CodeIgniter.php(934): App\Controllers\Admin\CompanyCouponController->couponEdit('64')
 6 SYSTEMPATH\CodeIgniter.php(499): CodeIgniter\CodeIgniter->runController(Object(App\Controllers\Admin\CompanyCouponController))
 7 SYSTEMPATH\CodeIgniter.php(368): CodeIgniter\CodeIgniter->handleRequest(null, Object(Config\Cache), false)
 8 FCPATH\index.php(68): CodeIgniter\CodeIgniter->run()
CRITICAL - 2023-08-11 07:50:20 --> Cannot access offset of type string on string
in APPPATH\Views\admin\company_coupon\company_coupon.php on line 112.
 1 SYSTEMPATH\View\View.php(213): include()
 2 SYSTEMPATH\View\View.php(216): CodeIgniter\View\View->CodeIgniter\View\{closure}()
 3 SYSTEMPATH\Common.php(1184): CodeIgniter\View\View->render('admin/company_coupon/company_coupon', [], true)
 4 APPPATH\Controllers\Admin\CompanyCouponController.php(137): view('admin/company_coupon/company_coupon', [...])
 5 SYSTEMPATH\CodeIgniter.php(934): App\Controllers\Admin\CompanyCouponController->couponEdit('64')
 6 SYSTEMPATH\CodeIgniter.php(499): CodeIgniter\CodeIgniter->runController(Object(App\Controllers\Admin\CompanyCouponController))
 7 SYSTEMPATH\CodeIgniter.php(368): CodeIgniter\CodeIgniter->handleRequest(null, Object(Config\Cache), false)
 8 FCPATH\index.php(68): CodeIgniter\CodeIgniter->run()
CRITICAL - 2023-08-11 07:53:51 --> Cannot access offset of type string on string
in APPPATH\Views\admin\company_coupon\company_coupon.php on line 109.
 1 SYSTEMPATH\View\View.php(213): include()
 2 SYSTEMPATH\View\View.php(216): CodeIgniter\View\View->CodeIgniter\View\{closure}()
 3 SYSTEMPATH\Common.php(1184): CodeIgniter\View\View->render('admin/company_coupon/company_coupon', [], true)
 4 APPPATH\Controllers\Admin\CompanyCouponController.php(137): view('admin/company_coupon/company_coupon', [...])
 5 SYSTEMPATH\CodeIgniter.php(934): App\Controllers\Admin\CompanyCouponController->couponEdit('64')
 6 SYSTEMPATH\CodeIgniter.php(499): CodeIgniter\CodeIgniter->runController(Object(App\Controllers\Admin\CompanyCouponController))
 7 SYSTEMPATH\CodeIgniter.php(368): CodeIgniter\CodeIgniter->handleRequest(null, Object(Config\Cache), false)
 8 FCPATH\index.php(68): CodeIgniter\CodeIgniter->run()
CRITICAL - 2023-08-11 10:48:49 --> foreach() argument must be of type array|object, null given
in APPPATH\Views\admin\product\product.php on line 203.
 1 APPPATH\Views\admin\product\product.php(203): CodeIgniter\Debug\Exceptions->errorHandler(2, 'foreach() argument must be of type array|object, null given', 'C:\\xampp\\htdocs\\truflow\\app\\Views\\admin\\product\\product.php', 203)
 2 SYSTEMPATH\View\View.php(213): include('C:\\xampp\\htdocs\\truflow\\app\\Views\\admin\\product\\product.php')
 3 SYSTEMPATH\View\View.php(216): CodeIgniter\View\View->CodeIgniter\View\{closure}()
 4 SYSTEMPATH\Common.php(1184): CodeIgniter\View\View->render('admin/product/product', [], true)
 5 APPPATH\Controllers\Admin\ProductController.php(202): view('admin/product/product', [...])
 6 SYSTEMPATH\CodeIgniter.php(934): App\Controllers\Admin\ProductController->productEdit('2')
 7 SYSTEMPATH\CodeIgniter.php(499): CodeIgniter\CodeIgniter->runController(Object(App\Controllers\Admin\ProductController))
 8 SYSTEMPATH\CodeIgniter.php(368): CodeIgniter\CodeIgniter->handleRequest(null, Object(Config\Cache), false)
 9 FCPATH\index.php(68): CodeIgniter\CodeIgniter->run()
CRITICAL - 2023-08-11 10:48:56 --> foreach() argument must be of type array|object, null given
in APPPATH\Views\admin\product\product.php on line 203.
 1 APPPATH\Views\admin\product\product.php(203): CodeIgniter\Debug\Exceptions->errorHandler(2, 'foreach() argument must be of type array|object, null given', 'C:\\xampp\\htdocs\\truflow\\app\\Views\\admin\\product\\product.php', 203)
 2 SYSTEMPATH\View\View.php(213): include('C:\\xampp\\htdocs\\truflow\\app\\Views\\admin\\product\\product.php')
 3 SYSTEMPATH\View\View.php(216): CodeIgniter\View\View->CodeIgniter\View\{closure}()
 4 SYSTEMPATH\Common.php(1184): CodeIgniter\View\View->render('admin/product/product', [], true)
 5 APPPATH\Controllers\Admin\ProductController.php(202): view('admin/product/product', [...])
 6 SYSTEMPATH\CodeIgniter.php(934): App\Controllers\Admin\ProductController->productEdit('1')
 7 SYSTEMPATH\CodeIgniter.php(499): CodeIgniter\CodeIgniter->runController(Object(App\Controllers\Admin\ProductController))
 8 SYSTEMPATH\CodeIgniter.php(368): CodeIgniter\CodeIgniter->handleRequest(null, Object(Config\Cache), false)
 9 FCPATH\index.php(68): CodeIgniter\CodeIgniter->run()
CRITICAL - 2023-08-11 10:49:03 --> foreach() argument must be of type array|object, null given
in APPPATH\Views\admin\product\product.php on line 203.
 1 APPPATH\Views\admin\product\product.php(203): CodeIgniter\Debug\Exceptions->errorHandler(2, 'foreach() argument must be of type array|object, null given', 'C:\\xampp\\htdocs\\truflow\\app\\Views\\admin\\product\\product.php', 203)
 2 SYSTEMPATH\View\View.php(213): include('C:\\xampp\\htdocs\\truflow\\app\\Views\\admin\\product\\product.php')
 3 SYSTEMPATH\View\View.php(216): CodeIgniter\View\View->CodeIgniter\View\{closure}()
 4 SYSTEMPATH\Common.php(1184): CodeIgniter\View\View->render('admin/product/product', [], true)
 5 APPPATH\Controllers\Admin\ProductController.php(202): view('admin/product/product', [...])
 6 SYSTEMPATH\CodeIgniter.php(934): App\Controllers\Admin\ProductController->productEdit('1')
 7 SYSTEMPATH\CodeIgniter.php(499): CodeIgniter\CodeIgniter->runController(Object(App\Controllers\Admin\ProductController))
 8 SYSTEMPATH\CodeIgniter.php(368): CodeIgniter\CodeIgniter->handleRequest(null, Object(Config\Cache), false)
 9 FCPATH\index.php(68): CodeIgniter\CodeIgniter->run()
CRITICAL - 2023-08-11 10:50:00 --> foreach() argument must be of type array|object, null given
in APPPATH\Views\admin\product\product.php on line 203.
 1 APPPATH\Views\admin\product\product.php(203): CodeIgniter\Debug\Exceptions->errorHandler(2, 'foreach() argument must be of type array|object, null given', 'C:\\xampp\\htdocs\\truflow\\app\\Views\\admin\\product\\product.php', 203)
 2 SYSTEMPATH\View\View.php(213): include('C:\\xampp\\htdocs\\truflow\\app\\Views\\admin\\product\\product.php')
 3 SYSTEMPATH\View\View.php(216): CodeIgniter\View\View->CodeIgniter\View\{closure}()
 4 SYSTEMPATH\Common.php(1184): CodeIgniter\View\View->render('admin/product/product', [], true)
 5 APPPATH\Controllers\Admin\ProductController.php(202): view('admin/product/product', [...])
 6 SYSTEMPATH\CodeIgniter.php(934): App\Controllers\Admin\ProductController->productEdit('1')
 7 SYSTEMPATH\CodeIgniter.php(499): CodeIgniter\CodeIgniter->runController(Object(App\Controllers\Admin\ProductController))
 8 SYSTEMPATH\CodeIgniter.php(368): CodeIgniter\CodeIgniter->handleRequest(null, Object(Config\Cache), false)
 9 FCPATH\index.php(68): CodeIgniter\CodeIgniter->run()
CRITICAL - 2023-08-11 10:50:58 --> foreach() argument must be of type array|object, null given
in APPPATH\Views\admin\product\product.php on line 203.
 1 APPPATH\Views\admin\product\product.php(203): CodeIgniter\Debug\Exceptions->errorHandler(2, 'foreach() argument must be of type array|object, null given', 'C:\\xampp\\htdocs\\truflow\\app\\Views\\admin\\product\\product.php', 203)
 2 SYSTEMPATH\View\View.php(213): include('C:\\xampp\\htdocs\\truflow\\app\\Views\\admin\\product\\product.php')
 3 SYSTEMPATH\View\View.php(216): CodeIgniter\View\View->CodeIgniter\View\{closure}()
 4 SYSTEMPATH\Common.php(1184): CodeIgniter\View\View->render('admin/product/product', [], true)
 5 APPPATH\Controllers\Admin\ProductController.php(202): view('admin/product/product', [...])
 6 SYSTEMPATH\CodeIgniter.php(934): App\Controllers\Admin\ProductController->productEdit('1')
 7 SYSTEMPATH\CodeIgniter.php(499): CodeIgniter\CodeIgniter->runController(Object(App\Controllers\Admin\ProductController))
 8 SYSTEMPATH\CodeIgniter.php(368): CodeIgniter\CodeIgniter->handleRequest(null, Object(Config\Cache), false)
 9 FCPATH\index.php(68): CodeIgniter\CodeIgniter->run()
CRITICAL - 2023-08-11 10:51:28 --> foreach() argument must be of type array|object, null given
in APPPATH\Views\admin\product\product.php on line 203.
 1 APPPATH\Views\admin\product\product.php(203): CodeIgniter\Debug\Exceptions->errorHandler(2, 'foreach() argument must be of type array|object, null given', 'C:\\xampp\\htdocs\\truflow\\app\\Views\\admin\\product\\product.php', 203)
 2 SYSTEMPATH\View\View.php(213): include('C:\\xampp\\htdocs\\truflow\\app\\Views\\admin\\product\\product.php')
 3 SYSTEMPATH\View\View.php(216): CodeIgniter\View\View->CodeIgniter\View\{closure}()
 4 SYSTEMPATH\Common.php(1184): CodeIgniter\View\View->render('admin/product/product', [], true)
 5 APPPATH\Controllers\Admin\ProductController.php(202): view('admin/product/product', [...])
 6 SYSTEMPATH\CodeIgniter.php(934): App\Controllers\Admin\ProductController->productEdit('1')
 7 SYSTEMPATH\CodeIgniter.php(499): CodeIgniter\CodeIgniter->runController(Object(App\Controllers\Admin\ProductController))
 8 SYSTEMPATH\CodeIgniter.php(368): CodeIgniter\CodeIgniter->handleRequest(null, Object(Config\Cache), false)
 9 FCPATH\index.php(68): CodeIgniter\CodeIgniter->run()
CRITICAL - 2023-08-11 10:52:04 --> foreach() argument must be of type array|object, null given
in APPPATH\Views\admin\product\product.php on line 203.
 1 APPPATH\Views\admin\product\product.php(203): CodeIgniter\Debug\Exceptions->errorHandler(2, 'foreach() argument must be of type array|object, null given', 'C:\\xampp\\htdocs\\truflow\\app\\Views\\admin\\product\\product.php', 203)
 2 SYSTEMPATH\View\View.php(213): include('C:\\xampp\\htdocs\\truflow\\app\\Views\\admin\\product\\product.php')
 3 SYSTEMPATH\View\View.php(216): CodeIgniter\View\View->CodeIgniter\View\{closure}()
 4 SYSTEMPATH\Common.php(1184): CodeIgniter\View\View->render('admin/product/product', [], true)
 5 APPPATH\Controllers\Admin\ProductController.php(202): view('admin/product/product', [...])
 6 SYSTEMPATH\CodeIgniter.php(934): App\Controllers\Admin\ProductController->productEdit('1')
 7 SYSTEMPATH\CodeIgniter.php(499): CodeIgniter\CodeIgniter->runController(Object(App\Controllers\Admin\ProductController))
 8 SYSTEMPATH\CodeIgniter.php(368): CodeIgniter\CodeIgniter->handleRequest(null, Object(Config\Cache), false)
 9 FCPATH\index.php(68): CodeIgniter\CodeIgniter->run()
