CRITICAL - 2023-05-03 06:32:32 --> Invalid file: "dashboard/dashboard.php"
in SYSTEMPATH\Exceptions\FrameworkException.php on line 33.
 1 SYSTEMPATH\View\View.php(201): CodeIgniter\Exceptions\FrameworkException::forInvalidFile('dashboard/dashboard.php')
 2 SYSTEMPATH\Common.php(1184): CodeIgniter\View\View->render('dashboard/dashboard', [], true)
 3 APPPATH\Controllers\Home.php(9): view('dashboard/dashboard')
 4 SYSTEMPATH\CodeIgniter.php(934): App\Controllers\Home->index()
 5 SYSTEMPATH\CodeIgniter.php(499): CodeIgniter\CodeIgniter->runController(Object(App\Controllers\Home))
 6 SYSTEMPATH\CodeIgniter.php(368): CodeIgniter\CodeIgniter->handleRequest(null, Object(Config\Cache), false)
 7 FCPATH\index.php(68): CodeIgniter\CodeIgniter->run()
CRITICAL - 2023-05-03 06:33:13 --> Invalid file: "/dashboard/dashboard.php"
in SYSTEMPATH\Exceptions\FrameworkException.php on line 33.
 1 SYSTEMPATH\View\View.php(201): CodeIgniter\Exceptions\FrameworkException::forInvalidFile('/dashboard/dashboard.php')
 2 SYSTEMPATH\Common.php(1184): CodeIgniter\View\View->render('/dashboard/dashboard', [], true)
 3 APPPATH\Controllers\Home.php(9): view('/dashboard/dashboard')
 4 SYSTEMPATH\CodeIgniter.php(934): App\Controllers\Home->index()
 5 SYSTEMPATH\CodeIgniter.php(499): CodeIgniter\CodeIgniter->runController(Object(App\Controllers\Home))
 6 SYSTEMPATH\CodeIgniter.php(368): CodeIgniter\CodeIgniter->handleRequest(null, Object(Config\Cache), false)
 7 FCPATH\index.php(68): CodeIgniter\CodeIgniter->run()
CRITICAL - 2023-05-03 06:42:48 --> require_once(../admin/layout/sidebar.php): Failed to open stream: No such file or directory
in APPPATH\Views\admin\dashboard\dashboard.php on line 1.
 1 APPPATH\Views\admin\dashboard\dashboard.php(1): CodeIgniter\Debug\Exceptions->errorHandler(2, 'require_once(../admin/layout/sidebar.php): Failed to open stream: No such file or directory', 'C:\\xampp\\htdocs\\truflow\\app\\Views\\admin\\dashboard\\dashboard.php', 1)
 2 APPPATH\Views\admin\dashboard\dashboard.php(1): require_once()
 3 SYSTEMPATH\View\View.php(213): include('C:\\xampp\\htdocs\\truflow\\app\\Views\\admin\\dashboard\\dashboard.php')
 4 SYSTEMPATH\View\View.php(216): CodeIgniter\View\View->CodeIgniter\View\{closure}()
 5 SYSTEMPATH\Common.php(1184): CodeIgniter\View\View->render('admin/dashboard/dashboard', [], true)
 6 APPPATH\Controllers\Home.php(9): view('admin/dashboard/dashboard')
 7 SYSTEMPATH\CodeIgniter.php(934): App\Controllers\Home->index()
 8 SYSTEMPATH\CodeIgniter.php(499): CodeIgniter\CodeIgniter->runController(Object(App\Controllers\Home))
 9 SYSTEMPATH\CodeIgniter.php(368): CodeIgniter\CodeIgniter->handleRequest(null, Object(Config\Cache), false)
10 FCPATH\index.php(68): CodeIgniter\CodeIgniter->run()
CRITICAL - 2023-05-03 06:47:59 --> require_once(../admin/layout/front.php): Failed to open stream: No such file or directory
in APPPATH\Views\admin\dashboard\dashboard.php on line 1.
 1 APPPATH\Views\admin\dashboard\dashboard.php(1): CodeIgniter\Debug\Exceptions->errorHandler(2, 'require_once(../admin/layout/front.php): Failed to open stream: No such file or directory', 'C:\\xampp\\htdocs\\truflow\\app\\Views\\admin\\dashboard\\dashboard.php', 1)
 2 APPPATH\Views\admin\dashboard\dashboard.php(1): require_once()
 3 SYSTEMPATH\View\View.php(213): include('C:\\xampp\\htdocs\\truflow\\app\\Views\\admin\\dashboard\\dashboard.php')
 4 SYSTEMPATH\View\View.php(216): CodeIgniter\View\View->CodeIgniter\View\{closure}()
 5 SYSTEMPATH\Common.php(1184): CodeIgniter\View\View->render('admin/dashboard/dashboard', [], true)
 6 APPPATH\Controllers\Home.php(9): view('admin/dashboard/dashboard')
 7 SYSTEMPATH\CodeIgniter.php(934): App\Controllers\Home->index()
 8 SYSTEMPATH\CodeIgniter.php(499): CodeIgniter\CodeIgniter->runController(Object(App\Controllers\Home))
 9 SYSTEMPATH\CodeIgniter.php(368): CodeIgniter\CodeIgniter->handleRequest(null, Object(Config\Cache), false)
10 FCPATH\index.php(68): CodeIgniter\CodeIgniter->run()
CRITICAL - 2023-05-03 06:48:11 --> require_once(../../admin/layout/front.php): Failed to open stream: No such file or directory
in APPPATH\Views\admin\dashboard\dashboard.php on line 1.
 1 APPPATH\Views\admin\dashboard\dashboard.php(1): CodeIgniter\Debug\Exceptions->errorHandler(2, 'require_once(../../admin/layout/front.php): Failed to open stream: No such file or directory', 'C:\\xampp\\htdocs\\truflow\\app\\Views\\admin\\dashboard\\dashboard.php', 1)
 2 APPPATH\Views\admin\dashboard\dashboard.php(1): require_once()
 3 SYSTEMPATH\View\View.php(213): include('C:\\xampp\\htdocs\\truflow\\app\\Views\\admin\\dashboard\\dashboard.php')
 4 SYSTEMPATH\View\View.php(216): CodeIgniter\View\View->CodeIgniter\View\{closure}()
 5 SYSTEMPATH\Common.php(1184): CodeIgniter\View\View->render('admin/dashboard/dashboard', [], true)
 6 APPPATH\Controllers\Home.php(9): view('admin/dashboard/dashboard')
 7 SYSTEMPATH\CodeIgniter.php(934): App\Controllers\Home->index()
 8 SYSTEMPATH\CodeIgniter.php(499): CodeIgniter\CodeIgniter->runController(Object(App\Controllers\Home))
 9 SYSTEMPATH\CodeIgniter.php(368): CodeIgniter\CodeIgniter->handleRequest(null, Object(Config\Cache), false)
10 FCPATH\index.php(68): CodeIgniter\CodeIgniter->run()
CRITICAL - 2023-05-03 06:48:27 --> require_once(admin/layout/front.php): Failed to open stream: No such file or directory
in APPPATH\Views\admin\dashboard\dashboard.php on line 1.
 1 APPPATH\Views\admin\dashboard\dashboard.php(1): CodeIgniter\Debug\Exceptions->errorHandler(2, 'require_once(admin/layout/front.php): Failed to open stream: No such file or directory', 'C:\\xampp\\htdocs\\truflow\\app\\Views\\admin\\dashboard\\dashboard.php', 1)
 2 APPPATH\Views\admin\dashboard\dashboard.php(1): require_once()
 3 SYSTEMPATH\View\View.php(213): include('C:\\xampp\\htdocs\\truflow\\app\\Views\\admin\\dashboard\\dashboard.php')
 4 SYSTEMPATH\View\View.php(216): CodeIgniter\View\View->CodeIgniter\View\{closure}()
 5 SYSTEMPATH\Common.php(1184): CodeIgniter\View\View->render('admin/dashboard/dashboard', [], true)
 6 APPPATH\Controllers\Home.php(9): view('admin/dashboard/dashboard')
 7 SYSTEMPATH\CodeIgniter.php(934): App\Controllers\Home->index()
 8 SYSTEMPATH\CodeIgniter.php(499): CodeIgniter\CodeIgniter->runController(Object(App\Controllers\Home))
 9 SYSTEMPATH\CodeIgniter.php(368): CodeIgniter\CodeIgniter->handleRequest(null, Object(Config\Cache), false)
10 FCPATH\index.php(68): CodeIgniter\CodeIgniter->run()
CRITICAL - 2023-05-03 06:48:59 --> require_once(../admin/layout/front.php): Failed to open stream: No such file or directory
in APPPATH\Views\admin\dashboard\dashboard.php on line 1.
 1 APPPATH\Views\admin\dashboard\dashboard.php(1): CodeIgniter\Debug\Exceptions->errorHandler(2, 'require_once(../admin/layout/front.php): Failed to open stream: No such file or directory', 'C:\\xampp\\htdocs\\truflow\\app\\Views\\admin\\dashboard\\dashboard.php', 1)
 2 APPPATH\Views\admin\dashboard\dashboard.php(1): require_once()
 3 SYSTEMPATH\View\View.php(213): include('C:\\xampp\\htdocs\\truflow\\app\\Views\\admin\\dashboard\\dashboard.php')
 4 SYSTEMPATH\View\View.php(216): CodeIgniter\View\View->CodeIgniter\View\{closure}()
 5 SYSTEMPATH\Common.php(1184): CodeIgniter\View\View->render('admin/dashboard/dashboard', [], true)
 6 APPPATH\Controllers\Home.php(9): view('admin/dashboard/dashboard')
 7 SYSTEMPATH\CodeIgniter.php(934): App\Controllers\Home->index()
 8 SYSTEMPATH\CodeIgniter.php(499): CodeIgniter\CodeIgniter->runController(Object(App\Controllers\Home))
 9 SYSTEMPATH\CodeIgniter.php(368): CodeIgniter\CodeIgniter->handleRequest(null, Object(Config\Cache), false)
10 FCPATH\index.php(68): CodeIgniter\CodeIgniter->run()
CRITICAL - 2023-05-03 06:55:26 --> Invalid file: "../admin/layout/front.php"
in SYSTEMPATH\Exceptions\FrameworkException.php on line 33.
 1 SYSTEMPATH\View\View.php(201): CodeIgniter\Exceptions\FrameworkException::forInvalidFile('../admin/layout/front.php')
 2 SYSTEMPATH\Common.php(1184): CodeIgniter\View\View->render('../admin/layout/front.php', [], true)
 3 APPPATH\Views\admin\dashboard\dashboard.php(3): view('../admin/layout/front.php')
 4 SYSTEMPATH\View\View.php(213): include('C:\\xampp\\htdocs\\truflow\\app\\Views\\admin\\dashboard\\dashboard.php')
 5 SYSTEMPATH\View\View.php(216): CodeIgniter\View\View->CodeIgniter\View\{closure}()
 6 SYSTEMPATH\Common.php(1184): CodeIgniter\View\View->render('admin/dashboard/dashboard', [], true)
 7 APPPATH\Controllers\Home.php(9): view('admin/dashboard/dashboard')
 8 SYSTEMPATH\CodeIgniter.php(934): App\Controllers\Home->index()
 9 SYSTEMPATH\CodeIgniter.php(499): CodeIgniter\CodeIgniter->runController(Object(App\Controllers\Home))
10 SYSTEMPATH\CodeIgniter.php(368): CodeIgniter\CodeIgniter->handleRequest(null, Object(Config\Cache), false)
11 FCPATH\index.php(68): CodeIgniter\CodeIgniter->run()
CRITICAL - 2023-05-03 06:55:27 --> Invalid file: "../admin/layout/front.php"
in SYSTEMPATH\Exceptions\FrameworkException.php on line 33.
 1 SYSTEMPATH\View\View.php(201): CodeIgniter\Exceptions\FrameworkException::forInvalidFile('../admin/layout/front.php')
 2 SYSTEMPATH\Common.php(1184): CodeIgniter\View\View->render('../admin/layout/front.php', [], true)
 3 APPPATH\Views\admin\dashboard\dashboard.php(3): view('../admin/layout/front.php')
 4 SYSTEMPATH\View\View.php(213): include('C:\\xampp\\htdocs\\truflow\\app\\Views\\admin\\dashboard\\dashboard.php')
 5 SYSTEMPATH\View\View.php(216): CodeIgniter\View\View->CodeIgniter\View\{closure}()
 6 SYSTEMPATH\Common.php(1184): CodeIgniter\View\View->render('admin/dashboard/dashboard', [], true)
 7 APPPATH\Controllers\Home.php(9): view('admin/dashboard/dashboard')
 8 SYSTEMPATH\CodeIgniter.php(934): App\Controllers\Home->index()
 9 SYSTEMPATH\CodeIgniter.php(499): CodeIgniter\CodeIgniter->runController(Object(App\Controllers\Home))
10 SYSTEMPATH\CodeIgniter.php(368): CodeIgniter\CodeIgniter->handleRequest(null, Object(Config\Cache), false)
11 FCPATH\index.php(68): CodeIgniter\CodeIgniter->run()
CRITICAL - 2023-05-03 06:55:28 --> Invalid file: "../admin/layout/front.php"
in SYSTEMPATH\Exceptions\FrameworkException.php on line 33.
 1 SYSTEMPATH\View\View.php(201): CodeIgniter\Exceptions\FrameworkException::forInvalidFile('../admin/layout/front.php')
 2 SYSTEMPATH\Common.php(1184): CodeIgniter\View\View->render('../admin/layout/front.php', [], true)
 3 APPPATH\Views\admin\dashboard\dashboard.php(3): view('../admin/layout/front.php')
 4 SYSTEMPATH\View\View.php(213): include('C:\\xampp\\htdocs\\truflow\\app\\Views\\admin\\dashboard\\dashboard.php')
 5 SYSTEMPATH\View\View.php(216): CodeIgniter\View\View->CodeIgniter\View\{closure}()
 6 SYSTEMPATH\Common.php(1184): CodeIgniter\View\View->render('admin/dashboard/dashboard', [], true)
 7 APPPATH\Controllers\Home.php(9): view('admin/dashboard/dashboard')
 8 SYSTEMPATH\CodeIgniter.php(934): App\Controllers\Home->index()
 9 SYSTEMPATH\CodeIgniter.php(499): CodeIgniter\CodeIgniter->runController(Object(App\Controllers\Home))
10 SYSTEMPATH\CodeIgniter.php(368): CodeIgniter\CodeIgniter->handleRequest(null, Object(Config\Cache), false)
11 FCPATH\index.php(68): CodeIgniter\CodeIgniter->run()
CRITICAL - 2023-05-03 06:55:28 --> Invalid file: "../admin/layout/front.php"
in SYSTEMPATH\Exceptions\FrameworkException.php on line 33.
 1 SYSTEMPATH\View\View.php(201): CodeIgniter\Exceptions\FrameworkException::forInvalidFile('../admin/layout/front.php')
 2 SYSTEMPATH\Common.php(1184): CodeIgniter\View\View->render('../admin/layout/front.php', [], true)
 3 APPPATH\Views\admin\dashboard\dashboard.php(3): view('../admin/layout/front.php')
 4 SYSTEMPATH\View\View.php(213): include('C:\\xampp\\htdocs\\truflow\\app\\Views\\admin\\dashboard\\dashboard.php')
 5 SYSTEMPATH\View\View.php(216): CodeIgniter\View\View->CodeIgniter\View\{closure}()
 6 SYSTEMPATH\Common.php(1184): CodeIgniter\View\View->render('admin/dashboard/dashboard', [], true)
 7 APPPATH\Controllers\Home.php(9): view('admin/dashboard/dashboard')
 8 SYSTEMPATH\CodeIgniter.php(934): App\Controllers\Home->index()
 9 SYSTEMPATH\CodeIgniter.php(499): CodeIgniter\CodeIgniter->runController(Object(App\Controllers\Home))
10 SYSTEMPATH\CodeIgniter.php(368): CodeIgniter\CodeIgniter->handleRequest(null, Object(Config\Cache), false)
11 FCPATH\index.php(68): CodeIgniter\CodeIgniter->run()
CRITICAL - 2023-05-03 07:01:14 --> require_once(view/layout/front.php): Failed to open stream: No such file or directory
in APPPATH\Views\admin\dashboard\dashboard.php on line 1.
 1 APPPATH\Views\admin\dashboard\dashboard.php(1): CodeIgniter\Debug\Exceptions->errorHandler(2, 'require_once(view/layout/front.php): Failed to open stream: No such file or directory', 'C:\\xampp\\htdocs\\truflow\\app\\Views\\admin\\dashboard\\dashboard.php', 1)
 2 APPPATH\Views\admin\dashboard\dashboard.php(1): require_once()
 3 SYSTEMPATH\View\View.php(213): include('C:\\xampp\\htdocs\\truflow\\app\\Views\\admin\\dashboard\\dashboard.php')
 4 SYSTEMPATH\View\View.php(216): CodeIgniter\View\View->CodeIgniter\View\{closure}()
 5 SYSTEMPATH\Common.php(1184): CodeIgniter\View\View->render('admin/dashboard/dashboard', [], true)
 6 APPPATH\Controllers\Home.php(9): view('admin/dashboard/dashboard')
 7 SYSTEMPATH\CodeIgniter.php(934): App\Controllers\Home->index()
 8 SYSTEMPATH\CodeIgniter.php(499): CodeIgniter\CodeIgniter->runController(Object(App\Controllers\Home))
 9 SYSTEMPATH\CodeIgniter.php(368): CodeIgniter\CodeIgniter->handleRequest(null, Object(Config\Cache), false)
10 FCPATH\index.php(68): CodeIgniter\CodeIgniter->run()
CRITICAL - 2023-05-03 07:04:48 --> require_once(../view/layout/front.php): Failed to open stream: No such file or directory
in APPPATH\Views\admin\dashboard\dashboard.php on line 1.
 1 APPPATH\Views\admin\dashboard\dashboard.php(1): CodeIgniter\Debug\Exceptions->errorHandler(2, 'require_once(../view/layout/front.php): Failed to open stream: No such file or directory', 'C:\\xampp\\htdocs\\truflow\\app\\Views\\admin\\dashboard\\dashboard.php', 1)
 2 APPPATH\Views\admin\dashboard\dashboard.php(1): require_once()
 3 SYSTEMPATH\View\View.php(213): include('C:\\xampp\\htdocs\\truflow\\app\\Views\\admin\\dashboard\\dashboard.php')
 4 SYSTEMPATH\View\View.php(216): CodeIgniter\View\View->CodeIgniter\View\{closure}()
 5 SYSTEMPATH\Common.php(1184): CodeIgniter\View\View->render('admin/dashboard/dashboard', [], true)
 6 APPPATH\Controllers\Home.php(16): view('admin/dashboard/dashboard')
 7 SYSTEMPATH\CodeIgniter.php(934): App\Controllers\Home->index()
 8 SYSTEMPATH\CodeIgniter.php(499): CodeIgniter\CodeIgniter->runController(Object(App\Controllers\Home))
 9 SYSTEMPATH\CodeIgniter.php(368): CodeIgniter\CodeIgniter->handleRequest(null, Object(Config\Cache), false)
10 FCPATH\index.php(68): CodeIgniter\CodeIgniter->run()
CRITICAL - 2023-05-03 07:04:49 --> require_once(../view/layout/front.php): Failed to open stream: No such file or directory
in APPPATH\Views\admin\dashboard\dashboard.php on line 1.
 1 APPPATH\Views\admin\dashboard\dashboard.php(1): CodeIgniter\Debug\Exceptions->errorHandler(2, 'require_once(../view/layout/front.php): Failed to open stream: No such file or directory', 'C:\\xampp\\htdocs\\truflow\\app\\Views\\admin\\dashboard\\dashboard.php', 1)
 2 APPPATH\Views\admin\dashboard\dashboard.php(1): require_once()
 3 SYSTEMPATH\View\View.php(213): include('C:\\xampp\\htdocs\\truflow\\app\\Views\\admin\\dashboard\\dashboard.php')
 4 SYSTEMPATH\View\View.php(216): CodeIgniter\View\View->CodeIgniter\View\{closure}()
 5 SYSTEMPATH\Common.php(1184): CodeIgniter\View\View->render('admin/dashboard/dashboard', [], true)
 6 APPPATH\Controllers\Home.php(16): view('admin/dashboard/dashboard')
 7 SYSTEMPATH\CodeIgniter.php(934): App\Controllers\Home->index()
 8 SYSTEMPATH\CodeIgniter.php(499): CodeIgniter\CodeIgniter->runController(Object(App\Controllers\Home))
 9 SYSTEMPATH\CodeIgniter.php(368): CodeIgniter\CodeIgniter->handleRequest(null, Object(Config\Cache), false)
10 FCPATH\index.php(68): CodeIgniter\CodeIgniter->run()
CRITICAL - 2023-05-03 07:04:49 --> require_once(../view/layout/front.php): Failed to open stream: No such file or directory
in APPPATH\Views\admin\dashboard\dashboard.php on line 1.
 1 APPPATH\Views\admin\dashboard\dashboard.php(1): CodeIgniter\Debug\Exceptions->errorHandler(2, 'require_once(../view/layout/front.php): Failed to open stream: No such file or directory', 'C:\\xampp\\htdocs\\truflow\\app\\Views\\admin\\dashboard\\dashboard.php', 1)
 2 APPPATH\Views\admin\dashboard\dashboard.php(1): require_once()
 3 SYSTEMPATH\View\View.php(213): include('C:\\xampp\\htdocs\\truflow\\app\\Views\\admin\\dashboard\\dashboard.php')
 4 SYSTEMPATH\View\View.php(216): CodeIgniter\View\View->CodeIgniter\View\{closure}()
 5 SYSTEMPATH\Common.php(1184): CodeIgniter\View\View->render('admin/dashboard/dashboard', [], true)
 6 APPPATH\Controllers\Home.php(16): view('admin/dashboard/dashboard')
 7 SYSTEMPATH\CodeIgniter.php(934): App\Controllers\Home->index()
 8 SYSTEMPATH\CodeIgniter.php(499): CodeIgniter\CodeIgniter->runController(Object(App\Controllers\Home))
 9 SYSTEMPATH\CodeIgniter.php(368): CodeIgniter\CodeIgniter->handleRequest(null, Object(Config\Cache), false)
10 FCPATH\index.php(68): CodeIgniter\CodeIgniter->run()
CRITICAL - 2023-05-03 07:04:49 --> require_once(../view/layout/front.php): Failed to open stream: No such file or directory
in APPPATH\Views\admin\dashboard\dashboard.php on line 1.
 1 APPPATH\Views\admin\dashboard\dashboard.php(1): CodeIgniter\Debug\Exceptions->errorHandler(2, 'require_once(../view/layout/front.php): Failed to open stream: No such file or directory', 'C:\\xampp\\htdocs\\truflow\\app\\Views\\admin\\dashboard\\dashboard.php', 1)
 2 APPPATH\Views\admin\dashboard\dashboard.php(1): require_once()
 3 SYSTEMPATH\View\View.php(213): include('C:\\xampp\\htdocs\\truflow\\app\\Views\\admin\\dashboard\\dashboard.php')
 4 SYSTEMPATH\View\View.php(216): CodeIgniter\View\View->CodeIgniter\View\{closure}()
 5 SYSTEMPATH\Common.php(1184): CodeIgniter\View\View->render('admin/dashboard/dashboard', [], true)
 6 APPPATH\Controllers\Home.php(16): view('admin/dashboard/dashboard')
 7 SYSTEMPATH\CodeIgniter.php(934): App\Controllers\Home->index()
 8 SYSTEMPATH\CodeIgniter.php(499): CodeIgniter\CodeIgniter->runController(Object(App\Controllers\Home))
 9 SYSTEMPATH\CodeIgniter.php(368): CodeIgniter\CodeIgniter->handleRequest(null, Object(Config\Cache), false)
10 FCPATH\index.php(68): CodeIgniter\CodeIgniter->run()
CRITICAL - 2023-05-03 07:04:49 --> require_once(../view/layout/front.php): Failed to open stream: No such file or directory
in APPPATH\Views\admin\dashboard\dashboard.php on line 1.
 1 APPPATH\Views\admin\dashboard\dashboard.php(1): CodeIgniter\Debug\Exceptions->errorHandler(2, 'require_once(../view/layout/front.php): Failed to open stream: No such file or directory', 'C:\\xampp\\htdocs\\truflow\\app\\Views\\admin\\dashboard\\dashboard.php', 1)
 2 APPPATH\Views\admin\dashboard\dashboard.php(1): require_once()
 3 SYSTEMPATH\View\View.php(213): include('C:\\xampp\\htdocs\\truflow\\app\\Views\\admin\\dashboard\\dashboard.php')
 4 SYSTEMPATH\View\View.php(216): CodeIgniter\View\View->CodeIgniter\View\{closure}()
 5 SYSTEMPATH\Common.php(1184): CodeIgniter\View\View->render('admin/dashboard/dashboard', [], true)
 6 APPPATH\Controllers\Home.php(16): view('admin/dashboard/dashboard')
 7 SYSTEMPATH\CodeIgniter.php(934): App\Controllers\Home->index()
 8 SYSTEMPATH\CodeIgniter.php(499): CodeIgniter\CodeIgniter->runController(Object(App\Controllers\Home))
 9 SYSTEMPATH\CodeIgniter.php(368): CodeIgniter\CodeIgniter->handleRequest(null, Object(Config\Cache), false)
10 FCPATH\index.php(68): CodeIgniter\CodeIgniter->run()
CRITICAL - 2023-05-03 07:04:49 --> require_once(../view/layout/front.php): Failed to open stream: No such file or directory
in APPPATH\Views\admin\dashboard\dashboard.php on line 1.
 1 APPPATH\Views\admin\dashboard\dashboard.php(1): CodeIgniter\Debug\Exceptions->errorHandler(2, 'require_once(../view/layout/front.php): Failed to open stream: No such file or directory', 'C:\\xampp\\htdocs\\truflow\\app\\Views\\admin\\dashboard\\dashboard.php', 1)
 2 APPPATH\Views\admin\dashboard\dashboard.php(1): require_once()
 3 SYSTEMPATH\View\View.php(213): include('C:\\xampp\\htdocs\\truflow\\app\\Views\\admin\\dashboard\\dashboard.php')
 4 SYSTEMPATH\View\View.php(216): CodeIgniter\View\View->CodeIgniter\View\{closure}()
 5 SYSTEMPATH\Common.php(1184): CodeIgniter\View\View->render('admin/dashboard/dashboard', [], true)
 6 APPPATH\Controllers\Home.php(16): view('admin/dashboard/dashboard')
 7 SYSTEMPATH\CodeIgniter.php(934): App\Controllers\Home->index()
 8 SYSTEMPATH\CodeIgniter.php(499): CodeIgniter\CodeIgniter->runController(Object(App\Controllers\Home))
 9 SYSTEMPATH\CodeIgniter.php(368): CodeIgniter\CodeIgniter->handleRequest(null, Object(Config\Cache), false)
10 FCPATH\index.php(68): CodeIgniter\CodeIgniter->run()
CRITICAL - 2023-05-03 07:05:34 --> require_once(../view/layout/front.php): Failed to open stream: No such file or directory
in APPPATH\Views\admin\dashboard\dashboard.php on line 1.
 1 APPPATH\Views\admin\dashboard\dashboard.php(1): CodeIgniter\Debug\Exceptions->errorHandler(2, 'require_once(../view/layout/front.php): Failed to open stream: No such file or directory', 'C:\\xampp\\htdocs\\truflow\\app\\Views\\admin\\dashboard\\dashboard.php', 1)
 2 APPPATH\Views\admin\dashboard\dashboard.php(1): require_once()
 3 SYSTEMPATH\View\View.php(213): include('C:\\xampp\\htdocs\\truflow\\app\\Views\\admin\\dashboard\\dashboard.php')
 4 SYSTEMPATH\View\View.php(216): CodeIgniter\View\View->CodeIgniter\View\{closure}()
 5 SYSTEMPATH\Common.php(1184): CodeIgniter\View\View->render('admin/dashboard/dashboard', [], true)
 6 APPPATH\Controllers\Home.php(16): view('admin/dashboard/dashboard')
 7 SYSTEMPATH\CodeIgniter.php(934): App\Controllers\Home->index()
 8 SYSTEMPATH\CodeIgniter.php(499): CodeIgniter\CodeIgniter->runController(Object(App\Controllers\Home))
 9 SYSTEMPATH\CodeIgniter.php(368): CodeIgniter\CodeIgniter->handleRequest(null, Object(Config\Cache), false)
10 FCPATH\index.php(68): CodeIgniter\CodeIgniter->run()
CRITICAL - 2023-05-03 07:05:35 --> require_once(../view/layout/front.php): Failed to open stream: No such file or directory
in APPPATH\Views\admin\dashboard\dashboard.php on line 1.
 1 APPPATH\Views\admin\dashboard\dashboard.php(1): CodeIgniter\Debug\Exceptions->errorHandler(2, 'require_once(../view/layout/front.php): Failed to open stream: No such file or directory', 'C:\\xampp\\htdocs\\truflow\\app\\Views\\admin\\dashboard\\dashboard.php', 1)
 2 APPPATH\Views\admin\dashboard\dashboard.php(1): require_once()
 3 SYSTEMPATH\View\View.php(213): include('C:\\xampp\\htdocs\\truflow\\app\\Views\\admin\\dashboard\\dashboard.php')
 4 SYSTEMPATH\View\View.php(216): CodeIgniter\View\View->CodeIgniter\View\{closure}()
 5 SYSTEMPATH\Common.php(1184): CodeIgniter\View\View->render('admin/dashboard/dashboard', [], true)
 6 APPPATH\Controllers\Home.php(16): view('admin/dashboard/dashboard')
 7 SYSTEMPATH\CodeIgniter.php(934): App\Controllers\Home->index()
 8 SYSTEMPATH\CodeIgniter.php(499): CodeIgniter\CodeIgniter->runController(Object(App\Controllers\Home))
 9 SYSTEMPATH\CodeIgniter.php(368): CodeIgniter\CodeIgniter->handleRequest(null, Object(Config\Cache), false)
10 FCPATH\index.php(68): CodeIgniter\CodeIgniter->run()
CRITICAL - 2023-05-03 07:05:35 --> require_once(../view/layout/front.php): Failed to open stream: No such file or directory
in APPPATH\Views\admin\dashboard\dashboard.php on line 1.
 1 APPPATH\Views\admin\dashboard\dashboard.php(1): CodeIgniter\Debug\Exceptions->errorHandler(2, 'require_once(../view/layout/front.php): Failed to open stream: No such file or directory', 'C:\\xampp\\htdocs\\truflow\\app\\Views\\admin\\dashboard\\dashboard.php', 1)
 2 APPPATH\Views\admin\dashboard\dashboard.php(1): require_once()
 3 SYSTEMPATH\View\View.php(213): include('C:\\xampp\\htdocs\\truflow\\app\\Views\\admin\\dashboard\\dashboard.php')
 4 SYSTEMPATH\View\View.php(216): CodeIgniter\View\View->CodeIgniter\View\{closure}()
 5 SYSTEMPATH\Common.php(1184): CodeIgniter\View\View->render('admin/dashboard/dashboard', [], true)
 6 APPPATH\Controllers\Home.php(16): view('admin/dashboard/dashboard')
 7 SYSTEMPATH\CodeIgniter.php(934): App\Controllers\Home->index()
 8 SYSTEMPATH\CodeIgniter.php(499): CodeIgniter\CodeIgniter->runController(Object(App\Controllers\Home))
 9 SYSTEMPATH\CodeIgniter.php(368): CodeIgniter\CodeIgniter->handleRequest(null, Object(Config\Cache), false)
10 FCPATH\index.php(68): CodeIgniter\CodeIgniter->run()
CRITICAL - 2023-05-03 07:05:35 --> require_once(../view/layout/front.php): Failed to open stream: No such file or directory
in APPPATH\Views\admin\dashboard\dashboard.php on line 1.
 1 APPPATH\Views\admin\dashboard\dashboard.php(1): CodeIgniter\Debug\Exceptions->errorHandler(2, 'require_once(../view/layout/front.php): Failed to open stream: No such file or directory', 'C:\\xampp\\htdocs\\truflow\\app\\Views\\admin\\dashboard\\dashboard.php', 1)
 2 APPPATH\Views\admin\dashboard\dashboard.php(1): require_once()
 3 SYSTEMPATH\View\View.php(213): include('C:\\xampp\\htdocs\\truflow\\app\\Views\\admin\\dashboard\\dashboard.php')
 4 SYSTEMPATH\View\View.php(216): CodeIgniter\View\View->CodeIgniter\View\{closure}()
 5 SYSTEMPATH\Common.php(1184): CodeIgniter\View\View->render('admin/dashboard/dashboard', [], true)
 6 APPPATH\Controllers\Home.php(16): view('admin/dashboard/dashboard')
 7 SYSTEMPATH\CodeIgniter.php(934): App\Controllers\Home->index()
 8 SYSTEMPATH\CodeIgniter.php(499): CodeIgniter\CodeIgniter->runController(Object(App\Controllers\Home))
 9 SYSTEMPATH\CodeIgniter.php(368): CodeIgniter\CodeIgniter->handleRequest(null, Object(Config\Cache), false)
10 FCPATH\index.php(68): CodeIgniter\CodeIgniter->run()
CRITICAL - 2023-05-03 07:05:35 --> require_once(../view/layout/front.php): Failed to open stream: No such file or directory
in APPPATH\Views\admin\dashboard\dashboard.php on line 1.
 1 APPPATH\Views\admin\dashboard\dashboard.php(1): CodeIgniter\Debug\Exceptions->errorHandler(2, 'require_once(../view/layout/front.php): Failed to open stream: No such file or directory', 'C:\\xampp\\htdocs\\truflow\\app\\Views\\admin\\dashboard\\dashboard.php', 1)
 2 APPPATH\Views\admin\dashboard\dashboard.php(1): require_once()
 3 SYSTEMPATH\View\View.php(213): include('C:\\xampp\\htdocs\\truflow\\app\\Views\\admin\\dashboard\\dashboard.php')
 4 SYSTEMPATH\View\View.php(216): CodeIgniter\View\View->CodeIgniter\View\{closure}()
 5 SYSTEMPATH\Common.php(1184): CodeIgniter\View\View->render('admin/dashboard/dashboard', [], true)
 6 APPPATH\Controllers\Home.php(16): view('admin/dashboard/dashboard')
 7 SYSTEMPATH\CodeIgniter.php(934): App\Controllers\Home->index()
 8 SYSTEMPATH\CodeIgniter.php(499): CodeIgniter\CodeIgniter->runController(Object(App\Controllers\Home))
 9 SYSTEMPATH\CodeIgniter.php(368): CodeIgniter\CodeIgniter->handleRequest(null, Object(Config\Cache), false)
10 FCPATH\index.php(68): CodeIgniter\CodeIgniter->run()
CRITICAL - 2023-05-03 07:06:01 --> require_once(../view/layout/front.php): Failed to open stream: No such file or directory
in APPPATH\Views\admin\dashboard\dashboard.php on line 1.
 1 APPPATH\Views\admin\dashboard\dashboard.php(1): CodeIgniter\Debug\Exceptions->errorHandler(2, 'require_once(../view/layout/front.php): Failed to open stream: No such file or directory', 'C:\\xampp\\htdocs\\truflow\\app\\Views\\admin\\dashboard\\dashboard.php', 1)
 2 APPPATH\Views\admin\dashboard\dashboard.php(1): require_once()
 3 SYSTEMPATH\View\View.php(213): include('C:\\xampp\\htdocs\\truflow\\app\\Views\\admin\\dashboard\\dashboard.php')
 4 SYSTEMPATH\View\View.php(216): CodeIgniter\View\View->CodeIgniter\View\{closure}()
 5 SYSTEMPATH\Common.php(1184): CodeIgniter\View\View->render('admin/dashboard/dashboard', [], true)
 6 APPPATH\Controllers\Home.php(16): view('admin/dashboard/dashboard')
 7 SYSTEMPATH\CodeIgniter.php(934): App\Controllers\Home->index()
 8 SYSTEMPATH\CodeIgniter.php(499): CodeIgniter\CodeIgniter->runController(Object(App\Controllers\Home))
 9 SYSTEMPATH\CodeIgniter.php(368): CodeIgniter\CodeIgniter->handleRequest(null, Object(Config\Cache), false)
10 FCPATH\index.php(68): CodeIgniter\CodeIgniter->run()
CRITICAL - 2023-05-03 07:10:44 --> Invalid file: "Views/layout/front.php"
in SYSTEMPATH\Exceptions\FrameworkException.php on line 33.
 1 SYSTEMPATH\View\View.php(201): CodeIgniter\Exceptions\FrameworkException::forInvalidFile('Views/layout/front.php')
 2 SYSTEMPATH\View\View.php(431): CodeIgniter\View\View->render('Views/layout/front.php', null, true)
 3 APPPATH\Views\admin\dashboard\dashboard.php(1): CodeIgniter\View\View->include('Views/layout/front.php')
 4 SYSTEMPATH\View\View.php(213): include('C:\\xampp\\htdocs\\truflow\\app\\Views\\admin\\dashboard\\dashboard.php')
 5 SYSTEMPATH\View\View.php(216): CodeIgniter\View\View->CodeIgniter\View\{closure}()
 6 SYSTEMPATH\Common.php(1184): CodeIgniter\View\View->render('admin/dashboard/dashboard', [], true)
 7 APPPATH\Controllers\Home.php(9): view('admin/dashboard/dashboard')
 8 SYSTEMPATH\CodeIgniter.php(934): App\Controllers\Home->index()
 9 SYSTEMPATH\CodeIgniter.php(499): CodeIgniter\CodeIgniter->runController(Object(App\Controllers\Home))
10 SYSTEMPATH\CodeIgniter.php(368): CodeIgniter\CodeIgniter->handleRequest(null, Object(Config\Cache), false)
11 FCPATH\index.php(68): CodeIgniter\CodeIgniter->run()
CRITICAL - 2023-05-03 07:10:56 --> Invalid file: "/Views/layout/front.php"
in SYSTEMPATH\Exceptions\FrameworkException.php on line 33.
 1 SYSTEMPATH\View\View.php(201): CodeIgniter\Exceptions\FrameworkException::forInvalidFile('/Views/layout/front.php')
 2 SYSTEMPATH\View\View.php(431): CodeIgniter\View\View->render('/Views/layout/front.php', null, true)
 3 APPPATH\Views\admin\dashboard\dashboard.php(1): CodeIgniter\View\View->include('/Views/layout/front.php')
 4 SYSTEMPATH\View\View.php(213): include('C:\\xampp\\htdocs\\truflow\\app\\Views\\admin\\dashboard\\dashboard.php')
 5 SYSTEMPATH\View\View.php(216): CodeIgniter\View\View->CodeIgniter\View\{closure}()
 6 SYSTEMPATH\Common.php(1184): CodeIgniter\View\View->render('admin/dashboard/dashboard', [], true)
 7 APPPATH\Controllers\Home.php(9): view('admin/dashboard/dashboard')
 8 SYSTEMPATH\CodeIgniter.php(934): App\Controllers\Home->index()
 9 SYSTEMPATH\CodeIgniter.php(499): CodeIgniter\CodeIgniter->runController(Object(App\Controllers\Home))
10 SYSTEMPATH\CodeIgniter.php(368): CodeIgniter\CodeIgniter->handleRequest(null, Object(Config\Cache), false)
11 FCPATH\index.php(68): CodeIgniter\CodeIgniter->run()
CRITICAL - 2023-05-03 07:11:02 --> Invalid file: "../Views/layout/front.php"
in SYSTEMPATH\Exceptions\FrameworkException.php on line 33.
 1 SYSTEMPATH\View\View.php(201): CodeIgniter\Exceptions\FrameworkException::forInvalidFile('../Views/layout/front.php')
 2 SYSTEMPATH\View\View.php(431): CodeIgniter\View\View->render('../Views/layout/front.php', null, true)
 3 APPPATH\Views\admin\dashboard\dashboard.php(1): CodeIgniter\View\View->include('../Views/layout/front.php')
 4 SYSTEMPATH\View\View.php(213): include('C:\\xampp\\htdocs\\truflow\\app\\Views\\admin\\dashboard\\dashboard.php')
 5 SYSTEMPATH\View\View.php(216): CodeIgniter\View\View->CodeIgniter\View\{closure}()
 6 SYSTEMPATH\Common.php(1184): CodeIgniter\View\View->render('admin/dashboard/dashboard', [], true)
 7 APPPATH\Controllers\Home.php(9): view('admin/dashboard/dashboard')
 8 SYSTEMPATH\CodeIgniter.php(934): App\Controllers\Home->index()
 9 SYSTEMPATH\CodeIgniter.php(499): CodeIgniter\CodeIgniter->runController(Object(App\Controllers\Home))
10 SYSTEMPATH\CodeIgniter.php(368): CodeIgniter\CodeIgniter->handleRequest(null, Object(Config\Cache), false)
11 FCPATH\index.php(68): CodeIgniter\CodeIgniter->run()
CRITICAL - 2023-05-03 08:07:51 --> Invalid file: "layout/header.php"
in SYSTEMPATH\Exceptions\FrameworkException.php on line 33.
 1 SYSTEMPATH\View\View.php(201): CodeIgniter\Exceptions\FrameworkException::forInvalidFile('layout/header.php')
 2 SYSTEMPATH\View\View.php(229): CodeIgniter\View\View->render('layout/header', [], true)
 3 SYSTEMPATH\Common.php(1184): CodeIgniter\View\View->render('admin/dashboard/dashboard', [], true)
 4 APPPATH\Controllers\Home.php(9): view('admin/dashboard/dashboard')
 5 SYSTEMPATH\CodeIgniter.php(934): App\Controllers\Home->index()
 6 SYSTEMPATH\CodeIgniter.php(499): CodeIgniter\CodeIgniter->runController(Object(App\Controllers\Home))
 7 SYSTEMPATH\CodeIgniter.php(368): CodeIgniter\CodeIgniter->handleRequest(null, Object(Config\Cache), false)
 8 FCPATH\index.php(68): CodeIgniter\CodeIgniter->run()
CRITICAL - 2023-05-03 08:09:13 --> Invalid file: "layout/front.php"
in SYSTEMPATH\Exceptions\FrameworkException.php on line 33.
 1 SYSTEMPATH\View\View.php(201): CodeIgniter\Exceptions\FrameworkException::forInvalidFile('layout/front.php')
 2 SYSTEMPATH\View\View.php(229): CodeIgniter\View\View->render('layout/front', [], true)
 3 SYSTEMPATH\Common.php(1184): CodeIgniter\View\View->render('admin/dashboard/dashboard', [], true)
 4 APPPATH\Controllers\Home.php(9): view('admin/dashboard/dashboard')
 5 SYSTEMPATH\CodeIgniter.php(934): App\Controllers\Home->index()
 6 SYSTEMPATH\CodeIgniter.php(499): CodeIgniter\CodeIgniter->runController(Object(App\Controllers\Home))
 7 SYSTEMPATH\CodeIgniter.php(368): CodeIgniter\CodeIgniter->handleRequest(null, Object(Config\Cache), false)
 8 FCPATH\index.php(68): CodeIgniter\CodeIgniter->run()
CRITICAL - 2023-05-03 08:09:14 --> Invalid file: "layout/front.php"
in SYSTEMPATH\Exceptions\FrameworkException.php on line 33.
 1 SYSTEMPATH\View\View.php(201): CodeIgniter\Exceptions\FrameworkException::forInvalidFile('layout/front.php')
 2 SYSTEMPATH\View\View.php(229): CodeIgniter\View\View->render('layout/front', [], true)
 3 SYSTEMPATH\Common.php(1184): CodeIgniter\View\View->render('admin/dashboard/dashboard', [], true)
 4 APPPATH\Controllers\Home.php(9): view('admin/dashboard/dashboard')
 5 SYSTEMPATH\CodeIgniter.php(934): App\Controllers\Home->index()
 6 SYSTEMPATH\CodeIgniter.php(499): CodeIgniter\CodeIgniter->runController(Object(App\Controllers\Home))
 7 SYSTEMPATH\CodeIgniter.php(368): CodeIgniter\CodeIgniter->handleRequest(null, Object(Config\Cache), false)
 8 FCPATH\index.php(68): CodeIgniter\CodeIgniter->run()
CRITICAL - 2023-05-03 08:09:14 --> Invalid file: "layout/front.php"
in SYSTEMPATH\Exceptions\FrameworkException.php on line 33.
 1 SYSTEMPATH\View\View.php(201): CodeIgniter\Exceptions\FrameworkException::forInvalidFile('layout/front.php')
 2 SYSTEMPATH\View\View.php(229): CodeIgniter\View\View->render('layout/front', [], true)
 3 SYSTEMPATH\Common.php(1184): CodeIgniter\View\View->render('admin/dashboard/dashboard', [], true)
 4 APPPATH\Controllers\Home.php(9): view('admin/dashboard/dashboard')
 5 SYSTEMPATH\CodeIgniter.php(934): App\Controllers\Home->index()
 6 SYSTEMPATH\CodeIgniter.php(499): CodeIgniter\CodeIgniter->runController(Object(App\Controllers\Home))
 7 SYSTEMPATH\CodeIgniter.php(368): CodeIgniter\CodeIgniter->handleRequest(null, Object(Config\Cache), false)
 8 FCPATH\index.php(68): CodeIgniter\CodeIgniter->run()
CRITICAL - 2023-05-03 08:09:14 --> Invalid file: "layout/front.php"
in SYSTEMPATH\Exceptions\FrameworkException.php on line 33.
 1 SYSTEMPATH\View\View.php(201): CodeIgniter\Exceptions\FrameworkException::forInvalidFile('layout/front.php')
 2 SYSTEMPATH\View\View.php(229): CodeIgniter\View\View->render('layout/front', [], true)
 3 SYSTEMPATH\Common.php(1184): CodeIgniter\View\View->render('admin/dashboard/dashboard', [], true)
 4 APPPATH\Controllers\Home.php(9): view('admin/dashboard/dashboard')
 5 SYSTEMPATH\CodeIgniter.php(934): App\Controllers\Home->index()
 6 SYSTEMPATH\CodeIgniter.php(499): CodeIgniter\CodeIgniter->runController(Object(App\Controllers\Home))
 7 SYSTEMPATH\CodeIgniter.php(368): CodeIgniter\CodeIgniter->handleRequest(null, Object(Config\Cache), false)
 8 FCPATH\index.php(68): CodeIgniter\CodeIgniter->run()
CRITICAL - 2023-05-03 08:09:15 --> Invalid file: "layout/front.php"
in SYSTEMPATH\Exceptions\FrameworkException.php on line 33.
 1 SYSTEMPATH\View\View.php(201): CodeIgniter\Exceptions\FrameworkException::forInvalidFile('layout/front.php')
 2 SYSTEMPATH\View\View.php(229): CodeIgniter\View\View->render('layout/front', [], true)
 3 SYSTEMPATH\Common.php(1184): CodeIgniter\View\View->render('admin/dashboard/dashboard', [], true)
 4 APPPATH\Controllers\Home.php(9): view('admin/dashboard/dashboard')
 5 SYSTEMPATH\CodeIgniter.php(934): App\Controllers\Home->index()
 6 SYSTEMPATH\CodeIgniter.php(499): CodeIgniter\CodeIgniter->runController(Object(App\Controllers\Home))
 7 SYSTEMPATH\CodeIgniter.php(368): CodeIgniter\CodeIgniter->handleRequest(null, Object(Config\Cache), false)
 8 FCPATH\index.php(68): CodeIgniter\CodeIgniter->run()
CRITICAL - 2023-05-03 08:09:15 --> Invalid file: "layout/front.php"
in SYSTEMPATH\Exceptions\FrameworkException.php on line 33.
 1 SYSTEMPATH\View\View.php(201): CodeIgniter\Exceptions\FrameworkException::forInvalidFile('layout/front.php')
 2 SYSTEMPATH\View\View.php(229): CodeIgniter\View\View->render('layout/front', [], true)
 3 SYSTEMPATH\Common.php(1184): CodeIgniter\View\View->render('admin/dashboard/dashboard', [], true)
 4 APPPATH\Controllers\Home.php(9): view('admin/dashboard/dashboard')
 5 SYSTEMPATH\CodeIgniter.php(934): App\Controllers\Home->index()
 6 SYSTEMPATH\CodeIgniter.php(499): CodeIgniter\CodeIgniter->runController(Object(App\Controllers\Home))
 7 SYSTEMPATH\CodeIgniter.php(368): CodeIgniter\CodeIgniter->handleRequest(null, Object(Config\Cache), false)
 8 FCPATH\index.php(68): CodeIgniter\CodeIgniter->run()
CRITICAL - 2023-05-03 08:09:15 --> Invalid file: "layout/front.php"
in SYSTEMPATH\Exceptions\FrameworkException.php on line 33.
 1 SYSTEMPATH\View\View.php(201): CodeIgniter\Exceptions\FrameworkException::forInvalidFile('layout/front.php')
 2 SYSTEMPATH\View\View.php(229): CodeIgniter\View\View->render('layout/front', [], true)
 3 SYSTEMPATH\Common.php(1184): CodeIgniter\View\View->render('admin/dashboard/dashboard', [], true)
 4 APPPATH\Controllers\Home.php(9): view('admin/dashboard/dashboard')
 5 SYSTEMPATH\CodeIgniter.php(934): App\Controllers\Home->index()
 6 SYSTEMPATH\CodeIgniter.php(499): CodeIgniter\CodeIgniter->runController(Object(App\Controllers\Home))
 7 SYSTEMPATH\CodeIgniter.php(368): CodeIgniter\CodeIgniter->handleRequest(null, Object(Config\Cache), false)
 8 FCPATH\index.php(68): CodeIgniter\CodeIgniter->run()
CRITICAL - 2023-05-03 09:03:51 --> Invalid file: "layout/front.php"
in SYSTEMPATH\Exceptions\FrameworkException.php on line 33.
 1 SYSTEMPATH\View\View.php(201): CodeIgniter\Exceptions\FrameworkException::forInvalidFile('layout/front.php')
 2 SYSTEMPATH\View\View.php(229): CodeIgniter\View\View->render('layout/front', [], true)
 3 SYSTEMPATH\Common.php(1184): CodeIgniter\View\View->render('admin/dashboard/dashboard', [], true)
 4 APPPATH\Controllers\Home.php(9): view('admin/dashboard/dashboard')
 5 SYSTEMPATH\CodeIgniter.php(934): App\Controllers\Home->index()
 6 SYSTEMPATH\CodeIgniter.php(499): CodeIgniter\CodeIgniter->runController(Object(App\Controllers\Home))
 7 SYSTEMPATH\CodeIgniter.php(368): CodeIgniter\CodeIgniter->handleRequest(null, Object(Config\Cache), false)
 8 FCPATH\index.php(68): CodeIgniter\CodeIgniter->run()
CRITICAL - 2023-05-03 09:03:52 --> Invalid file: "layout/front.php"
in SYSTEMPATH\Exceptions\FrameworkException.php on line 33.
 1 SYSTEMPATH\View\View.php(201): CodeIgniter\Exceptions\FrameworkException::forInvalidFile('layout/front.php')
 2 SYSTEMPATH\View\View.php(229): CodeIgniter\View\View->render('layout/front', [], true)
 3 SYSTEMPATH\Common.php(1184): CodeIgniter\View\View->render('admin/dashboard/dashboard', [], true)
 4 APPPATH\Controllers\Home.php(9): view('admin/dashboard/dashboard')
 5 SYSTEMPATH\CodeIgniter.php(934): App\Controllers\Home->index()
 6 SYSTEMPATH\CodeIgniter.php(499): CodeIgniter\CodeIgniter->runController(Object(App\Controllers\Home))
 7 SYSTEMPATH\CodeIgniter.php(368): CodeIgniter\CodeIgniter->handleRequest(null, Object(Config\Cache), false)
 8 FCPATH\index.php(68): CodeIgniter\CodeIgniter->run()
CRITICAL - 2023-05-03 09:03:52 --> Invalid file: "layout/front.php"
in SYSTEMPATH\Exceptions\FrameworkException.php on line 33.
 1 SYSTEMPATH\View\View.php(201): CodeIgniter\Exceptions\FrameworkException::forInvalidFile('layout/front.php')
 2 SYSTEMPATH\View\View.php(229): CodeIgniter\View\View->render('layout/front', [], true)
 3 SYSTEMPATH\Common.php(1184): CodeIgniter\View\View->render('admin/dashboard/dashboard', [], true)
 4 APPPATH\Controllers\Home.php(9): view('admin/dashboard/dashboard')
 5 SYSTEMPATH\CodeIgniter.php(934): App\Controllers\Home->index()
 6 SYSTEMPATH\CodeIgniter.php(499): CodeIgniter\CodeIgniter->runController(Object(App\Controllers\Home))
 7 SYSTEMPATH\CodeIgniter.php(368): CodeIgniter\CodeIgniter->handleRequest(null, Object(Config\Cache), false)
 8 FCPATH\index.php(68): CodeIgniter\CodeIgniter->run()
CRITICAL - 2023-05-03 09:05:54 --> Invalid file: "layout/front.php"
in SYSTEMPATH\Exceptions\FrameworkException.php on line 33.
 1 SYSTEMPATH\View\View.php(201): CodeIgniter\Exceptions\FrameworkException::forInvalidFile('layout/front.php')
 2 SYSTEMPATH\View\View.php(229): CodeIgniter\View\View->render('layout/front', [], true)
 3 SYSTEMPATH\Common.php(1184): CodeIgniter\View\View->render('admin/dashboard/dashboard', [], true)
 4 APPPATH\Controllers\Home.php(9): view('admin/dashboard/dashboard')
 5 SYSTEMPATH\CodeIgniter.php(934): App\Controllers\Home->index()
 6 SYSTEMPATH\CodeIgniter.php(499): CodeIgniter\CodeIgniter->runController(Object(App\Controllers\Home))
 7 SYSTEMPATH\CodeIgniter.php(368): CodeIgniter\CodeIgniter->handleRequest(null, Object(Config\Cache), false)
 8 FCPATH\index.php(68): CodeIgniter\CodeIgniter->run()
CRITICAL - 2023-05-03 09:05:54 --> Invalid file: "layout/front.php"
in SYSTEMPATH\Exceptions\FrameworkException.php on line 33.
 1 SYSTEMPATH\View\View.php(201): CodeIgniter\Exceptions\FrameworkException::forInvalidFile('layout/front.php')
 2 SYSTEMPATH\View\View.php(229): CodeIgniter\View\View->render('layout/front', [], true)
 3 SYSTEMPATH\Common.php(1184): CodeIgniter\View\View->render('admin/dashboard/dashboard', [], true)
 4 APPPATH\Controllers\Home.php(9): view('admin/dashboard/dashboard')
 5 SYSTEMPATH\CodeIgniter.php(934): App\Controllers\Home->index()
 6 SYSTEMPATH\CodeIgniter.php(499): CodeIgniter\CodeIgniter->runController(Object(App\Controllers\Home))
 7 SYSTEMPATH\CodeIgniter.php(368): CodeIgniter\CodeIgniter->handleRequest(null, Object(Config\Cache), false)
 8 FCPATH\index.php(68): CodeIgniter\CodeIgniter->run()
CRITICAL - 2023-05-03 09:05:55 --> Invalid file: "layout/front.php"
in SYSTEMPATH\Exceptions\FrameworkException.php on line 33.
 1 SYSTEMPATH\View\View.php(201): CodeIgniter\Exceptions\FrameworkException::forInvalidFile('layout/front.php')
 2 SYSTEMPATH\View\View.php(229): CodeIgniter\View\View->render('layout/front', [], true)
 3 SYSTEMPATH\Common.php(1184): CodeIgniter\View\View->render('admin/dashboard/dashboard', [], true)
 4 APPPATH\Controllers\Home.php(9): view('admin/dashboard/dashboard')
 5 SYSTEMPATH\CodeIgniter.php(934): App\Controllers\Home->index()
 6 SYSTEMPATH\CodeIgniter.php(499): CodeIgniter\CodeIgniter->runController(Object(App\Controllers\Home))
 7 SYSTEMPATH\CodeIgniter.php(368): CodeIgniter\CodeIgniter->handleRequest(null, Object(Config\Cache), false)
 8 FCPATH\index.php(68): CodeIgniter\CodeIgniter->run()
CRITICAL - 2023-05-03 09:08:54 --> Invalid file: "layout/footer.php"
in SYSTEMPATH\Exceptions\FrameworkException.php on line 33.
 1 SYSTEMPATH\View\View.php(201): CodeIgniter\Exceptions\FrameworkException::forInvalidFile('layout/footer.php')
 2 SYSTEMPATH\View\View.php(229): CodeIgniter\View\View->render('layout/footer', [], true)
 3 SYSTEMPATH\Common.php(1184): CodeIgniter\View\View->render('admin/dashboard/dashboard', [], true)
 4 APPPATH\Controllers\Home.php(9): view('admin/dashboard/dashboard')
 5 SYSTEMPATH\CodeIgniter.php(934): App\Controllers\Home->index()
 6 SYSTEMPATH\CodeIgniter.php(499): CodeIgniter\CodeIgniter->runController(Object(App\Controllers\Home))
 7 SYSTEMPATH\CodeIgniter.php(368): CodeIgniter\CodeIgniter->handleRequest(null, Object(Config\Cache), false)
 8 FCPATH\index.php(68): CodeIgniter\CodeIgniter->run()
CRITICAL - 2023-05-03 09:08:54 --> Invalid file: "layout/footer.php"
in SYSTEMPATH\Exceptions\FrameworkException.php on line 33.
 1 SYSTEMPATH\View\View.php(201): CodeIgniter\Exceptions\FrameworkException::forInvalidFile('layout/footer.php')
 2 SYSTEMPATH\View\View.php(229): CodeIgniter\View\View->render('layout/footer', [], true)
 3 SYSTEMPATH\Common.php(1184): CodeIgniter\View\View->render('admin/dashboard/dashboard', [], true)
 4 APPPATH\Controllers\Home.php(9): view('admin/dashboard/dashboard')
 5 SYSTEMPATH\CodeIgniter.php(934): App\Controllers\Home->index()
 6 SYSTEMPATH\CodeIgniter.php(499): CodeIgniter\CodeIgniter->runController(Object(App\Controllers\Home))
 7 SYSTEMPATH\CodeIgniter.php(368): CodeIgniter\CodeIgniter->handleRequest(null, Object(Config\Cache), false)
 8 FCPATH\index.php(68): CodeIgniter\CodeIgniter->run()
CRITICAL - 2023-05-03 09:08:55 --> Invalid file: "layout/footer.php"
in SYSTEMPATH\Exceptions\FrameworkException.php on line 33.
 1 SYSTEMPATH\View\View.php(201): CodeIgniter\Exceptions\FrameworkException::forInvalidFile('layout/footer.php')
 2 SYSTEMPATH\View\View.php(229): CodeIgniter\View\View->render('layout/footer', [], true)
 3 SYSTEMPATH\Common.php(1184): CodeIgniter\View\View->render('admin/dashboard/dashboard', [], true)
 4 APPPATH\Controllers\Home.php(9): view('admin/dashboard/dashboard')
 5 SYSTEMPATH\CodeIgniter.php(934): App\Controllers\Home->index()
 6 SYSTEMPATH\CodeIgniter.php(499): CodeIgniter\CodeIgniter->runController(Object(App\Controllers\Home))
 7 SYSTEMPATH\CodeIgniter.php(368): CodeIgniter\CodeIgniter->handleRequest(null, Object(Config\Cache), false)
 8 FCPATH\index.php(68): CodeIgniter\CodeIgniter->run()
CRITICAL - 2023-05-03 09:08:56 --> Invalid file: "layout/footer.php"
in SYSTEMPATH\Exceptions\FrameworkException.php on line 33.
 1 SYSTEMPATH\View\View.php(201): CodeIgniter\Exceptions\FrameworkException::forInvalidFile('layout/footer.php')
 2 SYSTEMPATH\View\View.php(229): CodeIgniter\View\View->render('layout/footer', [], true)
 3 SYSTEMPATH\Common.php(1184): CodeIgniter\View\View->render('admin/dashboard/dashboard', [], true)
 4 APPPATH\Controllers\Home.php(9): view('admin/dashboard/dashboard')
 5 SYSTEMPATH\CodeIgniter.php(934): App\Controllers\Home->index()
 6 SYSTEMPATH\CodeIgniter.php(499): CodeIgniter\CodeIgniter->runController(Object(App\Controllers\Home))
 7 SYSTEMPATH\CodeIgniter.php(368): CodeIgniter\CodeIgniter->handleRequest(null, Object(Config\Cache), false)
 8 FCPATH\index.php(68): CodeIgniter\CodeIgniter->run()
CRITICAL - 2023-05-03 09:08:56 --> Invalid file: "layout/footer.php"
in SYSTEMPATH\Exceptions\FrameworkException.php on line 33.
 1 SYSTEMPATH\View\View.php(201): CodeIgniter\Exceptions\FrameworkException::forInvalidFile('layout/footer.php')
 2 SYSTEMPATH\View\View.php(229): CodeIgniter\View\View->render('layout/footer', [], true)
 3 SYSTEMPATH\Common.php(1184): CodeIgniter\View\View->render('admin/dashboard/dashboard', [], true)
 4 APPPATH\Controllers\Home.php(9): view('admin/dashboard/dashboard')
 5 SYSTEMPATH\CodeIgniter.php(934): App\Controllers\Home->index()
 6 SYSTEMPATH\CodeIgniter.php(499): CodeIgniter\CodeIgniter->runController(Object(App\Controllers\Home))
 7 SYSTEMPATH\CodeIgniter.php(368): CodeIgniter\CodeIgniter->handleRequest(null, Object(Config\Cache), false)
 8 FCPATH\index.php(68): CodeIgniter\CodeIgniter->run()
CRITICAL - 2023-05-03 09:08:56 --> Invalid file: "layout/footer.php"
in SYSTEMPATH\Exceptions\FrameworkException.php on line 33.
 1 SYSTEMPATH\View\View.php(201): CodeIgniter\Exceptions\FrameworkException::forInvalidFile('layout/footer.php')
 2 SYSTEMPATH\View\View.php(229): CodeIgniter\View\View->render('layout/footer', [], true)
 3 SYSTEMPATH\Common.php(1184): CodeIgniter\View\View->render('admin/dashboard/dashboard', [], true)
 4 APPPATH\Controllers\Home.php(9): view('admin/dashboard/dashboard')
 5 SYSTEMPATH\CodeIgniter.php(934): App\Controllers\Home->index()
 6 SYSTEMPATH\CodeIgniter.php(499): CodeIgniter\CodeIgniter->runController(Object(App\Controllers\Home))
 7 SYSTEMPATH\CodeIgniter.php(368): CodeIgniter\CodeIgniter->handleRequest(null, Object(Config\Cache), false)
 8 FCPATH\index.php(68): CodeIgniter\CodeIgniter->run()
CRITICAL - 2023-05-03 10:22:26 --> Invalid file: "layout/front.php"
in SYSTEMPATH\Exceptions\FrameworkException.php on line 33.
 1 SYSTEMPATH\View\View.php(201): CodeIgniter\Exceptions\FrameworkException::forInvalidFile('layout/front.php')
 2 SYSTEMPATH\View\View.php(431): CodeIgniter\View\View->render('layout/front', null, true)
 3 APPPATH\Views\admin\dashboard\dashboard.php(1): CodeIgniter\View\View->include('layout/front')
 4 SYSTEMPATH\View\View.php(213): include('C:\\xampp\\htdocs\\truflow\\app\\Views\\admin\\dashboard\\dashboard.php')
 5 SYSTEMPATH\View\View.php(216): CodeIgniter\View\View->CodeIgniter\View\{closure}()
 6 SYSTEMPATH\Common.php(1184): CodeIgniter\View\View->render('admin/dashboard/dashboard', [], true)
 7 APPPATH\Controllers\Home.php(9): view('admin/dashboard/dashboard')
 8 SYSTEMPATH\CodeIgniter.php(934): App\Controllers\Home->index()
 9 SYSTEMPATH\CodeIgniter.php(499): CodeIgniter\CodeIgniter->runController(Object(App\Controllers\Home))
10 SYSTEMPATH\CodeIgniter.php(368): CodeIgniter\CodeIgniter->handleRequest(null, Object(Config\Cache), false)
11 FCPATH\index.php(68): CodeIgniter\CodeIgniter->run()
CRITICAL - 2023-05-03 10:22:27 --> Invalid file: "layout/front.php"
in SYSTEMPATH\Exceptions\FrameworkException.php on line 33.
 1 SYSTEMPATH\View\View.php(201): CodeIgniter\Exceptions\FrameworkException::forInvalidFile('layout/front.php')
 2 SYSTEMPATH\View\View.php(431): CodeIgniter\View\View->render('layout/front', null, true)
 3 APPPATH\Views\admin\dashboard\dashboard.php(1): CodeIgniter\View\View->include('layout/front')
 4 SYSTEMPATH\View\View.php(213): include('C:\\xampp\\htdocs\\truflow\\app\\Views\\admin\\dashboard\\dashboard.php')
 5 SYSTEMPATH\View\View.php(216): CodeIgniter\View\View->CodeIgniter\View\{closure}()
 6 SYSTEMPATH\Common.php(1184): CodeIgniter\View\View->render('admin/dashboard/dashboard', [], true)
 7 APPPATH\Controllers\Home.php(9): view('admin/dashboard/dashboard')
 8 SYSTEMPATH\CodeIgniter.php(934): App\Controllers\Home->index()
 9 SYSTEMPATH\CodeIgniter.php(499): CodeIgniter\CodeIgniter->runController(Object(App\Controllers\Home))
10 SYSTEMPATH\CodeIgniter.php(368): CodeIgniter\CodeIgniter->handleRequest(null, Object(Config\Cache), false)
11 FCPATH\index.php(68): CodeIgniter\CodeIgniter->run()
CRITICAL - 2023-05-03 12:59:02 --> The namespace delimiter is a backslash (\), not a slash (/). Route handler: "\App\Controllers\admin/dashboard::index"
in SYSTEMPATH\Router\Router.php on line 474.
 1 SYSTEMPATH\Router\Router.php(474): CodeIgniter\Router\Exceptions\RouterException::forInvalidControllerName('\\App\\Controllers\\admin/dashboard::index')
 2 SYSTEMPATH\Router\Router.php(182): CodeIgniter\Router\Router->checkRoutes('/')
 3 SYSTEMPATH\CodeIgniter.php(815): CodeIgniter\Router\Router->handle('/')
 4 SYSTEMPATH\CodeIgniter.php(449): CodeIgniter\CodeIgniter->tryToRouteIt(Object(CodeIgniter\Router\RouteCollection))
 5 SYSTEMPATH\CodeIgniter.php(368): CodeIgniter\CodeIgniter->handleRequest(null, Object(Config\Cache), false)
 6 FCPATH\index.php(68): CodeIgniter\CodeIgniter->run()
CRITICAL - 2023-05-03 13:05:31 --> The namespace delimiter is a backslash (\), not a slash (/). Route handler: "\App\Controllers\admin/Dashboard::index"
in SYSTEMPATH\Router\Router.php on line 474.
 1 SYSTEMPATH\Router\Router.php(474): CodeIgniter\Router\Exceptions\RouterException::forInvalidControllerName('\\App\\Controllers\\admin/Dashboard::index')
 2 SYSTEMPATH\Router\Router.php(182): CodeIgniter\Router\Router->checkRoutes('dashboard')
 3 SYSTEMPATH\CodeIgniter.php(815): CodeIgniter\Router\Router->handle('/dashboard')
 4 SYSTEMPATH\CodeIgniter.php(449): CodeIgniter\CodeIgniter->tryToRouteIt(Object(CodeIgniter\Router\RouteCollection))
 5 SYSTEMPATH\CodeIgniter.php(368): CodeIgniter\CodeIgniter->handleRequest(null, Object(Config\Cache), false)
 6 FCPATH\index.php(68): CodeIgniter\CodeIgniter->run()
CRITICAL - 2023-05-03 13:05:31 --> The namespace delimiter is a backslash (\), not a slash (/). Route handler: "\App\Controllers\admin/Dashboard::index"
in SYSTEMPATH\Router\Router.php on line 474.
 1 SYSTEMPATH\Router\Router.php(474): CodeIgniter\Router\Exceptions\RouterException::forInvalidControllerName('\\App\\Controllers\\admin/Dashboard::index')
 2 SYSTEMPATH\Router\Router.php(182): CodeIgniter\Router\Router->checkRoutes('dashboard')
 3 SYSTEMPATH\CodeIgniter.php(815): CodeIgniter\Router\Router->handle('/dashboard')
 4 SYSTEMPATH\CodeIgniter.php(449): CodeIgniter\CodeIgniter->tryToRouteIt(Object(CodeIgniter\Router\RouteCollection))
 5 SYSTEMPATH\CodeIgniter.php(368): CodeIgniter\CodeIgniter->handleRequest(null, Object(Config\Cache), false)
 6 FCPATH\index.php(68): CodeIgniter\CodeIgniter->run()
CRITICAL - 2023-05-03 13:05:32 --> The namespace delimiter is a backslash (\), not a slash (/). Route handler: "\App\Controllers\admin/Dashboard::index"
in SYSTEMPATH\Router\Router.php on line 474.
 1 SYSTEMPATH\Router\Router.php(474): CodeIgniter\Router\Exceptions\RouterException::forInvalidControllerName('\\App\\Controllers\\admin/Dashboard::index')
 2 SYSTEMPATH\Router\Router.php(182): CodeIgniter\Router\Router->checkRoutes('dashboard')
 3 SYSTEMPATH\CodeIgniter.php(815): CodeIgniter\Router\Router->handle('/dashboard')
 4 SYSTEMPATH\CodeIgniter.php(449): CodeIgniter\CodeIgniter->tryToRouteIt(Object(CodeIgniter\Router\RouteCollection))
 5 SYSTEMPATH\CodeIgniter.php(368): CodeIgniter\CodeIgniter->handleRequest(null, Object(Config\Cache), false)
 6 FCPATH\index.php(68): CodeIgniter\CodeIgniter->run()
CRITICAL - 2023-05-03 13:05:33 --> The namespace delimiter is a backslash (\), not a slash (/). Route handler: "\App\Controllers\admin/Dashboard::index"
in SYSTEMPATH\Router\Router.php on line 474.
 1 SYSTEMPATH\Router\Router.php(474): CodeIgniter\Router\Exceptions\RouterException::forInvalidControllerName('\\App\\Controllers\\admin/Dashboard::index')
 2 SYSTEMPATH\Router\Router.php(182): CodeIgniter\Router\Router->checkRoutes('dashboard')
 3 SYSTEMPATH\CodeIgniter.php(815): CodeIgniter\Router\Router->handle('/dashboard')
 4 SYSTEMPATH\CodeIgniter.php(449): CodeIgniter\CodeIgniter->tryToRouteIt(Object(CodeIgniter\Router\RouteCollection))
 5 SYSTEMPATH\CodeIgniter.php(368): CodeIgniter\CodeIgniter->handleRequest(null, Object(Config\Cache), false)
 6 FCPATH\index.php(68): CodeIgniter\CodeIgniter->run()
CRITICAL - 2023-05-03 13:48:26 --> Class "App\Controllers\Back\BaseController" not found
in APPPATH\Controllers\admin\Dashboard.php on line 7.
 1 SYSTEMPATH\Autoloader\Autoloader.php(312): include_once()
 2 SYSTEMPATH\Autoloader\Autoloader.php(289): CodeIgniter\Autoloader\Autoloader->includeFile('C:\\xampp\\htdocs\\truflow\\app\\Controllers\\admin\\Dashboard.php')
 3 SYSTEMPATH\Autoloader\Autoloader.php(267): CodeIgniter\Autoloader\Autoloader->loadInNamespace('App\\Controllers\\admin\\Dashboard')
 4 [internal function]: CodeIgniter\Autoloader\Autoloader->loadClass('App\\Controllers\\admin\\Dashboard')
 5 SYSTEMPATH\CodeIgniter.php(892): class_exists('\\App\\Controllers\\admin\\Dashboard', true)
 6 SYSTEMPATH\CodeIgniter.php(486): CodeIgniter\CodeIgniter->startController()
 7 SYSTEMPATH\CodeIgniter.php(368): CodeIgniter\CodeIgniter->handleRequest(null, Object(Config\Cache), false)
 8 FCPATH\index.php(68): CodeIgniter\CodeIgniter->run()
CRITICAL - 2023-05-03 13:48:35 --> The namespace delimiter is a backslash (\), not a slash (/). Route handler: "\App\Controllers\admin/Dashboard::index"
in SYSTEMPATH\Router\Router.php on line 474.
 1 SYSTEMPATH\Router\Router.php(474): CodeIgniter\Router\Exceptions\RouterException::forInvalidControllerName('\\App\\Controllers\\admin/Dashboard::index')
 2 SYSTEMPATH\Router\Router.php(182): CodeIgniter\Router\Router->checkRoutes('dashboard')
 3 SYSTEMPATH\CodeIgniter.php(815): CodeIgniter\Router\Router->handle('/dashboard')
 4 SYSTEMPATH\CodeIgniter.php(449): CodeIgniter\CodeIgniter->tryToRouteIt(Object(CodeIgniter\Router\RouteCollection))
 5 SYSTEMPATH\CodeIgniter.php(368): CodeIgniter\CodeIgniter->handleRequest(null, Object(Config\Cache), false)
 6 FCPATH\index.php(68): CodeIgniter\CodeIgniter->run()
CRITICAL - 2023-05-03 14:00:35 --> The namespace delimiter is a backslash (\), not a slash (/). Route handler: "\App\Controllers\Admin/Dashboard::index"
in SYSTEMPATH\Router\Router.php on line 474.
 1 SYSTEMPATH\Router\Router.php(474): CodeIgniter\Router\Exceptions\RouterException::forInvalidControllerName('\\App\\Controllers\\Admin/Dashboard::index')
 2 SYSTEMPATH\Router\Router.php(182): CodeIgniter\Router\Router->checkRoutes('dashboard')
 3 SYSTEMPATH\CodeIgniter.php(815): CodeIgniter\Router\Router->handle('/dashboard')
 4 SYSTEMPATH\CodeIgniter.php(449): CodeIgniter\CodeIgniter->tryToRouteIt(Object(CodeIgniter\Router\RouteCollection))
 5 SYSTEMPATH\CodeIgniter.php(368): CodeIgniter\CodeIgniter->handleRequest(null, Object(Config\Cache), false)
 6 FCPATH\index.php(68): CodeIgniter\CodeIgniter->run()
CRITICAL - 2023-05-03 14:00:36 --> The namespace delimiter is a backslash (\), not a slash (/). Route handler: "\App\Controllers\Admin/Dashboard::index"
in SYSTEMPATH\Router\Router.php on line 474.
 1 SYSTEMPATH\Router\Router.php(474): CodeIgniter\Router\Exceptions\RouterException::forInvalidControllerName('\\App\\Controllers\\Admin/Dashboard::index')
 2 SYSTEMPATH\Router\Router.php(182): CodeIgniter\Router\Router->checkRoutes('dashboard')
 3 SYSTEMPATH\CodeIgniter.php(815): CodeIgniter\Router\Router->handle('/dashboard')
 4 SYSTEMPATH\CodeIgniter.php(449): CodeIgniter\CodeIgniter->tryToRouteIt(Object(CodeIgniter\Router\RouteCollection))
 5 SYSTEMPATH\CodeIgniter.php(368): CodeIgniter\CodeIgniter->handleRequest(null, Object(Config\Cache), false)
 6 FCPATH\index.php(68): CodeIgniter\CodeIgniter->run()
CRITICAL - 2023-05-03 14:01:25 --> The namespace delimiter is a backslash (\), not a slash (/). Route handler: "\App\Controllers\Admin/Dashboard::index"
in SYSTEMPATH\Router\Router.php on line 474.
 1 SYSTEMPATH\Router\Router.php(474): CodeIgniter\Router\Exceptions\RouterException::forInvalidControllerName('\\App\\Controllers\\Admin/Dashboard::index')
 2 SYSTEMPATH\Router\Router.php(182): CodeIgniter\Router\Router->checkRoutes('admin')
 3 SYSTEMPATH\CodeIgniter.php(815): CodeIgniter\Router\Router->handle('/admin')
 4 SYSTEMPATH\CodeIgniter.php(449): CodeIgniter\CodeIgniter->tryToRouteIt(Object(CodeIgniter\Router\RouteCollection))
 5 SYSTEMPATH\CodeIgniter.php(368): CodeIgniter\CodeIgniter->handleRequest(null, Object(Config\Cache), false)
 6 FCPATH\index.php(68): CodeIgniter\CodeIgniter->run()
