CRITICAL - 2023-12-26 04:58:37 --> Call to a member function getRow() on array
in APPPATH\Controllers\HomeProductController.php on line 40.
 1 SYSTEMPATH\CodeIgniter.php(934): App\Controllers\HomeProductController->index('Hydraulic')
 2 SYSTEMPATH\CodeIgniter.php(499): CodeIgniter\CodeIgniter->runController(Object(App\Controllers\HomeProductController))
 3 SYSTEMPATH\CodeIgniter.php(368): CodeIgniter\CodeIgniter->handleRequest(null, Object(Config\Cache), false)
 4 FCPATH\index.php(68): CodeIgniter\CodeIgniter->run()
CRITICAL - 2023-12-26 04:59:16 --> Call to undefined method App\Models\CategoryModel::getResult
in SYSTEMPATH\Model.php on line 842.
 1 APPPATH\Controllers\HomeProductController.php(40): CodeIgniter\Model->__call('getResult', [])
 2 SYSTEMPATH\CodeIgniter.php(934): App\Controllers\HomeProductController->index('Hydraulic')
 3 SYSTEMPATH\CodeIgniter.php(499): CodeIgniter\CodeIgniter->runController(Object(App\Controllers\HomeProductController))
 4 SYSTEMPATH\CodeIgniter.php(368): CodeIgniter\CodeIgniter->handleRequest(null, Object(Config\Cache), false)
 5 FCPATH\index.php(68): CodeIgniter\CodeIgniter->run()
CRITICAL - 2023-12-26 05:01:09 --> Call to undefined method App\Models\CategoryModel::getRow
in SYSTEMPATH\Model.php on line 842.
 1 APPPATH\Controllers\HomeProductController.php(40): CodeIgniter\Model->__call('getRow', [])
 2 SYSTEMPATH\CodeIgniter.php(934): App\Controllers\HomeProductController->index('Hydraulic')
 3 SYSTEMPATH\CodeIgniter.php(499): CodeIgniter\CodeIgniter->runController(Object(App\Controllers\HomeProductController))
 4 SYSTEMPATH\CodeIgniter.php(368): CodeIgniter\CodeIgniter->handleRequest(null, Object(Config\Cache), false)
 5 FCPATH\index.php(68): CodeIgniter\CodeIgniter->run()
CRITICAL - 2023-12-26 05:01:12 --> Call to undefined method App\Models\CategoryModel::getRow
in SYSTEMPATH\Model.php on line 842.
 1 APPPATH\Controllers\HomeProductController.php(40): CodeIgniter\Model->__call('getRow', [])
 2 SYSTEMPATH\CodeIgniter.php(934): App\Controllers\HomeProductController->index('Hydraulic')
 3 SYSTEMPATH\CodeIgniter.php(499): CodeIgniter\CodeIgniter->runController(Object(App\Controllers\HomeProductController))
 4 SYSTEMPATH\CodeIgniter.php(368): CodeIgniter\CodeIgniter->handleRequest(null, Object(Config\Cache), false)
 5 FCPATH\index.php(68): CodeIgniter\CodeIgniter->run()
CRITICAL - 2023-12-26 05:03:23 --> Undefined variable $productmodel
in APPPATH\Controllers\HomeProductController.php on line 47.
 1 APPPATH\Controllers\HomeProductController.php(47): CodeIgniter\Debug\Exceptions->errorHandler(2, 'Undefined variable $productmodel', 'C:\\xampp\\htdocs\\truflow-git\\truflow\\app\\Controllers\\HomeProductController.php', 47)
 2 SYSTEMPATH\CodeIgniter.php(934): App\Controllers\HomeProductController->index('Hydraulic')
 3 SYSTEMPATH\CodeIgniter.php(499): CodeIgniter\CodeIgniter->runController(Object(App\Controllers\HomeProductController))
 4 SYSTEMPATH\CodeIgniter.php(368): CodeIgniter\CodeIgniter->handleRequest(null, Object(Config\Cache), false)
 5 FCPATH\index.php(68): CodeIgniter\CodeIgniter->run()
CRITICAL - 2023-12-26 05:26:26 --> Undefined variable $getCategoryData
in APPPATH\Controllers\HomeProductController.php on line 62.
 1 APPPATH\Controllers\HomeProductController.php(62): CodeIgniter\Debug\Exceptions->errorHandler(2, 'Undefined variable $getCategoryData', 'C:\\xampp\\htdocs\\truflow-git\\truflow\\app\\Controllers\\HomeProductController.php', 62)
 2 SYSTEMPATH\CodeIgniter.php(934): App\Controllers\HomeProductController->index()
 3 SYSTEMPATH\CodeIgniter.php(499): CodeIgniter\CodeIgniter->runController(Object(App\Controllers\HomeProductController))
 4 SYSTEMPATH\CodeIgniter.php(368): CodeIgniter\CodeIgniter->handleRequest(null, Object(Config\Cache), false)
 5 FCPATH\index.php(68): CodeIgniter\CodeIgniter->run()
CRITICAL - 2023-12-26 05:26:46 --> Attempt to read property "subCategory" on array
in APPPATH\Views\front\products\index.php on line 278.
 1 APPPATH\Views\front\products\index.php(278): CodeIgniter\Debug\Exceptions->errorHandler(2, 'Attempt to read property "subCategory" on array', 'C:\\xampp\\htdocs\\truflow-git\\truflow\\app\\Views\\front\\products\\index.php', 278)
 2 SYSTEMPATH\View\View.php(213): include('C:\\xampp\\htdocs\\truflow-git\\truflow\\app\\Views\\front\\products\\index.php')
 3 SYSTEMPATH\View\View.php(216): CodeIgniter\View\View->CodeIgniter\View\{closure}()
 4 SYSTEMPATH\Common.php(1184): CodeIgniter\View\View->render('front/products/index', [], true)
 5 APPPATH\Controllers\HomeProductController.php(62): view('front/products/index', [...])
 6 SYSTEMPATH\CodeIgniter.php(934): App\Controllers\HomeProductController->index()
 7 SYSTEMPATH\CodeIgniter.php(499): CodeIgniter\CodeIgniter->runController(Object(App\Controllers\HomeProductController))
 8 SYSTEMPATH\CodeIgniter.php(368): CodeIgniter\CodeIgniter->handleRequest(null, Object(Config\Cache), false)
 9 FCPATH\index.php(68): CodeIgniter\CodeIgniter->run()
CRITICAL - 2023-12-26 05:40:19 --> Undefined variable $ChildSubCategoryModel
in APPPATH\Controllers\HomeProductController.php on line 62.
 1 APPPATH\Controllers\HomeProductController.php(62): CodeIgniter\Debug\Exceptions->errorHandler(2, 'Undefined variable $ChildSubCategoryModel', 'C:\\xampp\\htdocs\\truflow-git\\truflow\\app\\Controllers\\HomeProductController.php', 62)
 2 SYSTEMPATH\CodeIgniter.php(934): App\Controllers\HomeProductController->index('Hydraulic', 'Hose')
 3 SYSTEMPATH\CodeIgniter.php(499): CodeIgniter\CodeIgniter->runController(Object(App\Controllers\HomeProductController))
 4 SYSTEMPATH\CodeIgniter.php(368): CodeIgniter\CodeIgniter->handleRequest(null, Object(Config\Cache), false)
 5 FCPATH\index.php(68): CodeIgniter\CodeIgniter->run()
CRITICAL - 2023-12-26 05:40:39 --> Undefined property: stdClass::$subcategory_id
in APPPATH\Controllers\HomeProductController.php on line 63.
 1 APPPATH\Controllers\HomeProductController.php(63): CodeIgniter\Debug\Exceptions->errorHandler(2, 'Undefined property: stdClass::$subcategory_id', 'C:\\xampp\\htdocs\\truflow-git\\truflow\\app\\Controllers\\HomeProductController.php', 63)
 2 SYSTEMPATH\CodeIgniter.php(934): App\Controllers\HomeProductController->index('Hydraulic', 'Hose')
 3 SYSTEMPATH\CodeIgniter.php(499): CodeIgniter\CodeIgniter->runController(Object(App\Controllers\HomeProductController))
 4 SYSTEMPATH\CodeIgniter.php(368): CodeIgniter\CodeIgniter->handleRequest(null, Object(Config\Cache), false)
 5 FCPATH\index.php(68): CodeIgniter\CodeIgniter->run()
CRITICAL - 2023-12-26 05:51:29 --> Undefined variable $subcategory
in APPPATH\Views\front\products\index.php on line 300.
 1 APPPATH\Views\front\products\index.php(300): CodeIgniter\Debug\Exceptions->errorHandler(2, 'Undefined variable $subcategory', 'C:\\xampp\\htdocs\\truflow-git\\truflow\\app\\Views\\front\\products\\index.php', 300)
 2 SYSTEMPATH\View\View.php(213): include('C:\\xampp\\htdocs\\truflow-git\\truflow\\app\\Views\\front\\products\\index.php')
 3 SYSTEMPATH\View\View.php(216): CodeIgniter\View\View->CodeIgniter\View\{closure}()
 4 SYSTEMPATH\Common.php(1184): CodeIgniter\View\View->render('front/products/index', [], true)
 5 APPPATH\Controllers\HomeProductController.php(76): view('front/products/index', [...])
 6 SYSTEMPATH\CodeIgniter.php(934): App\Controllers\HomeProductController->index('Hydraulic', 'Hose')
 7 SYSTEMPATH\CodeIgniter.php(499): CodeIgniter\CodeIgniter->runController(Object(App\Controllers\HomeProductController))
 8 SYSTEMPATH\CodeIgniter.php(368): CodeIgniter\CodeIgniter->handleRequest(null, Object(Config\Cache), false)
 9 FCPATH\index.php(68): CodeIgniter\CodeIgniter->run()
CRITICAL - 2023-12-26 05:51:49 --> Undefined variable $subcategory
in APPPATH\Views\front\products\index.php on line 300.
 1 APPPATH\Views\front\products\index.php(300): CodeIgniter\Debug\Exceptions->errorHandler(2, 'Undefined variable $subcategory', 'C:\\xampp\\htdocs\\truflow-git\\truflow\\app\\Views\\front\\products\\index.php', 300)
 2 SYSTEMPATH\View\View.php(213): include('C:\\xampp\\htdocs\\truflow-git\\truflow\\app\\Views\\front\\products\\index.php')
 3 SYSTEMPATH\View\View.php(216): CodeIgniter\View\View->CodeIgniter\View\{closure}()
 4 SYSTEMPATH\Common.php(1184): CodeIgniter\View\View->render('front/products/index', [], true)
 5 APPPATH\Controllers\HomeProductController.php(76): view('front/products/index', [...])
 6 SYSTEMPATH\CodeIgniter.php(934): App\Controllers\HomeProductController->index('Hydraulic', 'Hose')
 7 SYSTEMPATH\CodeIgniter.php(499): CodeIgniter\CodeIgniter->runController(Object(App\Controllers\HomeProductController))
 8 SYSTEMPATH\CodeIgniter.php(368): CodeIgniter\CodeIgniter->handleRequest(null, Object(Config\Cache), false)
 9 FCPATH\index.php(68): CodeIgniter\CodeIgniter->run()
CRITICAL - 2023-12-26 05:52:08 --> Undefined variable $subcategory
in APPPATH\Views\front\products\index.php on line 302.
 1 APPPATH\Views\front\products\index.php(302): CodeIgniter\Debug\Exceptions->errorHandler(2, 'Undefined variable $subcategory', 'C:\\xampp\\htdocs\\truflow-git\\truflow\\app\\Views\\front\\products\\index.php', 302)
 2 SYSTEMPATH\View\View.php(213): include('C:\\xampp\\htdocs\\truflow-git\\truflow\\app\\Views\\front\\products\\index.php')
 3 SYSTEMPATH\View\View.php(216): CodeIgniter\View\View->CodeIgniter\View\{closure}()
 4 SYSTEMPATH\Common.php(1184): CodeIgniter\View\View->render('front/products/index', [], true)
 5 APPPATH\Controllers\HomeProductController.php(76): view('front/products/index', [...])
 6 SYSTEMPATH\CodeIgniter.php(934): App\Controllers\HomeProductController->index('Hydraulic', 'Hose')
 7 SYSTEMPATH\CodeIgniter.php(499): CodeIgniter\CodeIgniter->runController(Object(App\Controllers\HomeProductController))
 8 SYSTEMPATH\CodeIgniter.php(368): CodeIgniter\CodeIgniter->handleRequest(null, Object(Config\Cache), false)
 9 FCPATH\index.php(68): CodeIgniter\CodeIgniter->run()
CRITICAL - 2023-12-26 06:20:08 --> Undefined array key "isProduct"
in APPPATH\Views\front\products\index.php on line 323.
 1 APPPATH\Views\front\products\index.php(323): CodeIgniter\Debug\Exceptions->errorHandler(2, 'Undefined array key "isProduct"', 'C:\\xampp\\htdocs\\truflow-git\\truflow\\app\\Views\\front\\products\\index.php', 323)
 2 SYSTEMPATH\View\View.php(213): include('C:\\xampp\\htdocs\\truflow-git\\truflow\\app\\Views\\front\\products\\index.php')
 3 SYSTEMPATH\View\View.php(216): CodeIgniter\View\View->CodeIgniter\View\{closure}()
 4 SYSTEMPATH\Common.php(1184): CodeIgniter\View\View->render('front/products/index', [], true)
 5 APPPATH\Controllers\HomeProductController.php(105): view('front/products/index', [...])
 6 SYSTEMPATH\CodeIgniter.php(934): App\Controllers\HomeProductController->index('Hydraulic', 'Hose', 'High Pressure Hose')
 7 SYSTEMPATH\CodeIgniter.php(499): CodeIgniter\CodeIgniter->runController(Object(App\Controllers\HomeProductController))
 8 SYSTEMPATH\CodeIgniter.php(368): CodeIgniter\CodeIgniter->handleRequest(null, Object(Config\Cache), false)
 9 FCPATH\index.php(68): CodeIgniter\CodeIgniter->run()
CRITICAL - 2023-12-26 06:20:59 --> Undefined array key "parent"
in APPPATH\Views\front\products\index.php on line 335.
 1 APPPATH\Views\front\products\index.php(335): CodeIgniter\Debug\Exceptions->errorHandler(2, 'Undefined array key "parent"', 'C:\\xampp\\htdocs\\truflow-git\\truflow\\app\\Views\\front\\products\\index.php', 335)
 2 SYSTEMPATH\View\View.php(213): include('C:\\xampp\\htdocs\\truflow-git\\truflow\\app\\Views\\front\\products\\index.php')
 3 SYSTEMPATH\View\View.php(216): CodeIgniter\View\View->CodeIgniter\View\{closure}()
 4 SYSTEMPATH\Common.php(1184): CodeIgniter\View\View->render('front/products/index', [], true)
 5 APPPATH\Controllers\HomeProductController.php(105): view('front/products/index', [...])
 6 SYSTEMPATH\CodeIgniter.php(934): App\Controllers\HomeProductController->index('Hydraulic', 'Hose', 'High Pressure Hose')
 7 SYSTEMPATH\CodeIgniter.php(499): CodeIgniter\CodeIgniter->runController(Object(App\Controllers\HomeProductController))
 8 SYSTEMPATH\CodeIgniter.php(368): CodeIgniter\CodeIgniter->handleRequest(null, Object(Config\Cache), false)
 9 FCPATH\index.php(68): CodeIgniter\CodeIgniter->run()
CRITICAL - 2023-12-26 06:33:41 --> Undefined array key "parent"
in APPPATH\Views\front\products\index.php on line 335.
 1 APPPATH\Views\front\products\index.php(335): CodeIgniter\Debug\Exceptions->errorHandler(2, 'Undefined array key "parent"', 'C:\\xampp\\htdocs\\truflow-git\\truflow\\app\\Views\\front\\products\\index.php', 335)
 2 SYSTEMPATH\View\View.php(213): include('C:\\xampp\\htdocs\\truflow-git\\truflow\\app\\Views\\front\\products\\index.php')
 3 SYSTEMPATH\View\View.php(216): CodeIgniter\View\View->CodeIgniter\View\{closure}()
 4 SYSTEMPATH\Common.php(1184): CodeIgniter\View\View->render('front/products/index', [], true)
 5 APPPATH\Controllers\HomeProductController.php(105): view('front/products/index', [...])
 6 SYSTEMPATH\CodeIgniter.php(934): App\Controllers\HomeProductController->index('Hydraulic', 'Hose', 'High Pressure Hose')
 7 SYSTEMPATH\CodeIgniter.php(499): CodeIgniter\CodeIgniter->runController(Object(App\Controllers\HomeProductController))
 8 SYSTEMPATH\CodeIgniter.php(368): CodeIgniter\CodeIgniter->handleRequest(null, Object(Config\Cache), false)
 9 FCPATH\index.php(68): CodeIgniter\CodeIgniter->run()
CRITICAL - 2023-12-26 06:38:42 --> Call to undefined function expload()
in APPPATH\Views\front\products\index.php on line 4.
 1 SYSTEMPATH\View\View.php(213): include()
 2 SYSTEMPATH\View\View.php(216): CodeIgniter\View\View->CodeIgniter\View\{closure}()
 3 SYSTEMPATH\Common.php(1184): CodeIgniter\View\View->render('front/products/index', [], true)
 4 APPPATH\Controllers\HomeProductController.php(112): view('front/products/index', [...])
 5 SYSTEMPATH\CodeIgniter.php(934): App\Controllers\HomeProductController->index()
 6 SYSTEMPATH\CodeIgniter.php(499): CodeIgniter\CodeIgniter->runController(Object(App\Controllers\HomeProductController))
 7 SYSTEMPATH\CodeIgniter.php(368): CodeIgniter\CodeIgniter->handleRequest(null, Object(Config\Cache), false)
 8 FCPATH\index.php(68): CodeIgniter\CodeIgniter->run()
CRITICAL - 2023-12-26 06:42:15 --> Undefined variable $explodeUrl
in APPPATH\Views\front\products\index.php on line 182.
 1 APPPATH\Views\front\products\index.php(182): CodeIgniter\Debug\Exceptions->errorHandler(2, 'Undefined variable $explodeUrl', 'C:\\xampp\\htdocs\\truflow-git\\truflow\\app\\Views\\front\\products\\index.php', 182)
 2 APPPATH\Views\front\products\index.php(164): renderSubCategory([...])
 3 SYSTEMPATH\View\View.php(213): include('C:\\xampp\\htdocs\\truflow-git\\truflow\\app\\Views\\front\\products\\index.php')
 4 SYSTEMPATH\View\View.php(216): CodeIgniter\View\View->CodeIgniter\View\{closure}()
 5 SYSTEMPATH\Common.php(1184): CodeIgniter\View\View->render('front/products/index', [], true)
 6 APPPATH\Controllers\HomeProductController.php(108): view('front/products/index', [...])
 7 SYSTEMPATH\CodeIgniter.php(934): App\Controllers\HomeProductController->index('Hydraulic')
 8 SYSTEMPATH\CodeIgniter.php(499): CodeIgniter\CodeIgniter->runController(Object(App\Controllers\HomeProductController))
 9 SYSTEMPATH\CodeIgniter.php(368): CodeIgniter\CodeIgniter->handleRequest(null, Object(Config\Cache), false)
10 FCPATH\index.php(68): CodeIgniter\CodeIgniter->run()
CRITICAL - 2023-12-26 06:47:44 --> Undefined variable $active
in APPPATH\Views\front\products\index.php on line 189.
 1 APPPATH\Views\front\products\index.php(189): CodeIgniter\Debug\Exceptions->errorHandler(2, 'Undefined variable $active', 'C:\\xampp\\htdocs\\truflow-git\\truflow\\app\\Views\\front\\products\\index.php', 189)
 2 APPPATH\Views\front\products\index.php(168): renderSubCategory([...])
 3 SYSTEMPATH\View\View.php(213): include('C:\\xampp\\htdocs\\truflow-git\\truflow\\app\\Views\\front\\products\\index.php')
 4 SYSTEMPATH\View\View.php(216): CodeIgniter\View\View->CodeIgniter\View\{closure}()
 5 SYSTEMPATH\Common.php(1184): CodeIgniter\View\View->render('front/products/index', [], true)
 6 APPPATH\Controllers\HomeProductController.php(105): view('front/products/index', [...])
 7 SYSTEMPATH\CodeIgniter.php(934): App\Controllers\HomeProductController->index('Hydraulic', 'Hose')
 8 SYSTEMPATH\CodeIgniter.php(499): CodeIgniter\CodeIgniter->runController(Object(App\Controllers\HomeProductController))
 9 SYSTEMPATH\CodeIgniter.php(368): CodeIgniter\CodeIgniter->handleRequest(null, Object(Config\Cache), false)
10 FCPATH\index.php(68): CodeIgniter\CodeIgniter->run()
CRITICAL - 2023-12-26 06:49:06 --> Undefined variable $explodeUrl
in APPPATH\Views\front\products\index.php on line 188.
 1 APPPATH\Views\front\products\index.php(188): CodeIgniter\Debug\Exceptions->errorHandler(2, 'Undefined variable $explodeUrl', 'C:\\xampp\\htdocs\\truflow-git\\truflow\\app\\Views\\front\\products\\index.php', 188)
 2 APPPATH\Views\front\products\index.php(168): renderSubCategory([...])
 3 SYSTEMPATH\View\View.php(213): include('C:\\xampp\\htdocs\\truflow-git\\truflow\\app\\Views\\front\\products\\index.php')
 4 SYSTEMPATH\View\View.php(216): CodeIgniter\View\View->CodeIgniter\View\{closure}()
 5 SYSTEMPATH\Common.php(1184): CodeIgniter\View\View->render('front/products/index', [], true)
 6 APPPATH\Controllers\HomeProductController.php(105): view('front/products/index', [...])
 7 SYSTEMPATH\CodeIgniter.php(934): App\Controllers\HomeProductController->index('Hydraulic', 'Hose')
 8 SYSTEMPATH\CodeIgniter.php(499): CodeIgniter\CodeIgniter->runController(Object(App\Controllers\HomeProductController))
 9 SYSTEMPATH\CodeIgniter.php(368): CodeIgniter\CodeIgniter->handleRequest(null, Object(Config\Cache), false)
10 FCPATH\index.php(68): CodeIgniter\CodeIgniter->run()
CRITICAL - 2023-12-26 06:49:35 --> Undefined variable $explodeUrl
in APPPATH\Views\front\products\index.php on line 188.
 1 APPPATH\Views\front\products\index.php(188): CodeIgniter\Debug\Exceptions->errorHandler(2, 'Undefined variable $explodeUrl', 'C:\\xampp\\htdocs\\truflow-git\\truflow\\app\\Views\\front\\products\\index.php', 188)
 2 APPPATH\Views\front\products\index.php(168): renderSubCategory([...])
 3 SYSTEMPATH\View\View.php(213): include('C:\\xampp\\htdocs\\truflow-git\\truflow\\app\\Views\\front\\products\\index.php')
 4 SYSTEMPATH\View\View.php(216): CodeIgniter\View\View->CodeIgniter\View\{closure}()
 5 SYSTEMPATH\Common.php(1184): CodeIgniter\View\View->render('front/products/index', [], true)
 6 APPPATH\Controllers\HomeProductController.php(105): view('front/products/index', [...])
 7 SYSTEMPATH\CodeIgniter.php(934): App\Controllers\HomeProductController->index('Hydraulic', 'Hose')
 8 SYSTEMPATH\CodeIgniter.php(499): CodeIgniter\CodeIgniter->runController(Object(App\Controllers\HomeProductController))
 9 SYSTEMPATH\CodeIgniter.php(368): CodeIgniter\CodeIgniter->handleRequest(null, Object(Config\Cache), false)
10 FCPATH\index.php(68): CodeIgniter\CodeIgniter->run()
CRITICAL - 2023-12-26 06:51:08 --> Undefined variable $explodeUrl
in APPPATH\Views\front\products\index.php on line 196.
 1 APPPATH\Views\front\products\index.php(196): CodeIgniter\Debug\Exceptions->errorHandler(2, 'Undefined variable $explodeUrl', 'C:\\xampp\\htdocs\\truflow-git\\truflow\\app\\Views\\front\\products\\index.php', 196)
 2 APPPATH\Views\front\products\index.php(168): renderSubCategory([...])
 3 SYSTEMPATH\View\View.php(213): include('C:\\xampp\\htdocs\\truflow-git\\truflow\\app\\Views\\front\\products\\index.php')
 4 SYSTEMPATH\View\View.php(216): CodeIgniter\View\View->CodeIgniter\View\{closure}()
 5 SYSTEMPATH\Common.php(1184): CodeIgniter\View\View->render('front/products/index', [], true)
 6 APPPATH\Controllers\HomeProductController.php(105): view('front/products/index', [...])
 7 SYSTEMPATH\CodeIgniter.php(934): App\Controllers\HomeProductController->index('Hydraulic', 'Hose')
 8 SYSTEMPATH\CodeIgniter.php(499): CodeIgniter\CodeIgniter->runController(Object(App\Controllers\HomeProductController))
 9 SYSTEMPATH\CodeIgniter.php(368): CodeIgniter\CodeIgniter->handleRequest(null, Object(Config\Cache), false)
10 FCPATH\index.php(68): CodeIgniter\CodeIgniter->run()
CRITICAL - 2023-12-26 06:51:59 --> Undefined variable $explodeUrl
in APPPATH\Views\front\products\index.php on line 195.
 1 APPPATH\Views\front\products\index.php(195): CodeIgniter\Debug\Exceptions->errorHandler(2, 'Undefined variable $explodeUrl', 'C:\\xampp\\htdocs\\truflow-git\\truflow\\app\\Views\\front\\products\\index.php', 195)
 2 APPPATH\Views\front\products\index.php(167): renderSubCategory([...])
 3 SYSTEMPATH\View\View.php(213): include('C:\\xampp\\htdocs\\truflow-git\\truflow\\app\\Views\\front\\products\\index.php')
 4 SYSTEMPATH\View\View.php(216): CodeIgniter\View\View->CodeIgniter\View\{closure}()
 5 SYSTEMPATH\Common.php(1184): CodeIgniter\View\View->render('front/products/index', [], true)
 6 APPPATH\Controllers\HomeProductController.php(105): view('front/products/index', [...])
 7 SYSTEMPATH\CodeIgniter.php(934): App\Controllers\HomeProductController->index('Hydraulic', 'Hose')
 8 SYSTEMPATH\CodeIgniter.php(499): CodeIgniter\CodeIgniter->runController(Object(App\Controllers\HomeProductController))
 9 SYSTEMPATH\CodeIgniter.php(368): CodeIgniter\CodeIgniter->handleRequest(null, Object(Config\Cache), false)
10 FCPATH\index.php(68): CodeIgniter\CodeIgniter->run()
CRITICAL - 2023-12-26 06:55:44 --> Undefined array key 8
in APPPATH\Views\front\products\index.php on line 233.
 1 APPPATH\Views\front\products\index.php(233): CodeIgniter\Debug\Exceptions->errorHandler(2, 'Undefined array key 8', 'C:\\xampp\\htdocs\\truflow-git\\truflow\\app\\Views\\front\\products\\index.php', 233)
 2 APPPATH\Views\front\products\index.php(191): renderChildCategory([...], '')
 3 APPPATH\Views\front\products\index.php(167): renderSubCategory([...])
 4 SYSTEMPATH\View\View.php(213): include('C:\\xampp\\htdocs\\truflow-git\\truflow\\app\\Views\\front\\products\\index.php')
 5 SYSTEMPATH\View\View.php(216): CodeIgniter\View\View->CodeIgniter\View\{closure}()
 6 SYSTEMPATH\Common.php(1184): CodeIgniter\View\View->render('front/products/index', [], true)
 7 APPPATH\Controllers\HomeProductController.php(105): view('front/products/index', [...])
 8 SYSTEMPATH\CodeIgniter.php(934): App\Controllers\HomeProductController->index('Hydraulic', 'Hose')
 9 SYSTEMPATH\CodeIgniter.php(499): CodeIgniter\CodeIgniter->runController(Object(App\Controllers\HomeProductController))
10 SYSTEMPATH\CodeIgniter.php(368): CodeIgniter\CodeIgniter->handleRequest(null, Object(Config\Cache), false)
11 FCPATH\index.php(68): CodeIgniter\CodeIgniter->run()
CRITICAL - 2023-12-26 07:03:13 --> Undefined property: CodeIgniter\View\View::$uri
in APPPATH\Views\front\products\index.php on line 8.
 1 APPPATH\Views\front\products\index.php(8): CodeIgniter\Debug\Exceptions->errorHandler(2, 'Undefined property: CodeIgniter\\View\\View::$uri', 'C:\\xampp\\htdocs\\truflow-git\\truflow\\app\\Views\\front\\products\\index.php', 8)
 2 SYSTEMPATH\View\View.php(213): include('C:\\xampp\\htdocs\\truflow-git\\truflow\\app\\Views\\front\\products\\index.php')
 3 SYSTEMPATH\View\View.php(216): CodeIgniter\View\View->CodeIgniter\View\{closure}()
 4 SYSTEMPATH\Common.php(1184): CodeIgniter\View\View->render('front/products/index', [], true)
 5 APPPATH\Controllers\HomeProductController.php(105): view('front/products/index', [...])
 6 SYSTEMPATH\CodeIgniter.php(934): App\Controllers\HomeProductController->index('Hydraulic', 'Fittings', 'Economy Crimp Tails')
 7 SYSTEMPATH\CodeIgniter.php(499): CodeIgniter\CodeIgniter->runController(Object(App\Controllers\HomeProductController))
 8 SYSTEMPATH\CodeIgniter.php(368): CodeIgniter\CodeIgniter->handleRequest(null, Object(Config\Cache), false)
 9 FCPATH\index.php(68): CodeIgniter\CodeIgniter->run()
CRITICAL - 2023-12-26 07:07:14 --> Undefined array key 9
in APPPATH\Views\front\products\index.php on line 13.
 1 APPPATH\Views\front\products\index.php(13): CodeIgniter\Debug\Exceptions->errorHandler(2, 'Undefined array key 9', 'C:\\xampp\\htdocs\\truflow-git\\truflow\\app\\Views\\front\\products\\index.php', 13)
 2 SYSTEMPATH\View\View.php(213): include('C:\\xampp\\htdocs\\truflow-git\\truflow\\app\\Views\\front\\products\\index.php')
 3 SYSTEMPATH\View\View.php(216): CodeIgniter\View\View->CodeIgniter\View\{closure}()
 4 SYSTEMPATH\Common.php(1184): CodeIgniter\View\View->render('front/products/index', [], true)
 5 APPPATH\Controllers\HomeProductController.php(105): view('front/products/index', [...])
 6 SYSTEMPATH\CodeIgniter.php(934): App\Controllers\HomeProductController->index('Hydraulic', 'Fittings', 'Economy Crimp Tails')
 7 SYSTEMPATH\CodeIgniter.php(499): CodeIgniter\CodeIgniter->runController(Object(App\Controllers\HomeProductController))
 8 SYSTEMPATH\CodeIgniter.php(368): CodeIgniter\CodeIgniter->handleRequest(null, Object(Config\Cache), false)
 9 FCPATH\index.php(68): CodeIgniter\CodeIgniter->run()
CRITICAL - 2023-12-26 07:07:29 --> Undefined array key 9
in APPPATH\Views\front\products\index.php on line 13.
 1 APPPATH\Views\front\products\index.php(13): CodeIgniter\Debug\Exceptions->errorHandler(2, 'Undefined array key 9', 'C:\\xampp\\htdocs\\truflow-git\\truflow\\app\\Views\\front\\products\\index.php', 13)
 2 SYSTEMPATH\View\View.php(213): include('C:\\xampp\\htdocs\\truflow-git\\truflow\\app\\Views\\front\\products\\index.php')
 3 SYSTEMPATH\View\View.php(216): CodeIgniter\View\View->CodeIgniter\View\{closure}()
 4 SYSTEMPATH\Common.php(1184): CodeIgniter\View\View->render('front/products/index', [], true)
 5 APPPATH\Controllers\HomeProductController.php(105): view('front/products/index', [...])
 6 SYSTEMPATH\CodeIgniter.php(934): App\Controllers\HomeProductController->index('Hydraulic', 'Fittings', 'Economy Crimp Tails')
 7 SYSTEMPATH\CodeIgniter.php(499): CodeIgniter\CodeIgniter->runController(Object(App\Controllers\HomeProductController))
 8 SYSTEMPATH\CodeIgniter.php(368): CodeIgniter\CodeIgniter->handleRequest(null, Object(Config\Cache), false)
 9 FCPATH\index.php(68): CodeIgniter\CodeIgniter->run()
CRITICAL - 2023-12-26 07:11:30 --> Undefined variable $category
in APPPATH\Views\front\products\index.php on line 196.
 1 APPPATH\Views\front\products\index.php(196): CodeIgniter\Debug\Exceptions->errorHandler(2, 'Undefined variable $category', 'C:\\xampp\\htdocs\\truflow-git\\truflow\\app\\Views\\front\\products\\index.php', 196)
 2 APPPATH\Views\front\products\index.php(178): renderSubCategory([...])
 3 SYSTEMPATH\View\View.php(213): include('C:\\xampp\\htdocs\\truflow-git\\truflow\\app\\Views\\front\\products\\index.php')
 4 SYSTEMPATH\View\View.php(216): CodeIgniter\View\View->CodeIgniter\View\{closure}()
 5 SYSTEMPATH\Common.php(1184): CodeIgniter\View\View->render('front/products/index', [], true)
 6 APPPATH\Controllers\HomeProductController.php(108): view('front/products/index', [...])
 7 SYSTEMPATH\CodeIgniter.php(934): App\Controllers\HomeProductController->index('Hydraulic')
 8 SYSTEMPATH\CodeIgniter.php(499): CodeIgniter\CodeIgniter->runController(Object(App\Controllers\HomeProductController))
 9 SYSTEMPATH\CodeIgniter.php(368): CodeIgniter\CodeIgniter->handleRequest(null, Object(Config\Cache), false)
10 FCPATH\index.php(68): CodeIgniter\CodeIgniter->run()
CRITICAL - 2023-12-26 07:11:59 --> Undefined variable $segment
in APPPATH\Views\front\products\index.php on line 196.
 1 APPPATH\Views\front\products\index.php(196): CodeIgniter\Debug\Exceptions->errorHandler(2, 'Undefined variable $segment', 'C:\\xampp\\htdocs\\truflow-git\\truflow\\app\\Views\\front\\products\\index.php', 196)
 2 APPPATH\Views\front\products\index.php(178): renderSubCategory([...])
 3 SYSTEMPATH\View\View.php(213): include('C:\\xampp\\htdocs\\truflow-git\\truflow\\app\\Views\\front\\products\\index.php')
 4 SYSTEMPATH\View\View.php(216): CodeIgniter\View\View->CodeIgniter\View\{closure}()
 5 SYSTEMPATH\Common.php(1184): CodeIgniter\View\View->render('front/products/index', [], true)
 6 APPPATH\Controllers\HomeProductController.php(108): view('front/products/index', [...])
 7 SYSTEMPATH\CodeIgniter.php(934): App\Controllers\HomeProductController->index('Hydraulic')
 8 SYSTEMPATH\CodeIgniter.php(499): CodeIgniter\CodeIgniter->runController(Object(App\Controllers\HomeProductController))
 9 SYSTEMPATH\CodeIgniter.php(368): CodeIgniter\CodeIgniter->handleRequest(null, Object(Config\Cache), false)
10 FCPATH\index.php(68): CodeIgniter\CodeIgniter->run()
CRITICAL - 2023-12-26 07:12:09 --> Undefined variable $segment
in APPPATH\Views\front\products\index.php on line 196.
 1 APPPATH\Views\front\products\index.php(196): CodeIgniter\Debug\Exceptions->errorHandler(2, 'Undefined variable $segment', 'C:\\xampp\\htdocs\\truflow-git\\truflow\\app\\Views\\front\\products\\index.php', 196)
 2 APPPATH\Views\front\products\index.php(178): renderSubCategory([...])
 3 SYSTEMPATH\View\View.php(213): include('C:\\xampp\\htdocs\\truflow-git\\truflow\\app\\Views\\front\\products\\index.php')
 4 SYSTEMPATH\View\View.php(216): CodeIgniter\View\View->CodeIgniter\View\{closure}()
 5 SYSTEMPATH\Common.php(1184): CodeIgniter\View\View->render('front/products/index', [], true)
 6 APPPATH\Controllers\HomeProductController.php(108): view('front/products/index', [...])
 7 SYSTEMPATH\CodeIgniter.php(934): App\Controllers\HomeProductController->index('Hydraulic')
 8 SYSTEMPATH\CodeIgniter.php(499): CodeIgniter\CodeIgniter->runController(Object(App\Controllers\HomeProductController))
 9 SYSTEMPATH\CodeIgniter.php(368): CodeIgniter\CodeIgniter->handleRequest(null, Object(Config\Cache), false)
10 FCPATH\index.php(68): CodeIgniter\CodeIgniter->run()
CRITICAL - 2023-12-26 07:12:14 --> Undefined variable $segment
in APPPATH\Views\front\products\index.php on line 196.
 1 APPPATH\Views\front\products\index.php(196): CodeIgniter\Debug\Exceptions->errorHandler(2, 'Undefined variable $segment', 'C:\\xampp\\htdocs\\truflow-git\\truflow\\app\\Views\\front\\products\\index.php', 196)
 2 APPPATH\Views\front\products\index.php(178): renderSubCategory([...])
 3 SYSTEMPATH\View\View.php(213): include('C:\\xampp\\htdocs\\truflow-git\\truflow\\app\\Views\\front\\products\\index.php')
 4 SYSTEMPATH\View\View.php(216): CodeIgniter\View\View->CodeIgniter\View\{closure}()
 5 SYSTEMPATH\Common.php(1184): CodeIgniter\View\View->render('front/products/index', [], true)
 6 APPPATH\Controllers\HomeProductController.php(112): view('front/products/index', [...])
 7 SYSTEMPATH\CodeIgniter.php(934): App\Controllers\HomeProductController->index()
 8 SYSTEMPATH\CodeIgniter.php(499): CodeIgniter\CodeIgniter->runController(Object(App\Controllers\HomeProductController))
 9 SYSTEMPATH\CodeIgniter.php(368): CodeIgniter\CodeIgniter->handleRequest(null, Object(Config\Cache), false)
10 FCPATH\index.php(68): CodeIgniter\CodeIgniter->run()
CRITICAL - 2023-12-26 07:12:17 --> Undefined variable $segment
in APPPATH\Views\front\products\index.php on line 196.
 1 APPPATH\Views\front\products\index.php(196): CodeIgniter\Debug\Exceptions->errorHandler(2, 'Undefined variable $segment', 'C:\\xampp\\htdocs\\truflow-git\\truflow\\app\\Views\\front\\products\\index.php', 196)
 2 APPPATH\Views\front\products\index.php(178): renderSubCategory([...])
 3 SYSTEMPATH\View\View.php(213): include('C:\\xampp\\htdocs\\truflow-git\\truflow\\app\\Views\\front\\products\\index.php')
 4 SYSTEMPATH\View\View.php(216): CodeIgniter\View\View->CodeIgniter\View\{closure}()
 5 SYSTEMPATH\Common.php(1184): CodeIgniter\View\View->render('front/products/index', [], true)
 6 APPPATH\Controllers\HomeProductController.php(112): view('front/products/index', [...])
 7 SYSTEMPATH\CodeIgniter.php(934): App\Controllers\HomeProductController->index()
 8 SYSTEMPATH\CodeIgniter.php(499): CodeIgniter\CodeIgniter->runController(Object(App\Controllers\HomeProductController))
 9 SYSTEMPATH\CodeIgniter.php(368): CodeIgniter\CodeIgniter->handleRequest(null, Object(Config\Cache), false)
10 FCPATH\index.php(68): CodeIgniter\CodeIgniter->run()
CRITICAL - 2023-12-26 07:12:49 --> Undefined variable $segment
in APPPATH\Views\front\products\index.php on line 196.
 1 APPPATH\Views\front\products\index.php(196): CodeIgniter\Debug\Exceptions->errorHandler(2, 'Undefined variable $segment', 'C:\\xampp\\htdocs\\truflow-git\\truflow\\app\\Views\\front\\products\\index.php', 196)
 2 APPPATH\Views\front\products\index.php(178): renderSubCategory([...])
 3 SYSTEMPATH\View\View.php(213): include('C:\\xampp\\htdocs\\truflow-git\\truflow\\app\\Views\\front\\products\\index.php')
 4 SYSTEMPATH\View\View.php(216): CodeIgniter\View\View->CodeIgniter\View\{closure}()
 5 SYSTEMPATH\Common.php(1184): CodeIgniter\View\View->render('front/products/index', [], true)
 6 APPPATH\Controllers\HomeProductController.php(112): view('front/products/index', [...])
 7 SYSTEMPATH\CodeIgniter.php(934): App\Controllers\HomeProductController->index()
 8 SYSTEMPATH\CodeIgniter.php(499): CodeIgniter\CodeIgniter->runController(Object(App\Controllers\HomeProductController))
 9 SYSTEMPATH\CodeIgniter.php(368): CodeIgniter\CodeIgniter->handleRequest(null, Object(Config\Cache), false)
10 FCPATH\index.php(68): CodeIgniter\CodeIgniter->run()
CRITICAL - 2023-12-26 07:13:18 --> Undefined variable $segment
in APPPATH\Views\front\products\index.php on line 196.
 1 APPPATH\Views\front\products\index.php(196): CodeIgniter\Debug\Exceptions->errorHandler(2, 'Undefined variable $segment', 'C:\\xampp\\htdocs\\truflow-git\\truflow\\app\\Views\\front\\products\\index.php', 196)
 2 APPPATH\Views\front\products\index.php(178): renderSubCategory([...])
 3 SYSTEMPATH\View\View.php(213): include('C:\\xampp\\htdocs\\truflow-git\\truflow\\app\\Views\\front\\products\\index.php')
 4 SYSTEMPATH\View\View.php(216): CodeIgniter\View\View->CodeIgniter\View\{closure}()
 5 SYSTEMPATH\Common.php(1184): CodeIgniter\View\View->render('front/products/index', [], true)
 6 APPPATH\Controllers\HomeProductController.php(112): view('front/products/index', [...])
 7 SYSTEMPATH\CodeIgniter.php(934): App\Controllers\HomeProductController->index()
 8 SYSTEMPATH\CodeIgniter.php(499): CodeIgniter\CodeIgniter->runController(Object(App\Controllers\HomeProductController))
 9 SYSTEMPATH\CodeIgniter.php(368): CodeIgniter\CodeIgniter->handleRequest(null, Object(Config\Cache), false)
10 FCPATH\index.php(68): CodeIgniter\CodeIgniter->run()
CRITICAL - 2023-12-26 07:14:33 --> Undefined variable $segment
in APPPATH\Views\front\products\index.php on line 196.
 1 APPPATH\Views\front\products\index.php(196): CodeIgniter\Debug\Exceptions->errorHandler(2, 'Undefined variable $segment', 'C:\\xampp\\htdocs\\truflow-git\\truflow\\app\\Views\\front\\products\\index.php', 196)
 2 APPPATH\Views\front\products\index.php(178): renderSubCategory([...])
 3 SYSTEMPATH\View\View.php(213): include('C:\\xampp\\htdocs\\truflow-git\\truflow\\app\\Views\\front\\products\\index.php')
 4 SYSTEMPATH\View\View.php(216): CodeIgniter\View\View->CodeIgniter\View\{closure}()
 5 SYSTEMPATH\Common.php(1184): CodeIgniter\View\View->render('front/products/index', [], true)
 6 APPPATH\Controllers\HomeProductController.php(112): view('front/products/index', [...])
 7 SYSTEMPATH\CodeIgniter.php(934): App\Controllers\HomeProductController->index()
 8 SYSTEMPATH\CodeIgniter.php(499): CodeIgniter\CodeIgniter->runController(Object(App\Controllers\HomeProductController))
 9 SYSTEMPATH\CodeIgniter.php(368): CodeIgniter\CodeIgniter->handleRequest(null, Object(Config\Cache), false)
10 FCPATH\index.php(68): CodeIgniter\CodeIgniter->run()
CRITICAL - 2023-12-26 07:30:52 --> Undefined array key 8
in APPPATH\Views\front\products\index.php on line 219.
 1 APPPATH\Views\front\products\index.php(219): CodeIgniter\Debug\Exceptions->errorHandler(2, 'Undefined array key 8', 'C:\\xampp\\htdocs\\truflow-git\\truflow\\app\\Views\\front\\products\\index.php', 219)
 2 APPPATH\Views\front\products\index.php(248): renderChildCategory([...], 1, [...])
 3 APPPATH\Views\front\products\index.php(201): renderChildCategory([...], '', [...])
 4 APPPATH\Views\front\products\index.php(178): renderSubCategory([...], [...])
 5 SYSTEMPATH\View\View.php(213): include('C:\\xampp\\htdocs\\truflow-git\\truflow\\app\\Views\\front\\products\\index.php')
 6 SYSTEMPATH\View\View.php(216): CodeIgniter\View\View->CodeIgniter\View\{closure}()
 7 SYSTEMPATH\Common.php(1184): CodeIgniter\View\View->render('front/products/index', [], true)
 8 APPPATH\Controllers\HomeProductController.php(105): view('front/products/index', [...])
 9 SYSTEMPATH\CodeIgniter.php(934): App\Controllers\HomeProductController->index('Hydraulic', 'Fittings')
10 SYSTEMPATH\CodeIgniter.php(499): CodeIgniter\CodeIgniter->runController(Object(App\Controllers\HomeProductController))
11 SYSTEMPATH\CodeIgniter.php(368): CodeIgniter\CodeIgniter->handleRequest(null, Object(Config\Cache), false)
12 FCPATH\index.php(68): CodeIgniter\CodeIgniter->run()
CRITICAL - 2023-12-26 07:35:41 --> Undefined array key 6
in APPPATH\Views\front\products\index.php on line 194.
 1 APPPATH\Views\front\products\index.php(194): CodeIgniter\Debug\Exceptions->errorHandler(2, 'Undefined array key 6', 'C:\\xampp\\htdocs\\truflow-git\\truflow\\app\\Views\\front\\products\\index.php', 194)
 2 APPPATH\Views\front\products\index.php(178): renderSubCategory([...], [...])
 3 SYSTEMPATH\View\View.php(213): include('C:\\xampp\\htdocs\\truflow-git\\truflow\\app\\Views\\front\\products\\index.php')
 4 SYSTEMPATH\View\View.php(216): CodeIgniter\View\View->CodeIgniter\View\{closure}()
 5 SYSTEMPATH\Common.php(1184): CodeIgniter\View\View->render('front/products/index', [], true)
 6 APPPATH\Controllers\HomeProductController.php(112): view('front/products/index', [...])
 7 SYSTEMPATH\CodeIgniter.php(934): App\Controllers\HomeProductController->index()
 8 SYSTEMPATH\CodeIgniter.php(499): CodeIgniter\CodeIgniter->runController(Object(App\Controllers\HomeProductController))
 9 SYSTEMPATH\CodeIgniter.php(368): CodeIgniter\CodeIgniter->handleRequest(null, Object(Config\Cache), false)
10 FCPATH\index.php(68): CodeIgniter\CodeIgniter->run()
CRITICAL - 2023-12-26 07:35:54 --> Undefined array key 6
in APPPATH\Views\front\products\index.php on line 194.
 1 APPPATH\Views\front\products\index.php(194): CodeIgniter\Debug\Exceptions->errorHandler(2, 'Undefined array key 6', 'C:\\xampp\\htdocs\\truflow-git\\truflow\\app\\Views\\front\\products\\index.php', 194)
 2 APPPATH\Views\front\products\index.php(178): renderSubCategory([...], [...])
 3 SYSTEMPATH\View\View.php(213): include('C:\\xampp\\htdocs\\truflow-git\\truflow\\app\\Views\\front\\products\\index.php')
 4 SYSTEMPATH\View\View.php(216): CodeIgniter\View\View->CodeIgniter\View\{closure}()
 5 SYSTEMPATH\Common.php(1184): CodeIgniter\View\View->render('front/products/index', [], true)
 6 APPPATH\Controllers\HomeProductController.php(112): view('front/products/index', [...])
 7 SYSTEMPATH\CodeIgniter.php(934): App\Controllers\HomeProductController->index()
 8 SYSTEMPATH\CodeIgniter.php(499): CodeIgniter\CodeIgniter->runController(Object(App\Controllers\HomeProductController))
 9 SYSTEMPATH\CodeIgniter.php(368): CodeIgniter\CodeIgniter->handleRequest(null, Object(Config\Cache), false)
10 FCPATH\index.php(68): CodeIgniter\CodeIgniter->run()
CRITICAL - 2023-12-26 07:36:50 --> Undefined array key 6
in APPPATH\Views\front\products\index.php on line 194.
 1 APPPATH\Views\front\products\index.php(194): CodeIgniter\Debug\Exceptions->errorHandler(2, 'Undefined array key 6', 'C:\\xampp\\htdocs\\truflow-git\\truflow\\app\\Views\\front\\products\\index.php', 194)
 2 APPPATH\Views\front\products\index.php(178): renderSubCategory([...], [...])
 3 SYSTEMPATH\View\View.php(213): include('C:\\xampp\\htdocs\\truflow-git\\truflow\\app\\Views\\front\\products\\index.php')
 4 SYSTEMPATH\View\View.php(216): CodeIgniter\View\View->CodeIgniter\View\{closure}()
 5 SYSTEMPATH\Common.php(1184): CodeIgniter\View\View->render('front/products/index', [], true)
 6 APPPATH\Controllers\HomeProductController.php(112): view('front/products/index', [...])
 7 SYSTEMPATH\CodeIgniter.php(934): App\Controllers\HomeProductController->index()
 8 SYSTEMPATH\CodeIgniter.php(499): CodeIgniter\CodeIgniter->runController(Object(App\Controllers\HomeProductController))
 9 SYSTEMPATH\CodeIgniter.php(368): CodeIgniter\CodeIgniter->handleRequest(null, Object(Config\Cache), false)
10 FCPATH\index.php(68): CodeIgniter\CodeIgniter->run()
CRITICAL - 2023-12-26 07:49:29 --> Undefined variable $segments
in APPPATH\Views\front\products\index.php on line 24.
 1 APPPATH\Views\front\products\index.php(24): CodeIgniter\Debug\Exceptions->errorHandler(2, 'Undefined variable $segments', 'C:\\xampp\\htdocs\\truflow-git\\truflow\\app\\Views\\front\\products\\index.php', 24)
 2 SYSTEMPATH\View\View.php(213): include('C:\\xampp\\htdocs\\truflow-git\\truflow\\app\\Views\\front\\products\\index.php')
 3 SYSTEMPATH\View\View.php(216): CodeIgniter\View\View->CodeIgniter\View\{closure}()
 4 SYSTEMPATH\Common.php(1184): CodeIgniter\View\View->render('front/products/index', [], true)
 5 APPPATH\Controllers\HomeProductController.php(105): view('front/products/index', [...])
 6 SYSTEMPATH\CodeIgniter.php(934): App\Controllers\HomeProductController->index('Hydraulic', 'Hose', 'High Pressure Hose')
 7 SYSTEMPATH\CodeIgniter.php(499): CodeIgniter\CodeIgniter->runController(Object(App\Controllers\HomeProductController))
 8 SYSTEMPATH\CodeIgniter.php(368): CodeIgniter\CodeIgniter->handleRequest(null, Object(Config\Cache), false)
 9 FCPATH\index.php(68): CodeIgniter\CodeIgniter->run()
CRITICAL - 2023-12-26 07:51:15 --> in_array(): Argument #2 ($haystack) must be of type array, string given
in APPPATH\Views\front\products\index.php on line 187.
 1 APPPATH\Views\front\products\index.php(187): in_array('Hydraulic', 'High Pressure Hose')
 2 SYSTEMPATH\View\View.php(213): include('C:\\xampp\\htdocs\\truflow-git\\truflow\\app\\Views\\front\\products\\index.php')
 3 SYSTEMPATH\View\View.php(216): CodeIgniter\View\View->CodeIgniter\View\{closure}()
 4 SYSTEMPATH\Common.php(1184): CodeIgniter\View\View->render('front/products/index', [], true)
 5 APPPATH\Controllers\HomeProductController.php(105): view('front/products/index', [...])
 6 SYSTEMPATH\CodeIgniter.php(934): App\Controllers\HomeProductController->index('Hydraulic', 'Hose', 'High Pressure Hose')
 7 SYSTEMPATH\CodeIgniter.php(499): CodeIgniter\CodeIgniter->runController(Object(App\Controllers\HomeProductController))
 8 SYSTEMPATH\CodeIgniter.php(368): CodeIgniter\CodeIgniter->handleRequest(null, Object(Config\Cache), false)
 9 FCPATH\index.php(68): CodeIgniter\CodeIgniter->run()
