CRITICAL - 2023-07-07 05:16:26 --> Undefined array key "product_img"
in APPPATH\Views\front\product_details.php on line 203.
 1 APPPATH\Views\front\product_details.php(203): CodeIgniter\Debug\Exceptions->errorHandler(2, 'Undefined array key "product_img"', 'C:\\xampp\\htdocs\\truflow\\app\\Views\\front\\product_details.php', 203)
 2 SYSTEMPATH\View\View.php(213): include('C:\\xampp\\htdocs\\truflow\\app\\Views\\front\\product_details.php')
 3 SYSTEMPATH\View\View.php(216): CodeIgniter\View\View->CodeIgniter\View\{closure}()
 4 SYSTEMPATH\Common.php(1184): CodeIgniter\View\View->render('front/product_details', [], true)
 5 APPPATH\Controllers\Home.php(362): view('front/product_details', [...])
 6 SYSTEMPATH\CodeIgniter.php(934): App\Controllers\Home->product_details('1')
 7 SYSTEMPATH\CodeIgniter.php(499): CodeIgniter\CodeIgniter->runController(Object(App\Controllers\Home))
 8 SYSTEMPATH\CodeIgniter.php(368): CodeIgniter\CodeIgniter->handleRequest(null, Object(Config\Cache), false)
 9 FCPATH\index.php(68): CodeIgniter\CodeIgniter->run()
CRITICAL - 2023-07-07 05:19:28 --> syntax error, unexpected token "else"
in APPPATH\Views\front\product_details.php on line 223.
 1 SYSTEMPATH\View\View.php(216): CodeIgniter\View\View->CodeIgniter\View\{closure}()
 2 SYSTEMPATH\Common.php(1184): CodeIgniter\View\View->render('front/product_details', [], true)
 3 APPPATH\Controllers\Home.php(362): view('front/product_details', [...])
 4 SYSTEMPATH\CodeIgniter.php(934): App\Controllers\Home->product_details('1')
 5 SYSTEMPATH\CodeIgniter.php(499): CodeIgniter\CodeIgniter->runController(Object(App\Controllers\Home))
 6 SYSTEMPATH\CodeIgniter.php(368): CodeIgniter\CodeIgniter->handleRequest(null, Object(Config\Cache), false)
 7 FCPATH\index.php(68): CodeIgniter\CodeIgniter->run()
CRITICAL - 2023-07-07 06:09:49 --> Undefined array key "sub_category_id"
in APPPATH\Controllers\Home.php on line 341.
 1 APPPATH\Controllers\Home.php(341): CodeIgniter\Debug\Exceptions->errorHandler(2, 'Undefined array key "sub_category_id"', 'C:\\xampp\\htdocs\\truflow\\app\\Controllers\\Home.php', 341)
 2 SYSTEMPATH\CodeIgniter.php(934): App\Controllers\Home->product_details('1')
 3 SYSTEMPATH\CodeIgniter.php(499): CodeIgniter\CodeIgniter->runController(Object(App\Controllers\Home))
 4 SYSTEMPATH\CodeIgniter.php(368): CodeIgniter\CodeIgniter->handleRequest(null, Object(Config\Cache), false)
 5 FCPATH\index.php(68): CodeIgniter\CodeIgniter->run()
CRITICAL - 2023-07-07 06:09:58 --> Undefined array key "sub_category_id"
in APPPATH\Controllers\Home.php on line 341.
 1 APPPATH\Controllers\Home.php(341): CodeIgniter\Debug\Exceptions->errorHandler(2, 'Undefined array key "sub_category_id"', 'C:\\xampp\\htdocs\\truflow\\app\\Controllers\\Home.php', 341)
 2 SYSTEMPATH\CodeIgniter.php(934): App\Controllers\Home->product_details('1')
 3 SYSTEMPATH\CodeIgniter.php(499): CodeIgniter\CodeIgniter->runController(Object(App\Controllers\Home))
 4 SYSTEMPATH\CodeIgniter.php(368): CodeIgniter\CodeIgniter->handleRequest(null, Object(Config\Cache), false)
 5 FCPATH\index.php(68): CodeIgniter\CodeIgniter->run()
CRITICAL - 2023-07-07 07:42:59 --> Array to string conversion
in APPPATH\Views\front\index.php on line 88.
 1 APPPATH\Views\front\index.php(88): CodeIgniter\Debug\Exceptions->errorHandler(2, 'Array to string conversion', 'C:\\xampp\\htdocs\\truflow\\app\\Views\\front\\index.php', 88)
 2 SYSTEMPATH\View\View.php(213): include('C:\\xampp\\htdocs\\truflow\\app\\Views\\front\\index.php')
 3 SYSTEMPATH\View\View.php(216): CodeIgniter\View\View->CodeIgniter\View\{closure}()
 4 SYSTEMPATH\Common.php(1184): CodeIgniter\View\View->render('front/index', [], true)
 5 APPPATH\Controllers\Home.php(135): view('front/index', [...])
 6 SYSTEMPATH\CodeIgniter.php(934): App\Controllers\Home->index()
 7 SYSTEMPATH\CodeIgniter.php(499): CodeIgniter\CodeIgniter->runController(Object(App\Controllers\Home))
 8 SYSTEMPATH\CodeIgniter.php(368): CodeIgniter\CodeIgniter->handleRequest(null, Object(Config\Cache), false)
 9 FCPATH\index.php(68): CodeIgniter\CodeIgniter->run()
CRITICAL - 2023-07-07 07:43:50 --> Array to string conversion
in APPPATH\Views\front\index.php on line 89.
 1 APPPATH\Views\front\index.php(89): CodeIgniter\Debug\Exceptions->errorHandler(2, 'Array to string conversion', 'C:\\xampp\\htdocs\\truflow\\app\\Views\\front\\index.php', 89)
 2 SYSTEMPATH\View\View.php(213): include('C:\\xampp\\htdocs\\truflow\\app\\Views\\front\\index.php')
 3 SYSTEMPATH\View\View.php(216): CodeIgniter\View\View->CodeIgniter\View\{closure}()
 4 SYSTEMPATH\Common.php(1184): CodeIgniter\View\View->render('front/index', [], true)
 5 APPPATH\Controllers\Home.php(135): view('front/index', [...])
 6 SYSTEMPATH\CodeIgniter.php(934): App\Controllers\Home->index()
 7 SYSTEMPATH\CodeIgniter.php(499): CodeIgniter\CodeIgniter->runController(Object(App\Controllers\Home))
 8 SYSTEMPATH\CodeIgniter.php(368): CodeIgniter\CodeIgniter->handleRequest(null, Object(Config\Cache), false)
 9 FCPATH\index.php(68): CodeIgniter\CodeIgniter->run()
CRITICAL - 2023-07-07 09:22:37 --> Undefined variable $category_id
in APPPATH\Views\front\shop.php on line 72.
 1 APPPATH\Views\front\shop.php(72): CodeIgniter\Debug\Exceptions->errorHandler(2, 'Undefined variable $category_id', 'C:\\xampp\\htdocs\\truflow\\app\\Views\\front\\shop.php', 72)
 2 SYSTEMPATH\View\View.php(213): include('C:\\xampp\\htdocs\\truflow\\app\\Views\\front\\shop.php')
 3 SYSTEMPATH\View\View.php(216): CodeIgniter\View\View->CodeIgniter\View\{closure}()
 4 SYSTEMPATH\Common.php(1184): CodeIgniter\View\View->render('front/shop', [], true)
 5 APPPATH\Controllers\Home.php(173): view('front/shop', [...])
 6 SYSTEMPATH\CodeIgniter.php(934): App\Controllers\Home->shop()
 7 SYSTEMPATH\CodeIgniter.php(499): CodeIgniter\CodeIgniter->runController(Object(App\Controllers\Home))
 8 SYSTEMPATH\CodeIgniter.php(368): CodeIgniter\CodeIgniter->handleRequest(null, Object(Config\Cache), false)
 9 FCPATH\index.php(68): CodeIgniter\CodeIgniter->run()
CRITICAL - 2023-07-07 09:43:21 --> count(): Argument #1 ($value) must be of type Countable|array, null given
in APPPATH\Controllers\Home.php on line 553.
 1 APPPATH\Controllers\Home.php(553): count(null)
 2 SYSTEMPATH\CodeIgniter.php(934): App\Controllers\Home->add_to_cart_new()
 3 SYSTEMPATH\CodeIgniter.php(499): CodeIgniter\CodeIgniter->runController(Object(App\Controllers\Home))
 4 SYSTEMPATH\CodeIgniter.php(368): CodeIgniter\CodeIgniter->handleRequest(null, Object(Config\Cache), false)
 5 FCPATH\index.php(68): CodeIgniter\CodeIgniter->run()
CRITICAL - 2023-07-07 09:45:09 --> count(): Argument #1 ($value) must be of type Countable|array, null given
in APPPATH\Controllers\Home.php on line 553.
 1 APPPATH\Controllers\Home.php(553): count(null)
 2 SYSTEMPATH\CodeIgniter.php(934): App\Controllers\Home->add_to_cart_new()
 3 SYSTEMPATH\CodeIgniter.php(499): CodeIgniter\CodeIgniter->runController(Object(App\Controllers\Home))
 4 SYSTEMPATH\CodeIgniter.php(368): CodeIgniter\CodeIgniter->handleRequest(null, Object(Config\Cache), false)
 5 FCPATH\index.php(68): CodeIgniter\CodeIgniter->run()
