CRITICAL - 2023-11-30 04:47:47 --> Array to string conversion
in APPPATH\Views\front\shop_sidebar.php on line 60.
 1 [internal function]: CodeIgniter\Debug\Exceptions->errorHandler(2, 'Array to string conversion', 'C:\\xampp\\htdocs\\truflow-git\\truflow\\app\\Views\\front\\shop_sidebar.php', 60)
 2 APPPATH\Views\front\shop_sidebar.php(60): implode(' / ', [...])
 3 APPPATH\Views\front\shop_sidebar.php(41): renderCategory([...], 30, [...])
 4 SYSTEMPATH\View\View.php(213): include('C:\\xampp\\htdocs\\truflow-git\\truflow\\app\\Views\\front\\shop_sidebar.php')
 5 SYSTEMPATH\View\View.php(216): CodeIgniter\View\View->CodeIgniter\View\{closure}()
 6 SYSTEMPATH\Common.php(1184): CodeIgniter\View\View->render('front/shop_sidebar', [], true)
 7 APPPATH\Views\front\childsubcategory.php(32): view('front/shop_sidebar')
 8 SYSTEMPATH\View\View.php(213): include('C:\\xampp\\htdocs\\truflow-git\\truflow\\app\\Views\\front\\childsubcategory.php')
 9 SYSTEMPATH\View\View.php(216): CodeIgniter\View\View->CodeIgniter\View\{closure}()
10 SYSTEMPATH\Common.php(1184): CodeIgniter\View\View->render('front/childsubcategory', [], true)
11 APPPATH\Controllers\Home.php(1354): view('front/childsubcategory', [...])
12 SYSTEMPATH\CodeIgniter.php(934): App\Controllers\Home->main_child_category('1')
13 SYSTEMPATH\CodeIgniter.php(499): CodeIgniter\CodeIgniter->runController(Object(App\Controllers\Home))
14 SYSTEMPATH\CodeIgniter.php(368): CodeIgniter\CodeIgniter->handleRequest(null, Object(Config\Cache), false)
15 FCPATH\index.php(68): CodeIgniter\CodeIgniter->run()
CRITICAL - 2023-11-30 05:45:52 --> Undefined variable $breadcrumbData
in APPPATH\Controllers\Home.php on line 1360.
 1 APPPATH\Controllers\Home.php(1360): CodeIgniter\Debug\Exceptions->errorHandler(2, 'Undefined variable $breadcrumbData', 'C:\\xampp\\htdocs\\truflow-git\\truflow\\app\\Controllers\\Home.php', 1360)
 2 SYSTEMPATH\CodeIgniter.php(934): App\Controllers\Home->main_child_category('1')
 3 SYSTEMPATH\CodeIgniter.php(499): CodeIgniter\CodeIgniter->runController(Object(App\Controllers\Home))
 4 SYSTEMPATH\CodeIgniter.php(368): CodeIgniter\CodeIgniter->handleRequest(null, Object(Config\Cache), false)
 5 FCPATH\index.php(68): CodeIgniter\CodeIgniter->run()
CRITICAL - 2023-11-30 05:53:32 --> Undefined variable $breadcrumbData
in APPPATH\Controllers\Home.php on line 696.
 1 APPPATH\Controllers\Home.php(696): CodeIgniter\Debug\Exceptions->errorHandler(2, 'Undefined variable $breadcrumbData', 'C:\\xampp\\htdocs\\truflow-git\\truflow\\app\\Controllers\\Home.php', 696)
 2 SYSTEMPATH\CodeIgniter.php(934): App\Controllers\Home->product('1', '1')
 3 SYSTEMPATH\CodeIgniter.php(499): CodeIgniter\CodeIgniter->runController(Object(App\Controllers\Home))
 4 SYSTEMPATH\CodeIgniter.php(368): CodeIgniter\CodeIgniter->handleRequest(null, Object(Config\Cache), false)
 5 FCPATH\index.php(68): CodeIgniter\CodeIgniter->run()
ERROR - 2023-11-30 05:58:43 --> mysqli_sql_exception: Unknown column 'chid_id' in 'where clause' in C:\xampp\htdocs\truflow-git\truflow\system\Database\MySQLi\Connection.php:295
Stack trace:
#0 C:\xampp\htdocs\truflow-git\truflow\system\Database\MySQLi\Connection.php(295): mysqli->query('SELECT *\nFROM `...', 0)
#1 C:\xampp\htdocs\truflow-git\truflow\system\Database\BaseConnection.php(692): CodeIgniter\Database\MySQLi\Connection->execute('SELECT *\nFROM `...')
#2 C:\xampp\htdocs\truflow-git\truflow\system\Database\BaseConnection.php(606): CodeIgniter\Database\BaseConnection->simpleQuery('SELECT *\nFROM `...')
#3 C:\xampp\htdocs\truflow-git\truflow\system\Database\BaseBuilder.php(1616): CodeIgniter\Database\BaseConnection->query('SELECT *\nFROM `...', Array, false)
#4 C:\xampp\htdocs\truflow-git\truflow\system\Model.php(268): CodeIgniter\Database\BaseBuilder->get()
#5 C:\xampp\htdocs\truflow-git\truflow\system\BaseModel.php(656): CodeIgniter\Model->doFirst()
#6 C:\xampp\htdocs\truflow-git\truflow\app\Controllers\Home.php(1421): CodeIgniter\BaseModel->first()
#7 C:\xampp\htdocs\truflow-git\truflow\system\CodeIgniter.php(934): App\Controllers\Home->child_subchild_category('24')
#8 C:\xampp\htdocs\truflow-git\truflow\system\CodeIgniter.php(499): CodeIgniter\CodeIgniter->runController(Object(App\Controllers\Home))
#9 C:\xampp\htdocs\truflow-git\truflow\system\CodeIgniter.php(368): CodeIgniter\CodeIgniter->handleRequest(NULL, Object(Config\Cache), false)
#10 C:\xampp\htdocs\truflow-git\truflow\index.php(68): CodeIgniter\CodeIgniter->run()
#11 {main}
CRITICAL - 2023-11-30 05:58:43 --> Unknown column 'chid_id' in 'where clause'
in SYSTEMPATH\Database\MySQLi\Connection.php on line 295.
 1 SYSTEMPATH\Database\MySQLi\Connection.php(295): mysqli->query('SELECT *
FROM `child_sub_category`
WHERE `chid_id` = \'24\'
 LIMIT 1', 0)
 2 SYSTEMPATH\Database\BaseConnection.php(692): CodeIgniter\Database\MySQLi\Connection->execute('SELECT *
FROM `child_sub_category`
WHERE `chid_id` = \'24\'
 LIMIT 1')
 3 SYSTEMPATH\Database\BaseConnection.php(606): CodeIgniter\Database\BaseConnection->simpleQuery('SELECT *
FROM `child_sub_category`
WHERE `chid_id` = \'24\'
 LIMIT 1')
 4 SYSTEMPATH\Database\BaseBuilder.php(1616): CodeIgniter\Database\BaseConnection->query('SELECT *
FROM `child_sub_category`
WHERE `chid_id` = :chid_id:
 LIMIT 1', [...], false)
 5 SYSTEMPATH\Model.php(268): CodeIgniter\Database\BaseBuilder->get()
 6 SYSTEMPATH\BaseModel.php(656): CodeIgniter\Model->doFirst()
 7 APPPATH\Controllers\Home.php(1421): CodeIgniter\BaseModel->first()
 8 SYSTEMPATH\CodeIgniter.php(934): App\Controllers\Home->child_subchild_category('24')
 9 SYSTEMPATH\CodeIgniter.php(499): CodeIgniter\CodeIgniter->runController(Object(App\Controllers\Home))
10 SYSTEMPATH\CodeIgniter.php(368): CodeIgniter\CodeIgniter->handleRequest(null, Object(Config\Cache), false)
11 FCPATH\index.php(68): CodeIgniter\CodeIgniter->run()
CRITICAL - 2023-11-30 05:59:47 --> Undefined variable $subcategorymodel
in APPPATH\Controllers\Home.php on line 1423.
 1 APPPATH\Controllers\Home.php(1423): CodeIgniter\Debug\Exceptions->errorHandler(2, 'Undefined variable $subcategorymodel', 'C:\\xampp\\htdocs\\truflow-git\\truflow\\app\\Controllers\\Home.php', 1423)
 2 SYSTEMPATH\CodeIgniter.php(934): App\Controllers\Home->child_subchild_category('24')
 3 SYSTEMPATH\CodeIgniter.php(499): CodeIgniter\CodeIgniter->runController(Object(App\Controllers\Home))
 4 SYSTEMPATH\CodeIgniter.php(368): CodeIgniter\CodeIgniter->handleRequest(null, Object(Config\Cache), false)
 5 FCPATH\index.php(68): CodeIgniter\CodeIgniter->run()
CRITICAL - 2023-11-30 06:33:43 --> Undefined variable $subCategory
in APPPATH\Views\front\childsubcategory.php on line 97.
 1 APPPATH\Views\front\childsubcategory.php(97): CodeIgniter\Debug\Exceptions->errorHandler(2, 'Undefined variable $subCategory', 'C:\\xampp\\htdocs\\truflow-git\\truflow\\app\\Views\\front\\childsubcategory.php', 97)
 2 SYSTEMPATH\View\View.php(213): include('C:\\xampp\\htdocs\\truflow-git\\truflow\\app\\Views\\front\\childsubcategory.php')
 3 SYSTEMPATH\View\View.php(216): CodeIgniter\View\View->CodeIgniter\View\{closure}()
 4 SYSTEMPATH\Common.php(1184): CodeIgniter\View\View->render('front/childsubcategory', [], true)
 5 APPPATH\Controllers\Home.php(1369): view('front/childsubcategory', [...])
 6 SYSTEMPATH\CodeIgniter.php(934): App\Controllers\Home->main_child_category('7')
 7 SYSTEMPATH\CodeIgniter.php(499): CodeIgniter\CodeIgniter->runController(Object(App\Controllers\Home))
 8 SYSTEMPATH\CodeIgniter.php(368): CodeIgniter\CodeIgniter->handleRequest(null, Object(Config\Cache), false)
 9 FCPATH\index.php(68): CodeIgniter\CodeIgniter->run()
CRITICAL - 2023-11-30 07:23:13 --> Undefined array key "product_img"
in APPPATH\Controllers\Admin\ProductController.php on line 125.
 1 APPPATH\Controllers\Admin\ProductController.php(125): CodeIgniter\Debug\Exceptions->errorHandler(2, 'Undefined array key "product_img"', 'C:\\xampp\\htdocs\\truflow-git\\truflow\\app\\Controllers\\Admin\\ProductController.php', 125)
 2 SYSTEMPATH\CodeIgniter.php(934): App\Controllers\Admin\ProductController->productSave()
 3 SYSTEMPATH\CodeIgniter.php(499): CodeIgniter\CodeIgniter->runController(Object(App\Controllers\Admin\ProductController))
 4 SYSTEMPATH\CodeIgniter.php(368): CodeIgniter\CodeIgniter->handleRequest(null, Object(Config\Cache), false)
 5 FCPATH\index.php(68): CodeIgniter\CodeIgniter->run()
CRITICAL - 2023-11-30 07:59:08 --> Undefined variable $productArr
in APPPATH\Controllers\Admin\ChildSubCategoryController.php on line 232.
 1 APPPATH\Controllers\Admin\ChildSubCategoryController.php(232): CodeIgniter\Debug\Exceptions->errorHandler(2, 'Undefined variable $productArr', 'C:\\xampp\\htdocs\\truflow-git\\truflow\\app\\Controllers\\Admin\\ChildSubCategoryController.php', 232)
 2 SYSTEMPATH\CodeIgniter.php(934): App\Controllers\Admin\ChildSubCategoryController->child_sub_category_name_save()
 3 SYSTEMPATH\CodeIgniter.php(499): CodeIgniter\CodeIgniter->runController(Object(App\Controllers\Admin\ChildSubCategoryController))
 4 SYSTEMPATH\CodeIgniter.php(368): CodeIgniter\CodeIgniter->handleRequest(null, Object(Config\Cache), false)
 5 FCPATH\index.php(68): CodeIgniter\CodeIgniter->run()
