CRITICAL - 2023-07-20 04:55:18 --> Undefined variable $partner
in APPPATH\Views\admin\product\product.php on line 82.
 1 APPPATH\Views\admin\product\product.php(82): CodeIgniter\Debug\Exceptions->errorHandler(2, 'Undefined variable $partner', 'C:\\xampp\\htdocs\\truflow\\app\\Views\\admin\\product\\product.php', 82)
 2 SYSTEMPATH\View\View.php(213): include('C:\\xampp\\htdocs\\truflow\\app\\Views\\admin\\product\\product.php')
 3 SYSTEMPATH\View\View.php(216): CodeIgniter\View\View->CodeIgniter\View\{closure}()
 4 SYSTEMPATH\Common.php(1184): CodeIgniter\View\View->render('admin/product/product', [], true)
 5 APPPATH\Controllers\Admin\ProductController.php(164): view('admin/product/product', [...])
 6 SYSTEMPATH\CodeIgniter.php(934): App\Controllers\Admin\ProductController->productEdit('23')
 7 SYSTEMPATH\CodeIgniter.php(499): CodeIgniter\CodeIgniter->runController(Object(App\Controllers\Admin\ProductController))
 8 SYSTEMPATH\CodeIgniter.php(368): CodeIgniter\CodeIgniter->handleRequest(null, Object(Config\Cache), false)
 9 FCPATH\index.php(68): CodeIgniter\CodeIgniter->run()
CRITICAL - 2023-07-20 04:55:33 --> Cannot access offset of type string on string
in APPPATH\Views\admin\product\product.php on line 82.
 1 SYSTEMPATH\View\View.php(213): include()
 2 SYSTEMPATH\View\View.php(216): CodeIgniter\View\View->CodeIgniter\View\{closure}()
 3 SYSTEMPATH\Common.php(1184): CodeIgniter\View\View->render('admin/product/product', [], true)
 4 APPPATH\Controllers\Admin\ProductController.php(164): view('admin/product/product', [...])
 5 SYSTEMPATH\CodeIgniter.php(934): App\Controllers\Admin\ProductController->productEdit('23')
 6 SYSTEMPATH\CodeIgniter.php(499): CodeIgniter\CodeIgniter->runController(Object(App\Controllers\Admin\ProductController))
 7 SYSTEMPATH\CodeIgniter.php(368): CodeIgniter\CodeIgniter->handleRequest(null, Object(Config\Cache), false)
 8 FCPATH\index.php(68): CodeIgniter\CodeIgniter->run()
CRITICAL - 2023-07-20 05:59:50 --> Undefined array key "image_id"
in APPPATH\Controllers\Admin\ProductController.php on line 112.
 1 APPPATH\Controllers\Admin\ProductController.php(112): CodeIgniter\Debug\Exceptions->errorHandler(2, 'Undefined array key "image_id"', 'C:\\xampp\\htdocs\\truflow\\app\\Controllers\\Admin\\ProductController.php', 112)
 2 SYSTEMPATH\CodeIgniter.php(934): App\Controllers\Admin\ProductController->productSave()
 3 SYSTEMPATH\CodeIgniter.php(499): CodeIgniter\CodeIgniter->runController(Object(App\Controllers\Admin\ProductController))
 4 SYSTEMPATH\CodeIgniter.php(368): CodeIgniter\CodeIgniter->handleRequest(null, Object(Config\Cache), false)
 5 FCPATH\index.php(68): CodeIgniter\CodeIgniter->run()
CRITICAL - 2023-07-20 06:41:55 --> Undefined variable $i
in APPPATH\Views\front\product.php on line 44.
 1 APPPATH\Views\front\product.php(44): CodeIgniter\Debug\Exceptions->errorHandler(2, 'Undefined variable $i', 'C:\\xampp\\htdocs\\truflow\\app\\Views\\front\\product.php', 44)
 2 SYSTEMPATH\View\View.php(213): include('C:\\xampp\\htdocs\\truflow\\app\\Views\\front\\product.php')
 3 SYSTEMPATH\View\View.php(216): CodeIgniter\View\View->CodeIgniter\View\{closure}()
 4 SYSTEMPATH\Common.php(1184): CodeIgniter\View\View->render('front/product', [], true)
 5 APPPATH\Controllers\Home.php(391): view('front/product', [...])
 6 SYSTEMPATH\CodeIgniter.php(934): App\Controllers\Home->product('1')
 7 SYSTEMPATH\CodeIgniter.php(499): CodeIgniter\CodeIgniter->runController(Object(App\Controllers\Home))
 8 SYSTEMPATH\CodeIgniter.php(368): CodeIgniter\CodeIgniter->handleRequest(null, Object(Config\Cache), false)
 9 FCPATH\index.php(68): CodeIgniter\CodeIgniter->run()
CRITICAL - 2023-07-20 06:42:10 --> Undefined array key "category_name"
in APPPATH\Views\front\product.php on line 45.
 1 APPPATH\Views\front\product.php(45): CodeIgniter\Debug\Exceptions->errorHandler(2, 'Undefined array key "category_name"', 'C:\\xampp\\htdocs\\truflow\\app\\Views\\front\\product.php', 45)
 2 SYSTEMPATH\View\View.php(213): include('C:\\xampp\\htdocs\\truflow\\app\\Views\\front\\product.php')
 3 SYSTEMPATH\View\View.php(216): CodeIgniter\View\View->CodeIgniter\View\{closure}()
 4 SYSTEMPATH\Common.php(1184): CodeIgniter\View\View->render('front/product', [], true)
 5 APPPATH\Controllers\Home.php(391): view('front/product', [...])
 6 SYSTEMPATH\CodeIgniter.php(934): App\Controllers\Home->product('1')
 7 SYSTEMPATH\CodeIgniter.php(499): CodeIgniter\CodeIgniter->runController(Object(App\Controllers\Home))
 8 SYSTEMPATH\CodeIgniter.php(368): CodeIgniter\CodeIgniter->handleRequest(null, Object(Config\Cache), false)
 9 FCPATH\index.php(68): CodeIgniter\CodeIgniter->run()
CRITICAL - 2023-07-20 06:47:22 --> Undefined array key "category_name"
in APPPATH\Views\front\product.php on line 39.
 1 APPPATH\Views\front\product.php(39): CodeIgniter\Debug\Exceptions->errorHandler(2, 'Undefined array key "category_name"', 'C:\\xampp\\htdocs\\truflow\\app\\Views\\front\\product.php', 39)
 2 SYSTEMPATH\View\View.php(213): include('C:\\xampp\\htdocs\\truflow\\app\\Views\\front\\product.php')
 3 SYSTEMPATH\View\View.php(216): CodeIgniter\View\View->CodeIgniter\View\{closure}()
 4 SYSTEMPATH\Common.php(1184): CodeIgniter\View\View->render('front/product', [], true)
 5 APPPATH\Controllers\Home.php(391): view('front/product', [...])
 6 SYSTEMPATH\CodeIgniter.php(934): App\Controllers\Home->product('1')
 7 SYSTEMPATH\CodeIgniter.php(499): CodeIgniter\CodeIgniter->runController(Object(App\Controllers\Home))
 8 SYSTEMPATH\CodeIgniter.php(368): CodeIgniter\CodeIgniter->handleRequest(null, Object(Config\Cache), false)
 9 FCPATH\index.php(68): CodeIgniter\CodeIgniter->run()
CRITICAL - 2023-07-20 06:48:40 --> Undefined array key "category_name"
in APPPATH\Views\front\product.php on line 39.
 1 APPPATH\Views\front\product.php(39): CodeIgniter\Debug\Exceptions->errorHandler(2, 'Undefined array key "category_name"', 'C:\\xampp\\htdocs\\truflow\\app\\Views\\front\\product.php', 39)
 2 SYSTEMPATH\View\View.php(213): include('C:\\xampp\\htdocs\\truflow\\app\\Views\\front\\product.php')
 3 SYSTEMPATH\View\View.php(216): CodeIgniter\View\View->CodeIgniter\View\{closure}()
 4 SYSTEMPATH\Common.php(1184): CodeIgniter\View\View->render('front/product', [], true)
 5 APPPATH\Controllers\Home.php(391): view('front/product', [...])
 6 SYSTEMPATH\CodeIgniter.php(934): App\Controllers\Home->product('1')
 7 SYSTEMPATH\CodeIgniter.php(499): CodeIgniter\CodeIgniter->runController(Object(App\Controllers\Home))
 8 SYSTEMPATH\CodeIgniter.php(368): CodeIgniter\CodeIgniter->handleRequest(null, Object(Config\Cache), false)
 9 FCPATH\index.php(68): CodeIgniter\CodeIgniter->run()
CRITICAL - 2023-07-20 06:54:33 --> syntax error, unexpected token ")"
in APPPATH\Views\front\product.php on line 35.
 1 SYSTEMPATH\View\View.php(216): CodeIgniter\View\View->CodeIgniter\View\{closure}()
 2 SYSTEMPATH\Common.php(1184): CodeIgniter\View\View->render('front/product', [], true)
 3 APPPATH\Controllers\Home.php(391): view('front/product', [...])
 4 SYSTEMPATH\CodeIgniter.php(934): App\Controllers\Home->product('1')
 5 SYSTEMPATH\CodeIgniter.php(499): CodeIgniter\CodeIgniter->runController(Object(App\Controllers\Home))
 6 SYSTEMPATH\CodeIgniter.php(368): CodeIgniter\CodeIgniter->handleRequest(null, Object(Config\Cache), false)
 7 FCPATH\index.php(68): CodeIgniter\CodeIgniter->run()
CRITICAL - 2023-07-20 06:54:43 --> Undefined property: CodeIgniter\View\View::$uri
in APPPATH\Views\front\product.php on line 3.
 1 APPPATH\Views\front\product.php(3): CodeIgniter\Debug\Exceptions->errorHandler(2, 'Undefined property: CodeIgniter\\View\\View::$uri', 'C:\\xampp\\htdocs\\truflow\\app\\Views\\front\\product.php', 3)
 2 SYSTEMPATH\View\View.php(213): include('C:\\xampp\\htdocs\\truflow\\app\\Views\\front\\product.php')
 3 SYSTEMPATH\View\View.php(216): CodeIgniter\View\View->CodeIgniter\View\{closure}()
 4 SYSTEMPATH\Common.php(1184): CodeIgniter\View\View->render('front/product', [], true)
 5 APPPATH\Controllers\Home.php(391): view('front/product', [...])
 6 SYSTEMPATH\CodeIgniter.php(934): App\Controllers\Home->product('1')
 7 SYSTEMPATH\CodeIgniter.php(499): CodeIgniter\CodeIgniter->runController(Object(App\Controllers\Home))
 8 SYSTEMPATH\CodeIgniter.php(368): CodeIgniter\CodeIgniter->handleRequest(null, Object(Config\Cache), false)
 9 FCPATH\index.php(68): CodeIgniter\CodeIgniter->run()
CRITICAL - 2023-07-20 06:55:08 --> Undefined property: CodeIgniter\View\View::$uri
in APPPATH\Views\front\product.php on line 9.
 1 APPPATH\Views\front\product.php(9): CodeIgniter\Debug\Exceptions->errorHandler(2, 'Undefined property: CodeIgniter\\View\\View::$uri', 'C:\\xampp\\htdocs\\truflow\\app\\Views\\front\\product.php', 9)
 2 SYSTEMPATH\View\View.php(213): include('C:\\xampp\\htdocs\\truflow\\app\\Views\\front\\product.php')
 3 SYSTEMPATH\View\View.php(216): CodeIgniter\View\View->CodeIgniter\View\{closure}()
 4 SYSTEMPATH\Common.php(1184): CodeIgniter\View\View->render('front/product', [], true)
 5 APPPATH\Controllers\Home.php(391): view('front/product', [...])
 6 SYSTEMPATH\CodeIgniter.php(934): App\Controllers\Home->product('1')
 7 SYSTEMPATH\CodeIgniter.php(499): CodeIgniter\CodeIgniter->runController(Object(App\Controllers\Home))
 8 SYSTEMPATH\CodeIgniter.php(368): CodeIgniter\CodeIgniter->handleRequest(null, Object(Config\Cache), false)
 9 FCPATH\index.php(68): CodeIgniter\CodeIgniter->run()
CRITICAL - 2023-07-20 07:06:46 --> Undefined variable $productArr
in APPPATH\Controllers\Admin\ChildSubCategoryController.php on line 179.
 1 APPPATH\Controllers\Admin\ChildSubCategoryController.php(179): CodeIgniter\Debug\Exceptions->errorHandler(2, 'Undefined variable $productArr', 'C:\\xampp\\htdocs\\truflow\\app\\Controllers\\Admin\\ChildSubCategoryController.php', 179)
 2 SYSTEMPATH\CodeIgniter.php(934): App\Controllers\Admin\ChildSubCategoryController->child_sub_categorySave()
 3 SYSTEMPATH\CodeIgniter.php(499): CodeIgniter\CodeIgniter->runController(Object(App\Controllers\Admin\ChildSubCategoryController))
 4 SYSTEMPATH\CodeIgniter.php(368): CodeIgniter\CodeIgniter->handleRequest(null, Object(Config\Cache), false)
 5 FCPATH\index.php(68): CodeIgniter\CodeIgniter->run()
CRITICAL - 2023-07-20 07:28:06 --> Undefined property: stdClass::$child_sub_category_img
in APPPATH\Views\front\product.php on line 14.
 1 APPPATH\Views\front\product.php(14): CodeIgniter\Debug\Exceptions->errorHandler(2, 'Undefined property: stdClass::$child_sub_category_img', 'C:\\xampp\\htdocs\\truflow\\app\\Views\\front\\product.php', 14)
 2 APPPATH\Views\front\product.php(113): displayChildren([...])
 3 SYSTEMPATH\View\View.php(213): include('C:\\xampp\\htdocs\\truflow\\app\\Views\\front\\product.php')
 4 SYSTEMPATH\View\View.php(216): CodeIgniter\View\View->CodeIgniter\View\{closure}()
 5 SYSTEMPATH\Common.php(1184): CodeIgniter\View\View->render('front/product', [], true)
 6 APPPATH\Controllers\Home.php(394): view('front/product', [...])
 7 SYSTEMPATH\CodeIgniter.php(934): App\Controllers\Home->product('1')
 8 SYSTEMPATH\CodeIgniter.php(499): CodeIgniter\CodeIgniter->runController(Object(App\Controllers\Home))
 9 SYSTEMPATH\CodeIgniter.php(368): CodeIgniter\CodeIgniter->handleRequest(null, Object(Config\Cache), false)
10 FCPATH\index.php(68): CodeIgniter\CodeIgniter->run()
CRITICAL - 2023-07-20 07:35:44 --> Undefined array key "category_name"
in APPPATH\Views\front\product.php on line 82.
 1 APPPATH\Views\front\product.php(82): CodeIgniter\Debug\Exceptions->errorHandler(2, 'Undefined array key "category_name"', 'C:\\xampp\\htdocs\\truflow\\app\\Views\\front\\product.php', 82)
 2 SYSTEMPATH\View\View.php(213): include('C:\\xampp\\htdocs\\truflow\\app\\Views\\front\\product.php')
 3 SYSTEMPATH\View\View.php(216): CodeIgniter\View\View->CodeIgniter\View\{closure}()
 4 SYSTEMPATH\Common.php(1184): CodeIgniter\View\View->render('front/product', [], true)
 5 APPPATH\Controllers\Home.php(394): view('front/product', [...])
 6 SYSTEMPATH\CodeIgniter.php(934): App\Controllers\Home->product('1')
 7 SYSTEMPATH\CodeIgniter.php(499): CodeIgniter\CodeIgniter->runController(Object(App\Controllers\Home))
 8 SYSTEMPATH\CodeIgniter.php(368): CodeIgniter\CodeIgniter->handleRequest(null, Object(Config\Cache), false)
 9 FCPATH\index.php(68): CodeIgniter\CodeIgniter->run()
CRITICAL - 2023-07-20 07:45:23 --> Undefined property: stdClass::$child_sub_category_img
in APPPATH\Views\front\product.php on line 28.
 1 APPPATH\Views\front\product.php(28): CodeIgniter\Debug\Exceptions->errorHandler(2, 'Undefined property: stdClass::$child_sub_category_img', 'C:\\xampp\\htdocs\\truflow\\app\\Views\\front\\product.php', 28)
 2 APPPATH\Views\front\product.php(141): displayChildren([...])
 3 SYSTEMPATH\View\View.php(213): include('C:\\xampp\\htdocs\\truflow\\app\\Views\\front\\product.php')
 4 SYSTEMPATH\View\View.php(216): CodeIgniter\View\View->CodeIgniter\View\{closure}()
 5 SYSTEMPATH\Common.php(1184): CodeIgniter\View\View->render('front/product', [], true)
 6 APPPATH\Controllers\Home.php(394): view('front/product', [...])
 7 SYSTEMPATH\CodeIgniter.php(934): App\Controllers\Home->product('1')
 8 SYSTEMPATH\CodeIgniter.php(499): CodeIgniter\CodeIgniter->runController(Object(App\Controllers\Home))
 9 SYSTEMPATH\CodeIgniter.php(368): CodeIgniter\CodeIgniter->handleRequest(null, Object(Config\Cache), false)
10 FCPATH\index.php(68): CodeIgniter\CodeIgniter->run()
CRITICAL - 2023-07-20 07:55:29 --> Undefined variable $ChildSubCategorydata
in APPPATH\Views\front\product.php on line 2.
 1 APPPATH\Views\front\product.php(2): CodeIgniter\Debug\Exceptions->errorHandler(2, 'Undefined variable $ChildSubCategorydata', 'C:\\xampp\\htdocs\\truflow\\app\\Views\\front\\product.php', 2)
 2 SYSTEMPATH\View\View.php(213): include('C:\\xampp\\htdocs\\truflow\\app\\Views\\front\\product.php')
 3 SYSTEMPATH\View\View.php(216): CodeIgniter\View\View->CodeIgniter\View\{closure}()
 4 SYSTEMPATH\Common.php(1184): CodeIgniter\View\View->render('front/product', [], true)
 5 APPPATH\Controllers\Home.php(394): view('front/product', [...])
 6 SYSTEMPATH\CodeIgniter.php(934): App\Controllers\Home->product('1')
 7 SYSTEMPATH\CodeIgniter.php(499): CodeIgniter\CodeIgniter->runController(Object(App\Controllers\Home))
 8 SYSTEMPATH\CodeIgniter.php(368): CodeIgniter\CodeIgniter->handleRequest(null, Object(Config\Cache), false)
 9 FCPATH\index.php(68): CodeIgniter\CodeIgniter->run()
CRITICAL - 2023-07-20 09:24:54 --> Undefined array key "product_id"
in APPPATH\Views\front\product.php on line 65.
 1 APPPATH\Views\front\product.php(65): CodeIgniter\Debug\Exceptions->errorHandler(2, 'Undefined array key "product_id"', 'C:\\xampp\\htdocs\\truflow\\app\\Views\\front\\product.php', 65)
 2 SYSTEMPATH\View\View.php(213): include('C:\\xampp\\htdocs\\truflow\\app\\Views\\front\\product.php')
 3 SYSTEMPATH\View\View.php(216): CodeIgniter\View\View->CodeIgniter\View\{closure}()
 4 SYSTEMPATH\Common.php(1184): CodeIgniter\View\View->render('front/product', [], true)
 5 APPPATH\Controllers\Home.php(399): view('front/product', [...])
 6 SYSTEMPATH\CodeIgniter.php(934): App\Controllers\Home->product('1')
 7 SYSTEMPATH\CodeIgniter.php(499): CodeIgniter\CodeIgniter->runController(Object(App\Controllers\Home))
 8 SYSTEMPATH\CodeIgniter.php(368): CodeIgniter\CodeIgniter->handleRequest(null, Object(Config\Cache), false)
 9 FCPATH\index.php(68): CodeIgniter\CodeIgniter->run()
CRITICAL - 2023-07-20 09:28:14 --> Undefined array key "product_id"
in APPPATH\Views\front\product.php on line 65.
 1 APPPATH\Views\front\product.php(65): CodeIgniter\Debug\Exceptions->errorHandler(2, 'Undefined array key "product_id"', 'C:\\xampp\\htdocs\\truflow\\app\\Views\\front\\product.php', 65)
 2 SYSTEMPATH\View\View.php(213): include('C:\\xampp\\htdocs\\truflow\\app\\Views\\front\\product.php')
 3 SYSTEMPATH\View\View.php(216): CodeIgniter\View\View->CodeIgniter\View\{closure}()
 4 SYSTEMPATH\Common.php(1184): CodeIgniter\View\View->render('front/product', [], true)
 5 APPPATH\Controllers\Home.php(414): view('front/product', [...])
 6 SYSTEMPATH\CodeIgniter.php(934): App\Controllers\Home->product('1')
 7 SYSTEMPATH\CodeIgniter.php(499): CodeIgniter\CodeIgniter->runController(Object(App\Controllers\Home))
 8 SYSTEMPATH\CodeIgniter.php(368): CodeIgniter\CodeIgniter->handleRequest(null, Object(Config\Cache), false)
 9 FCPATH\index.php(68): CodeIgniter\CodeIgniter->run()
CRITICAL - 2023-07-20 09:29:05 --> Undefined array key "child_sub_category_name"
in APPPATH\Views\front\product.php on line 49.
 1 APPPATH\Views\front\product.php(49): CodeIgniter\Debug\Exceptions->errorHandler(2, 'Undefined array key "child_sub_category_name"', 'C:\\xampp\\htdocs\\truflow\\app\\Views\\front\\product.php', 49)
 2 SYSTEMPATH\View\View.php(213): include('C:\\xampp\\htdocs\\truflow\\app\\Views\\front\\product.php')
 3 SYSTEMPATH\View\View.php(216): CodeIgniter\View\View->CodeIgniter\View\{closure}()
 4 SYSTEMPATH\Common.php(1184): CodeIgniter\View\View->render('front/product', [], true)
 5 APPPATH\Controllers\Home.php(414): view('front/product', [...])
 6 SYSTEMPATH\CodeIgniter.php(934): App\Controllers\Home->product('1')
 7 SYSTEMPATH\CodeIgniter.php(499): CodeIgniter\CodeIgniter->runController(Object(App\Controllers\Home))
 8 SYSTEMPATH\CodeIgniter.php(368): CodeIgniter\CodeIgniter->handleRequest(null, Object(Config\Cache), false)
 9 FCPATH\index.php(68): CodeIgniter\CodeIgniter->run()
CRITICAL - 2023-07-20 09:30:28 --> Undefined array key "child_arr"
in APPPATH\Views\front\product.php on line 46.
 1 APPPATH\Views\front\product.php(46): CodeIgniter\Debug\Exceptions->errorHandler(2, 'Undefined array key "child_arr"', 'C:\\xampp\\htdocs\\truflow\\app\\Views\\front\\product.php', 46)
 2 SYSTEMPATH\View\View.php(213): include('C:\\xampp\\htdocs\\truflow\\app\\Views\\front\\product.php')
 3 SYSTEMPATH\View\View.php(216): CodeIgniter\View\View->CodeIgniter\View\{closure}()
 4 SYSTEMPATH\Common.php(1184): CodeIgniter\View\View->render('front/product', [], true)
 5 APPPATH\Controllers\Home.php(414): view('front/product', [...])
 6 SYSTEMPATH\CodeIgniter.php(934): App\Controllers\Home->product('1')
 7 SYSTEMPATH\CodeIgniter.php(499): CodeIgniter\CodeIgniter->runController(Object(App\Controllers\Home))
 8 SYSTEMPATH\CodeIgniter.php(368): CodeIgniter\CodeIgniter->handleRequest(null, Object(Config\Cache), false)
 9 FCPATH\index.php(68): CodeIgniter\CodeIgniter->run()
CRITICAL - 2023-07-20 09:31:00 --> Undefined array key "child_arr"
in APPPATH\Views\front\product.php on line 46.
 1 APPPATH\Views\front\product.php(46): CodeIgniter\Debug\Exceptions->errorHandler(2, 'Undefined array key "child_arr"', 'C:\\xampp\\htdocs\\truflow\\app\\Views\\front\\product.php', 46)
 2 SYSTEMPATH\View\View.php(213): include('C:\\xampp\\htdocs\\truflow\\app\\Views\\front\\product.php')
 3 SYSTEMPATH\View\View.php(216): CodeIgniter\View\View->CodeIgniter\View\{closure}()
 4 SYSTEMPATH\Common.php(1184): CodeIgniter\View\View->render('front/product', [], true)
 5 APPPATH\Controllers\Home.php(414): view('front/product', [...])
 6 SYSTEMPATH\CodeIgniter.php(934): App\Controllers\Home->product('1')
 7 SYSTEMPATH\CodeIgniter.php(499): CodeIgniter\CodeIgniter->runController(Object(App\Controllers\Home))
 8 SYSTEMPATH\CodeIgniter.php(368): CodeIgniter\CodeIgniter->handleRequest(null, Object(Config\Cache), false)
 9 FCPATH\index.php(68): CodeIgniter\CodeIgniter->run()
CRITICAL - 2023-07-20 09:31:51 --> Undefined array key "sub_cat"
in APPPATH\Views\front\product.php on line 46.
 1 APPPATH\Views\front\product.php(46): CodeIgniter\Debug\Exceptions->errorHandler(2, 'Undefined array key "sub_cat"', 'C:\\xampp\\htdocs\\truflow\\app\\Views\\front\\product.php', 46)
 2 SYSTEMPATH\View\View.php(213): include('C:\\xampp\\htdocs\\truflow\\app\\Views\\front\\product.php')
 3 SYSTEMPATH\View\View.php(216): CodeIgniter\View\View->CodeIgniter\View\{closure}()
 4 SYSTEMPATH\Common.php(1184): CodeIgniter\View\View->render('front/product', [], true)
 5 APPPATH\Controllers\Home.php(414): view('front/product', [...])
 6 SYSTEMPATH\CodeIgniter.php(934): App\Controllers\Home->product('1')
 7 SYSTEMPATH\CodeIgniter.php(499): CodeIgniter\CodeIgniter->runController(Object(App\Controllers\Home))
 8 SYSTEMPATH\CodeIgniter.php(368): CodeIgniter\CodeIgniter->handleRequest(null, Object(Config\Cache), false)
 9 FCPATH\index.php(68): CodeIgniter\CodeIgniter->run()
CRITICAL - 2023-07-20 09:33:45 --> Undefined array key "product_id"
in APPPATH\Views\front\product.php on line 50.
 1 APPPATH\Views\front\product.php(50): CodeIgniter\Debug\Exceptions->errorHandler(2, 'Undefined array key "product_id"', 'C:\\xampp\\htdocs\\truflow\\app\\Views\\front\\product.php', 50)
 2 SYSTEMPATH\View\View.php(213): include('C:\\xampp\\htdocs\\truflow\\app\\Views\\front\\product.php')
 3 SYSTEMPATH\View\View.php(216): CodeIgniter\View\View->CodeIgniter\View\{closure}()
 4 SYSTEMPATH\Common.php(1184): CodeIgniter\View\View->render('front/product', [], true)
 5 APPPATH\Controllers\Home.php(414): view('front/product', [...])
 6 SYSTEMPATH\CodeIgniter.php(934): App\Controllers\Home->product('1')
 7 SYSTEMPATH\CodeIgniter.php(499): CodeIgniter\CodeIgniter->runController(Object(App\Controllers\Home))
 8 SYSTEMPATH\CodeIgniter.php(368): CodeIgniter\CodeIgniter->handleRequest(null, Object(Config\Cache), false)
 9 FCPATH\index.php(68): CodeIgniter\CodeIgniter->run()
CRITICAL - 2023-07-20 09:34:08 --> Undefined array key "product_id"
in APPPATH\Views\front\product.php on line 50.
 1 APPPATH\Views\front\product.php(50): CodeIgniter\Debug\Exceptions->errorHandler(2, 'Undefined array key "product_id"', 'C:\\xampp\\htdocs\\truflow\\app\\Views\\front\\product.php', 50)
 2 SYSTEMPATH\View\View.php(213): include('C:\\xampp\\htdocs\\truflow\\app\\Views\\front\\product.php')
 3 SYSTEMPATH\View\View.php(216): CodeIgniter\View\View->CodeIgniter\View\{closure}()
 4 SYSTEMPATH\Common.php(1184): CodeIgniter\View\View->render('front/product', [], true)
 5 APPPATH\Controllers\Home.php(414): view('front/product', [...])
 6 SYSTEMPATH\CodeIgniter.php(934): App\Controllers\Home->product('1')
 7 SYSTEMPATH\CodeIgniter.php(499): CodeIgniter\CodeIgniter->runController(Object(App\Controllers\Home))
 8 SYSTEMPATH\CodeIgniter.php(368): CodeIgniter\CodeIgniter->handleRequest(null, Object(Config\Cache), false)
 9 FCPATH\index.php(68): CodeIgniter\CodeIgniter->run()
CRITICAL - 2023-07-20 09:34:28 --> Undefined array key "sub_cat"
in APPPATH\Views\front\product.php on line 57.
 1 APPPATH\Views\front\product.php(57): CodeIgniter\Debug\Exceptions->errorHandler(2, 'Undefined array key "sub_cat"', 'C:\\xampp\\htdocs\\truflow\\app\\Views\\front\\product.php', 57)
 2 SYSTEMPATH\View\View.php(213): include('C:\\xampp\\htdocs\\truflow\\app\\Views\\front\\product.php')
 3 SYSTEMPATH\View\View.php(216): CodeIgniter\View\View->CodeIgniter\View\{closure}()
 4 SYSTEMPATH\Common.php(1184): CodeIgniter\View\View->render('front/product', [], true)
 5 APPPATH\Controllers\Home.php(414): view('front/product', [...])
 6 SYSTEMPATH\CodeIgniter.php(934): App\Controllers\Home->product('1')
 7 SYSTEMPATH\CodeIgniter.php(499): CodeIgniter\CodeIgniter->runController(Object(App\Controllers\Home))
 8 SYSTEMPATH\CodeIgniter.php(368): CodeIgniter\CodeIgniter->handleRequest(null, Object(Config\Cache), false)
 9 FCPATH\index.php(68): CodeIgniter\CodeIgniter->run()
CRITICAL - 2023-07-20 09:35:59 --> Undefined array key "product_id"
in APPPATH\Views\front\product.php on line 52.
 1 APPPATH\Views\front\product.php(52): CodeIgniter\Debug\Exceptions->errorHandler(2, 'Undefined array key "product_id"', 'C:\\xampp\\htdocs\\truflow\\app\\Views\\front\\product.php', 52)
 2 SYSTEMPATH\View\View.php(213): include('C:\\xampp\\htdocs\\truflow\\app\\Views\\front\\product.php')
 3 SYSTEMPATH\View\View.php(216): CodeIgniter\View\View->CodeIgniter\View\{closure}()
 4 SYSTEMPATH\Common.php(1184): CodeIgniter\View\View->render('front/product', [], true)
 5 APPPATH\Controllers\Home.php(414): view('front/product', [...])
 6 SYSTEMPATH\CodeIgniter.php(934): App\Controllers\Home->product('1')
 7 SYSTEMPATH\CodeIgniter.php(499): CodeIgniter\CodeIgniter->runController(Object(App\Controllers\Home))
 8 SYSTEMPATH\CodeIgniter.php(368): CodeIgniter\CodeIgniter->handleRequest(null, Object(Config\Cache), false)
 9 FCPATH\index.php(68): CodeIgniter\CodeIgniter->run()
CRITICAL - 2023-07-20 09:37:29 --> Undefined array key "parent"
in APPPATH\Views\front\product.php on line 53.
 1 APPPATH\Views\front\product.php(53): CodeIgniter\Debug\Exceptions->errorHandler(2, 'Undefined array key "parent"', 'C:\\xampp\\htdocs\\truflow\\app\\Views\\front\\product.php', 53)
 2 SYSTEMPATH\View\View.php(213): include('C:\\xampp\\htdocs\\truflow\\app\\Views\\front\\product.php')
 3 SYSTEMPATH\View\View.php(216): CodeIgniter\View\View->CodeIgniter\View\{closure}()
 4 SYSTEMPATH\Common.php(1184): CodeIgniter\View\View->render('front/product', [], true)
 5 APPPATH\Controllers\Home.php(414): view('front/product', [...])
 6 SYSTEMPATH\CodeIgniter.php(934): App\Controllers\Home->product('1')
 7 SYSTEMPATH\CodeIgniter.php(499): CodeIgniter\CodeIgniter->runController(Object(App\Controllers\Home))
 8 SYSTEMPATH\CodeIgniter.php(368): CodeIgniter\CodeIgniter->handleRequest(null, Object(Config\Cache), false)
 9 FCPATH\index.php(68): CodeIgniter\CodeIgniter->run()
CRITICAL - 2023-07-20 09:37:45 --> Undefined array key "sub_cat"
in APPPATH\Views\front\product.php on line 59.
 1 APPPATH\Views\front\product.php(59): CodeIgniter\Debug\Exceptions->errorHandler(2, 'Undefined array key "sub_cat"', 'C:\\xampp\\htdocs\\truflow\\app\\Views\\front\\product.php', 59)
 2 SYSTEMPATH\View\View.php(213): include('C:\\xampp\\htdocs\\truflow\\app\\Views\\front\\product.php')
 3 SYSTEMPATH\View\View.php(216): CodeIgniter\View\View->CodeIgniter\View\{closure}()
 4 SYSTEMPATH\Common.php(1184): CodeIgniter\View\View->render('front/product', [], true)
 5 APPPATH\Controllers\Home.php(414): view('front/product', [...])
 6 SYSTEMPATH\CodeIgniter.php(934): App\Controllers\Home->product('1')
 7 SYSTEMPATH\CodeIgniter.php(499): CodeIgniter\CodeIgniter->runController(Object(App\Controllers\Home))
 8 SYSTEMPATH\CodeIgniter.php(368): CodeIgniter\CodeIgniter->handleRequest(null, Object(Config\Cache), false)
 9 FCPATH\index.php(68): CodeIgniter\CodeIgniter->run()
CRITICAL - 2023-07-20 09:41:59 --> Undefined variable $responseArr
in APPPATH\Views\front\product.php on line 2.
 1 APPPATH\Views\front\product.php(2): CodeIgniter\Debug\Exceptions->errorHandler(2, 'Undefined variable $responseArr', 'C:\\xampp\\htdocs\\truflow\\app\\Views\\front\\product.php', 2)
 2 SYSTEMPATH\View\View.php(213): include('C:\\xampp\\htdocs\\truflow\\app\\Views\\front\\product.php')
 3 SYSTEMPATH\View\View.php(216): CodeIgniter\View\View->CodeIgniter\View\{closure}()
 4 SYSTEMPATH\Common.php(1184): CodeIgniter\View\View->render('front/product', [], true)
 5 APPPATH\Controllers\Home.php(399): view('front/product', [...])
 6 SYSTEMPATH\CodeIgniter.php(934): App\Controllers\Home->product('1')
 7 SYSTEMPATH\CodeIgniter.php(499): CodeIgniter\CodeIgniter->runController(Object(App\Controllers\Home))
 8 SYSTEMPATH\CodeIgniter.php(368): CodeIgniter\CodeIgniter->handleRequest(null, Object(Config\Cache), false)
 9 FCPATH\index.php(68): CodeIgniter\CodeIgniter->run()
CRITICAL - 2023-07-20 09:59:29 --> Undefined array key "sub_cat"
in APPPATH\Views\front\product.php on line 4.
 1 APPPATH\Views\front\product.php(4): CodeIgniter\Debug\Exceptions->errorHandler(2, 'Undefined array key "sub_cat"', 'C:\\xampp\\htdocs\\truflow\\app\\Views\\front\\product.php', 4)
 2 SYSTEMPATH\View\View.php(213): include('C:\\xampp\\htdocs\\truflow\\app\\Views\\front\\product.php')
 3 SYSTEMPATH\View\View.php(216): CodeIgniter\View\View->CodeIgniter\View\{closure}()
 4 SYSTEMPATH\Common.php(1184): CodeIgniter\View\View->render('front/product', [], true)
 5 APPPATH\Controllers\Home.php(399): view('front/product', [...])
 6 SYSTEMPATH\CodeIgniter.php(934): App\Controllers\Home->product('1')
 7 SYSTEMPATH\CodeIgniter.php(499): CodeIgniter\CodeIgniter->runController(Object(App\Controllers\Home))
 8 SYSTEMPATH\CodeIgniter.php(368): CodeIgniter\CodeIgniter->handleRequest(null, Object(Config\Cache), false)
 9 FCPATH\index.php(68): CodeIgniter\CodeIgniter->run()
CRITICAL - 2023-07-20 10:03:16 --> Cannot access offset of type string on string
in APPPATH\Views\front\product.php on line 7.
 1 SYSTEMPATH\View\View.php(213): include()
 2 SYSTEMPATH\View\View.php(216): CodeIgniter\View\View->CodeIgniter\View\{closure}()
 3 SYSTEMPATH\Common.php(1184): CodeIgniter\View\View->render('front/product', [], true)
 4 APPPATH\Controllers\Home.php(399): view('front/product', [...])
 5 SYSTEMPATH\CodeIgniter.php(934): App\Controllers\Home->product('1')
 6 SYSTEMPATH\CodeIgniter.php(499): CodeIgniter\CodeIgniter->runController(Object(App\Controllers\Home))
 7 SYSTEMPATH\CodeIgniter.php(368): CodeIgniter\CodeIgniter->handleRequest(null, Object(Config\Cache), false)
 8 FCPATH\index.php(68): CodeIgniter\CodeIgniter->run()
CRITICAL - 2023-07-20 10:26:56 --> Undefined array key 0
in APPPATH\Views\front\product.php on line 65.
 1 APPPATH\Views\front\product.php(65): CodeIgniter\Debug\Exceptions->errorHandler(2, 'Undefined array key 0', 'C:\\xampp\\htdocs\\truflow\\app\\Views\\front\\product.php', 65)
 2 SYSTEMPATH\View\View.php(213): include('C:\\xampp\\htdocs\\truflow\\app\\Views\\front\\product.php')
 3 SYSTEMPATH\View\View.php(216): CodeIgniter\View\View->CodeIgniter\View\{closure}()
 4 SYSTEMPATH\Common.php(1184): CodeIgniter\View\View->render('front/product', [], true)
 5 APPPATH\Controllers\Home.php(399): view('front/product', [...])
 6 SYSTEMPATH\CodeIgniter.php(934): App\Controllers\Home->product('1')
 7 SYSTEMPATH\CodeIgniter.php(499): CodeIgniter\CodeIgniter->runController(Object(App\Controllers\Home))
 8 SYSTEMPATH\CodeIgniter.php(368): CodeIgniter\CodeIgniter->handleRequest(null, Object(Config\Cache), false)
 9 FCPATH\index.php(68): CodeIgniter\CodeIgniter->run()
CRITICAL - 2023-07-20 10:27:17 --> Undefined array key 0
in APPPATH\Views\front\product.php on line 65.
 1 APPPATH\Views\front\product.php(65): CodeIgniter\Debug\Exceptions->errorHandler(2, 'Undefined array key 0', 'C:\\xampp\\htdocs\\truflow\\app\\Views\\front\\product.php', 65)
 2 SYSTEMPATH\View\View.php(213): include('C:\\xampp\\htdocs\\truflow\\app\\Views\\front\\product.php')
 3 SYSTEMPATH\View\View.php(216): CodeIgniter\View\View->CodeIgniter\View\{closure}()
 4 SYSTEMPATH\Common.php(1184): CodeIgniter\View\View->render('front/product', [], true)
 5 APPPATH\Controllers\Home.php(399): view('front/product', [...])
 6 SYSTEMPATH\CodeIgniter.php(934): App\Controllers\Home->product('1')
 7 SYSTEMPATH\CodeIgniter.php(499): CodeIgniter\CodeIgniter->runController(Object(App\Controllers\Home))
 8 SYSTEMPATH\CodeIgniter.php(368): CodeIgniter\CodeIgniter->handleRequest(null, Object(Config\Cache), false)
 9 FCPATH\index.php(68): CodeIgniter\CodeIgniter->run()
CRITICAL - 2023-07-20 10:27:39 --> Undefined array key "child_sub_category_name"
in APPPATH\Views\front\product.php on line 65.
 1 APPPATH\Views\front\product.php(65): CodeIgniter\Debug\Exceptions->errorHandler(2, 'Undefined array key "child_sub_category_name"', 'C:\\xampp\\htdocs\\truflow\\app\\Views\\front\\product.php', 65)
 2 SYSTEMPATH\View\View.php(213): include('C:\\xampp\\htdocs\\truflow\\app\\Views\\front\\product.php')
 3 SYSTEMPATH\View\View.php(216): CodeIgniter\View\View->CodeIgniter\View\{closure}()
 4 SYSTEMPATH\Common.php(1184): CodeIgniter\View\View->render('front/product', [], true)
 5 APPPATH\Controllers\Home.php(399): view('front/product', [...])
 6 SYSTEMPATH\CodeIgniter.php(934): App\Controllers\Home->product('1')
 7 SYSTEMPATH\CodeIgniter.php(499): CodeIgniter\CodeIgniter->runController(Object(App\Controllers\Home))
 8 SYSTEMPATH\CodeIgniter.php(368): CodeIgniter\CodeIgniter->handleRequest(null, Object(Config\Cache), false)
 9 FCPATH\index.php(68): CodeIgniter\CodeIgniter->run()
CRITICAL - 2023-07-20 10:34:29 --> Undefined property: stdClass::$child_sub_category_img
in APPPATH\Views\front\product.php on line 43.
 1 APPPATH\Views\front\product.php(43): CodeIgniter\Debug\Exceptions->errorHandler(2, 'Undefined property: stdClass::$child_sub_category_img', 'C:\\xampp\\htdocs\\truflow\\app\\Views\\front\\product.php', 43)
 2 APPPATH\Views\front\product.php(133): displayChildren([...])
 3 SYSTEMPATH\View\View.php(213): include('C:\\xampp\\htdocs\\truflow\\app\\Views\\front\\product.php')
 4 SYSTEMPATH\View\View.php(216): CodeIgniter\View\View->CodeIgniter\View\{closure}()
 5 SYSTEMPATH\Common.php(1184): CodeIgniter\View\View->render('front/product', [], true)
 6 APPPATH\Controllers\Home.php(399): view('front/product', [...])
 7 SYSTEMPATH\CodeIgniter.php(934): App\Controllers\Home->product('1')
 8 SYSTEMPATH\CodeIgniter.php(499): CodeIgniter\CodeIgniter->runController(Object(App\Controllers\Home))
 9 SYSTEMPATH\CodeIgniter.php(368): CodeIgniter\CodeIgniter->handleRequest(null, Object(Config\Cache), false)
10 FCPATH\index.php(68): CodeIgniter\CodeIgniter->run()
CRITICAL - 2023-07-20 11:09:57 --> Cannot access offset of type string on string
in APPPATH\Views\front\product.php on line 91.
 1 SYSTEMPATH\View\View.php(213): include()
 2 SYSTEMPATH\View\View.php(216): CodeIgniter\View\View->CodeIgniter\View\{closure}()
 3 SYSTEMPATH\Common.php(1184): CodeIgniter\View\View->render('front/product', [], true)
 4 APPPATH\Controllers\Home.php(398): view('front/product', [...])
 5 SYSTEMPATH\CodeIgniter.php(934): App\Controllers\Home->product('1')
 6 SYSTEMPATH\CodeIgniter.php(499): CodeIgniter\CodeIgniter->runController(Object(App\Controllers\Home))
 7 SYSTEMPATH\CodeIgniter.php(368): CodeIgniter\CodeIgniter->handleRequest(null, Object(Config\Cache), false)
 8 FCPATH\index.php(68): CodeIgniter\CodeIgniter->run()
CRITICAL - 2023-07-20 11:43:46 --> Undefined variable $sub_category_id
in APPPATH\Views\front\product.php on line 104.
 1 APPPATH\Views\front\product.php(104): CodeIgniter\Debug\Exceptions->errorHandler(2, 'Undefined variable $sub_category_id', 'C:\\xampp\\htdocs\\truflow\\app\\Views\\front\\product.php', 104)
 2 SYSTEMPATH\View\View.php(213): include('C:\\xampp\\htdocs\\truflow\\app\\Views\\front\\product.php')
 3 SYSTEMPATH\View\View.php(216): CodeIgniter\View\View->CodeIgniter\View\{closure}()
 4 SYSTEMPATH\Common.php(1184): CodeIgniter\View\View->render('front/product', [], true)
 5 APPPATH\Controllers\Home.php(398): view('front/product', [...])
 6 SYSTEMPATH\CodeIgniter.php(934): App\Controllers\Home->product('2')
 7 SYSTEMPATH\CodeIgniter.php(499): CodeIgniter\CodeIgniter->runController(Object(App\Controllers\Home))
 8 SYSTEMPATH\CodeIgniter.php(368): CodeIgniter\CodeIgniter->handleRequest(null, Object(Config\Cache), false)
 9 FCPATH\index.php(68): CodeIgniter\CodeIgniter->run()
