CRITICAL - 2023-06-14 06:35:56 --> Undefined array key "order_id"
in APPPATH\Controllers\Admin\OrderController.php on line 75.
 1 APPPATH\Controllers\Admin\OrderController.php(75): CodeIgniter\Debug\Exceptions->errorHandler(2, 'Undefined array key "order_id"', 'C:\\xampp\\htdocs\\truflow\\app\\Controllers\\Admin\\OrderController.php', 75)
 2 SYSTEMPATH\CodeIgniter.php(934): App\Controllers\Admin\OrderController->change_order_status()
 3 SYSTEMPATH\CodeIgniter.php(499): CodeIgniter\CodeIgniter->runController(Object(App\Controllers\Admin\OrderController))
 4 SYSTEMPATH\CodeIgniter.php(368): CodeIgniter\CodeIgniter->handleRequest(null, Object(Config\Cache), false)
 5 FCPATH\index.php(68): CodeIgniter\CodeIgniter->run()
CRITICAL - 2023-06-14 06:36:28 --> Undefined array key "order_id"
in APPPATH\Controllers\Admin\OrderController.php on line 75.
 1 APPPATH\Controllers\Admin\OrderController.php(75): CodeIgniter\Debug\Exceptions->errorHandler(2, 'Undefined array key "order_id"', 'C:\\xampp\\htdocs\\truflow\\app\\Controllers\\Admin\\OrderController.php', 75)
 2 SYSTEMPATH\CodeIgniter.php(934): App\Controllers\Admin\OrderController->change_order_status()
 3 SYSTEMPATH\CodeIgniter.php(499): CodeIgniter\CodeIgniter->runController(Object(App\Controllers\Admin\OrderController))
 4 SYSTEMPATH\CodeIgniter.php(368): CodeIgniter\CodeIgniter->handleRequest(null, Object(Config\Cache), false)
 5 FCPATH\index.php(68): CodeIgniter\CodeIgniter->run()
CRITICAL - 2023-06-14 06:37:07 --> Undefined array key "order_id"
in APPPATH\Controllers\Admin\OrderController.php on line 75.
 1 APPPATH\Controllers\Admin\OrderController.php(75): CodeIgniter\Debug\Exceptions->errorHandler(2, 'Undefined array key "order_id"', 'C:\\xampp\\htdocs\\truflow\\app\\Controllers\\Admin\\OrderController.php', 75)
 2 SYSTEMPATH\CodeIgniter.php(934): App\Controllers\Admin\OrderController->change_order_status()
 3 SYSTEMPATH\CodeIgniter.php(499): CodeIgniter\CodeIgniter->runController(Object(App\Controllers\Admin\OrderController))
 4 SYSTEMPATH\CodeIgniter.php(368): CodeIgniter\CodeIgniter->handleRequest(null, Object(Config\Cache), false)
 5 FCPATH\index.php(68): CodeIgniter\CodeIgniter->run()
CRITICAL - 2023-06-14 06:37:45 --> Undefined array key "order_id"
in APPPATH\Controllers\Admin\OrderController.php on line 75.
 1 APPPATH\Controllers\Admin\OrderController.php(75): CodeIgniter\Debug\Exceptions->errorHandler(2, 'Undefined array key "order_id"', 'C:\\xampp\\htdocs\\truflow\\app\\Controllers\\Admin\\OrderController.php', 75)
 2 SYSTEMPATH\CodeIgniter.php(934): App\Controllers\Admin\OrderController->change_order_status()
 3 SYSTEMPATH\CodeIgniter.php(499): CodeIgniter\CodeIgniter->runController(Object(App\Controllers\Admin\OrderController))
 4 SYSTEMPATH\CodeIgniter.php(368): CodeIgniter\CodeIgniter->handleRequest(null, Object(Config\Cache), false)
 5 FCPATH\index.php(68): CodeIgniter\CodeIgniter->run()
CRITICAL - 2023-06-14 06:38:10 --> Undefined array key "order_id"
in APPPATH\Controllers\Admin\OrderController.php on line 75.
 1 APPPATH\Controllers\Admin\OrderController.php(75): CodeIgniter\Debug\Exceptions->errorHandler(2, 'Undefined array key "order_id"', 'C:\\xampp\\htdocs\\truflow\\app\\Controllers\\Admin\\OrderController.php', 75)
 2 SYSTEMPATH\CodeIgniter.php(934): App\Controllers\Admin\OrderController->change_order_status()
 3 SYSTEMPATH\CodeIgniter.php(499): CodeIgniter\CodeIgniter->runController(Object(App\Controllers\Admin\OrderController))
 4 SYSTEMPATH\CodeIgniter.php(368): CodeIgniter\CodeIgniter->handleRequest(null, Object(Config\Cache), false)
 5 FCPATH\index.php(68): CodeIgniter\CodeIgniter->run()
CRITICAL - 2023-06-14 06:38:53 --> Undefined array key "order_id"
in APPPATH\Controllers\Admin\OrderController.php on line 75.
 1 APPPATH\Controllers\Admin\OrderController.php(75): CodeIgniter\Debug\Exceptions->errorHandler(2, 'Undefined array key "order_id"', 'C:\\xampp\\htdocs\\truflow\\app\\Controllers\\Admin\\OrderController.php', 75)
 2 SYSTEMPATH\CodeIgniter.php(934): App\Controllers\Admin\OrderController->change_order_status()
 3 SYSTEMPATH\CodeIgniter.php(499): CodeIgniter\CodeIgniter->runController(Object(App\Controllers\Admin\OrderController))
 4 SYSTEMPATH\CodeIgniter.php(368): CodeIgniter\CodeIgniter->handleRequest(null, Object(Config\Cache), false)
 5 FCPATH\index.php(68): CodeIgniter\CodeIgniter->run()
CRITICAL - 2023-06-14 06:41:42 --> Undefined array key "order_id"
in APPPATH\Controllers\Admin\OrderController.php on line 77.
 1 APPPATH\Controllers\Admin\OrderController.php(77): CodeIgniter\Debug\Exceptions->errorHandler(2, 'Undefined array key "order_id"', 'C:\\xampp\\htdocs\\truflow\\app\\Controllers\\Admin\\OrderController.php', 77)
 2 SYSTEMPATH\CodeIgniter.php(934): App\Controllers\Admin\OrderController->change_order_status()
 3 SYSTEMPATH\CodeIgniter.php(499): CodeIgniter\CodeIgniter->runController(Object(App\Controllers\Admin\OrderController))
 4 SYSTEMPATH\CodeIgniter.php(368): CodeIgniter\CodeIgniter->handleRequest(null, Object(Config\Cache), false)
 5 FCPATH\index.php(68): CodeIgniter\CodeIgniter->run()
CRITICAL - 2023-06-14 06:46:00 --> Undefined array key "order_id"
in APPPATH\Controllers\Admin\OrderController.php on line 78.
 1 APPPATH\Controllers\Admin\OrderController.php(78): CodeIgniter\Debug\Exceptions->errorHandler(2, 'Undefined array key "order_id"', 'C:\\xampp\\htdocs\\truflow\\app\\Controllers\\Admin\\OrderController.php', 78)
 2 SYSTEMPATH\CodeIgniter.php(934): App\Controllers\Admin\OrderController->change_order_status()
 3 SYSTEMPATH\CodeIgniter.php(499): CodeIgniter\CodeIgniter->runController(Object(App\Controllers\Admin\OrderController))
 4 SYSTEMPATH\CodeIgniter.php(368): CodeIgniter\CodeIgniter->handleRequest(null, Object(Config\Cache), false)
 5 FCPATH\index.php(68): CodeIgniter\CodeIgniter->run()
CRITICAL - 2023-06-14 06:46:46 --> Undefined array key "order_id"
in APPPATH\Controllers\Admin\OrderController.php on line 78.
 1 APPPATH\Controllers\Admin\OrderController.php(78): CodeIgniter\Debug\Exceptions->errorHandler(2, 'Undefined array key "order_id"', 'C:\\xampp\\htdocs\\truflow\\app\\Controllers\\Admin\\OrderController.php', 78)
 2 SYSTEMPATH\CodeIgniter.php(934): App\Controllers\Admin\OrderController->change_order_status()
 3 SYSTEMPATH\CodeIgniter.php(499): CodeIgniter\CodeIgniter->runController(Object(App\Controllers\Admin\OrderController))
 4 SYSTEMPATH\CodeIgniter.php(368): CodeIgniter\CodeIgniter->handleRequest(null, Object(Config\Cache), false)
 5 FCPATH\index.php(68): CodeIgniter\CodeIgniter->run()
CRITICAL - 2023-06-14 06:48:44 --> Undefined array key "order_id"
in APPPATH\Controllers\Admin\OrderController.php on line 78.
 1 APPPATH\Controllers\Admin\OrderController.php(78): CodeIgniter\Debug\Exceptions->errorHandler(2, 'Undefined array key "order_id"', 'C:\\xampp\\htdocs\\truflow\\app\\Controllers\\Admin\\OrderController.php', 78)
 2 SYSTEMPATH\CodeIgniter.php(934): App\Controllers\Admin\OrderController->change_order_status()
 3 SYSTEMPATH\CodeIgniter.php(499): CodeIgniter\CodeIgniter->runController(Object(App\Controllers\Admin\OrderController))
 4 SYSTEMPATH\CodeIgniter.php(368): CodeIgniter\CodeIgniter->handleRequest(null, Object(Config\Cache), false)
 5 FCPATH\index.php(68): CodeIgniter\CodeIgniter->run()
CRITICAL - 2023-06-14 06:52:13 --> Undefined array key "order_id"
in APPPATH\Controllers\Admin\OrderController.php on line 75.
 1 APPPATH\Controllers\Admin\OrderController.php(75): CodeIgniter\Debug\Exceptions->errorHandler(2, 'Undefined array key "order_id"', 'C:\\xampp\\htdocs\\truflow\\app\\Controllers\\Admin\\OrderController.php', 75)
 2 SYSTEMPATH\CodeIgniter.php(934): App\Controllers\Admin\OrderController->change_order_status()
 3 SYSTEMPATH\CodeIgniter.php(499): CodeIgniter\CodeIgniter->runController(Object(App\Controllers\Admin\OrderController))
 4 SYSTEMPATH\CodeIgniter.php(368): CodeIgniter\CodeIgniter->handleRequest(null, Object(Config\Cache), false)
 5 FCPATH\index.php(68): CodeIgniter\CodeIgniter->run()
CRITICAL - 2023-06-14 06:53:28 --> Undefined array key "order_id"
in APPPATH\Controllers\Admin\OrderController.php on line 75.
 1 APPPATH\Controllers\Admin\OrderController.php(75): CodeIgniter\Debug\Exceptions->errorHandler(2, 'Undefined array key "order_id"', 'C:\\xampp\\htdocs\\truflow\\app\\Controllers\\Admin\\OrderController.php', 75)
 2 SYSTEMPATH\CodeIgniter.php(934): App\Controllers\Admin\OrderController->change_order_status()
 3 SYSTEMPATH\CodeIgniter.php(499): CodeIgniter\CodeIgniter->runController(Object(App\Controllers\Admin\OrderController))
 4 SYSTEMPATH\CodeIgniter.php(368): CodeIgniter\CodeIgniter->handleRequest(null, Object(Config\Cache), false)
 5 FCPATH\index.php(68): CodeIgniter\CodeIgniter->run()
CRITICAL - 2023-06-14 06:53:59 --> Undefined array key "order_id"
in APPPATH\Controllers\Admin\OrderController.php on line 76.
 1 APPPATH\Controllers\Admin\OrderController.php(76): CodeIgniter\Debug\Exceptions->errorHandler(2, 'Undefined array key "order_id"', 'C:\\xampp\\htdocs\\truflow\\app\\Controllers\\Admin\\OrderController.php', 76)
 2 SYSTEMPATH\CodeIgniter.php(934): App\Controllers\Admin\OrderController->change_order_status()
 3 SYSTEMPATH\CodeIgniter.php(499): CodeIgniter\CodeIgniter->runController(Object(App\Controllers\Admin\OrderController))
 4 SYSTEMPATH\CodeIgniter.php(368): CodeIgniter\CodeIgniter->handleRequest(null, Object(Config\Cache), false)
 5 FCPATH\index.php(68): CodeIgniter\CodeIgniter->run()
CRITICAL - 2023-06-14 06:55:53 --> Undefined array key "order_id"
in APPPATH\Controllers\Admin\OrderController.php on line 79.
 1 APPPATH\Controllers\Admin\OrderController.php(79): CodeIgniter\Debug\Exceptions->errorHandler(2, 'Undefined array key "order_id"', 'C:\\xampp\\htdocs\\truflow\\app\\Controllers\\Admin\\OrderController.php', 79)
 2 SYSTEMPATH\CodeIgniter.php(934): App\Controllers\Admin\OrderController->change_order_status()
 3 SYSTEMPATH\CodeIgniter.php(499): CodeIgniter\CodeIgniter->runController(Object(App\Controllers\Admin\OrderController))
 4 SYSTEMPATH\CodeIgniter.php(368): CodeIgniter\CodeIgniter->handleRequest(null, Object(Config\Cache), false)
 5 FCPATH\index.php(68): CodeIgniter\CodeIgniter->run()
CRITICAL - 2023-06-14 06:57:49 --> Undefined array key "order_id"
in APPPATH\Controllers\Admin\OrderController.php on line 76.
 1 APPPATH\Controllers\Admin\OrderController.php(76): CodeIgniter\Debug\Exceptions->errorHandler(2, 'Undefined array key "order_id"', 'C:\\xampp\\htdocs\\truflow\\app\\Controllers\\Admin\\OrderController.php', 76)
 2 SYSTEMPATH\CodeIgniter.php(934): App\Controllers\Admin\OrderController->change_order_status()
 3 SYSTEMPATH\CodeIgniter.php(499): CodeIgniter\CodeIgniter->runController(Object(App\Controllers\Admin\OrderController))
 4 SYSTEMPATH\CodeIgniter.php(368): CodeIgniter\CodeIgniter->handleRequest(null, Object(Config\Cache), false)
 5 FCPATH\index.php(68): CodeIgniter\CodeIgniter->run()
CRITICAL - 2023-06-14 06:58:25 --> Undefined array key "order_id"
in APPPATH\Controllers\Admin\OrderController.php on line 76.
 1 APPPATH\Controllers\Admin\OrderController.php(76): CodeIgniter\Debug\Exceptions->errorHandler(2, 'Undefined array key "order_id"', 'C:\\xampp\\htdocs\\truflow\\app\\Controllers\\Admin\\OrderController.php', 76)
 2 SYSTEMPATH\CodeIgniter.php(934): App\Controllers\Admin\OrderController->change_order_status()
 3 SYSTEMPATH\CodeIgniter.php(499): CodeIgniter\CodeIgniter->runController(Object(App\Controllers\Admin\OrderController))
 4 SYSTEMPATH\CodeIgniter.php(368): CodeIgniter\CodeIgniter->handleRequest(null, Object(Config\Cache), false)
 5 FCPATH\index.php(68): CodeIgniter\CodeIgniter->run()
CRITICAL - 2023-06-14 06:59:48 --> Undefined array key "order_id"
in APPPATH\Controllers\Admin\OrderController.php on line 79.
 1 APPPATH\Controllers\Admin\OrderController.php(79): CodeIgniter\Debug\Exceptions->errorHandler(2, 'Undefined array key "order_id"', 'C:\\xampp\\htdocs\\truflow\\app\\Controllers\\Admin\\OrderController.php', 79)
 2 SYSTEMPATH\CodeIgniter.php(934): App\Controllers\Admin\OrderController->change_order_status()
 3 SYSTEMPATH\CodeIgniter.php(499): CodeIgniter\CodeIgniter->runController(Object(App\Controllers\Admin\OrderController))
 4 SYSTEMPATH\CodeIgniter.php(368): CodeIgniter\CodeIgniter->handleRequest(null, Object(Config\Cache), false)
 5 FCPATH\index.php(68): CodeIgniter\CodeIgniter->run()
CRITICAL - 2023-06-14 06:59:55 --> Undefined array key "order_id"
in APPPATH\Controllers\Admin\OrderController.php on line 79.
 1 APPPATH\Controllers\Admin\OrderController.php(79): CodeIgniter\Debug\Exceptions->errorHandler(2, 'Undefined array key "order_id"', 'C:\\xampp\\htdocs\\truflow\\app\\Controllers\\Admin\\OrderController.php', 79)
 2 SYSTEMPATH\CodeIgniter.php(934): App\Controllers\Admin\OrderController->change_order_status()
 3 SYSTEMPATH\CodeIgniter.php(499): CodeIgniter\CodeIgniter->runController(Object(App\Controllers\Admin\OrderController))
 4 SYSTEMPATH\CodeIgniter.php(368): CodeIgniter\CodeIgniter->handleRequest(null, Object(Config\Cache), false)
 5 FCPATH\index.php(68): CodeIgniter\CodeIgniter->run()
CRITICAL - 2023-06-14 07:01:07 --> Undefined array key "order_id"
in APPPATH\Controllers\Admin\OrderController.php on line 76.
 1 APPPATH\Controllers\Admin\OrderController.php(76): CodeIgniter\Debug\Exceptions->errorHandler(2, 'Undefined array key "order_id"', 'C:\\xampp\\htdocs\\truflow\\app\\Controllers\\Admin\\OrderController.php', 76)
 2 SYSTEMPATH\CodeIgniter.php(934): App\Controllers\Admin\OrderController->change_order_status()
 3 SYSTEMPATH\CodeIgniter.php(499): CodeIgniter\CodeIgniter->runController(Object(App\Controllers\Admin\OrderController))
 4 SYSTEMPATH\CodeIgniter.php(368): CodeIgniter\CodeIgniter->handleRequest(null, Object(Config\Cache), false)
 5 FCPATH\index.php(68): CodeIgniter\CodeIgniter->run()
CRITICAL - 2023-06-14 07:01:31 --> Undefined array key "order_id"
in APPPATH\Controllers\Admin\OrderController.php on line 76.
 1 APPPATH\Controllers\Admin\OrderController.php(76): CodeIgniter\Debug\Exceptions->errorHandler(2, 'Undefined array key "order_id"', 'C:\\xampp\\htdocs\\truflow\\app\\Controllers\\Admin\\OrderController.php', 76)
 2 SYSTEMPATH\CodeIgniter.php(934): App\Controllers\Admin\OrderController->change_order_status()
 3 SYSTEMPATH\CodeIgniter.php(499): CodeIgniter\CodeIgniter->runController(Object(App\Controllers\Admin\OrderController))
 4 SYSTEMPATH\CodeIgniter.php(368): CodeIgniter\CodeIgniter->handleRequest(null, Object(Config\Cache), false)
 5 FCPATH\index.php(68): CodeIgniter\CodeIgniter->run()
CRITICAL - 2023-06-14 07:01:36 --> Undefined array key "order_id"
in APPPATH\Controllers\Admin\OrderController.php on line 76.
 1 APPPATH\Controllers\Admin\OrderController.php(76): CodeIgniter\Debug\Exceptions->errorHandler(2, 'Undefined array key "order_id"', 'C:\\xampp\\htdocs\\truflow\\app\\Controllers\\Admin\\OrderController.php', 76)
 2 SYSTEMPATH\CodeIgniter.php(934): App\Controllers\Admin\OrderController->change_order_status()
 3 SYSTEMPATH\CodeIgniter.php(499): CodeIgniter\CodeIgniter->runController(Object(App\Controllers\Admin\OrderController))
 4 SYSTEMPATH\CodeIgniter.php(368): CodeIgniter\CodeIgniter->handleRequest(null, Object(Config\Cache), false)
 5 FCPATH\index.php(68): CodeIgniter\CodeIgniter->run()
CRITICAL - 2023-06-14 07:01:54 --> Undefined array key "order_id"
in APPPATH\Controllers\Admin\OrderController.php on line 76.
 1 APPPATH\Controllers\Admin\OrderController.php(76): CodeIgniter\Debug\Exceptions->errorHandler(2, 'Undefined array key "order_id"', 'C:\\xampp\\htdocs\\truflow\\app\\Controllers\\Admin\\OrderController.php', 76)
 2 SYSTEMPATH\CodeIgniter.php(934): App\Controllers\Admin\OrderController->change_order_status()
 3 SYSTEMPATH\CodeIgniter.php(499): CodeIgniter\CodeIgniter->runController(Object(App\Controllers\Admin\OrderController))
 4 SYSTEMPATH\CodeIgniter.php(368): CodeIgniter\CodeIgniter->handleRequest(null, Object(Config\Cache), false)
 5 FCPATH\index.php(68): CodeIgniter\CodeIgniter->run()
CRITICAL - 2023-06-14 07:03:48 --> Undefined array key "order_id"
in APPPATH\Controllers\Admin\OrderController.php on line 76.
 1 APPPATH\Controllers\Admin\OrderController.php(76): CodeIgniter\Debug\Exceptions->errorHandler(2, 'Undefined array key "order_id"', 'C:\\xampp\\htdocs\\truflow\\app\\Controllers\\Admin\\OrderController.php', 76)
 2 SYSTEMPATH\CodeIgniter.php(934): App\Controllers\Admin\OrderController->change_order_status()
 3 SYSTEMPATH\CodeIgniter.php(499): CodeIgniter\CodeIgniter->runController(Object(App\Controllers\Admin\OrderController))
 4 SYSTEMPATH\CodeIgniter.php(368): CodeIgniter\CodeIgniter->handleRequest(null, Object(Config\Cache), false)
 5 FCPATH\index.php(68): CodeIgniter\CodeIgniter->run()
CRITICAL - 2023-06-14 07:05:14 --> Undefined array key "order_id"
in APPPATH\Controllers\Admin\OrderController.php on line 76.
 1 APPPATH\Controllers\Admin\OrderController.php(76): CodeIgniter\Debug\Exceptions->errorHandler(2, 'Undefined array key "order_id"', 'C:\\xampp\\htdocs\\truflow\\app\\Controllers\\Admin\\OrderController.php', 76)
 2 SYSTEMPATH\CodeIgniter.php(934): App\Controllers\Admin\OrderController->change_order_status()
 3 SYSTEMPATH\CodeIgniter.php(499): CodeIgniter\CodeIgniter->runController(Object(App\Controllers\Admin\OrderController))
 4 SYSTEMPATH\CodeIgniter.php(368): CodeIgniter\CodeIgniter->handleRequest(null, Object(Config\Cache), false)
 5 FCPATH\index.php(68): CodeIgniter\CodeIgniter->run()
CRITICAL - 2023-06-14 08:05:12 --> Undefined array key "order_id"
in APPPATH\Controllers\Admin\OrderController.php on line 76.
 1 APPPATH\Controllers\Admin\OrderController.php(76): CodeIgniter\Debug\Exceptions->errorHandler(2, 'Undefined array key "order_id"', 'C:\\xampp\\htdocs\\truflow\\app\\Controllers\\Admin\\OrderController.php', 76)
 2 SYSTEMPATH\CodeIgniter.php(934): App\Controllers\Admin\OrderController->change_order_status()
 3 SYSTEMPATH\CodeIgniter.php(499): CodeIgniter\CodeIgniter->runController(Object(App\Controllers\Admin\OrderController))
 4 SYSTEMPATH\CodeIgniter.php(368): CodeIgniter\CodeIgniter->handleRequest(null, Object(Config\Cache), false)
 5 FCPATH\index.php(68): CodeIgniter\CodeIgniter->run()
CRITICAL - 2023-06-14 11:49:52 --> unlink(public/front/images/partner_images/1683790955_bannerImg_pl1.png): No such file or directory
in APPPATH\Controllers\Admin\SettingsController.php on line 136.
 1 [internal function]: CodeIgniter\Debug\Exceptions->errorHandler(2, 'unlink(public/front/images/partner_images/1683790955_bannerImg_pl1.png): No such file or directory', 'C:\\xampp\\htdocs\\truflow\\app\\Controllers\\Admin\\SettingsController.php', 136)
 2 APPPATH\Controllers\Admin\SettingsController.php(136): unlink('public/front/images/partner_images/1683790955_bannerImg_pl1.png')
 3 APPPATH\Controllers\Admin\SettingsController.php(70): App\Controllers\Admin\SettingsController->partnerImages('6', 'partner')
 4 SYSTEMPATH\CodeIgniter.php(934): App\Controllers\Admin\SettingsController->settingsSave()
 5 SYSTEMPATH\CodeIgniter.php(499): CodeIgniter\CodeIgniter->runController(Object(App\Controllers\Admin\SettingsController))
 6 SYSTEMPATH\CodeIgniter.php(368): CodeIgniter\CodeIgniter->handleRequest(null, Object(Config\Cache), false)
 7 FCPATH\index.php(68): CodeIgniter\CodeIgniter->run()
CRITICAL - 2023-06-14 11:51:15 --> Undefined array key "id"
in APPPATH\Controllers\Admin\SettingsController.php on line 137.
 1 APPPATH\Controllers\Admin\SettingsController.php(137): CodeIgniter\Debug\Exceptions->errorHandler(2, 'Undefined array key "id"', 'C:\\xampp\\htdocs\\truflow\\app\\Controllers\\Admin\\SettingsController.php', 137)
 2 APPPATH\Controllers\Admin\SettingsController.php(70): App\Controllers\Admin\SettingsController->partnerImages('6', 'partner')
 3 SYSTEMPATH\CodeIgniter.php(934): App\Controllers\Admin\SettingsController->settingsSave()
 4 SYSTEMPATH\CodeIgniter.php(499): CodeIgniter\CodeIgniter->runController(Object(App\Controllers\Admin\SettingsController))
 5 SYSTEMPATH\CodeIgniter.php(368): CodeIgniter\CodeIgniter->handleRequest(null, Object(Config\Cache), false)
 6 FCPATH\index.php(68): CodeIgniter\CodeIgniter->run()
CRITICAL - 2023-06-14 11:52:10 --> unlink(public/front/images/partner_images/1686743462_bannerImg_pl1.png): No such file or directory
in APPPATH\Controllers\Admin\SettingsController.php on line 136.
 1 [internal function]: CodeIgniter\Debug\Exceptions->errorHandler(2, 'unlink(public/front/images/partner_images/1686743462_bannerImg_pl1.png): No such file or directory', 'C:\\xampp\\htdocs\\truflow\\app\\Controllers\\Admin\\SettingsController.php', 136)
 2 APPPATH\Controllers\Admin\SettingsController.php(136): unlink('public/front/images/partner_images/1686743462_bannerImg_pl1.png')
 3 APPPATH\Controllers\Admin\SettingsController.php(70): App\Controllers\Admin\SettingsController->partnerImages('6', 'partner')
 4 SYSTEMPATH\CodeIgniter.php(934): App\Controllers\Admin\SettingsController->settingsSave()
 5 SYSTEMPATH\CodeIgniter.php(499): CodeIgniter\CodeIgniter->runController(Object(App\Controllers\Admin\SettingsController))
 6 SYSTEMPATH\CodeIgniter.php(368): CodeIgniter\CodeIgniter->handleRequest(null, Object(Config\Cache), false)
 7 FCPATH\index.php(68): CodeIgniter\CodeIgniter->run()
CRITICAL - 2023-06-14 11:52:52 --> unlink(public/front/images/partner_images/1686743462_bannerImg_pl1.png): No such file or directory
in APPPATH\Controllers\Admin\SettingsController.php on line 136.
 1 [internal function]: CodeIgniter\Debug\Exceptions->errorHandler(2, 'unlink(public/front/images/partner_images/1686743462_bannerImg_pl1.png): No such file or directory', 'C:\\xampp\\htdocs\\truflow\\app\\Controllers\\Admin\\SettingsController.php', 136)
 2 APPPATH\Controllers\Admin\SettingsController.php(136): unlink('public/front/images/partner_images/1686743462_bannerImg_pl1.png')
 3 APPPATH\Controllers\Admin\SettingsController.php(70): App\Controllers\Admin\SettingsController->partnerImages('6', 'partner')
 4 SYSTEMPATH\CodeIgniter.php(934): App\Controllers\Admin\SettingsController->settingsSave()
 5 SYSTEMPATH\CodeIgniter.php(499): CodeIgniter\CodeIgniter->runController(Object(App\Controllers\Admin\SettingsController))
 6 SYSTEMPATH\CodeIgniter.php(368): CodeIgniter\CodeIgniter->handleRequest(null, Object(Config\Cache), false)
 7 FCPATH\index.php(68): CodeIgniter\CodeIgniter->run()
CRITICAL - 2023-06-14 11:56:26 --> Undefined array key "id"
in APPPATH\Controllers\Admin\SettingsController.php on line 144.
 1 APPPATH\Controllers\Admin\SettingsController.php(144): CodeIgniter\Debug\Exceptions->errorHandler(2, 'Undefined array key "id"', 'C:\\xampp\\htdocs\\truflow\\app\\Controllers\\Admin\\SettingsController.php', 144)
 2 APPPATH\Controllers\Admin\SettingsController.php(70): App\Controllers\Admin\SettingsController->partnerImages('6', 'partner')
 3 SYSTEMPATH\CodeIgniter.php(934): App\Controllers\Admin\SettingsController->settingsSave()
 4 SYSTEMPATH\CodeIgniter.php(499): CodeIgniter\CodeIgniter->runController(Object(App\Controllers\Admin\SettingsController))
 5 SYSTEMPATH\CodeIgniter.php(368): CodeIgniter\CodeIgniter->handleRequest(null, Object(Config\Cache), false)
 6 FCPATH\index.php(68): CodeIgniter\CodeIgniter->run()
CRITICAL - 2023-06-14 12:01:12 --> Undefined array key 6
in APPPATH\Controllers\Admin\SettingsController.php on line 144.
 1 APPPATH\Controllers\Admin\SettingsController.php(144): CodeIgniter\Debug\Exceptions->errorHandler(2, 'Undefined array key 6', 'C:\\xampp\\htdocs\\truflow\\app\\Controllers\\Admin\\SettingsController.php', 144)
 2 APPPATH\Controllers\Admin\SettingsController.php(70): App\Controllers\Admin\SettingsController->partnerImages('6', 'partner')
 3 SYSTEMPATH\CodeIgniter.php(934): App\Controllers\Admin\SettingsController->settingsSave()
 4 SYSTEMPATH\CodeIgniter.php(499): CodeIgniter\CodeIgniter->runController(Object(App\Controllers\Admin\SettingsController))
 5 SYSTEMPATH\CodeIgniter.php(368): CodeIgniter\CodeIgniter->handleRequest(null, Object(Config\Cache), false)
 6 FCPATH\index.php(68): CodeIgniter\CodeIgniter->run()
