CRITICAL - 2023-05-18 05:07:14 --> Invalid file: "front/product_details.php"
in SYSTEMPATH\Exceptions\FrameworkException.php on line 33.
 1 SYSTEMPATH\View\View.php(201): CodeIgniter\Exceptions\FrameworkException::forInvalidFile('front/product_details.php')
 2 SYSTEMPATH\Common.php(1184): CodeIgniter\View\View->render('front/product_details', [], true)
 3 APPPATH\Controllers\Home.php(168): view('front/product_details', [...])
 4 SYSTEMPATH\CodeIgniter.php(934): App\Controllers\Home->product_details('3')
 5 SYSTEMPATH\CodeIgniter.php(499): CodeIgniter\CodeIgniter->runController(Object(App\Controllers\Home))
 6 SYSTEMPATH\CodeIgniter.php(368): CodeIgniter\CodeIgniter->handleRequest(null, Object(Config\Cache), false)
 7 FCPATH\index.php(68): CodeIgniter\CodeIgniter->run()
ERROR - 2023-05-18 05:19:54 --> mysqli_sql_exception: Table 'true_flow.variants' doesn't exist in C:\xampp\htdocs\truflow\system\Database\MySQLi\Connection.php:295
Stack trace:
#0 C:\xampp\htdocs\truflow\system\Database\MySQLi\Connection.php(295): mysqli->query('SELECT *\nFROM `...', 0)
#1 C:\xampp\htdocs\truflow\system\Database\BaseConnection.php(692): CodeIgniter\Database\MySQLi\Connection->execute('SELECT *\nFROM `...')
#2 C:\xampp\htdocs\truflow\system\Database\BaseConnection.php(606): CodeIgniter\Database\BaseConnection->simpleQuery('SELECT *\nFROM `...')
#3 C:\xampp\htdocs\truflow\system\Database\BaseBuilder.php(1616): CodeIgniter\Database\BaseConnection->query('SELECT *\nFROM `...', Array, false)
#4 C:\xampp\htdocs\truflow\system\Model.php(241): CodeIgniter\Database\BaseBuilder->get()
#5 C:\xampp\htdocs\truflow\system\BaseModel.php(618): CodeIgniter\Model->doFindAll(0, 0)
#6 C:\xampp\htdocs\truflow\app\Controllers\Home.php(158): CodeIgniter\BaseModel->findAll()
#7 C:\xampp\htdocs\truflow\system\CodeIgniter.php(934): App\Controllers\Home->product_details('2')
#8 C:\xampp\htdocs\truflow\system\CodeIgniter.php(499): CodeIgniter\CodeIgniter->runController(Object(App\Controllers\Home))
#9 C:\xampp\htdocs\truflow\system\CodeIgniter.php(368): CodeIgniter\CodeIgniter->handleRequest(NULL, Object(Config\Cache), false)
#10 C:\xampp\htdocs\truflow\index.php(68): CodeIgniter\CodeIgniter->run()
#11 {main}
CRITICAL - 2023-05-18 05:19:54 --> Table 'true_flow.variants' doesn't exist
in SYSTEMPATH\Database\MySQLi\Connection.php on line 295.
 1 SYSTEMPATH\Database\MySQLi\Connection.php(295): mysqli->query('SELECT *
FROM `product`
JOIN `variants` ON `variants`.`product_id` = `product`.`product_id`
WHERE `product`.`product_id` = \'2\'', 0)
 2 SYSTEMPATH\Database\BaseConnection.php(692): CodeIgniter\Database\MySQLi\Connection->execute('SELECT *
FROM `product`
JOIN `variants` ON `variants`.`product_id` = `product`.`product_id`
WHERE `product`.`product_id` = \'2\'')
 3 SYSTEMPATH\Database\BaseConnection.php(606): CodeIgniter\Database\BaseConnection->simpleQuery('SELECT *
FROM `product`
JOIN `variants` ON `variants`.`product_id` = `product`.`product_id`
WHERE `product`.`product_id` = \'2\'')
 4 SYSTEMPATH\Database\BaseBuilder.php(1616): CodeIgniter\Database\BaseConnection->query('SELECT *
FROM `product`
JOIN `variants` ON `variants`.`product_id` = `product`.`product_id`
WHERE `product`.`product_id` = :product.product_id:', [...], false)
 5 SYSTEMPATH\Model.php(241): CodeIgniter\Database\BaseBuilder->get()
 6 SYSTEMPATH\BaseModel.php(618): CodeIgniter\Model->doFindAll(0, 0)
 7 APPPATH\Controllers\Home.php(158): CodeIgniter\BaseModel->findAll()
 8 SYSTEMPATH\CodeIgniter.php(934): App\Controllers\Home->product_details('2')
 9 SYSTEMPATH\CodeIgniter.php(499): CodeIgniter\CodeIgniter->runController(Object(App\Controllers\Home))
10 SYSTEMPATH\CodeIgniter.php(368): CodeIgniter\CodeIgniter->handleRequest(null, Object(Config\Cache), false)
11 FCPATH\index.php(68): CodeIgniter\CodeIgniter->run()
CRITICAL - 2023-05-18 06:52:13 --> Undefined variable $i
in APPPATH\Views\front\product_details.php on line 43.
 1 APPPATH\Views\front\product_details.php(43): CodeIgniter\Debug\Exceptions->errorHandler(2, 'Undefined variable $i', 'C:\\xampp\\htdocs\\truflow\\app\\Views\\front\\product_details.php', 43)
 2 SYSTEMPATH\View\View.php(213): include('C:\\xampp\\htdocs\\truflow\\app\\Views\\front\\product_details.php')
 3 SYSTEMPATH\View\View.php(216): CodeIgniter\View\View->CodeIgniter\View\{closure}()
 4 SYSTEMPATH\Common.php(1184): CodeIgniter\View\View->render('front/product_details', [], true)
 5 APPPATH\Controllers\Home.php(178): view('front/product_details', [...])
 6 SYSTEMPATH\CodeIgniter.php(934): App\Controllers\Home->product_details('2')
 7 SYSTEMPATH\CodeIgniter.php(499): CodeIgniter\CodeIgniter->runController(Object(App\Controllers\Home))
 8 SYSTEMPATH\CodeIgniter.php(368): CodeIgniter\CodeIgniter->handleRequest(null, Object(Config\Cache), false)
 9 FCPATH\index.php(68): CodeIgniter\CodeIgniter->run()
ERROR - 2023-05-18 09:04:15 --> mysqli_sql_exception: You have an error in your SQL syntax; check the manual that corresponds to your MariaDB server version for the right syntax to use near 'MIN(variant_price) AS min_price, MAX(variant_price) AS max_price
WHERE `produ...' at line 3 in C:\xampp\htdocs\truflow\system\Database\MySQLi\Connection.php:295
Stack trace:
#0 C:\xampp\htdocs\truflow\system\Database\MySQLi\Connection.php(295): mysqli->query('SELECT *\nFROM `...', 0)
#1 C:\xampp\htdocs\truflow\system\Database\BaseConnection.php(692): CodeIgniter\Database\MySQLi\Connection->execute('SELECT *\nFROM `...')
#2 C:\xampp\htdocs\truflow\system\Database\BaseConnection.php(606): CodeIgniter\Database\BaseConnection->simpleQuery('SELECT *\nFROM `...')
#3 C:\xampp\htdocs\truflow\system\Database\BaseBuilder.php(1616): CodeIgniter\Database\BaseConnection->query('SELECT *\nFROM `...', Array, false)
#4 C:\xampp\htdocs\truflow\system\Model.php(241): CodeIgniter\Database\BaseBuilder->get()
#5 C:\xampp\htdocs\truflow\system\BaseModel.php(618): CodeIgniter\Model->doFindAll(0, 0)
#6 C:\xampp\htdocs\truflow\app\Controllers\Home.php(160): CodeIgniter\BaseModel->findAll()
#7 C:\xampp\htdocs\truflow\system\CodeIgniter.php(934): App\Controllers\Home->product_details('2')
#8 C:\xampp\htdocs\truflow\system\CodeIgniter.php(499): CodeIgniter\CodeIgniter->runController(Object(App\Controllers\Home))
#9 C:\xampp\htdocs\truflow\system\CodeIgniter.php(368): CodeIgniter\CodeIgniter->handleRequest(NULL, Object(Config\Cache), false)
#10 C:\xampp\htdocs\truflow\index.php(68): CodeIgniter\CodeIgniter->run()
#11 {main}
CRITICAL - 2023-05-18 09:04:15 --> You have an error in your SQL syntax; check the manual that corresponds to your MariaDB server version for the right syntax to use near 'MIN(variant_price) AS min_price, MAX(variant_price) AS max_price
WHERE `produ...' at line 3
in SYSTEMPATH\Database\MySQLi\Connection.php on line 295.
 1 SYSTEMPATH\Database\MySQLi\Connection.php(295): mysqli->query('SELECT *
FROM `product`
JOIN `product_variants` ON `product_variants`.`product_id` = product.product_id, MIN(variant_price) AS min_price, MAX(variant_price) AS max_price
WHERE `product`.`product_id` = \'2\'', 0)
 2 SYSTEMPATH\Database\BaseConnection.php(692): CodeIgniter\Database\MySQLi\Connection->execute('SELECT *
FROM `product`
JOIN `product_variants` ON `product_variants`.`product_id` = product.product_id, MIN(variant_price) AS min_price, MAX(variant_price) AS max_price
WHERE `product`.`product_id` = \'2\'')
 3 SYSTEMPATH\Database\BaseConnection.php(606): CodeIgniter\Database\BaseConnection->simpleQuery('SELECT *
FROM `product`
JOIN `product_variants` ON `product_variants`.`product_id` = product.product_id, MIN(variant_price) AS min_price, MAX(variant_price) AS max_price
WHERE `product`.`product_id` = \'2\'')
 4 SYSTEMPATH\Database\BaseBuilder.php(1616): CodeIgniter\Database\BaseConnection->query('SELECT *
FROM `product`
JOIN `product_variants` ON `product_variants`.`product_id` = product.product_id, MIN(variant_price) AS min_price, MAX(variant_price) AS max_price
WHERE `product`.`product_id` = :product.product_id:', [...], false)
 5 SYSTEMPATH\Model.php(241): CodeIgniter\Database\BaseBuilder->get()
 6 SYSTEMPATH\BaseModel.php(618): CodeIgniter\Model->doFindAll(0, 0)
 7 APPPATH\Controllers\Home.php(160): CodeIgniter\BaseModel->findAll()
 8 SYSTEMPATH\CodeIgniter.php(934): App\Controllers\Home->product_details('2')
 9 SYSTEMPATH\CodeIgniter.php(499): CodeIgniter\CodeIgniter->runController(Object(App\Controllers\Home))
10 SYSTEMPATH\CodeIgniter.php(368): CodeIgniter\CodeIgniter->handleRequest(null, Object(Config\Cache), false)
11 FCPATH\index.php(68): CodeIgniter\CodeIgniter->run()
ERROR - 2023-05-18 09:06:13 --> mysqli_sql_exception: Table 'true_flow.variant' doesn't exist in C:\xampp\htdocs\truflow\system\Database\MySQLi\Connection.php:295
Stack trace:
#0 C:\xampp\htdocs\truflow\system\Database\MySQLi\Connection.php(295): mysqli->query('SELECT `product...', 0)
#1 C:\xampp\htdocs\truflow\system\Database\BaseConnection.php(692): CodeIgniter\Database\MySQLi\Connection->execute('SELECT `product...')
#2 C:\xampp\htdocs\truflow\system\Database\BaseConnection.php(606): CodeIgniter\Database\BaseConnection->simpleQuery('SELECT `product...')
#3 C:\xampp\htdocs\truflow\system\Database\BaseBuilder.php(1616): CodeIgniter\Database\BaseConnection->query('SELECT `product...', Array, false)
#4 C:\xampp\htdocs\truflow\system\Model.php(241): CodeIgniter\Database\BaseBuilder->get()
#5 C:\xampp\htdocs\truflow\system\BaseModel.php(618): CodeIgniter\Model->doFindAll(0, 0)
#6 C:\xampp\htdocs\truflow\app\Controllers\Home.php(165): CodeIgniter\BaseModel->findAll()
#7 C:\xampp\htdocs\truflow\system\CodeIgniter.php(934): App\Controllers\Home->product_details('2')
#8 C:\xampp\htdocs\truflow\system\CodeIgniter.php(499): CodeIgniter\CodeIgniter->runController(Object(App\Controllers\Home))
#9 C:\xampp\htdocs\truflow\system\CodeIgniter.php(368): CodeIgniter\CodeIgniter->handleRequest(NULL, Object(Config\Cache), false)
#10 C:\xampp\htdocs\truflow\index.php(68): CodeIgniter\CodeIgniter->run()
#11 {main}
CRITICAL - 2023-05-18 09:06:13 --> Table 'true_flow.variant' doesn't exist
in SYSTEMPATH\Database\MySQLi\Connection.php on line 295.
 1 SYSTEMPATH\Database\MySQLi\Connection.php(295): mysqli->query('SELECT `product`.*, MIN(variant.variant_price) AS min_price, MAX(variant.variant_price) AS max_price
FROM `product`
JOIN `variant` ON `variant`.`product_id` = `product`.`product_id`
WHERE `product`.`product_id` = \'2\'', 0)
 2 SYSTEMPATH\Database\BaseConnection.php(692): CodeIgniter\Database\MySQLi\Connection->execute('SELECT `product`.*, MIN(variant.variant_price) AS min_price, MAX(variant.variant_price) AS max_price
FROM `product`
JOIN `variant` ON `variant`.`product_id` = `product`.`product_id`
WHERE `product`.`product_id` = \'2\'')
 3 SYSTEMPATH\Database\BaseConnection.php(606): CodeIgniter\Database\BaseConnection->simpleQuery('SELECT `product`.*, MIN(variant.variant_price) AS min_price, MAX(variant.variant_price) AS max_price
FROM `product`
JOIN `variant` ON `variant`.`product_id` = `product`.`product_id`
WHERE `product`.`product_id` = \'2\'')
 4 SYSTEMPATH\Database\BaseBuilder.php(1616): CodeIgniter\Database\BaseConnection->query('SELECT `product`.*, MIN(variant.variant_price) AS min_price, MAX(variant.variant_price) AS max_price
FROM `product`
JOIN `variant` ON `variant`.`product_id` = `product`.`product_id`
WHERE `product`.`product_id` = :product.product_id:', [...], false)
 5 SYSTEMPATH\Model.php(241): CodeIgniter\Database\BaseBuilder->get()
 6 SYSTEMPATH\BaseModel.php(618): CodeIgniter\Model->doFindAll(0, 0)
 7 APPPATH\Controllers\Home.php(165): CodeIgniter\BaseModel->findAll()
 8 SYSTEMPATH\CodeIgniter.php(934): App\Controllers\Home->product_details('2')
 9 SYSTEMPATH\CodeIgniter.php(499): CodeIgniter\CodeIgniter->runController(Object(App\Controllers\Home))
10 SYSTEMPATH\CodeIgniter.php(368): CodeIgniter\CodeIgniter->handleRequest(null, Object(Config\Cache), false)
11 FCPATH\index.php(68): CodeIgniter\CodeIgniter->run()
CRITICAL - 2023-05-18 09:06:49 --> Undefined array key "variant_name"
in APPPATH\Views\front\product_details.php on line 48.
 1 APPPATH\Views\front\product_details.php(48): CodeIgniter\Debug\Exceptions->errorHandler(2, 'Undefined array key "variant_name"', 'C:\\xampp\\htdocs\\truflow\\app\\Views\\front\\product_details.php', 48)
 2 SYSTEMPATH\View\View.php(213): include('C:\\xampp\\htdocs\\truflow\\app\\Views\\front\\product_details.php')
 3 SYSTEMPATH\View\View.php(216): CodeIgniter\View\View->CodeIgniter\View\{closure}()
 4 SYSTEMPATH\Common.php(1184): CodeIgniter\View\View->render('front/product_details', [], true)
 5 APPPATH\Controllers\Home.php(183): view('front/product_details', [...])
 6 SYSTEMPATH\CodeIgniter.php(934): App\Controllers\Home->product_details('2')
 7 SYSTEMPATH\CodeIgniter.php(499): CodeIgniter\CodeIgniter->runController(Object(App\Controllers\Home))
 8 SYSTEMPATH\CodeIgniter.php(368): CodeIgniter\CodeIgniter->handleRequest(null, Object(Config\Cache), false)
 9 FCPATH\index.php(68): CodeIgniter\CodeIgniter->run()
CRITICAL - 2023-05-18 09:07:09 --> Undefined array key "variant_name"
in APPPATH\Views\front\product_details.php on line 48.
 1 APPPATH\Views\front\product_details.php(48): CodeIgniter\Debug\Exceptions->errorHandler(2, 'Undefined array key "variant_name"', 'C:\\xampp\\htdocs\\truflow\\app\\Views\\front\\product_details.php', 48)
 2 SYSTEMPATH\View\View.php(213): include('C:\\xampp\\htdocs\\truflow\\app\\Views\\front\\product_details.php')
 3 SYSTEMPATH\View\View.php(216): CodeIgniter\View\View->CodeIgniter\View\{closure}()
 4 SYSTEMPATH\Common.php(1184): CodeIgniter\View\View->render('front/product_details', [], true)
 5 APPPATH\Controllers\Home.php(183): view('front/product_details', [...])
 6 SYSTEMPATH\CodeIgniter.php(934): App\Controllers\Home->product_details('2')
 7 SYSTEMPATH\CodeIgniter.php(499): CodeIgniter\CodeIgniter->runController(Object(App\Controllers\Home))
 8 SYSTEMPATH\CodeIgniter.php(368): CodeIgniter\CodeIgniter->handleRequest(null, Object(Config\Cache), false)
 9 FCPATH\index.php(68): CodeIgniter\CodeIgniter->run()
CRITICAL - 2023-05-18 09:07:17 --> Undefined array key "variant_name"
in APPPATH\Views\front\product_details.php on line 48.
 1 APPPATH\Views\front\product_details.php(48): CodeIgniter\Debug\Exceptions->errorHandler(2, 'Undefined array key "variant_name"', 'C:\\xampp\\htdocs\\truflow\\app\\Views\\front\\product_details.php', 48)
 2 SYSTEMPATH\View\View.php(213): include('C:\\xampp\\htdocs\\truflow\\app\\Views\\front\\product_details.php')
 3 SYSTEMPATH\View\View.php(216): CodeIgniter\View\View->CodeIgniter\View\{closure}()
 4 SYSTEMPATH\Common.php(1184): CodeIgniter\View\View->render('front/product_details', [], true)
 5 APPPATH\Controllers\Home.php(183): view('front/product_details', [...])
 6 SYSTEMPATH\CodeIgniter.php(934): App\Controllers\Home->product_details('3')
 7 SYSTEMPATH\CodeIgniter.php(499): CodeIgniter\CodeIgniter->runController(Object(App\Controllers\Home))
 8 SYSTEMPATH\CodeIgniter.php(368): CodeIgniter\CodeIgniter->handleRequest(null, Object(Config\Cache), false)
 9 FCPATH\index.php(68): CodeIgniter\CodeIgniter->run()
CRITICAL - 2023-05-18 09:09:27 --> Undefined array key "variant_name"
in APPPATH\Views\front\product_details.php on line 51.
 1 APPPATH\Views\front\product_details.php(51): CodeIgniter\Debug\Exceptions->errorHandler(2, 'Undefined array key "variant_name"', 'C:\\xampp\\htdocs\\truflow\\app\\Views\\front\\product_details.php', 51)
 2 SYSTEMPATH\View\View.php(213): include('C:\\xampp\\htdocs\\truflow\\app\\Views\\front\\product_details.php')
 3 SYSTEMPATH\View\View.php(216): CodeIgniter\View\View->CodeIgniter\View\{closure}()
 4 SYSTEMPATH\Common.php(1184): CodeIgniter\View\View->render('front/product_details', [], true)
 5 APPPATH\Controllers\Home.php(183): view('front/product_details', [...])
 6 SYSTEMPATH\CodeIgniter.php(934): App\Controllers\Home->product_details('3')
 7 SYSTEMPATH\CodeIgniter.php(499): CodeIgniter\CodeIgniter->runController(Object(App\Controllers\Home))
 8 SYSTEMPATH\CodeIgniter.php(368): CodeIgniter\CodeIgniter->handleRequest(null, Object(Config\Cache), false)
 9 FCPATH\index.php(68): CodeIgniter\CodeIgniter->run()
CRITICAL - 2023-05-18 09:09:29 --> Undefined array key "variant_name"
in APPPATH\Views\front\product_details.php on line 51.
 1 APPPATH\Views\front\product_details.php(51): CodeIgniter\Debug\Exceptions->errorHandler(2, 'Undefined array key "variant_name"', 'C:\\xampp\\htdocs\\truflow\\app\\Views\\front\\product_details.php', 51)
 2 SYSTEMPATH\View\View.php(213): include('C:\\xampp\\htdocs\\truflow\\app\\Views\\front\\product_details.php')
 3 SYSTEMPATH\View\View.php(216): CodeIgniter\View\View->CodeIgniter\View\{closure}()
 4 SYSTEMPATH\Common.php(1184): CodeIgniter\View\View->render('front/product_details', [], true)
 5 APPPATH\Controllers\Home.php(183): view('front/product_details', [...])
 6 SYSTEMPATH\CodeIgniter.php(934): App\Controllers\Home->product_details('3')
 7 SYSTEMPATH\CodeIgniter.php(499): CodeIgniter\CodeIgniter->runController(Object(App\Controllers\Home))
 8 SYSTEMPATH\CodeIgniter.php(368): CodeIgniter\CodeIgniter->handleRequest(null, Object(Config\Cache), false)
 9 FCPATH\index.php(68): CodeIgniter\CodeIgniter->run()
CRITICAL - 2023-05-18 09:10:11 --> Undefined array key "variant_name"
in APPPATH\Views\front\product_details.php on line 52.
 1 APPPATH\Views\front\product_details.php(52): CodeIgniter\Debug\Exceptions->errorHandler(2, 'Undefined array key "variant_name"', 'C:\\xampp\\htdocs\\truflow\\app\\Views\\front\\product_details.php', 52)
 2 SYSTEMPATH\View\View.php(213): include('C:\\xampp\\htdocs\\truflow\\app\\Views\\front\\product_details.php')
 3 SYSTEMPATH\View\View.php(216): CodeIgniter\View\View->CodeIgniter\View\{closure}()
 4 SYSTEMPATH\Common.php(1184): CodeIgniter\View\View->render('front/product_details', [], true)
 5 APPPATH\Controllers\Home.php(183): view('front/product_details', [...])
 6 SYSTEMPATH\CodeIgniter.php(934): App\Controllers\Home->product_details('3')
 7 SYSTEMPATH\CodeIgniter.php(499): CodeIgniter\CodeIgniter->runController(Object(App\Controllers\Home))
 8 SYSTEMPATH\CodeIgniter.php(368): CodeIgniter\CodeIgniter->handleRequest(null, Object(Config\Cache), false)
 9 FCPATH\index.php(68): CodeIgniter\CodeIgniter->run()
CRITICAL - 2023-05-18 09:14:40 --> Undefined array key "variant_name"
in APPPATH\Views\front\product_details.php on line 58.
 1 APPPATH\Views\front\product_details.php(58): CodeIgniter\Debug\Exceptions->errorHandler(2, 'Undefined array key "variant_name"', 'C:\\xampp\\htdocs\\truflow\\app\\Views\\front\\product_details.php', 58)
 2 SYSTEMPATH\View\View.php(213): include('C:\\xampp\\htdocs\\truflow\\app\\Views\\front\\product_details.php')
 3 SYSTEMPATH\View\View.php(216): CodeIgniter\View\View->CodeIgniter\View\{closure}()
 4 SYSTEMPATH\Common.php(1184): CodeIgniter\View\View->render('front/product_details', [], true)
 5 APPPATH\Controllers\Home.php(186): view('front/product_details', [...])
 6 SYSTEMPATH\CodeIgniter.php(934): App\Controllers\Home->product_details('3')
 7 SYSTEMPATH\CodeIgniter.php(499): CodeIgniter\CodeIgniter->runController(Object(App\Controllers\Home))
 8 SYSTEMPATH\CodeIgniter.php(368): CodeIgniter\CodeIgniter->handleRequest(null, Object(Config\Cache), false)
 9 FCPATH\index.php(68): CodeIgniter\CodeIgniter->run()
CRITICAL - 2023-05-18 09:19:55 --> Undefined array key "variant_name"
in APPPATH\Views\front\product_details.php on line 58.
 1 APPPATH\Views\front\product_details.php(58): CodeIgniter\Debug\Exceptions->errorHandler(2, 'Undefined array key "variant_name"', 'C:\\xampp\\htdocs\\truflow\\app\\Views\\front\\product_details.php', 58)
 2 SYSTEMPATH\View\View.php(213): include('C:\\xampp\\htdocs\\truflow\\app\\Views\\front\\product_details.php')
 3 SYSTEMPATH\View\View.php(216): CodeIgniter\View\View->CodeIgniter\View\{closure}()
 4 SYSTEMPATH\Common.php(1184): CodeIgniter\View\View->render('front/product_details', [], true)
 5 APPPATH\Controllers\Home.php(183): view('front/product_details', [...])
 6 SYSTEMPATH\CodeIgniter.php(934): App\Controllers\Home->product_details('3')
 7 SYSTEMPATH\CodeIgniter.php(499): CodeIgniter\CodeIgniter->runController(Object(App\Controllers\Home))
 8 SYSTEMPATH\CodeIgniter.php(368): CodeIgniter\CodeIgniter->handleRequest(null, Object(Config\Cache), false)
 9 FCPATH\index.php(68): CodeIgniter\CodeIgniter->run()
CRITICAL - 2023-05-18 09:22:54 --> Undefined array key "min_price"
in APPPATH\Views\front\product_details.php on line 36.
 1 APPPATH\Views\front\product_details.php(36): CodeIgniter\Debug\Exceptions->errorHandler(2, 'Undefined array key "min_price"', 'C:\\xampp\\htdocs\\truflow\\app\\Views\\front\\product_details.php', 36)
 2 SYSTEMPATH\View\View.php(213): include('C:\\xampp\\htdocs\\truflow\\app\\Views\\front\\product_details.php')
 3 SYSTEMPATH\View\View.php(216): CodeIgniter\View\View->CodeIgniter\View\{closure}()
 4 SYSTEMPATH\Common.php(1184): CodeIgniter\View\View->render('front/product_details', [], true)
 5 APPPATH\Controllers\Home.php(183): view('front/product_details', [...])
 6 SYSTEMPATH\CodeIgniter.php(934): App\Controllers\Home->product_details('2')
 7 SYSTEMPATH\CodeIgniter.php(499): CodeIgniter\CodeIgniter->runController(Object(App\Controllers\Home))
 8 SYSTEMPATH\CodeIgniter.php(368): CodeIgniter\CodeIgniter->handleRequest(null, Object(Config\Cache), false)
 9 FCPATH\index.php(68): CodeIgniter\CodeIgniter->run()
CRITICAL - 2023-05-18 09:36:57 --> Undefined variable $productDataPrice
in APPPATH\Views\front\product.php on line 32.
 1 APPPATH\Views\front\product.php(32): CodeIgniter\Debug\Exceptions->errorHandler(2, 'Undefined variable $productDataPrice', 'C:\\xampp\\htdocs\\truflow\\app\\Views\\front\\product.php', 32)
 2 SYSTEMPATH\View\View.php(213): include('C:\\xampp\\htdocs\\truflow\\app\\Views\\front\\product.php')
 3 SYSTEMPATH\View\View.php(216): CodeIgniter\View\View->CodeIgniter\View\{closure}()
 4 SYSTEMPATH\Common.php(1184): CodeIgniter\View\View->render('front/product', [], true)
 5 APPPATH\Controllers\Home.php(142): view('front/product', [...])
 6 SYSTEMPATH\CodeIgniter.php(934): App\Controllers\Home->product('3')
 7 SYSTEMPATH\CodeIgniter.php(499): CodeIgniter\CodeIgniter->runController(Object(App\Controllers\Home))
 8 SYSTEMPATH\CodeIgniter.php(368): CodeIgniter\CodeIgniter->handleRequest(null, Object(Config\Cache), false)
 9 FCPATH\index.php(68): CodeIgniter\CodeIgniter->run()
CRITICAL - 2023-05-18 09:37:06 --> Undefined variable $productDataPrice
in APPPATH\Views\front\product.php on line 32.
 1 APPPATH\Views\front\product.php(32): CodeIgniter\Debug\Exceptions->errorHandler(2, 'Undefined variable $productDataPrice', 'C:\\xampp\\htdocs\\truflow\\app\\Views\\front\\product.php', 32)
 2 SYSTEMPATH\View\View.php(213): include('C:\\xampp\\htdocs\\truflow\\app\\Views\\front\\product.php')
 3 SYSTEMPATH\View\View.php(216): CodeIgniter\View\View->CodeIgniter\View\{closure}()
 4 SYSTEMPATH\Common.php(1184): CodeIgniter\View\View->render('front/product', [], true)
 5 APPPATH\Controllers\Home.php(142): view('front/product', [...])
 6 SYSTEMPATH\CodeIgniter.php(934): App\Controllers\Home->product('3')
 7 SYSTEMPATH\CodeIgniter.php(499): CodeIgniter\CodeIgniter->runController(Object(App\Controllers\Home))
 8 SYSTEMPATH\CodeIgniter.php(368): CodeIgniter\CodeIgniter->handleRequest(null, Object(Config\Cache), false)
 9 FCPATH\index.php(68): CodeIgniter\CodeIgniter->run()
CRITICAL - 2023-05-18 09:37:15 --> Undefined variable $productDataPrice
in APPPATH\Views\front\product.php on line 32.
 1 APPPATH\Views\front\product.php(32): CodeIgniter\Debug\Exceptions->errorHandler(2, 'Undefined variable $productDataPrice', 'C:\\xampp\\htdocs\\truflow\\app\\Views\\front\\product.php', 32)
 2 SYSTEMPATH\View\View.php(213): include('C:\\xampp\\htdocs\\truflow\\app\\Views\\front\\product.php')
 3 SYSTEMPATH\View\View.php(216): CodeIgniter\View\View->CodeIgniter\View\{closure}()
 4 SYSTEMPATH\Common.php(1184): CodeIgniter\View\View->render('front/product', [], true)
 5 APPPATH\Controllers\Home.php(142): view('front/product', [...])
 6 SYSTEMPATH\CodeIgniter.php(934): App\Controllers\Home->product('3')
 7 SYSTEMPATH\CodeIgniter.php(499): CodeIgniter\CodeIgniter->runController(Object(App\Controllers\Home))
 8 SYSTEMPATH\CodeIgniter.php(368): CodeIgniter\CodeIgniter->handleRequest(null, Object(Config\Cache), false)
 9 FCPATH\index.php(68): CodeIgniter\CodeIgniter->run()
CRITICAL - 2023-05-18 09:37:19 --> Undefined variable $productDataPrice
in APPPATH\Views\front\product.php on line 32.
 1 APPPATH\Views\front\product.php(32): CodeIgniter\Debug\Exceptions->errorHandler(2, 'Undefined variable $productDataPrice', 'C:\\xampp\\htdocs\\truflow\\app\\Views\\front\\product.php', 32)
 2 SYSTEMPATH\View\View.php(213): include('C:\\xampp\\htdocs\\truflow\\app\\Views\\front\\product.php')
 3 SYSTEMPATH\View\View.php(216): CodeIgniter\View\View->CodeIgniter\View\{closure}()
 4 SYSTEMPATH\Common.php(1184): CodeIgniter\View\View->render('front/product', [], true)
 5 APPPATH\Controllers\Home.php(142): view('front/product', [...])
 6 SYSTEMPATH\CodeIgniter.php(934): App\Controllers\Home->product('3')
 7 SYSTEMPATH\CodeIgniter.php(499): CodeIgniter\CodeIgniter->runController(Object(App\Controllers\Home))
 8 SYSTEMPATH\CodeIgniter.php(368): CodeIgniter\CodeIgniter->handleRequest(null, Object(Config\Cache), false)
 9 FCPATH\index.php(68): CodeIgniter\CodeIgniter->run()
CRITICAL - 2023-05-18 09:37:40 --> Undefined variable $productDataPrice
in APPPATH\Views\front\product.php on line 42.
 1 APPPATH\Views\front\product.php(42): CodeIgniter\Debug\Exceptions->errorHandler(2, 'Undefined variable $productDataPrice', 'C:\\xampp\\htdocs\\truflow\\app\\Views\\front\\product.php', 42)
 2 SYSTEMPATH\View\View.php(213): include('C:\\xampp\\htdocs\\truflow\\app\\Views\\front\\product.php')
 3 SYSTEMPATH\View\View.php(216): CodeIgniter\View\View->CodeIgniter\View\{closure}()
 4 SYSTEMPATH\Common.php(1184): CodeIgniter\View\View->render('front/product', [], true)
 5 APPPATH\Controllers\Home.php(142): view('front/product', [...])
 6 SYSTEMPATH\CodeIgniter.php(934): App\Controllers\Home->product('3')
 7 SYSTEMPATH\CodeIgniter.php(499): CodeIgniter\CodeIgniter->runController(Object(App\Controllers\Home))
 8 SYSTEMPATH\CodeIgniter.php(368): CodeIgniter\CodeIgniter->handleRequest(null, Object(Config\Cache), false)
 9 FCPATH\index.php(68): CodeIgniter\CodeIgniter->run()
CRITICAL - 2023-05-18 10:31:59 --> Undefined array key "variant_qty"
in APPPATH\Controllers\Home.php on line 183.
 1 APPPATH\Controllers\Home.php(183): CodeIgniter\Debug\Exceptions->errorHandler(2, 'Undefined array key "variant_qty"', 'C:\\xampp\\htdocs\\truflow\\app\\Controllers\\Home.php', 183)
 2 SYSTEMPATH\CodeIgniter.php(934): App\Controllers\Home->add_cart()
 3 SYSTEMPATH\CodeIgniter.php(499): CodeIgniter\CodeIgniter->runController(Object(App\Controllers\Home))
 4 SYSTEMPATH\CodeIgniter.php(368): CodeIgniter\CodeIgniter->handleRequest(null, Object(Config\Cache), false)
 5 FCPATH\index.php(68): CodeIgniter\CodeIgniter->run()
CRITICAL - 2023-05-18 10:48:59 --> Undefined variable $id
in APPPATH\Views\front\product_details.php on line 39.
 1 APPPATH\Views\front\product_details.php(39): CodeIgniter\Debug\Exceptions->errorHandler(2, 'Undefined variable $id', 'C:\\xampp\\htdocs\\truflow\\app\\Views\\front\\product_details.php', 39)
 2 SYSTEMPATH\View\View.php(213): include('C:\\xampp\\htdocs\\truflow\\app\\Views\\front\\product_details.php')
 3 SYSTEMPATH\View\View.php(216): CodeIgniter\View\View->CodeIgniter\View\{closure}()
 4 SYSTEMPATH\Common.php(1184): CodeIgniter\View\View->render('front/product_details', [], true)
 5 APPPATH\Controllers\Home.php(178): view('front/product_details', [...])
 6 SYSTEMPATH\CodeIgniter.php(934): App\Controllers\Home->product_details('2')
 7 SYSTEMPATH\CodeIgniter.php(499): CodeIgniter\CodeIgniter->runController(Object(App\Controllers\Home))
 8 SYSTEMPATH\CodeIgniter.php(368): CodeIgniter\CodeIgniter->handleRequest(null, Object(Config\Cache), false)
 9 FCPATH\index.php(68): CodeIgniter\CodeIgniter->run()
CRITICAL - 2023-05-18 10:49:04 --> Undefined variable $id
in APPPATH\Views\front\product_details.php on line 39.
 1 APPPATH\Views\front\product_details.php(39): CodeIgniter\Debug\Exceptions->errorHandler(2, 'Undefined variable $id', 'C:\\xampp\\htdocs\\truflow\\app\\Views\\front\\product_details.php', 39)
 2 SYSTEMPATH\View\View.php(213): include('C:\\xampp\\htdocs\\truflow\\app\\Views\\front\\product_details.php')
 3 SYSTEMPATH\View\View.php(216): CodeIgniter\View\View->CodeIgniter\View\{closure}()
 4 SYSTEMPATH\Common.php(1184): CodeIgniter\View\View->render('front/product_details', [], true)
 5 APPPATH\Controllers\Home.php(178): view('front/product_details', [...])
 6 SYSTEMPATH\CodeIgniter.php(934): App\Controllers\Home->product_details('2')
 7 SYSTEMPATH\CodeIgniter.php(499): CodeIgniter\CodeIgniter->runController(Object(App\Controllers\Home))
 8 SYSTEMPATH\CodeIgniter.php(368): CodeIgniter\CodeIgniter->handleRequest(null, Object(Config\Cache), false)
 9 FCPATH\index.php(68): CodeIgniter\CodeIgniter->run()
CRITICAL - 2023-05-18 10:51:23 --> Too few arguments to function App\Controllers\Home::add_cart(), 0 passed in C:\xampp\htdocs\truflow\system\CodeIgniter.php on line 934 and exactly 1 expected
in APPPATH\Controllers\Home.php on line 181.
 1 SYSTEMPATH\CodeIgniter.php(934): App\Controllers\Home->add_cart()
 2 SYSTEMPATH\CodeIgniter.php(499): CodeIgniter\CodeIgniter->runController(Object(App\Controllers\Home))
 3 SYSTEMPATH\CodeIgniter.php(368): CodeIgniter\CodeIgniter->handleRequest(null, Object(Config\Cache), false)
 4 FCPATH\index.php(68): CodeIgniter\CodeIgniter->run()
CRITICAL - 2023-05-18 10:51:29 --> Too few arguments to function App\Controllers\Home::add_cart(), 0 passed in C:\xampp\htdocs\truflow\system\CodeIgniter.php on line 934 and exactly 1 expected
in APPPATH\Controllers\Home.php on line 181.
 1 SYSTEMPATH\CodeIgniter.php(934): App\Controllers\Home->add_cart()
 2 SYSTEMPATH\CodeIgniter.php(499): CodeIgniter\CodeIgniter->runController(Object(App\Controllers\Home))
 3 SYSTEMPATH\CodeIgniter.php(368): CodeIgniter\CodeIgniter->handleRequest(null, Object(Config\Cache), false)
 4 FCPATH\index.php(68): CodeIgniter\CodeIgniter->run()
ERROR - 2023-05-18 13:28:33 --> Error connecting to the database: mysqli_sql_exception: No connection could be made because the target machine actively refused it in C:\xampp\htdocs\truflow\system\Database\MySQLi\Connection.php:174
Stack trace:
#0 C:\xampp\htdocs\truflow\system\Database\MySQLi\Connection.php(174): mysqli->real_connect('localhost', 'root', '', 'true_flow', 3306, '', 0)
#1 C:\xampp\htdocs\truflow\system\Database\BaseConnection.php(391): CodeIgniter\Database\MySQLi\Connection->connect(false)
#2 C:\xampp\htdocs\truflow\system\Database\BaseConnection.php(574): CodeIgniter\Database\BaseConnection->initialize()
#3 C:\xampp\htdocs\truflow\system\Database\BaseBuilder.php(1616): CodeIgniter\Database\BaseConnection->query('SELECT *\nFROM `...', Array, false)
#4 C:\xampp\htdocs\truflow\system\Model.php(200): CodeIgniter\Database\BaseBuilder->get()
#5 C:\xampp\htdocs\truflow\system\BaseModel.php(557): CodeIgniter\Model->doFind(true, '3')
#6 C:\xampp\htdocs\truflow\app\Controllers\Admin\ProductController.php(96): CodeIgniter\BaseModel->find('3')
#7 C:\xampp\htdocs\truflow\system\CodeIgniter.php(934): App\Controllers\Admin\ProductController->productEdit('3')
#8 C:\xampp\htdocs\truflow\system\CodeIgniter.php(499): CodeIgniter\CodeIgniter->runController(Object(App\Controllers\Admin\ProductController))
#9 C:\xampp\htdocs\truflow\system\CodeIgniter.php(368): CodeIgniter\CodeIgniter->handleRequest(NULL, Object(Config\Cache), false)
#10 C:\xampp\htdocs\truflow\index.php(68): CodeIgniter\CodeIgniter->run()
#11 {main}

Next CodeIgniter\Database\Exceptions\DatabaseException: No connection could be made because the target machine actively refused it in C:\xampp\htdocs\truflow\system\Database\MySQLi\Connection.php:218
Stack trace:
#0 C:\xampp\htdocs\truflow\system\Database\BaseConnection.php(391): CodeIgniter\Database\MySQLi\Connection->connect(false)
#1 C:\xampp\htdocs\truflow\system\Database\BaseConnection.php(574): CodeIgniter\Database\BaseConnection->initialize()
#2 C:\xampp\htdocs\truflow\system\Database\BaseBuilder.php(1616): CodeIgniter\Database\BaseConnection->query('SELECT *\nFROM `...', Array, false)
#3 C:\xampp\htdocs\truflow\system\Model.php(200): CodeIgniter\Database\BaseBuilder->get()
#4 C:\xampp\htdocs\truflow\system\BaseModel.php(557): CodeIgniter\Model->doFind(true, '3')
#5 C:\xampp\htdocs\truflow\app\Controllers\Admin\ProductController.php(96): CodeIgniter\BaseModel->find('3')
#6 C:\xampp\htdocs\truflow\system\CodeIgniter.php(934): App\Controllers\Admin\ProductController->productEdit('3')
#7 C:\xampp\htdocs\truflow\system\CodeIgniter.php(499): CodeIgniter\CodeIgniter->runController(Object(App\Controllers\Admin\ProductController))
#8 C:\xampp\htdocs\truflow\system\CodeIgniter.php(368): CodeIgniter\CodeIgniter->handleRequest(NULL, Object(Config\Cache), false)
#9 C:\xampp\htdocs\truflow\index.php(68): CodeIgniter\CodeIgniter->run()
#10 {main}
ERROR - 2023-05-18 13:28:33 --> Error connecting to the database: mysqli_sql_exception: No connection could be made because the target machine actively refused it in C:\xampp\htdocs\truflow\system\Database\MySQLi\Connection.php:174
Stack trace:
#0 C:\xampp\htdocs\truflow\system\Database\MySQLi\Connection.php(174): mysqli->real_connect('localhost', 'root', '', 'true_flow', 3306, '', 0)
#1 C:\xampp\htdocs\truflow\system\Database\BaseConnection.php(391): CodeIgniter\Database\MySQLi\Connection->connect(false)
#2 C:\xampp\htdocs\truflow\system\Database\BaseConnection.php(574): CodeIgniter\Database\BaseConnection->initialize()
#3 C:\xampp\htdocs\truflow\system\Database\BaseBuilder.php(1616): CodeIgniter\Database\BaseConnection->query('SELECT *\nFROM `...', Array, false)
#4 C:\xampp\htdocs\truflow\system\Model.php(268): CodeIgniter\Database\BaseBuilder->get()
#5 C:\xampp\htdocs\truflow\system\BaseModel.php(656): CodeIgniter\Model->doFirst()
#6 C:\xampp\htdocs\truflow\app\Controllers\Home.php(22): CodeIgniter\BaseModel->first()
#7 C:\xampp\htdocs\truflow\system\CodeIgniter.php(934): App\Controllers\Home->index()
#8 C:\xampp\htdocs\truflow\system\CodeIgniter.php(499): CodeIgniter\CodeIgniter->runController(Object(App\Controllers\Home))
#9 C:\xampp\htdocs\truflow\system\CodeIgniter.php(368): CodeIgniter\CodeIgniter->handleRequest(NULL, Object(Config\Cache), false)
#10 C:\xampp\htdocs\truflow\index.php(68): CodeIgniter\CodeIgniter->run()
#11 {main}

Next CodeIgniter\Database\Exceptions\DatabaseException: No connection could be made because the target machine actively refused it in C:\xampp\htdocs\truflow\system\Database\MySQLi\Connection.php:218
Stack trace:
#0 C:\xampp\htdocs\truflow\system\Database\BaseConnection.php(391): CodeIgniter\Database\MySQLi\Connection->connect(false)
#1 C:\xampp\htdocs\truflow\system\Database\BaseConnection.php(574): CodeIgniter\Database\BaseConnection->initialize()
#2 C:\xampp\htdocs\truflow\system\Database\BaseBuilder.php(1616): CodeIgniter\Database\BaseConnection->query('SELECT *\nFROM `...', Array, false)
#3 C:\xampp\htdocs\truflow\system\Model.php(268): CodeIgniter\Database\BaseBuilder->get()
#4 C:\xampp\htdocs\truflow\system\BaseModel.php(656): CodeIgniter\Model->doFirst()
#5 C:\xampp\htdocs\truflow\app\Controllers\Home.php(22): CodeIgniter\BaseModel->first()
#6 C:\xampp\htdocs\truflow\system\CodeIgniter.php(934): App\Controllers\Home->index()
#7 C:\xampp\htdocs\truflow\system\CodeIgniter.php(499): CodeIgniter\CodeIgniter->runController(Object(App\Controllers\Home))
#8 C:\xampp\htdocs\truflow\system\CodeIgniter.php(368): CodeIgniter\CodeIgniter->handleRequest(NULL, Object(Config\Cache), false)
#9 C:\xampp\htdocs\truflow\index.php(68): CodeIgniter\CodeIgniter->run()
#10 {main}
CRITICAL - 2023-05-18 13:28:33 --> Unable to connect to the database.
Main connection [MySQLi]: No connection could be made because the target machine actively refused it
in SYSTEMPATH\Database\BaseConnection.php on line 427.
 1 SYSTEMPATH\Database\BaseConnection.php(574): CodeIgniter\Database\BaseConnection->initialize()
 2 SYSTEMPATH\Database\BaseBuilder.php(1616): CodeIgniter\Database\BaseConnection->query('SELECT *
FROM `product`
WHERE `product`.`product_id` = :product.product_id:', [...], false)
 3 SYSTEMPATH\Model.php(200): CodeIgniter\Database\BaseBuilder->get()
 4 SYSTEMPATH\BaseModel.php(557): CodeIgniter\Model->doFind(true, '3')
 5 APPPATH\Controllers\Admin\ProductController.php(96): CodeIgniter\BaseModel->find('3')
 6 SYSTEMPATH\CodeIgniter.php(934): App\Controllers\Admin\ProductController->productEdit('3')
 7 SYSTEMPATH\CodeIgniter.php(499): CodeIgniter\CodeIgniter->runController(Object(App\Controllers\Admin\ProductController))
 8 SYSTEMPATH\CodeIgniter.php(368): CodeIgniter\CodeIgniter->handleRequest(null, Object(Config\Cache), false)
 9 FCPATH\index.php(68): CodeIgniter\CodeIgniter->run()
CRITICAL - 2023-05-18 13:28:33 --> Unable to connect to the database.
Main connection [MySQLi]: No connection could be made because the target machine actively refused it
in SYSTEMPATH\Database\BaseConnection.php on line 427.
 1 SYSTEMPATH\Database\BaseConnection.php(574): CodeIgniter\Database\BaseConnection->initialize()
 2 SYSTEMPATH\Database\BaseBuilder.php(1616): CodeIgniter\Database\BaseConnection->query('SELECT *
FROM `site_settings`
WHERE `type` = :type:
 LIMIT 1', [...], false)
 3 SYSTEMPATH\Model.php(268): CodeIgniter\Database\BaseBuilder->get()
 4 SYSTEMPATH\BaseModel.php(656): CodeIgniter\Model->doFirst()
 5 APPPATH\Controllers\Home.php(22): CodeIgniter\BaseModel->first()
 6 SYSTEMPATH\CodeIgniter.php(934): App\Controllers\Home->index()
 7 SYSTEMPATH\CodeIgniter.php(499): CodeIgniter\CodeIgniter->runController(Object(App\Controllers\Home))
 8 SYSTEMPATH\CodeIgniter.php(368): CodeIgniter\CodeIgniter->handleRequest(null, Object(Config\Cache), false)
 9 FCPATH\index.php(68): CodeIgniter\CodeIgniter->run()
ERROR - 2023-05-18 13:28:48 --> Error connecting to the database: mysqli_sql_exception: No connection could be made because the target machine actively refused it in C:\xampp\htdocs\truflow\system\Database\MySQLi\Connection.php:174
Stack trace:
#0 C:\xampp\htdocs\truflow\system\Database\MySQLi\Connection.php(174): mysqli->real_connect('localhost', 'root', '', 'true_flow', 3306, '', 0)
#1 C:\xampp\htdocs\truflow\system\Database\BaseConnection.php(391): CodeIgniter\Database\MySQLi\Connection->connect(false)
#2 C:\xampp\htdocs\truflow\system\Database\BaseConnection.php(574): CodeIgniter\Database\BaseConnection->initialize()
#3 C:\xampp\htdocs\truflow\system\Database\BaseBuilder.php(1616): CodeIgniter\Database\BaseConnection->query('SELECT *\nFROM `...', Array, false)
#4 C:\xampp\htdocs\truflow\system\Model.php(268): CodeIgniter\Database\BaseBuilder->get()
#5 C:\xampp\htdocs\truflow\system\BaseModel.php(656): CodeIgniter\Model->doFirst()
#6 C:\xampp\htdocs\truflow\app\Controllers\Home.php(22): CodeIgniter\BaseModel->first()
#7 C:\xampp\htdocs\truflow\system\CodeIgniter.php(934): App\Controllers\Home->index()
#8 C:\xampp\htdocs\truflow\system\CodeIgniter.php(499): CodeIgniter\CodeIgniter->runController(Object(App\Controllers\Home))
#9 C:\xampp\htdocs\truflow\system\CodeIgniter.php(368): CodeIgniter\CodeIgniter->handleRequest(NULL, Object(Config\Cache), false)
#10 C:\xampp\htdocs\truflow\index.php(68): CodeIgniter\CodeIgniter->run()
#11 {main}

Next CodeIgniter\Database\Exceptions\DatabaseException: No connection could be made because the target machine actively refused it in C:\xampp\htdocs\truflow\system\Database\MySQLi\Connection.php:218
Stack trace:
#0 C:\xampp\htdocs\truflow\system\Database\BaseConnection.php(391): CodeIgniter\Database\MySQLi\Connection->connect(false)
#1 C:\xampp\htdocs\truflow\system\Database\BaseConnection.php(574): CodeIgniter\Database\BaseConnection->initialize()
#2 C:\xampp\htdocs\truflow\system\Database\BaseBuilder.php(1616): CodeIgniter\Database\BaseConnection->query('SELECT *\nFROM `...', Array, false)
#3 C:\xampp\htdocs\truflow\system\Model.php(268): CodeIgniter\Database\BaseBuilder->get()
#4 C:\xampp\htdocs\truflow\system\BaseModel.php(656): CodeIgniter\Model->doFirst()
#5 C:\xampp\htdocs\truflow\app\Controllers\Home.php(22): CodeIgniter\BaseModel->first()
#6 C:\xampp\htdocs\truflow\system\CodeIgniter.php(934): App\Controllers\Home->index()
#7 C:\xampp\htdocs\truflow\system\CodeIgniter.php(499): CodeIgniter\CodeIgniter->runController(Object(App\Controllers\Home))
#8 C:\xampp\htdocs\truflow\system\CodeIgniter.php(368): CodeIgniter\CodeIgniter->handleRequest(NULL, Object(Config\Cache), false)
#9 C:\xampp\htdocs\truflow\index.php(68): CodeIgniter\CodeIgniter->run()
#10 {main}
CRITICAL - 2023-05-18 13:28:48 --> Unable to connect to the database.
Main connection [MySQLi]: No connection could be made because the target machine actively refused it
in SYSTEMPATH\Database\BaseConnection.php on line 427.
 1 SYSTEMPATH\Database\BaseConnection.php(574): CodeIgniter\Database\BaseConnection->initialize()
 2 SYSTEMPATH\Database\BaseBuilder.php(1616): CodeIgniter\Database\BaseConnection->query('SELECT *
FROM `site_settings`
WHERE `type` = :type:
 LIMIT 1', [...], false)
 3 SYSTEMPATH\Model.php(268): CodeIgniter\Database\BaseBuilder->get()
 4 SYSTEMPATH\BaseModel.php(656): CodeIgniter\Model->doFirst()
 5 APPPATH\Controllers\Home.php(22): CodeIgniter\BaseModel->first()
 6 SYSTEMPATH\CodeIgniter.php(934): App\Controllers\Home->index()
 7 SYSTEMPATH\CodeIgniter.php(499): CodeIgniter\CodeIgniter->runController(Object(App\Controllers\Home))
 8 SYSTEMPATH\CodeIgniter.php(368): CodeIgniter\CodeIgniter->handleRequest(null, Object(Config\Cache), false)
 9 FCPATH\index.php(68): CodeIgniter\CodeIgniter->run()
