CRITICAL - 2023-07-18 05:57:41 --> Undefined variable $subcategoryData
in APPPATH\Views\admin\child_sub_category\child_sub_category_list.php on line 86.
 1 APPPATH\Views\admin\child_sub_category\child_sub_category_list.php(86): CodeIgniter\Debug\Exceptions->errorHandler(2, 'Undefined variable $subcategoryData', 'C:\\xampp\\htdocs\\truflow\\app\\Views\\admin\\child_sub_category\\child_sub_category_list.php', 86)
 2 SYSTEMPATH\View\View.php(213): include('C:\\xampp\\htdocs\\truflow\\app\\Views\\admin\\child_sub_category\\child_sub_category_list.php')
 3 SYSTEMPATH\View\View.php(216): CodeIgniter\View\View->CodeIgniter\View\{closure}()
 4 SYSTEMPATH\Common.php(1184): CodeIgniter\View\View->render('admin/child_sub_category/child_sub_category_list', [], true)
 5 APPPATH\Controllers\Admin\ChildSubCategoryController.php(31): view('admin/child_sub_category/child_sub_category_list', [...])
 6 SYSTEMPATH\CodeIgniter.php(934): App\Controllers\Admin\ChildSubCategoryController->index()
 7 SYSTEMPATH\CodeIgniter.php(499): CodeIgniter\CodeIgniter->runController(Object(App\Controllers\Admin\ChildSubCategoryController))
 8 SYSTEMPATH\CodeIgniter.php(368): CodeIgniter\CodeIgniter->handleRequest(null, Object(Config\Cache), false)
 9 FCPATH\index.php(68): CodeIgniter\CodeIgniter->run()
CRITICAL - 2023-07-18 05:57:54 --> Undefined variable $subcategoryData
in APPPATH\Views\admin\child_sub_category\child_sub_category_list.php on line 84.
 1 APPPATH\Views\admin\child_sub_category\child_sub_category_list.php(84): CodeIgniter\Debug\Exceptions->errorHandler(2, 'Undefined variable $subcategoryData', 'C:\\xampp\\htdocs\\truflow\\app\\Views\\admin\\child_sub_category\\child_sub_category_list.php', 84)
 2 SYSTEMPATH\View\View.php(213): include('C:\\xampp\\htdocs\\truflow\\app\\Views\\admin\\child_sub_category\\child_sub_category_list.php')
 3 SYSTEMPATH\View\View.php(216): CodeIgniter\View\View->CodeIgniter\View\{closure}()
 4 SYSTEMPATH\Common.php(1184): CodeIgniter\View\View->render('admin/child_sub_category/child_sub_category_list', [], true)
 5 APPPATH\Controllers\Admin\ChildSubCategoryController.php(31): view('admin/child_sub_category/child_sub_category_list', [...])
 6 SYSTEMPATH\CodeIgniter.php(934): App\Controllers\Admin\ChildSubCategoryController->index()
 7 SYSTEMPATH\CodeIgniter.php(499): CodeIgniter\CodeIgniter->runController(Object(App\Controllers\Admin\ChildSubCategoryController))
 8 SYSTEMPATH\CodeIgniter.php(368): CodeIgniter\CodeIgniter->handleRequest(null, Object(Config\Cache), false)
 9 FCPATH\index.php(68): CodeIgniter\CodeIgniter->run()
CRITICAL - 2023-07-18 06:01:23 --> Undefined variable $subcategoryData
in APPPATH\Views\admin\child_sub_category\child_sub_category_list.php on line 84.
 1 APPPATH\Views\admin\child_sub_category\child_sub_category_list.php(84): CodeIgniter\Debug\Exceptions->errorHandler(2, 'Undefined variable $subcategoryData', 'C:\\xampp\\htdocs\\truflow\\app\\Views\\admin\\child_sub_category\\child_sub_category_list.php', 84)
 2 SYSTEMPATH\View\View.php(213): include('C:\\xampp\\htdocs\\truflow\\app\\Views\\admin\\child_sub_category\\child_sub_category_list.php')
 3 SYSTEMPATH\View\View.php(216): CodeIgniter\View\View->CodeIgniter\View\{closure}()
 4 SYSTEMPATH\Common.php(1184): CodeIgniter\View\View->render('admin/child_sub_category/child_sub_category_list', [...], true)
 5 APPPATH\Controllers\Admin\ChildSubCategoryController.php(44): view('admin/child_sub_category/child_sub_category_list', [...], [...])
 6 SYSTEMPATH\CodeIgniter.php(934): App\Controllers\Admin\ChildSubCategoryController->index()
 7 SYSTEMPATH\CodeIgniter.php(499): CodeIgniter\CodeIgniter->runController(Object(App\Controllers\Admin\ChildSubCategoryController))
 8 SYSTEMPATH\CodeIgniter.php(368): CodeIgniter\CodeIgniter->handleRequest(null, Object(Config\Cache), false)
 9 FCPATH\index.php(68): CodeIgniter\CodeIgniter->run()
CRITICAL - 2023-07-18 06:02:05 --> Undefined variable $subcategoryData
in APPPATH\Views\admin\child_sub_category\child_sub_category_list.php on line 1.
 1 APPPATH\Views\admin\child_sub_category\child_sub_category_list.php(1): CodeIgniter\Debug\Exceptions->errorHandler(2, 'Undefined variable $subcategoryData', 'C:\\xampp\\htdocs\\truflow\\app\\Views\\admin\\child_sub_category\\child_sub_category_list.php', 1)
 2 SYSTEMPATH\View\View.php(213): include('C:\\xampp\\htdocs\\truflow\\app\\Views\\admin\\child_sub_category\\child_sub_category_list.php')
 3 SYSTEMPATH\View\View.php(216): CodeIgniter\View\View->CodeIgniter\View\{closure}()
 4 SYSTEMPATH\Common.php(1184): CodeIgniter\View\View->render('admin/child_sub_category/child_sub_category_list', [...], true)
 5 APPPATH\Controllers\Admin\ChildSubCategoryController.php(44): view('admin/child_sub_category/child_sub_category_list', [...], [...])
 6 SYSTEMPATH\CodeIgniter.php(934): App\Controllers\Admin\ChildSubCategoryController->index()
 7 SYSTEMPATH\CodeIgniter.php(499): CodeIgniter\CodeIgniter->runController(Object(App\Controllers\Admin\ChildSubCategoryController))
 8 SYSTEMPATH\CodeIgniter.php(368): CodeIgniter\CodeIgniter->handleRequest(null, Object(Config\Cache), false)
 9 FCPATH\index.php(68): CodeIgniter\CodeIgniter->run()
CRITICAL - 2023-07-18 06:03:23 --> Undefined array key "child_sub_category_name"
in APPPATH\Views\admin\child_sub_category\child_sub_category_list.php on line 98.
 1 APPPATH\Views\admin\child_sub_category\child_sub_category_list.php(98): CodeIgniter\Debug\Exceptions->errorHandler(2, 'Undefined array key "child_sub_category_name"', 'C:\\xampp\\htdocs\\truflow\\app\\Views\\admin\\child_sub_category\\child_sub_category_list.php', 98)
 2 SYSTEMPATH\View\View.php(213): include('C:\\xampp\\htdocs\\truflow\\app\\Views\\admin\\child_sub_category\\child_sub_category_list.php')
 3 SYSTEMPATH\View\View.php(216): CodeIgniter\View\View->CodeIgniter\View\{closure}()
 4 SYSTEMPATH\Common.php(1184): CodeIgniter\View\View->render('admin/child_sub_category/child_sub_category_list', [], true)
 5 APPPATH\Controllers\Admin\ChildSubCategoryController.php(44): view('admin/child_sub_category/child_sub_category_list', [...])
 6 SYSTEMPATH\CodeIgniter.php(934): App\Controllers\Admin\ChildSubCategoryController->index()
 7 SYSTEMPATH\CodeIgniter.php(499): CodeIgniter\CodeIgniter->runController(Object(App\Controllers\Admin\ChildSubCategoryController))
 8 SYSTEMPATH\CodeIgniter.php(368): CodeIgniter\CodeIgniter->handleRequest(null, Object(Config\Cache), false)
 9 FCPATH\index.php(68): CodeIgniter\CodeIgniter->run()
CRITICAL - 2023-07-18 06:04:54 --> Undefined array key "child_id"
in APPPATH\Views\admin\child_sub_category\child_sub_category_list.php on line 116.
 1 APPPATH\Views\admin\child_sub_category\child_sub_category_list.php(116): CodeIgniter\Debug\Exceptions->errorHandler(2, 'Undefined array key "child_id"', 'C:\\xampp\\htdocs\\truflow\\app\\Views\\admin\\child_sub_category\\child_sub_category_list.php', 116)
 2 SYSTEMPATH\View\View.php(213): include('C:\\xampp\\htdocs\\truflow\\app\\Views\\admin\\child_sub_category\\child_sub_category_list.php')
 3 SYSTEMPATH\View\View.php(216): CodeIgniter\View\View->CodeIgniter\View\{closure}()
 4 SYSTEMPATH\Common.php(1184): CodeIgniter\View\View->render('admin/child_sub_category/child_sub_category_list', [], true)
 5 APPPATH\Controllers\Admin\ChildSubCategoryController.php(44): view('admin/child_sub_category/child_sub_category_list', [...])
 6 SYSTEMPATH\CodeIgniter.php(934): App\Controllers\Admin\ChildSubCategoryController->index()
 7 SYSTEMPATH\CodeIgniter.php(499): CodeIgniter\CodeIgniter->runController(Object(App\Controllers\Admin\ChildSubCategoryController))
 8 SYSTEMPATH\CodeIgniter.php(368): CodeIgniter\CodeIgniter->handleRequest(null, Object(Config\Cache), false)
 9 FCPATH\index.php(68): CodeIgniter\CodeIgniter->run()
CRITICAL - 2023-07-18 06:08:36 --> Undefined array key "child_sub_category_name"
in APPPATH\Views\admin\child_sub_category\child_sub_category_list.php on line 97.
 1 APPPATH\Views\admin\child_sub_category\child_sub_category_list.php(97): CodeIgniter\Debug\Exceptions->errorHandler(2, 'Undefined array key "child_sub_category_name"', 'C:\\xampp\\htdocs\\truflow\\app\\Views\\admin\\child_sub_category\\child_sub_category_list.php', 97)
 2 SYSTEMPATH\View\View.php(213): include('C:\\xampp\\htdocs\\truflow\\app\\Views\\admin\\child_sub_category\\child_sub_category_list.php')
 3 SYSTEMPATH\View\View.php(216): CodeIgniter\View\View->CodeIgniter\View\{closure}()
 4 SYSTEMPATH\Common.php(1184): CodeIgniter\View\View->render('admin/child_sub_category/child_sub_category_list', [], true)
 5 APPPATH\Controllers\Admin\ChildSubCategoryController.php(44): view('admin/child_sub_category/child_sub_category_list', [...])
 6 SYSTEMPATH\CodeIgniter.php(934): App\Controllers\Admin\ChildSubCategoryController->index()
 7 SYSTEMPATH\CodeIgniter.php(499): CodeIgniter\CodeIgniter->runController(Object(App\Controllers\Admin\ChildSubCategoryController))
 8 SYSTEMPATH\CodeIgniter.php(368): CodeIgniter\CodeIgniter->handleRequest(null, Object(Config\Cache), false)
 9 FCPATH\index.php(68): CodeIgniter\CodeIgniter->run()
CRITICAL - 2023-07-18 06:14:31 --> Undefined variable $subcategorymodel
in APPPATH\Views\admin\child_sub_category\child_sub_category_list.php on line 97.
 1 APPPATH\Views\admin\child_sub_category\child_sub_category_list.php(97): CodeIgniter\Debug\Exceptions->errorHandler(2, 'Undefined variable $subcategorymodel', 'C:\\xampp\\htdocs\\truflow\\app\\Views\\admin\\child_sub_category\\child_sub_category_list.php', 97)
 2 SYSTEMPATH\View\View.php(213): include('C:\\xampp\\htdocs\\truflow\\app\\Views\\admin\\child_sub_category\\child_sub_category_list.php')
 3 SYSTEMPATH\View\View.php(216): CodeIgniter\View\View->CodeIgniter\View\{closure}()
 4 SYSTEMPATH\Common.php(1184): CodeIgniter\View\View->render('admin/child_sub_category/child_sub_category_list', [], true)
 5 APPPATH\Controllers\Admin\ChildSubCategoryController.php(44): view('admin/child_sub_category/child_sub_category_list', [...])
 6 SYSTEMPATH\CodeIgniter.php(934): App\Controllers\Admin\ChildSubCategoryController->index()
 7 SYSTEMPATH\CodeIgniter.php(499): CodeIgniter\CodeIgniter->runController(Object(App\Controllers\Admin\ChildSubCategoryController))
 8 SYSTEMPATH\CodeIgniter.php(368): CodeIgniter\CodeIgniter->handleRequest(null, Object(Config\Cache), false)
 9 FCPATH\index.php(68): CodeIgniter\CodeIgniter->run()
CRITICAL - 2023-07-18 06:14:48 --> Undefined variable $subcategorymodel
in APPPATH\Views\admin\child_sub_category\child_sub_category_list.php on line 1.
 1 APPPATH\Views\admin\child_sub_category\child_sub_category_list.php(1): CodeIgniter\Debug\Exceptions->errorHandler(2, 'Undefined variable $subcategorymodel', 'C:\\xampp\\htdocs\\truflow\\app\\Views\\admin\\child_sub_category\\child_sub_category_list.php', 1)
 2 SYSTEMPATH\View\View.php(213): include('C:\\xampp\\htdocs\\truflow\\app\\Views\\admin\\child_sub_category\\child_sub_category_list.php')
 3 SYSTEMPATH\View\View.php(216): CodeIgniter\View\View->CodeIgniter\View\{closure}()
 4 SYSTEMPATH\Common.php(1184): CodeIgniter\View\View->render('admin/child_sub_category/child_sub_category_list', [], true)
 5 APPPATH\Controllers\Admin\ChildSubCategoryController.php(44): view('admin/child_sub_category/child_sub_category_list', [...])
 6 SYSTEMPATH\CodeIgniter.php(934): App\Controllers\Admin\ChildSubCategoryController->index()
 7 SYSTEMPATH\CodeIgniter.php(499): CodeIgniter\CodeIgniter->runController(Object(App\Controllers\Admin\ChildSubCategoryController))
 8 SYSTEMPATH\CodeIgniter.php(368): CodeIgniter\CodeIgniter->handleRequest(null, Object(Config\Cache), false)
 9 FCPATH\index.php(68): CodeIgniter\CodeIgniter->run()
CRITICAL - 2023-07-18 06:20:13 --> Undefined variable $subcategorymodel
in APPPATH\Views\admin\child_sub_category\child_sub_category_list.php on line 105.
 1 APPPATH\Views\admin\child_sub_category\child_sub_category_list.php(105): CodeIgniter\Debug\Exceptions->errorHandler(2, 'Undefined variable $subcategorymodel', 'C:\\xampp\\htdocs\\truflow\\app\\Views\\admin\\child_sub_category\\child_sub_category_list.php', 105)
 2 SYSTEMPATH\View\View.php(213): include('C:\\xampp\\htdocs\\truflow\\app\\Views\\admin\\child_sub_category\\child_sub_category_list.php')
 3 SYSTEMPATH\View\View.php(216): CodeIgniter\View\View->CodeIgniter\View\{closure}()
 4 SYSTEMPATH\Common.php(1184): CodeIgniter\View\View->render('admin/child_sub_category/child_sub_category_list', [], true)
 5 APPPATH\Controllers\Admin\ChildSubCategoryController.php(45): view('admin/child_sub_category/child_sub_category_list', [...])
 6 SYSTEMPATH\CodeIgniter.php(934): App\Controllers\Admin\ChildSubCategoryController->index()
 7 SYSTEMPATH\CodeIgniter.php(499): CodeIgniter\CodeIgniter->runController(Object(App\Controllers\Admin\ChildSubCategoryController))
 8 SYSTEMPATH\CodeIgniter.php(368): CodeIgniter\CodeIgniter->handleRequest(null, Object(Config\Cache), false)
 9 FCPATH\index.php(68): CodeIgniter\CodeIgniter->run()
CRITICAL - 2023-07-18 06:31:58 --> Undefined array key 4
in APPPATH\Views\admin\child_sub_category\child_sub_category_list.php on line 107.
 1 APPPATH\Views\admin\child_sub_category\child_sub_category_list.php(107): CodeIgniter\Debug\Exceptions->errorHandler(2, 'Undefined array key 4', 'C:\\xampp\\htdocs\\truflow\\app\\Views\\admin\\child_sub_category\\child_sub_category_list.php', 107)
 2 SYSTEMPATH\View\View.php(213): include('C:\\xampp\\htdocs\\truflow\\app\\Views\\admin\\child_sub_category\\child_sub_category_list.php')
 3 SYSTEMPATH\View\View.php(216): CodeIgniter\View\View->CodeIgniter\View\{closure}()
 4 SYSTEMPATH\Common.php(1184): CodeIgniter\View\View->render('admin/child_sub_category/child_sub_category_list', [], true)
 5 APPPATH\Controllers\Admin\ChildSubCategoryController.php(45): view('admin/child_sub_category/child_sub_category_list', [...])
 6 SYSTEMPATH\CodeIgniter.php(934): App\Controllers\Admin\ChildSubCategoryController->index()
 7 SYSTEMPATH\CodeIgniter.php(499): CodeIgniter\CodeIgniter->runController(Object(App\Controllers\Admin\ChildSubCategoryController))
 8 SYSTEMPATH\CodeIgniter.php(368): CodeIgniter\CodeIgniter->handleRequest(null, Object(Config\Cache), false)
 9 FCPATH\index.php(68): CodeIgniter\CodeIgniter->run()
CRITICAL - 2023-07-18 07:03:40 --> Undefined property: stdClass::$category_id
in APPPATH\Controllers\Admin\ChildSubCategoryController.php on line 63.
 1 APPPATH\Controllers\Admin\ChildSubCategoryController.php(63): CodeIgniter\Debug\Exceptions->errorHandler(2, 'Undefined property: stdClass::$category_id', 'C:\\xampp\\htdocs\\truflow\\app\\Controllers\\Admin\\ChildSubCategoryController.php', 63)
 2 APPPATH\Controllers\Admin\ChildSubCategoryController.php(45): App\Controllers\Admin\ChildSubCategoryController->getCategoryTree(31, Object(App\Models\ChildSubCategoryModel))
 3 SYSTEMPATH\CodeIgniter.php(934): App\Controllers\Admin\ChildSubCategoryController->index()
 4 SYSTEMPATH\CodeIgniter.php(499): CodeIgniter\CodeIgniter->runController(Object(App\Controllers\Admin\ChildSubCategoryController))
 5 SYSTEMPATH\CodeIgniter.php(368): CodeIgniter\CodeIgniter->handleRequest(null, Object(Config\Cache), false)
 6 FCPATH\index.php(68): CodeIgniter\CodeIgniter->run()
CRITICAL - 2023-07-18 07:08:29 --> Cannot use object of type stdClass as array
in APPPATH\Views\admin\child_sub_category\child_sub_category_list.php on line 101.
 1 SYSTEMPATH\View\View.php(213): include()
 2 SYSTEMPATH\View\View.php(216): CodeIgniter\View\View->CodeIgniter\View\{closure}()
 3 SYSTEMPATH\Common.php(1184): CodeIgniter\View\View->render('admin/child_sub_category/child_sub_category_list', [], true)
 4 APPPATH\Controllers\Admin\ChildSubCategoryController.php(51): view('admin/child_sub_category/child_sub_category_list', [...])
 5 SYSTEMPATH\CodeIgniter.php(934): App\Controllers\Admin\ChildSubCategoryController->index()
 6 SYSTEMPATH\CodeIgniter.php(499): CodeIgniter\CodeIgniter->runController(Object(App\Controllers\Admin\ChildSubCategoryController))
 7 SYSTEMPATH\CodeIgniter.php(368): CodeIgniter\CodeIgniter->handleRequest(null, Object(Config\Cache), false)
 8 FCPATH\index.php(68): CodeIgniter\CodeIgniter->run()
CRITICAL - 2023-07-18 07:22:22 --> Attempt to read property "child_sub_category_name" on array
in APPPATH\Views\admin\child_sub_category\child_sub_category_list.php on line 101.
 1 APPPATH\Views\admin\child_sub_category\child_sub_category_list.php(101): CodeIgniter\Debug\Exceptions->errorHandler(2, 'Attempt to read property "child_sub_category_name" on array', 'C:\\xampp\\htdocs\\truflow\\app\\Views\\admin\\child_sub_category\\child_sub_category_list.php', 101)
 2 SYSTEMPATH\View\View.php(213): include('C:\\xampp\\htdocs\\truflow\\app\\Views\\admin\\child_sub_category\\child_sub_category_list.php')
 3 SYSTEMPATH\View\View.php(216): CodeIgniter\View\View->CodeIgniter\View\{closure}()
 4 SYSTEMPATH\Common.php(1184): CodeIgniter\View\View->render('admin/child_sub_category/child_sub_category_list', [], true)
 5 APPPATH\Controllers\Admin\ChildSubCategoryController.php(71): view('admin/child_sub_category/child_sub_category_list', [...])
 6 SYSTEMPATH\CodeIgniter.php(934): App\Controllers\Admin\ChildSubCategoryController->index()
 7 SYSTEMPATH\CodeIgniter.php(499): CodeIgniter\CodeIgniter->runController(Object(App\Controllers\Admin\ChildSubCategoryController))
 8 SYSTEMPATH\CodeIgniter.php(368): CodeIgniter\CodeIgniter->handleRequest(null, Object(Config\Cache), false)
 9 FCPATH\index.php(68): CodeIgniter\CodeIgniter->run()
CRITICAL - 2023-07-18 07:23:39 --> Attempt to read property "child_sub_category_name" on array
in APPPATH\Views\admin\child_sub_category\child_sub_category_list.php on line 101.
 1 APPPATH\Views\admin\child_sub_category\child_sub_category_list.php(101): CodeIgniter\Debug\Exceptions->errorHandler(2, 'Attempt to read property "child_sub_category_name" on array', 'C:\\xampp\\htdocs\\truflow\\app\\Views\\admin\\child_sub_category\\child_sub_category_list.php', 101)
 2 SYSTEMPATH\View\View.php(213): include('C:\\xampp\\htdocs\\truflow\\app\\Views\\admin\\child_sub_category\\child_sub_category_list.php')
 3 SYSTEMPATH\View\View.php(216): CodeIgniter\View\View->CodeIgniter\View\{closure}()
 4 SYSTEMPATH\Common.php(1184): CodeIgniter\View\View->render('admin/child_sub_category/child_sub_category_list', [], true)
 5 APPPATH\Controllers\Admin\ChildSubCategoryController.php(71): view('admin/child_sub_category/child_sub_category_list', [...])
 6 SYSTEMPATH\CodeIgniter.php(934): App\Controllers\Admin\ChildSubCategoryController->index()
 7 SYSTEMPATH\CodeIgniter.php(499): CodeIgniter\CodeIgniter->runController(Object(App\Controllers\Admin\ChildSubCategoryController))
 8 SYSTEMPATH\CodeIgniter.php(368): CodeIgniter\CodeIgniter->handleRequest(null, Object(Config\Cache), false)
 9 FCPATH\index.php(68): CodeIgniter\CodeIgniter->run()
CRITICAL - 2023-07-18 07:26:26 --> Undefined array key "child_sub_category_name"
in APPPATH\Views\admin\child_sub_category\child_sub_category_list.php on line 101.
 1 APPPATH\Views\admin\child_sub_category\child_sub_category_list.php(101): CodeIgniter\Debug\Exceptions->errorHandler(2, 'Undefined array key "child_sub_category_name"', 'C:\\xampp\\htdocs\\truflow\\app\\Views\\admin\\child_sub_category\\child_sub_category_list.php', 101)
 2 SYSTEMPATH\View\View.php(213): include('C:\\xampp\\htdocs\\truflow\\app\\Views\\admin\\child_sub_category\\child_sub_category_list.php')
 3 SYSTEMPATH\View\View.php(216): CodeIgniter\View\View->CodeIgniter\View\{closure}()
 4 SYSTEMPATH\Common.php(1184): CodeIgniter\View\View->render('admin/child_sub_category/child_sub_category_list', [], true)
 5 APPPATH\Controllers\Admin\ChildSubCategoryController.php(71): view('admin/child_sub_category/child_sub_category_list', [...])
 6 SYSTEMPATH\CodeIgniter.php(934): App\Controllers\Admin\ChildSubCategoryController->index()
 7 SYSTEMPATH\CodeIgniter.php(499): CodeIgniter\CodeIgniter->runController(Object(App\Controllers\Admin\ChildSubCategoryController))
 8 SYSTEMPATH\CodeIgniter.php(368): CodeIgniter\CodeIgniter->handleRequest(null, Object(Config\Cache), false)
 9 FCPATH\index.php(68): CodeIgniter\CodeIgniter->run()
CRITICAL - 2023-07-18 07:26:40 --> Undefined array key 0
in APPPATH\Views\admin\child_sub_category\child_sub_category_list.php on line 101.
 1 APPPATH\Views\admin\child_sub_category\child_sub_category_list.php(101): CodeIgniter\Debug\Exceptions->errorHandler(2, 'Undefined array key 0', 'C:\\xampp\\htdocs\\truflow\\app\\Views\\admin\\child_sub_category\\child_sub_category_list.php', 101)
 2 SYSTEMPATH\View\View.php(213): include('C:\\xampp\\htdocs\\truflow\\app\\Views\\admin\\child_sub_category\\child_sub_category_list.php')
 3 SYSTEMPATH\View\View.php(216): CodeIgniter\View\View->CodeIgniter\View\{closure}()
 4 SYSTEMPATH\Common.php(1184): CodeIgniter\View\View->render('admin/child_sub_category/child_sub_category_list', [], true)
 5 APPPATH\Controllers\Admin\ChildSubCategoryController.php(71): view('admin/child_sub_category/child_sub_category_list', [...])
 6 SYSTEMPATH\CodeIgniter.php(934): App\Controllers\Admin\ChildSubCategoryController->index()
 7 SYSTEMPATH\CodeIgniter.php(499): CodeIgniter\CodeIgniter->runController(Object(App\Controllers\Admin\ChildSubCategoryController))
 8 SYSTEMPATH\CodeIgniter.php(368): CodeIgniter\CodeIgniter->handleRequest(null, Object(Config\Cache), false)
 9 FCPATH\index.php(68): CodeIgniter\CodeIgniter->run()
CRITICAL - 2023-07-18 07:26:50 --> Undefined array key "child_sub_category_name"
in APPPATH\Views\admin\child_sub_category\child_sub_category_list.php on line 101.
 1 APPPATH\Views\admin\child_sub_category\child_sub_category_list.php(101): CodeIgniter\Debug\Exceptions->errorHandler(2, 'Undefined array key "child_sub_category_name"', 'C:\\xampp\\htdocs\\truflow\\app\\Views\\admin\\child_sub_category\\child_sub_category_list.php', 101)
 2 SYSTEMPATH\View\View.php(213): include('C:\\xampp\\htdocs\\truflow\\app\\Views\\admin\\child_sub_category\\child_sub_category_list.php')
 3 SYSTEMPATH\View\View.php(216): CodeIgniter\View\View->CodeIgniter\View\{closure}()
 4 SYSTEMPATH\Common.php(1184): CodeIgniter\View\View->render('admin/child_sub_category/child_sub_category_list', [], true)
 5 APPPATH\Controllers\Admin\ChildSubCategoryController.php(71): view('admin/child_sub_category/child_sub_category_list', [...])
 6 SYSTEMPATH\CodeIgniter.php(934): App\Controllers\Admin\ChildSubCategoryController->index()
 7 SYSTEMPATH\CodeIgniter.php(499): CodeIgniter\CodeIgniter->runController(Object(App\Controllers\Admin\ChildSubCategoryController))
 8 SYSTEMPATH\CodeIgniter.php(368): CodeIgniter\CodeIgniter->handleRequest(null, Object(Config\Cache), false)
 9 FCPATH\index.php(68): CodeIgniter\CodeIgniter->run()
CRITICAL - 2023-07-18 07:27:01 --> Undefined array key 0
in APPPATH\Views\admin\child_sub_category\child_sub_category_list.php on line 101.
 1 APPPATH\Views\admin\child_sub_category\child_sub_category_list.php(101): CodeIgniter\Debug\Exceptions->errorHandler(2, 'Undefined array key 0', 'C:\\xampp\\htdocs\\truflow\\app\\Views\\admin\\child_sub_category\\child_sub_category_list.php', 101)
 2 SYSTEMPATH\View\View.php(213): include('C:\\xampp\\htdocs\\truflow\\app\\Views\\admin\\child_sub_category\\child_sub_category_list.php')
 3 SYSTEMPATH\View\View.php(216): CodeIgniter\View\View->CodeIgniter\View\{closure}()
 4 SYSTEMPATH\Common.php(1184): CodeIgniter\View\View->render('admin/child_sub_category/child_sub_category_list', [], true)
 5 APPPATH\Controllers\Admin\ChildSubCategoryController.php(71): view('admin/child_sub_category/child_sub_category_list', [...])
 6 SYSTEMPATH\CodeIgniter.php(934): App\Controllers\Admin\ChildSubCategoryController->index()
 7 SYSTEMPATH\CodeIgniter.php(499): CodeIgniter\CodeIgniter->runController(Object(App\Controllers\Admin\ChildSubCategoryController))
 8 SYSTEMPATH\CodeIgniter.php(368): CodeIgniter\CodeIgniter->handleRequest(null, Object(Config\Cache), false)
 9 FCPATH\index.php(68): CodeIgniter\CodeIgniter->run()
CRITICAL - 2023-07-18 07:27:39 --> Attempt to read property "child_sub_category_name" on array
in APPPATH\Views\admin\child_sub_category\child_sub_category_list.php on line 101.
 1 APPPATH\Views\admin\child_sub_category\child_sub_category_list.php(101): CodeIgniter\Debug\Exceptions->errorHandler(2, 'Attempt to read property "child_sub_category_name" on array', 'C:\\xampp\\htdocs\\truflow\\app\\Views\\admin\\child_sub_category\\child_sub_category_list.php', 101)
 2 SYSTEMPATH\View\View.php(213): include('C:\\xampp\\htdocs\\truflow\\app\\Views\\admin\\child_sub_category\\child_sub_category_list.php')
 3 SYSTEMPATH\View\View.php(216): CodeIgniter\View\View->CodeIgniter\View\{closure}()
 4 SYSTEMPATH\Common.php(1184): CodeIgniter\View\View->render('admin/child_sub_category/child_sub_category_list', [], true)
 5 APPPATH\Controllers\Admin\ChildSubCategoryController.php(71): view('admin/child_sub_category/child_sub_category_list', [...])
 6 SYSTEMPATH\CodeIgniter.php(934): App\Controllers\Admin\ChildSubCategoryController->index()
 7 SYSTEMPATH\CodeIgniter.php(499): CodeIgniter\CodeIgniter->runController(Object(App\Controllers\Admin\ChildSubCategoryController))
 8 SYSTEMPATH\CodeIgniter.php(368): CodeIgniter\CodeIgniter->handleRequest(null, Object(Config\Cache), false)
 9 FCPATH\index.php(68): CodeIgniter\CodeIgniter->run()
CRITICAL - 2023-07-18 07:29:33 --> Undefined array key "sub_category_id"
in APPPATH\Views\admin\child_sub_category\child_sub_category_list.php on line 100.
 1 APPPATH\Views\admin\child_sub_category\child_sub_category_list.php(100): CodeIgniter\Debug\Exceptions->errorHandler(2, 'Undefined array key "sub_category_id"', 'C:\\xampp\\htdocs\\truflow\\app\\Views\\admin\\child_sub_category\\child_sub_category_list.php', 100)
 2 SYSTEMPATH\View\View.php(213): include('C:\\xampp\\htdocs\\truflow\\app\\Views\\admin\\child_sub_category\\child_sub_category_list.php')
 3 SYSTEMPATH\View\View.php(216): CodeIgniter\View\View->CodeIgniter\View\{closure}()
 4 SYSTEMPATH\Common.php(1184): CodeIgniter\View\View->render('admin/child_sub_category/child_sub_category_list', [], true)
 5 APPPATH\Controllers\Admin\ChildSubCategoryController.php(71): view('admin/child_sub_category/child_sub_category_list', [...])
 6 SYSTEMPATH\CodeIgniter.php(934): App\Controllers\Admin\ChildSubCategoryController->index()
 7 SYSTEMPATH\CodeIgniter.php(499): CodeIgniter\CodeIgniter->runController(Object(App\Controllers\Admin\ChildSubCategoryController))
 8 SYSTEMPATH\CodeIgniter.php(368): CodeIgniter\CodeIgniter->handleRequest(null, Object(Config\Cache), false)
 9 FCPATH\index.php(68): CodeIgniter\CodeIgniter->run()
CRITICAL - 2023-07-18 07:29:49 --> Undefined array key "child_sub_category_name"
in APPPATH\Views\admin\child_sub_category\child_sub_category_list.php on line 101.
 1 APPPATH\Views\admin\child_sub_category\child_sub_category_list.php(101): CodeIgniter\Debug\Exceptions->errorHandler(2, 'Undefined array key "child_sub_category_name"', 'C:\\xampp\\htdocs\\truflow\\app\\Views\\admin\\child_sub_category\\child_sub_category_list.php', 101)
 2 SYSTEMPATH\View\View.php(213): include('C:\\xampp\\htdocs\\truflow\\app\\Views\\admin\\child_sub_category\\child_sub_category_list.php')
 3 SYSTEMPATH\View\View.php(216): CodeIgniter\View\View->CodeIgniter\View\{closure}()
 4 SYSTEMPATH\Common.php(1184): CodeIgniter\View\View->render('admin/child_sub_category/child_sub_category_list', [], true)
 5 APPPATH\Controllers\Admin\ChildSubCategoryController.php(71): view('admin/child_sub_category/child_sub_category_list', [...])
 6 SYSTEMPATH\CodeIgniter.php(934): App\Controllers\Admin\ChildSubCategoryController->index()
 7 SYSTEMPATH\CodeIgniter.php(499): CodeIgniter\CodeIgniter->runController(Object(App\Controllers\Admin\ChildSubCategoryController))
 8 SYSTEMPATH\CodeIgniter.php(368): CodeIgniter\CodeIgniter->handleRequest(null, Object(Config\Cache), false)
 9 FCPATH\index.php(68): CodeIgniter\CodeIgniter->run()
CRITICAL - 2023-07-18 07:30:00 --> Undefined array key 0
in APPPATH\Views\admin\child_sub_category\child_sub_category_list.php on line 101.
 1 APPPATH\Views\admin\child_sub_category\child_sub_category_list.php(101): CodeIgniter\Debug\Exceptions->errorHandler(2, 'Undefined array key 0', 'C:\\xampp\\htdocs\\truflow\\app\\Views\\admin\\child_sub_category\\child_sub_category_list.php', 101)
 2 SYSTEMPATH\View\View.php(213): include('C:\\xampp\\htdocs\\truflow\\app\\Views\\admin\\child_sub_category\\child_sub_category_list.php')
 3 SYSTEMPATH\View\View.php(216): CodeIgniter\View\View->CodeIgniter\View\{closure}()
 4 SYSTEMPATH\Common.php(1184): CodeIgniter\View\View->render('admin/child_sub_category/child_sub_category_list', [], true)
 5 APPPATH\Controllers\Admin\ChildSubCategoryController.php(71): view('admin/child_sub_category/child_sub_category_list', [...])
 6 SYSTEMPATH\CodeIgniter.php(934): App\Controllers\Admin\ChildSubCategoryController->index()
 7 SYSTEMPATH\CodeIgniter.php(499): CodeIgniter\CodeIgniter->runController(Object(App\Controllers\Admin\ChildSubCategoryController))
 8 SYSTEMPATH\CodeIgniter.php(368): CodeIgniter\CodeIgniter->handleRequest(null, Object(Config\Cache), false)
 9 FCPATH\index.php(68): CodeIgniter\CodeIgniter->run()
CRITICAL - 2023-07-18 07:31:15 --> Undefined array key "child_sub_category_name"
in APPPATH\Views\admin\child_sub_category\child_sub_category_list.php on line 101.
 1 APPPATH\Views\admin\child_sub_category\child_sub_category_list.php(101): CodeIgniter\Debug\Exceptions->errorHandler(2, 'Undefined array key "child_sub_category_name"', 'C:\\xampp\\htdocs\\truflow\\app\\Views\\admin\\child_sub_category\\child_sub_category_list.php', 101)
 2 SYSTEMPATH\View\View.php(213): include('C:\\xampp\\htdocs\\truflow\\app\\Views\\admin\\child_sub_category\\child_sub_category_list.php')
 3 SYSTEMPATH\View\View.php(216): CodeIgniter\View\View->CodeIgniter\View\{closure}()
 4 SYSTEMPATH\Common.php(1184): CodeIgniter\View\View->render('admin/child_sub_category/child_sub_category_list', [], true)
 5 APPPATH\Controllers\Admin\ChildSubCategoryController.php(71): view('admin/child_sub_category/child_sub_category_list', [...])
 6 SYSTEMPATH\CodeIgniter.php(934): App\Controllers\Admin\ChildSubCategoryController->index()
 7 SYSTEMPATH\CodeIgniter.php(499): CodeIgniter\CodeIgniter->runController(Object(App\Controllers\Admin\ChildSubCategoryController))
 8 SYSTEMPATH\CodeIgniter.php(368): CodeIgniter\CodeIgniter->handleRequest(null, Object(Config\Cache), false)
 9 FCPATH\index.php(68): CodeIgniter\CodeIgniter->run()
CRITICAL - 2023-07-18 07:36:19 --> Undefined variable $responseArr
in APPPATH\Views\admin\child_sub_category\child_sub_category_list.php on line 92.
 1 APPPATH\Views\admin\child_sub_category\child_sub_category_list.php(92): CodeIgniter\Debug\Exceptions->errorHandler(2, 'Undefined variable $responseArr', 'C:\\xampp\\htdocs\\truflow\\app\\Views\\admin\\child_sub_category\\child_sub_category_list.php', 92)
 2 SYSTEMPATH\View\View.php(213): include('C:\\xampp\\htdocs\\truflow\\app\\Views\\admin\\child_sub_category\\child_sub_category_list.php')
 3 SYSTEMPATH\View\View.php(216): CodeIgniter\View\View->CodeIgniter\View\{closure}()
 4 SYSTEMPATH\Common.php(1184): CodeIgniter\View\View->render('admin/child_sub_category/child_sub_category_list', [], true)
 5 APPPATH\Controllers\Admin\ChildSubCategoryController.php(71): view('admin/child_sub_category/child_sub_category_list', [...])
 6 SYSTEMPATH\CodeIgniter.php(934): App\Controllers\Admin\ChildSubCategoryController->index()
 7 SYSTEMPATH\CodeIgniter.php(499): CodeIgniter\CodeIgniter->runController(Object(App\Controllers\Admin\ChildSubCategoryController))
 8 SYSTEMPATH\CodeIgniter.php(368): CodeIgniter\CodeIgniter->handleRequest(null, Object(Config\Cache), false)
 9 FCPATH\index.php(68): CodeIgniter\CodeIgniter->run()
CRITICAL - 2023-07-18 07:37:39 --> Cannot use object of type stdClass as array
in APPPATH\Views\admin\child_sub_category\child_sub_category_list.php on line 158.
 1 APPPATH\Views\admin\child_sub_category\child_sub_category_list.php(163): displayChildSubcategories(Object(stdClass))
 2 APPPATH\Views\admin\child_sub_category\child_sub_category_list.php(101): displayChildSubcategories([...])
 3 SYSTEMPATH\View\View.php(213): include('C:\\xampp\\htdocs\\truflow\\app\\Views\\admin\\child_sub_category\\child_sub_category_list.php')
 4 SYSTEMPATH\View\View.php(216): CodeIgniter\View\View->CodeIgniter\View\{closure}()
 5 SYSTEMPATH\Common.php(1184): CodeIgniter\View\View->render('admin/child_sub_category/child_sub_category_list', [], true)
 6 APPPATH\Controllers\Admin\ChildSubCategoryController.php(71): view('admin/child_sub_category/child_sub_category_list', [...])
 7 SYSTEMPATH\CodeIgniter.php(934): App\Controllers\Admin\ChildSubCategoryController->index()
 8 SYSTEMPATH\CodeIgniter.php(499): CodeIgniter\CodeIgniter->runController(Object(App\Controllers\Admin\ChildSubCategoryController))
 9 SYSTEMPATH\CodeIgniter.php(368): CodeIgniter\CodeIgniter->handleRequest(null, Object(Config\Cache), false)
10 FCPATH\index.php(68): CodeIgniter\CodeIgniter->run()
CRITICAL - 2023-07-18 07:37:56 --> Call to undefined function displayChildSubcategories()
in APPPATH\Views\admin\child_sub_category\child_sub_category_list.php on line 101.
 1 SYSTEMPATH\View\View.php(213): include()
 2 SYSTEMPATH\View\View.php(216): CodeIgniter\View\View->CodeIgniter\View\{closure}()
 3 SYSTEMPATH\Common.php(1184): CodeIgniter\View\View->render('admin/child_sub_category/child_sub_category_list', [], true)
 4 APPPATH\Controllers\Admin\ChildSubCategoryController.php(71): view('admin/child_sub_category/child_sub_category_list', [...])
 5 SYSTEMPATH\CodeIgniter.php(934): App\Controllers\Admin\ChildSubCategoryController->index()
 6 SYSTEMPATH\CodeIgniter.php(499): CodeIgniter\CodeIgniter->runController(Object(App\Controllers\Admin\ChildSubCategoryController))
 7 SYSTEMPATH\CodeIgniter.php(368): CodeIgniter\CodeIgniter->handleRequest(null, Object(Config\Cache), false)
 8 FCPATH\index.php(68): CodeIgniter\CodeIgniter->run()
CRITICAL - 2023-07-18 07:39:25 --> Call to undefined function displayChildSubcategories()
in APPPATH\Views\admin\child_sub_category\child_sub_category_list.php on line 101.
 1 SYSTEMPATH\View\View.php(213): include()
 2 SYSTEMPATH\View\View.php(216): CodeIgniter\View\View->CodeIgniter\View\{closure}()
 3 SYSTEMPATH\Common.php(1184): CodeIgniter\View\View->render('admin/child_sub_category/child_sub_category_list', [], true)
 4 APPPATH\Controllers\Admin\ChildSubCategoryController.php(71): view('admin/child_sub_category/child_sub_category_list', [...])
 5 SYSTEMPATH\CodeIgniter.php(934): App\Controllers\Admin\ChildSubCategoryController->index()
 6 SYSTEMPATH\CodeIgniter.php(499): CodeIgniter\CodeIgniter->runController(Object(App\Controllers\Admin\ChildSubCategoryController))
 7 SYSTEMPATH\CodeIgniter.php(368): CodeIgniter\CodeIgniter->handleRequest(null, Object(Config\Cache), false)
 8 FCPATH\index.php(68): CodeIgniter\CodeIgniter->run()
CRITICAL - 2023-07-18 07:40:30 --> Call to undefined function displayChildSubcategories()
in APPPATH\Views\admin\child_sub_category\child_sub_category_list.php on line 101.
 1 SYSTEMPATH\View\View.php(213): include()
 2 SYSTEMPATH\View\View.php(216): CodeIgniter\View\View->CodeIgniter\View\{closure}()
 3 SYSTEMPATH\Common.php(1184): CodeIgniter\View\View->render('admin/child_sub_category/child_sub_category_list', [], true)
 4 APPPATH\Controllers\Admin\ChildSubCategoryController.php(71): view('admin/child_sub_category/child_sub_category_list', [...])
 5 SYSTEMPATH\CodeIgniter.php(934): App\Controllers\Admin\ChildSubCategoryController->index()
 6 SYSTEMPATH\CodeIgniter.php(499): CodeIgniter\CodeIgniter->runController(Object(App\Controllers\Admin\ChildSubCategoryController))
 7 SYSTEMPATH\CodeIgniter.php(368): CodeIgniter\CodeIgniter->handleRequest(null, Object(Config\Cache), false)
 8 FCPATH\index.php(68): CodeIgniter\CodeIgniter->run()
CRITICAL - 2023-07-18 07:40:57 --> Call to undefined function displayChildSubcategories()
in APPPATH\Views\admin\child_sub_category\child_sub_category_list.php on line 101.
 1 SYSTEMPATH\View\View.php(213): include()
 2 SYSTEMPATH\View\View.php(216): CodeIgniter\View\View->CodeIgniter\View\{closure}()
 3 SYSTEMPATH\Common.php(1184): CodeIgniter\View\View->render('admin/child_sub_category/child_sub_category_list', [], true)
 4 APPPATH\Controllers\Admin\ChildSubCategoryController.php(71): view('admin/child_sub_category/child_sub_category_list', [...])
 5 SYSTEMPATH\CodeIgniter.php(934): App\Controllers\Admin\ChildSubCategoryController->index()
 6 SYSTEMPATH\CodeIgniter.php(499): CodeIgniter\CodeIgniter->runController(Object(App\Controllers\Admin\ChildSubCategoryController))
 7 SYSTEMPATH\CodeIgniter.php(368): CodeIgniter\CodeIgniter->handleRequest(null, Object(Config\Cache), false)
 8 FCPATH\index.php(68): CodeIgniter\CodeIgniter->run()
CRITICAL - 2023-07-18 07:41:42 --> Call to undefined function displayChildSubcategories()
in APPPATH\Views\admin\child_sub_category\child_sub_category_list.php on line 101.
 1 SYSTEMPATH\View\View.php(213): include()
 2 SYSTEMPATH\View\View.php(216): CodeIgniter\View\View->CodeIgniter\View\{closure}()
 3 SYSTEMPATH\Common.php(1184): CodeIgniter\View\View->render('admin/child_sub_category/child_sub_category_list', [], true)
 4 APPPATH\Controllers\Admin\ChildSubCategoryController.php(71): view('admin/child_sub_category/child_sub_category_list', [...])
 5 SYSTEMPATH\CodeIgniter.php(934): App\Controllers\Admin\ChildSubCategoryController->index()
 6 SYSTEMPATH\CodeIgniter.php(499): CodeIgniter\CodeIgniter->runController(Object(App\Controllers\Admin\ChildSubCategoryController))
 7 SYSTEMPATH\CodeIgniter.php(368): CodeIgniter\CodeIgniter->handleRequest(null, Object(Config\Cache), false)
 8 FCPATH\index.php(68): CodeIgniter\CodeIgniter->run()
CRITICAL - 2023-07-18 07:41:54 --> Call to undefined function displayChildSubcategories()
in APPPATH\Views\admin\child_sub_category\child_sub_category_list.php on line 101.
 1 SYSTEMPATH\View\View.php(213): include()
 2 SYSTEMPATH\View\View.php(216): CodeIgniter\View\View->CodeIgniter\View\{closure}()
 3 SYSTEMPATH\Common.php(1184): CodeIgniter\View\View->render('admin/child_sub_category/child_sub_category_list', [], true)
 4 APPPATH\Controllers\Admin\ChildSubCategoryController.php(71): view('admin/child_sub_category/child_sub_category_list', [...])
 5 SYSTEMPATH\CodeIgniter.php(934): App\Controllers\Admin\ChildSubCategoryController->index()
 6 SYSTEMPATH\CodeIgniter.php(499): CodeIgniter\CodeIgniter->runController(Object(App\Controllers\Admin\ChildSubCategoryController))
 7 SYSTEMPATH\CodeIgniter.php(368): CodeIgniter\CodeIgniter->handleRequest(null, Object(Config\Cache), false)
 8 FCPATH\index.php(68): CodeIgniter\CodeIgniter->run()
CRITICAL - 2023-07-18 07:42:08 --> Call to undefined function displayChildSubcategories()
in APPPATH\Views\admin\child_sub_category\child_sub_category_list.php on line 101.
 1 SYSTEMPATH\View\View.php(213): include()
 2 SYSTEMPATH\View\View.php(216): CodeIgniter\View\View->CodeIgniter\View\{closure}()
 3 SYSTEMPATH\Common.php(1184): CodeIgniter\View\View->render('admin/child_sub_category/child_sub_category_list', [], true)
 4 APPPATH\Controllers\Admin\ChildSubCategoryController.php(71): view('admin/child_sub_category/child_sub_category_list', [...])
 5 SYSTEMPATH\CodeIgniter.php(934): App\Controllers\Admin\ChildSubCategoryController->index()
 6 SYSTEMPATH\CodeIgniter.php(499): CodeIgniter\CodeIgniter->runController(Object(App\Controllers\Admin\ChildSubCategoryController))
 7 SYSTEMPATH\CodeIgniter.php(368): CodeIgniter\CodeIgniter->handleRequest(null, Object(Config\Cache), false)
 8 FCPATH\index.php(68): CodeIgniter\CodeIgniter->run()
CRITICAL - 2023-07-18 07:42:30 --> Call to undefined method CodeIgniter\View\View::displayChildSubcategories()
in APPPATH\Views\admin\child_sub_category\child_sub_category_list.php on line 101.
 1 SYSTEMPATH\View\View.php(213): include()
 2 SYSTEMPATH\View\View.php(216): CodeIgniter\View\View->CodeIgniter\View\{closure}()
 3 SYSTEMPATH\Common.php(1184): CodeIgniter\View\View->render('admin/child_sub_category/child_sub_category_list', [], true)
 4 APPPATH\Controllers\Admin\ChildSubCategoryController.php(71): view('admin/child_sub_category/child_sub_category_list', [...])
 5 SYSTEMPATH\CodeIgniter.php(934): App\Controllers\Admin\ChildSubCategoryController->index()
 6 SYSTEMPATH\CodeIgniter.php(499): CodeIgniter\CodeIgniter->runController(Object(App\Controllers\Admin\ChildSubCategoryController))
 7 SYSTEMPATH\CodeIgniter.php(368): CodeIgniter\CodeIgniter->handleRequest(null, Object(Config\Cache), false)
 8 FCPATH\index.php(68): CodeIgniter\CodeIgniter->run()
CRITICAL - 2023-07-18 07:43:49 --> Call to undefined method CodeIgniter\View\View::displayChildSubcategories()
in APPPATH\Views\admin\child_sub_category\child_sub_category_list.php on line 101.
 1 SYSTEMPATH\View\View.php(213): include()
 2 SYSTEMPATH\View\View.php(216): CodeIgniter\View\View->CodeIgniter\View\{closure}()
 3 SYSTEMPATH\Common.php(1184): CodeIgniter\View\View->render('admin/child_sub_category/child_sub_category_list', [], true)
 4 APPPATH\Controllers\Admin\ChildSubCategoryController.php(87): view('admin/child_sub_category/child_sub_category_list', [...])
 5 SYSTEMPATH\CodeIgniter.php(934): App\Controllers\Admin\ChildSubCategoryController->index()
 6 SYSTEMPATH\CodeIgniter.php(499): CodeIgniter\CodeIgniter->runController(Object(App\Controllers\Admin\ChildSubCategoryController))
 7 SYSTEMPATH\CodeIgniter.php(368): CodeIgniter\CodeIgniter->handleRequest(null, Object(Config\Cache), false)
 8 FCPATH\index.php(68): CodeIgniter\CodeIgniter->run()
CRITICAL - 2023-07-18 07:44:31 --> Call to undefined function displayChildSubcategories()
in APPPATH\Views\admin\child_sub_category\child_sub_category_list.php on line 101.
 1 SYSTEMPATH\View\View.php(213): include()
 2 SYSTEMPATH\View\View.php(216): CodeIgniter\View\View->CodeIgniter\View\{closure}()
 3 SYSTEMPATH\Common.php(1184): CodeIgniter\View\View->render('admin/child_sub_category/child_sub_category_list', [], true)
 4 APPPATH\Controllers\Admin\ChildSubCategoryController.php(87): view('admin/child_sub_category/child_sub_category_list', [...])
 5 SYSTEMPATH\CodeIgniter.php(934): App\Controllers\Admin\ChildSubCategoryController->index()
 6 SYSTEMPATH\CodeIgniter.php(499): CodeIgniter\CodeIgniter->runController(Object(App\Controllers\Admin\ChildSubCategoryController))
 7 SYSTEMPATH\CodeIgniter.php(368): CodeIgniter\CodeIgniter->handleRequest(null, Object(Config\Cache), false)
 8 FCPATH\index.php(68): CodeIgniter\CodeIgniter->run()
CRITICAL - 2023-07-18 07:46:22 --> Undefined array key "child_sub_category_name"
in APPPATH\Views\admin\child_sub_category\child_sub_category_list.php on line 101.
 1 APPPATH\Views\admin\child_sub_category\child_sub_category_list.php(101): CodeIgniter\Debug\Exceptions->errorHandler(2, 'Undefined array key "child_sub_category_name"', 'C:\\xampp\\htdocs\\truflow\\app\\Views\\admin\\child_sub_category\\child_sub_category_list.php', 101)
 2 SYSTEMPATH\View\View.php(213): include('C:\\xampp\\htdocs\\truflow\\app\\Views\\admin\\child_sub_category\\child_sub_category_list.php')
 3 SYSTEMPATH\View\View.php(216): CodeIgniter\View\View->CodeIgniter\View\{closure}()
 4 SYSTEMPATH\Common.php(1184): CodeIgniter\View\View->render('admin/child_sub_category/child_sub_category_list', [], true)
 5 APPPATH\Controllers\Admin\ChildSubCategoryController.php(69): view('admin/child_sub_category/child_sub_category_list', [...])
 6 SYSTEMPATH\CodeIgniter.php(934): App\Controllers\Admin\ChildSubCategoryController->index()
 7 SYSTEMPATH\CodeIgniter.php(499): CodeIgniter\CodeIgniter->runController(Object(App\Controllers\Admin\ChildSubCategoryController))
 8 SYSTEMPATH\CodeIgniter.php(368): CodeIgniter\CodeIgniter->handleRequest(null, Object(Config\Cache), false)
 9 FCPATH\index.php(68): CodeIgniter\CodeIgniter->run()
CRITICAL - 2023-07-18 07:53:12 --> Undefined array key "child_name"
in APPPATH\Views\admin\child_sub_category\child_sub_category_list.php on line 101.
 1 APPPATH\Views\admin\child_sub_category\child_sub_category_list.php(101): CodeIgniter\Debug\Exceptions->errorHandler(2, 'Undefined array key "child_name"', 'C:\\xampp\\htdocs\\truflow\\app\\Views\\admin\\child_sub_category\\child_sub_category_list.php', 101)
 2 SYSTEMPATH\View\View.php(213): include('C:\\xampp\\htdocs\\truflow\\app\\Views\\admin\\child_sub_category\\child_sub_category_list.php')
 3 SYSTEMPATH\View\View.php(216): CodeIgniter\View\View->CodeIgniter\View\{closure}()
 4 SYSTEMPATH\Common.php(1184): CodeIgniter\View\View->render('admin/child_sub_category/child_sub_category_list', [], true)
 5 APPPATH\Controllers\Admin\ChildSubCategoryController.php(69): view('admin/child_sub_category/child_sub_category_list', [...])
 6 SYSTEMPATH\CodeIgniter.php(934): App\Controllers\Admin\ChildSubCategoryController->index()
 7 SYSTEMPATH\CodeIgniter.php(499): CodeIgniter\CodeIgniter->runController(Object(App\Controllers\Admin\ChildSubCategoryController))
 8 SYSTEMPATH\CodeIgniter.php(368): CodeIgniter\CodeIgniter->handleRequest(null, Object(Config\Cache), false)
 9 FCPATH\index.php(68): CodeIgniter\CodeIgniter->run()
CRITICAL - 2023-07-18 07:57:02 --> Call to undefined function displayChildren()
in APPPATH\Views\admin\child_sub_category\child_sub_category_list.php on line 103.
 1 SYSTEMPATH\View\View.php(213): include()
 2 SYSTEMPATH\View\View.php(216): CodeIgniter\View\View->CodeIgniter\View\{closure}()
 3 SYSTEMPATH\Common.php(1184): CodeIgniter\View\View->render('admin/child_sub_category/child_sub_category_list', [], true)
 4 APPPATH\Controllers\Admin\ChildSubCategoryController.php(73): view('admin/child_sub_category/child_sub_category_list', [...])
 5 SYSTEMPATH\CodeIgniter.php(934): App\Controllers\Admin\ChildSubCategoryController->index()
 6 SYSTEMPATH\CodeIgniter.php(499): CodeIgniter\CodeIgniter->runController(Object(App\Controllers\Admin\ChildSubCategoryController))
 7 SYSTEMPATH\CodeIgniter.php(368): CodeIgniter\CodeIgniter->handleRequest(null, Object(Config\Cache), false)
 8 FCPATH\index.php(68): CodeIgniter\CodeIgniter->run()
CRITICAL - 2023-07-18 07:58:03 --> Call to undefined function displayChildren()
in APPPATH\Views\admin\child_sub_category\child_sub_category_list.php on line 103.
 1 SYSTEMPATH\View\View.php(213): include()
 2 SYSTEMPATH\View\View.php(216): CodeIgniter\View\View->CodeIgniter\View\{closure}()
 3 SYSTEMPATH\Common.php(1184): CodeIgniter\View\View->render('admin/child_sub_category/child_sub_category_list', [], true)
 4 APPPATH\Controllers\Admin\ChildSubCategoryController.php(73): view('admin/child_sub_category/child_sub_category_list', [...])
 5 SYSTEMPATH\CodeIgniter.php(934): App\Controllers\Admin\ChildSubCategoryController->index()
 6 SYSTEMPATH\CodeIgniter.php(499): CodeIgniter\CodeIgniter->runController(Object(App\Controllers\Admin\ChildSubCategoryController))
 7 SYSTEMPATH\CodeIgniter.php(368): CodeIgniter\CodeIgniter->handleRequest(null, Object(Config\Cache), false)
 8 FCPATH\index.php(68): CodeIgniter\CodeIgniter->run()
CRITICAL - 2023-07-18 07:58:04 --> Call to undefined function displayChildren()
in APPPATH\Views\admin\child_sub_category\child_sub_category_list.php on line 103.
 1 SYSTEMPATH\View\View.php(213): include()
 2 SYSTEMPATH\View\View.php(216): CodeIgniter\View\View->CodeIgniter\View\{closure}()
 3 SYSTEMPATH\Common.php(1184): CodeIgniter\View\View->render('admin/child_sub_category/child_sub_category_list', [], true)
 4 APPPATH\Controllers\Admin\ChildSubCategoryController.php(73): view('admin/child_sub_category/child_sub_category_list', [...])
 5 SYSTEMPATH\CodeIgniter.php(934): App\Controllers\Admin\ChildSubCategoryController->index()
 6 SYSTEMPATH\CodeIgniter.php(499): CodeIgniter\CodeIgniter->runController(Object(App\Controllers\Admin\ChildSubCategoryController))
 7 SYSTEMPATH\CodeIgniter.php(368): CodeIgniter\CodeIgniter->handleRequest(null, Object(Config\Cache), false)
 8 FCPATH\index.php(68): CodeIgniter\CodeIgniter->run()
CRITICAL - 2023-07-18 07:58:05 --> Call to undefined function displayChildren()
in APPPATH\Views\admin\child_sub_category\child_sub_category_list.php on line 103.
 1 SYSTEMPATH\View\View.php(213): include()
 2 SYSTEMPATH\View\View.php(216): CodeIgniter\View\View->CodeIgniter\View\{closure}()
 3 SYSTEMPATH\Common.php(1184): CodeIgniter\View\View->render('admin/child_sub_category/child_sub_category_list', [], true)
 4 APPPATH\Controllers\Admin\ChildSubCategoryController.php(73): view('admin/child_sub_category/child_sub_category_list', [...])
 5 SYSTEMPATH\CodeIgniter.php(934): App\Controllers\Admin\ChildSubCategoryController->index()
 6 SYSTEMPATH\CodeIgniter.php(499): CodeIgniter\CodeIgniter->runController(Object(App\Controllers\Admin\ChildSubCategoryController))
 7 SYSTEMPATH\CodeIgniter.php(368): CodeIgniter\CodeIgniter->handleRequest(null, Object(Config\Cache), false)
 8 FCPATH\index.php(68): CodeIgniter\CodeIgniter->run()
CRITICAL - 2023-07-18 07:58:05 --> Call to undefined function displayChildren()
in APPPATH\Views\admin\child_sub_category\child_sub_category_list.php on line 103.
 1 SYSTEMPATH\View\View.php(213): include()
 2 SYSTEMPATH\View\View.php(216): CodeIgniter\View\View->CodeIgniter\View\{closure}()
 3 SYSTEMPATH\Common.php(1184): CodeIgniter\View\View->render('admin/child_sub_category/child_sub_category_list', [], true)
 4 APPPATH\Controllers\Admin\ChildSubCategoryController.php(73): view('admin/child_sub_category/child_sub_category_list', [...])
 5 SYSTEMPATH\CodeIgniter.php(934): App\Controllers\Admin\ChildSubCategoryController->index()
 6 SYSTEMPATH\CodeIgniter.php(499): CodeIgniter\CodeIgniter->runController(Object(App\Controllers\Admin\ChildSubCategoryController))
 7 SYSTEMPATH\CodeIgniter.php(368): CodeIgniter\CodeIgniter->handleRequest(null, Object(Config\Cache), false)
 8 FCPATH\index.php(68): CodeIgniter\CodeIgniter->run()
CRITICAL - 2023-07-18 07:58:05 --> Call to undefined function displayChildren()
in APPPATH\Views\admin\child_sub_category\child_sub_category_list.php on line 103.
 1 SYSTEMPATH\View\View.php(213): include()
 2 SYSTEMPATH\View\View.php(216): CodeIgniter\View\View->CodeIgniter\View\{closure}()
 3 SYSTEMPATH\Common.php(1184): CodeIgniter\View\View->render('admin/child_sub_category/child_sub_category_list', [], true)
 4 APPPATH\Controllers\Admin\ChildSubCategoryController.php(73): view('admin/child_sub_category/child_sub_category_list', [...])
 5 SYSTEMPATH\CodeIgniter.php(934): App\Controllers\Admin\ChildSubCategoryController->index()
 6 SYSTEMPATH\CodeIgniter.php(499): CodeIgniter\CodeIgniter->runController(Object(App\Controllers\Admin\ChildSubCategoryController))
 7 SYSTEMPATH\CodeIgniter.php(368): CodeIgniter\CodeIgniter->handleRequest(null, Object(Config\Cache), false)
 8 FCPATH\index.php(68): CodeIgniter\CodeIgniter->run()
CRITICAL - 2023-07-18 08:03:22 --> Undefined variable $childSubCategory
in APPPATH\Views\admin\child_sub_category\child_sub_category_list.php on line 127.
 1 APPPATH\Views\admin\child_sub_category\child_sub_category_list.php(127): CodeIgniter\Debug\Exceptions->errorHandler(2, 'Undefined variable $childSubCategory', 'C:\\xampp\\htdocs\\truflow\\app\\Views\\admin\\child_sub_category\\child_sub_category_list.php', 127)
 2 SYSTEMPATH\View\View.php(213): include('C:\\xampp\\htdocs\\truflow\\app\\Views\\admin\\child_sub_category\\child_sub_category_list.php')
 3 SYSTEMPATH\View\View.php(216): CodeIgniter\View\View->CodeIgniter\View\{closure}()
 4 SYSTEMPATH\Common.php(1184): CodeIgniter\View\View->render('admin/child_sub_category/child_sub_category_list', [], true)
 5 APPPATH\Controllers\Admin\ChildSubCategoryController.php(73): view('admin/child_sub_category/child_sub_category_list', [...])
 6 SYSTEMPATH\CodeIgniter.php(934): App\Controllers\Admin\ChildSubCategoryController->index()
 7 SYSTEMPATH\CodeIgniter.php(499): CodeIgniter\CodeIgniter->runController(Object(App\Controllers\Admin\ChildSubCategoryController))
 8 SYSTEMPATH\CodeIgniter.php(368): CodeIgniter\CodeIgniter->handleRequest(null, Object(Config\Cache), false)
 9 FCPATH\index.php(68): CodeIgniter\CodeIgniter->run()
CRITICAL - 2023-07-18 08:03:40 --> Undefined variable $childSubCategory
in APPPATH\Views\admin\child_sub_category\child_sub_category_list.php on line 127.
 1 APPPATH\Views\admin\child_sub_category\child_sub_category_list.php(127): CodeIgniter\Debug\Exceptions->errorHandler(2, 'Undefined variable $childSubCategory', 'C:\\xampp\\htdocs\\truflow\\app\\Views\\admin\\child_sub_category\\child_sub_category_list.php', 127)
 2 SYSTEMPATH\View\View.php(213): include('C:\\xampp\\htdocs\\truflow\\app\\Views\\admin\\child_sub_category\\child_sub_category_list.php')
 3 SYSTEMPATH\View\View.php(216): CodeIgniter\View\View->CodeIgniter\View\{closure}()
 4 SYSTEMPATH\Common.php(1184): CodeIgniter\View\View->render('admin/child_sub_category/child_sub_category_list', [], true)
 5 APPPATH\Controllers\Admin\ChildSubCategoryController.php(73): view('admin/child_sub_category/child_sub_category_list', [...])
 6 SYSTEMPATH\CodeIgniter.php(934): App\Controllers\Admin\ChildSubCategoryController->index()
 7 SYSTEMPATH\CodeIgniter.php(499): CodeIgniter\CodeIgniter->runController(Object(App\Controllers\Admin\ChildSubCategoryController))
 8 SYSTEMPATH\CodeIgniter.php(368): CodeIgniter\CodeIgniter->handleRequest(null, Object(Config\Cache), false)
 9 FCPATH\index.php(68): CodeIgniter\CodeIgniter->run()
CRITICAL - 2023-07-18 08:04:04 --> Undefined variable $childSubCategory
in APPPATH\Views\admin\child_sub_category\child_sub_category_list.php on line 129.
 1 APPPATH\Views\admin\child_sub_category\child_sub_category_list.php(129): CodeIgniter\Debug\Exceptions->errorHandler(2, 'Undefined variable $childSubCategory', 'C:\\xampp\\htdocs\\truflow\\app\\Views\\admin\\child_sub_category\\child_sub_category_list.php', 129)
 2 SYSTEMPATH\View\View.php(213): include('C:\\xampp\\htdocs\\truflow\\app\\Views\\admin\\child_sub_category\\child_sub_category_list.php')
 3 SYSTEMPATH\View\View.php(216): CodeIgniter\View\View->CodeIgniter\View\{closure}()
 4 SYSTEMPATH\Common.php(1184): CodeIgniter\View\View->render('admin/child_sub_category/child_sub_category_list', [], true)
 5 APPPATH\Controllers\Admin\ChildSubCategoryController.php(73): view('admin/child_sub_category/child_sub_category_list', [...])
 6 SYSTEMPATH\CodeIgniter.php(934): App\Controllers\Admin\ChildSubCategoryController->index()
 7 SYSTEMPATH\CodeIgniter.php(499): CodeIgniter\CodeIgniter->runController(Object(App\Controllers\Admin\ChildSubCategoryController))
 8 SYSTEMPATH\CodeIgniter.php(368): CodeIgniter\CodeIgniter->handleRequest(null, Object(Config\Cache), false)
 9 FCPATH\index.php(68): CodeIgniter\CodeIgniter->run()
CRITICAL - 2023-07-18 09:35:17 --> Undefined array key "child_id"
in APPPATH\Views\admin\child_sub_category\child_sub_category_list.php on line 111.
 1 APPPATH\Views\admin\child_sub_category\child_sub_category_list.php(111): CodeIgniter\Debug\Exceptions->errorHandler(2, 'Undefined array key "child_id"', 'C:\\xampp\\htdocs\\truflow\\app\\Views\\admin\\child_sub_category\\child_sub_category_list.php', 111)
 2 SYSTEMPATH\View\View.php(213): include('C:\\xampp\\htdocs\\truflow\\app\\Views\\admin\\child_sub_category\\child_sub_category_list.php')
 3 SYSTEMPATH\View\View.php(216): CodeIgniter\View\View->CodeIgniter\View\{closure}()
 4 SYSTEMPATH\Common.php(1184): CodeIgniter\View\View->render('admin/child_sub_category/child_sub_category_list', [], true)
 5 APPPATH\Controllers\Admin\ChildSubCategoryController.php(73): view('admin/child_sub_category/child_sub_category_list', [...])
 6 SYSTEMPATH\CodeIgniter.php(934): App\Controllers\Admin\ChildSubCategoryController->index()
 7 SYSTEMPATH\CodeIgniter.php(499): CodeIgniter\CodeIgniter->runController(Object(App\Controllers\Admin\ChildSubCategoryController))
 8 SYSTEMPATH\CodeIgniter.php(368): CodeIgniter\CodeIgniter->handleRequest(null, Object(Config\Cache), false)
 9 FCPATH\index.php(68): CodeIgniter\CodeIgniter->run()
CRITICAL - 2023-07-18 09:50:09 --> Array to string conversion
in APPPATH\Views\admin\child_sub_category\child_sub_category_list.php on line 17.
 1 APPPATH\Views\admin\child_sub_category\child_sub_category_list.php(17): CodeIgniter\Debug\Exceptions->errorHandler(2, 'Array to string conversion', 'C:\\xampp\\htdocs\\truflow\\app\\Views\\admin\\child_sub_category\\child_sub_category_list.php', 17)
 2 APPPATH\Views\admin\child_sub_category\child_sub_category_list.php(130): displayChildren([...])
 3 SYSTEMPATH\View\View.php(213): include('C:\\xampp\\htdocs\\truflow\\app\\Views\\admin\\child_sub_category\\child_sub_category_list.php')
 4 SYSTEMPATH\View\View.php(216): CodeIgniter\View\View->CodeIgniter\View\{closure}()
 5 SYSTEMPATH\Common.php(1184): CodeIgniter\View\View->render('admin/child_sub_category/child_sub_category_list', [], true)
 6 APPPATH\Controllers\Admin\ChildSubCategoryController.php(73): view('admin/child_sub_category/child_sub_category_list', [...])
 7 SYSTEMPATH\CodeIgniter.php(934): App\Controllers\Admin\ChildSubCategoryController->index()
 8 SYSTEMPATH\CodeIgniter.php(499): CodeIgniter\CodeIgniter->runController(Object(App\Controllers\Admin\ChildSubCategoryController))
 9 SYSTEMPATH\CodeIgniter.php(368): CodeIgniter\CodeIgniter->handleRequest(null, Object(Config\Cache), false)
10 FCPATH\index.php(68): CodeIgniter\CodeIgniter->run()
CRITICAL - 2023-07-18 10:04:01 --> Undefined variable $url_edit
in APPPATH\Views\admin\child_sub_category\child_sub_category_list.php on line 142.
 1 APPPATH\Views\admin\child_sub_category\child_sub_category_list.php(142): CodeIgniter\Debug\Exceptions->errorHandler(2, 'Undefined variable $url_edit', 'C:\\xampp\\htdocs\\truflow\\app\\Views\\admin\\child_sub_category\\child_sub_category_list.php', 142)
 2 SYSTEMPATH\View\View.php(213): include('C:\\xampp\\htdocs\\truflow\\app\\Views\\admin\\child_sub_category\\child_sub_category_list.php')
 3 SYSTEMPATH\View\View.php(216): CodeIgniter\View\View->CodeIgniter\View\{closure}()
 4 SYSTEMPATH\Common.php(1184): CodeIgniter\View\View->render('admin/child_sub_category/child_sub_category_list', [], true)
 5 APPPATH\Controllers\Admin\ChildSubCategoryController.php(73): view('admin/child_sub_category/child_sub_category_list', [...])
 6 SYSTEMPATH\CodeIgniter.php(934): App\Controllers\Admin\ChildSubCategoryController->index()
 7 SYSTEMPATH\CodeIgniter.php(499): CodeIgniter\CodeIgniter->runController(Object(App\Controllers\Admin\ChildSubCategoryController))
 8 SYSTEMPATH\CodeIgniter.php(368): CodeIgniter\CodeIgniter->handleRequest(null, Object(Config\Cache), false)
 9 FCPATH\index.php(68): CodeIgniter\CodeIgniter->run()
CRITICAL - 2023-07-18 10:06:18 --> Undefined variable $url_edit
in APPPATH\Views\admin\child_sub_category\child_sub_category_list.php on line 142.
 1 APPPATH\Views\admin\child_sub_category\child_sub_category_list.php(142): CodeIgniter\Debug\Exceptions->errorHandler(2, 'Undefined variable $url_edit', 'C:\\xampp\\htdocs\\truflow\\app\\Views\\admin\\child_sub_category\\child_sub_category_list.php', 142)
 2 SYSTEMPATH\View\View.php(213): include('C:\\xampp\\htdocs\\truflow\\app\\Views\\admin\\child_sub_category\\child_sub_category_list.php')
 3 SYSTEMPATH\View\View.php(216): CodeIgniter\View\View->CodeIgniter\View\{closure}()
 4 SYSTEMPATH\Common.php(1184): CodeIgniter\View\View->render('admin/child_sub_category/child_sub_category_list', [], true)
 5 APPPATH\Controllers\Admin\ChildSubCategoryController.php(73): view('admin/child_sub_category/child_sub_category_list', [...])
 6 SYSTEMPATH\CodeIgniter.php(934): App\Controllers\Admin\ChildSubCategoryController->index()
 7 SYSTEMPATH\CodeIgniter.php(499): CodeIgniter\CodeIgniter->runController(Object(App\Controllers\Admin\ChildSubCategoryController))
 8 SYSTEMPATH\CodeIgniter.php(368): CodeIgniter\CodeIgniter->handleRequest(null, Object(Config\Cache), false)
 9 FCPATH\index.php(68): CodeIgniter\CodeIgniter->run()
