CRITICAL - 2023-06-08 10:45:42 --> There is no data to insert.
in SYSTEMPATH\BaseModel.php on line 762.
 1 SYSTEMPATH\BaseModel.php(762): CodeIgniter\Database\Exceptions\DataException::forEmptyDataset('insert')
 2 SYSTEMPATH\Model.php(730): CodeIgniter\BaseModel->insert([], true)
 3 APPPATH\Controllers\Admin\CouponController.php(43): CodeIgniter\Model->insert([...])
 4 SYSTEMPATH\CodeIgniter.php(934): App\Controllers\Admin\CouponController->couponSave()
 5 SYSTEMPATH\CodeIgniter.php(499): CodeIgniter\CodeIgniter->runController(Object(App\Controllers\Admin\CouponController))
 6 SYSTEMPATH\CodeIgniter.php(368): CodeIgniter\CodeIgniter->handleRequest(null, Object(Config\Cache), false)
 7 FCPATH\index.php(68): CodeIgniter\CodeIgniter->run()
ERROR - 2023-06-08 13:35:16 --> mysqli_sql_exception: Operand should contain 1 column(s) in C:\xampp\htdocs\truflow\system\Database\MySQLi\Connection.php:295
Stack trace:
#0 C:\xampp\htdocs\truflow\system\Database\MySQLi\Connection.php(295): mysqli->query('INSERT INTO `co...', 0)
#1 C:\xampp\htdocs\truflow\system\Database\BaseConnection.php(692): CodeIgniter\Database\MySQLi\Connection->execute('INSERT INTO `co...')
#2 C:\xampp\htdocs\truflow\system\Database\BaseConnection.php(606): CodeIgniter\Database\BaseConnection->simpleQuery('INSERT INTO `co...')
#3 C:\xampp\htdocs\truflow\system\Database\BaseBuilder.php(2309): CodeIgniter\Database\BaseConnection->query('INSERT INTO `co...', Array, false)
#4 C:\xampp\htdocs\truflow\system\Model.php(330): CodeIgniter\Database\BaseBuilder->insert()
#5 C:\xampp\htdocs\truflow\system\BaseModel.php(782): CodeIgniter\Model->doInsert(Array)
#6 C:\xampp\htdocs\truflow\system\Model.php(730): CodeIgniter\BaseModel->insert(Array, true)
#7 C:\xampp\htdocs\truflow\app\Controllers\Admin\CouponController.php(78): CodeIgniter\Model->insert(Array)
#8 C:\xampp\htdocs\truflow\system\CodeIgniter.php(934): App\Controllers\Admin\CouponController->couponSave()
#9 C:\xampp\htdocs\truflow\system\CodeIgniter.php(499): CodeIgniter\CodeIgniter->runController(Object(App\Controllers\Admin\CouponController))
#10 C:\xampp\htdocs\truflow\system\CodeIgniter.php(368): CodeIgniter\CodeIgniter->handleRequest(NULL, Object(Config\Cache), false)
#11 C:\xampp\htdocs\truflow\index.php(68): CodeIgniter\CodeIgniter->run()
#12 {main}
CRITICAL - 2023-06-08 13:35:16 --> Operand should contain 1 column(s)
in SYSTEMPATH\Database\MySQLi\Connection.php on line 295.
 1 SYSTEMPATH\Database\MySQLi\Connection.php(295): mysqli->query('INSERT INTO `coupon` (`coupon_code`, `coupon_price`, `coupon_price_type`, `coupon_type`, `from_date`, `to_date`, `coupon_status`, `isDeleted`, `category_id`, `user_id`, `created_at`, `updated_at`) VALUES (\'deta-xaw\', \'50\', \'Flat\', \'User\', \'2023-06-24\', \'2023-06-18\', \'\', \'\', \'\', (\'3\',\'5\',\'6\'), \'2023-06-08 13:35:16\', \'2023-06-08 13:35:16\')', 0)
 2 SYSTEMPATH\Database\BaseConnection.php(692): CodeIgniter\Database\MySQLi\Connection->execute('INSERT INTO `coupon` (`coupon_code`, `coupon_price`, `coupon_price_type`, `coupon_type`, `from_date`, `to_date`, `coupon_status`, `isDeleted`, `category_id`, `user_id`, `created_at`, `updated_at`) VALUES (\'deta-xaw\', \'50\', \'Flat\', \'User\', \'2023-06-24\', \'2023-06-18\', \'\', \'\', \'\', (\'3\',\'5\',\'6\'), \'2023-06-08 13:35:16\', \'2023-06-08 13:35:16\')')
 3 SYSTEMPATH\Database\BaseConnection.php(606): CodeIgniter\Database\BaseConnection->simpleQuery('INSERT INTO `coupon` (`coupon_code`, `coupon_price`, `coupon_price_type`, `coupon_type`, `from_date`, `to_date`, `coupon_status`, `isDeleted`, `category_id`, `user_id`, `created_at`, `updated_at`) VALUES (\'deta-xaw\', \'50\', \'Flat\', \'User\', \'2023-06-24\', \'2023-06-18\', \'\', \'\', \'\', (\'3\',\'5\',\'6\'), \'2023-06-08 13:35:16\', \'2023-06-08 13:35:16\')')
 4 SYSTEMPATH\Database\BaseBuilder.php(2309): CodeIgniter\Database\BaseConnection->query('INSERT INTO `coupon` (`coupon_code`, `coupon_price`, `coupon_price_type`, `coupon_type`, `from_date`, `to_date`, `coupon_status`, `isDeleted`, `category_id`, `user_id`, `created_at`, `updated_at`) VALUES (:coupon_code:, :coupon_price:, :coupon_price_type:, :coupon_type:, :from_date:, :to_date:, :coupon_status:, :isDeleted:, :category_id:, :user_id:, :created_at:, :updated_at:)', [...], false)
 5 SYSTEMPATH\Model.php(330): CodeIgniter\Database\BaseBuilder->insert()
 6 SYSTEMPATH\BaseModel.php(782): CodeIgniter\Model->doInsert([...])
 7 SYSTEMPATH\Model.php(730): CodeIgniter\BaseModel->insert([...], true)
 8 APPPATH\Controllers\Admin\CouponController.php(78): CodeIgniter\Model->insert([...])
 9 SYSTEMPATH\CodeIgniter.php(934): App\Controllers\Admin\CouponController->couponSave()
10 SYSTEMPATH\CodeIgniter.php(499): CodeIgniter\CodeIgniter->runController(Object(App\Controllers\Admin\CouponController))
11 SYSTEMPATH\CodeIgniter.php(368): CodeIgniter\CodeIgniter->handleRequest(null, Object(Config\Cache), false)
12 FCPATH\index.php(68): CodeIgniter\CodeIgniter->run()
CRITICAL - 2023-06-08 13:42:44 --> Undefined variable $userdata
in APPPATH\Views\admin\coupon\coupon.php on line 84.
 1 APPPATH\Views\admin\coupon\coupon.php(84): CodeIgniter\Debug\Exceptions->errorHandler(2, 'Undefined variable $userdata', 'C:\\xampp\\htdocs\\truflow\\app\\Views\\admin\\coupon\\coupon.php', 84)
 2 SYSTEMPATH\View\View.php(213): include('C:\\xampp\\htdocs\\truflow\\app\\Views\\admin\\coupon\\coupon.php')
 3 SYSTEMPATH\View\View.php(216): CodeIgniter\View\View->CodeIgniter\View\{closure}()
 4 SYSTEMPATH\Common.php(1184): CodeIgniter\View\View->render('admin/coupon/coupon', [], true)
 5 APPPATH\Controllers\Admin\CouponController.php(95): view('admin/coupon/coupon', [...])
 6 SYSTEMPATH\CodeIgniter.php(934): App\Controllers\Admin\CouponController->couponEdit('7')
 7 SYSTEMPATH\CodeIgniter.php(499): CodeIgniter\CodeIgniter->runController(Object(App\Controllers\Admin\CouponController))
 8 SYSTEMPATH\CodeIgniter.php(368): CodeIgniter\CodeIgniter->handleRequest(null, Object(Config\Cache), false)
 9 FCPATH\index.php(68): CodeIgniter\CodeIgniter->run()
CRITICAL - 2023-06-08 13:54:43 --> Cannot access offset of type string on string
in APPPATH\Views\admin\coupon\coupon.php on line 81.
 1 SYSTEMPATH\View\View.php(213): include()
 2 SYSTEMPATH\View\View.php(216): CodeIgniter\View\View->CodeIgniter\View\{closure}()
 3 SYSTEMPATH\Common.php(1184): CodeIgniter\View\View->render('admin/coupon/coupon', [], true)
 4 APPPATH\Controllers\Admin\CouponController.php(95): view('admin/coupon/coupon', [...])
 5 SYSTEMPATH\CodeIgniter.php(934): App\Controllers\Admin\CouponController->couponEdit('8')
 6 SYSTEMPATH\CodeIgniter.php(499): CodeIgniter\CodeIgniter->runController(Object(App\Controllers\Admin\CouponController))
 7 SYSTEMPATH\CodeIgniter.php(368): CodeIgniter\CodeIgniter->handleRequest(null, Object(Config\Cache), false)
 8 FCPATH\index.php(68): CodeIgniter\CodeIgniter->run()
CRITICAL - 2023-06-08 13:57:16 --> Cannot access offset of type string on string
in APPPATH\Views\admin\coupon\coupon.php on line 83.
 1 SYSTEMPATH\View\View.php(213): include()
 2 SYSTEMPATH\View\View.php(216): CodeIgniter\View\View->CodeIgniter\View\{closure}()
 3 SYSTEMPATH\Common.php(1184): CodeIgniter\View\View->render('admin/coupon/coupon', [], true)
 4 APPPATH\Controllers\Admin\CouponController.php(95): view('admin/coupon/coupon', [...])
 5 SYSTEMPATH\CodeIgniter.php(934): App\Controllers\Admin\CouponController->couponEdit('8')
 6 SYSTEMPATH\CodeIgniter.php(499): CodeIgniter\CodeIgniter->runController(Object(App\Controllers\Admin\CouponController))
 7 SYSTEMPATH\CodeIgniter.php(368): CodeIgniter\CodeIgniter->handleRequest(null, Object(Config\Cache), false)
 8 FCPATH\index.php(68): CodeIgniter\CodeIgniter->run()
CRITICAL - 2023-06-08 13:57:18 --> Cannot access offset of type string on string
in APPPATH\Views\admin\coupon\coupon.php on line 83.
 1 SYSTEMPATH\View\View.php(213): include()
 2 SYSTEMPATH\View\View.php(216): CodeIgniter\View\View->CodeIgniter\View\{closure}()
 3 SYSTEMPATH\Common.php(1184): CodeIgniter\View\View->render('admin/coupon/coupon', [], true)
 4 APPPATH\Controllers\Admin\CouponController.php(95): view('admin/coupon/coupon', [...])
 5 SYSTEMPATH\CodeIgniter.php(934): App\Controllers\Admin\CouponController->couponEdit('8')
 6 SYSTEMPATH\CodeIgniter.php(499): CodeIgniter\CodeIgniter->runController(Object(App\Controllers\Admin\CouponController))
 7 SYSTEMPATH\CodeIgniter.php(368): CodeIgniter\CodeIgniter->handleRequest(null, Object(Config\Cache), false)
 8 FCPATH\index.php(68): CodeIgniter\CodeIgniter->run()
CRITICAL - 2023-06-08 13:58:34 --> Undefined variable $input
in APPPATH\Views\admin\coupon\coupon.php on line 92.
 1 APPPATH\Views\admin\coupon\coupon.php(92): CodeIgniter\Debug\Exceptions->errorHandler(2, 'Undefined variable $input', 'C:\\xampp\\htdocs\\truflow\\app\\Views\\admin\\coupon\\coupon.php', 92)
 2 SYSTEMPATH\View\View.php(213): include('C:\\xampp\\htdocs\\truflow\\app\\Views\\admin\\coupon\\coupon.php')
 3 SYSTEMPATH\View\View.php(216): CodeIgniter\View\View->CodeIgniter\View\{closure}()
 4 SYSTEMPATH\Common.php(1184): CodeIgniter\View\View->render('admin/coupon/coupon', [], true)
 5 APPPATH\Controllers\Admin\CouponController.php(45): view('admin/coupon/coupon', [...])
 6 SYSTEMPATH\CodeIgniter.php(934): App\Controllers\Admin\CouponController->coupon()
 7 SYSTEMPATH\CodeIgniter.php(499): CodeIgniter\CodeIgniter->runController(Object(App\Controllers\Admin\CouponController))
 8 SYSTEMPATH\CodeIgniter.php(368): CodeIgniter\CodeIgniter->handleRequest(null, Object(Config\Cache), false)
 9 FCPATH\index.php(68): CodeIgniter\CodeIgniter->run()
CRITICAL - 2023-06-08 14:00:29 --> in_array(): Argument #2 ($haystack) must be of type array, string given
in APPPATH\Views\admin\coupon\coupon.php on line 92.
 1 APPPATH\Views\admin\coupon\coupon.php(92): in_array('2', '')
 2 SYSTEMPATH\View\View.php(213): include('C:\\xampp\\htdocs\\truflow\\app\\Views\\admin\\coupon\\coupon.php')
 3 SYSTEMPATH\View\View.php(216): CodeIgniter\View\View->CodeIgniter\View\{closure}()
 4 SYSTEMPATH\Common.php(1184): CodeIgniter\View\View->render('admin/coupon/coupon', [], true)
 5 APPPATH\Controllers\Admin\CouponController.php(45): view('admin/coupon/coupon', [...])
 6 SYSTEMPATH\CodeIgniter.php(934): App\Controllers\Admin\CouponController->coupon()
 7 SYSTEMPATH\CodeIgniter.php(499): CodeIgniter\CodeIgniter->runController(Object(App\Controllers\Admin\CouponController))
 8 SYSTEMPATH\CodeIgniter.php(368): CodeIgniter\CodeIgniter->handleRequest(null, Object(Config\Cache), false)
 9 FCPATH\index.php(68): CodeIgniter\CodeIgniter->run()
