ERROR - 2023-12-22 11:13:18 --> mysqli_sql_exception: Table 'true_flow.meta_contents' doesn't exist in C:\xampp\htdocs\truflow\system\Database\MySQLi\Connection.php:295
Stack trace:
#0 C:\xampp\htdocs\truflow\system\Database\MySQLi\Connection.php(295): mysqli->query('SELECT *\nFROM `...', 0)
#1 C:\xampp\htdocs\truflow\system\Database\BaseConnection.php(692): CodeIgniter\Database\MySQLi\Connection->execute('SELECT *\nFROM `...')
#2 C:\xampp\htdocs\truflow\system\Database\BaseConnection.php(606): CodeIgniter\Database\BaseConnection->simpleQuery('SELECT *\nFROM `...')
#3 C:\xampp\htdocs\truflow\system\Database\BaseBuilder.php(1616): CodeIgniter\Database\BaseConnection->query('SELECT *\nFROM `...', Array, false)
#4 C:\xampp\htdocs\truflow\system\Model.php(840): CodeIgniter\Database\BaseBuilder->get()
#5 C:\xampp\htdocs\truflow\app\Controllers\Home.php(1473): CodeIgniter\Model->__call('get', Array)
#6 C:\xampp\htdocs\truflow\system\CodeIgniter.php(934): App\Controllers\Home->getMetaTags()
#7 C:\xampp\htdocs\truflow\system\CodeIgniter.php(499): CodeIgniter\CodeIgniter->runController(Object(App\Controllers\Home))
#8 C:\xampp\htdocs\truflow\system\CodeIgniter.php(368): CodeIgniter\CodeIgniter->handleRequest(NULL, Object(Config\Cache), false)
#9 C:\xampp\htdocs\truflow\index.php(68): CodeIgniter\CodeIgniter->run()
#10 {main}
CRITICAL - 2023-12-22 11:13:18 --> Table 'true_flow.meta_contents' doesn't exist
in SYSTEMPATH\Database\MySQLi\Connection.php on line 295.
 1 SYSTEMPATH\Database\MySQLi\Connection.php(295): mysqli->query('SELECT *
FROM `meta_contents`
WHERE `menu_id` = \'6\'', 0)
 2 SYSTEMPATH\Database\BaseConnection.php(692): CodeIgniter\Database\MySQLi\Connection->execute('SELECT *
FROM `meta_contents`
WHERE `menu_id` = \'6\'')
 3 SYSTEMPATH\Database\BaseConnection.php(606): CodeIgniter\Database\BaseConnection->simpleQuery('SELECT *
FROM `meta_contents`
WHERE `menu_id` = \'6\'')
 4 SYSTEMPATH\Database\BaseBuilder.php(1616): CodeIgniter\Database\BaseConnection->query('SELECT *
FROM `meta_contents`
WHERE `menu_id` = :menu_id:', [...], false)
 5 SYSTEMPATH\Model.php(840): CodeIgniter\Database\BaseBuilder->get()
 6 APPPATH\Controllers\Home.php(1473): CodeIgniter\Model->__call('get', [])
 7 SYSTEMPATH\CodeIgniter.php(934): App\Controllers\Home->getMetaTags()
 8 SYSTEMPATH\CodeIgniter.php(499): CodeIgniter\CodeIgniter->runController(Object(App\Controllers\Home))
 9 SYSTEMPATH\CodeIgniter.php(368): CodeIgniter\CodeIgniter->handleRequest(null, Object(Config\Cache), false)
10 FCPATH\index.php(68): CodeIgniter\CodeIgniter->run()
CRITICAL - 2023-12-22 11:36:11 --> No API key provided.  (HINT: set your API key using "Stripe::setApiKey(<API-KEY>)".  You can generate API keys from the Stripe web interface.  See https://stripe.com/api for details, or email support@stripe.com if you have any questions.
in FCPATH\vendor\stripe\stripe-php\lib\ApiRequestor.php on line 373.
 1 FCPATH\vendor\stripe\stripe-php\lib\ApiRequestor.php(451): Stripe\ApiRequestor->_prepareRequest('post', '/v1/charges', [...], [])
 2 FCPATH\vendor\stripe\stripe-php\lib\ApiRequestor.php(127): Stripe\ApiRequestor->_requestRaw('post', '/v1/charges', [...], [], [])
 3 FCPATH\vendor\stripe\stripe-php\lib\ApiOperations\Request.php(81): Stripe\ApiRequestor->request('post', '/v1/charges', [...], [], [])
 4 FCPATH\vendor\stripe\stripe-php\lib\ApiOperations\Create.php(25): Stripe\ApiResource::_staticRequest('post', '/v1/charges', [...], null)
 5 APPPATH\Controllers\StripeController.php(21): Stripe\Charge::create([...])
 6 SYSTEMPATH\CodeIgniter.php(934): App\Controllers\StripeController->charge()
 7 SYSTEMPATH\CodeIgniter.php(499): CodeIgniter\CodeIgniter->runController(Object(App\Controllers\StripeController))
 8 SYSTEMPATH\CodeIgniter.php(368): CodeIgniter\CodeIgniter->handleRequest(null, Object(Config\Cache), false)
 9 FCPATH\index.php(68): CodeIgniter\CodeIgniter->run()
CRITICAL - 2023-12-22 11:36:58 --> As per Indian regulations, export transactions require a customer name and address. More info here: https://stripe.com/docs/india-exports
in FCPATH\vendor\stripe\stripe-php\lib\Exception\ApiErrorException.php on line 38.
 1 FCPATH\vendor\stripe\stripe-php\lib\Exception\InvalidRequestException.php(35): Stripe\Exception\ApiErrorException::factory('As per Indian regulations, export transactions require a customer name and address. More info here: https://stripe.com/docs/india-exports', 400, '{
  "error": {
    "message": "As per Indian regulations, export transactions require a customer name and address. More info here: https://stripe.com/docs/india-exports",
    "request_log_url": "https://dashboard.stripe.com/test/logs/req_EyRCoQnfjsX4Dk?t=1703245018",
    "type": "invalid_request_error"
  }
}
', [...], Object(Stripe\Util\CaseInsensitiveArray), null)
 2 FCPATH\vendor\stripe\stripe-php\lib\ApiRequestor.php(218): Stripe\Exception\InvalidRequestException::factory('As per Indian regulations, export transactions require a customer name and address. More info here: https://stripe.com/docs/india-exports', 400, '{
  "error": {
    "message": "As per Indian regulations, export transactions require a customer name and address. More info here: https://stripe.com/docs/india-exports",
    "request_log_url": "https://dashboard.stripe.com/test/logs/req_EyRCoQnfjsX4Dk?t=1703245018",
    "type": "invalid_request_error"
  }
}
', [...], Object(Stripe\Util\CaseInsensitiveArray), null, null)
 3 FCPATH\vendor\stripe\stripe-php\lib\ApiRequestor.php(180): Stripe\ApiRequestor::_specificAPIError('{
  "error": {
    "message": "As per Indian regulations, export transactions require a customer name and address. More info here: https://stripe.com/docs/india-exports",
    "request_log_url": "https://dashboard.stripe.com/test/logs/req_EyRCoQnfjsX4Dk?t=1703245018",
    "type": "invalid_request_error"
  }
}
', 400, Object(Stripe\Util\CaseInsensitiveArray), [...], [...])
 4 FCPATH\vendor\stripe\stripe-php\lib\ApiRequestor.php(564): Stripe\ApiRequestor->handleErrorResponse('{
  "error": {
    "message": "As per Indian regulations, export transactions require a customer name and address. More info here: https://stripe.com/docs/india-exports",
    "request_log_url": "https://dashboard.stripe.com/test/logs/req_EyRCoQnfjsX4Dk?t=1703245018",
    "type": "invalid_request_error"
  }
}
', 400, Object(Stripe\Util\CaseInsensitiveArray), [...])
 5 FCPATH\vendor\stripe\stripe-php\lib\ApiRequestor.php(128): Stripe\ApiRequestor->_interpretResponse('{
  "error": {
    "message": "As per Indian regulations, export transactions require a customer name and address. More info here: https://stripe.com/docs/india-exports",
    "request_log_url": "https://dashboard.stripe.com/test/logs/req_EyRCoQnfjsX4Dk?t=1703245018",
    "type": "invalid_request_error"
  }
}
', 400, Object(Stripe\Util\CaseInsensitiveArray))
 6 FCPATH\vendor\stripe\stripe-php\lib\ApiOperations\Request.php(81): Stripe\ApiRequestor->request('post', '/v1/charges', [...], [], [])
 7 FCPATH\vendor\stripe\stripe-php\lib\ApiOperations\Create.php(25): Stripe\ApiResource::_staticRequest('post', '/v1/charges', [...], null)
 8 APPPATH\Controllers\StripeController.php(21): Stripe\Charge::create([...])
 9 SYSTEMPATH\CodeIgniter.php(934): App\Controllers\StripeController->charge()
10 SYSTEMPATH\CodeIgniter.php(499): CodeIgniter\CodeIgniter->runController(Object(App\Controllers\StripeController))
11 SYSTEMPATH\CodeIgniter.php(368): CodeIgniter\CodeIgniter->handleRequest(null, Object(Config\Cache), false)
12 FCPATH\index.php(68): CodeIgniter\CodeIgniter->run()
CRITICAL - 2023-12-22 11:37:17 --> As per Indian regulations, export transactions require a customer name and address. More info here: https://stripe.com/docs/india-exports
in FCPATH\vendor\stripe\stripe-php\lib\Exception\ApiErrorException.php on line 38.
 1 FCPATH\vendor\stripe\stripe-php\lib\Exception\InvalidRequestException.php(35): Stripe\Exception\ApiErrorException::factory('As per Indian regulations, export transactions require a customer name and address. More info here: https://stripe.com/docs/india-exports', 400, '{
  "error": {
    "message": "As per Indian regulations, export transactions require a customer name and address. More info here: https://stripe.com/docs/india-exports",
    "request_log_url": "https://dashboard.stripe.com/test/logs/req_LkEGgS2kCXV7mB?t=1703245037",
    "type": "invalid_request_error"
  }
}
', [...], Object(Stripe\Util\CaseInsensitiveArray), null)
 2 FCPATH\vendor\stripe\stripe-php\lib\ApiRequestor.php(218): Stripe\Exception\InvalidRequestException::factory('As per Indian regulations, export transactions require a customer name and address. More info here: https://stripe.com/docs/india-exports', 400, '{
  "error": {
    "message": "As per Indian regulations, export transactions require a customer name and address. More info here: https://stripe.com/docs/india-exports",
    "request_log_url": "https://dashboard.stripe.com/test/logs/req_LkEGgS2kCXV7mB?t=1703245037",
    "type": "invalid_request_error"
  }
}
', [...], Object(Stripe\Util\CaseInsensitiveArray), null, null)
 3 FCPATH\vendor\stripe\stripe-php\lib\ApiRequestor.php(180): Stripe\ApiRequestor::_specificAPIError('{
  "error": {
    "message": "As per Indian regulations, export transactions require a customer name and address. More info here: https://stripe.com/docs/india-exports",
    "request_log_url": "https://dashboard.stripe.com/test/logs/req_LkEGgS2kCXV7mB?t=1703245037",
    "type": "invalid_request_error"
  }
}
', 400, Object(Stripe\Util\CaseInsensitiveArray), [...], [...])
 4 FCPATH\vendor\stripe\stripe-php\lib\ApiRequestor.php(564): Stripe\ApiRequestor->handleErrorResponse('{
  "error": {
    "message": "As per Indian regulations, export transactions require a customer name and address. More info here: https://stripe.com/docs/india-exports",
    "request_log_url": "https://dashboard.stripe.com/test/logs/req_LkEGgS2kCXV7mB?t=1703245037",
    "type": "invalid_request_error"
  }
}
', 400, Object(Stripe\Util\CaseInsensitiveArray), [...])
 5 FCPATH\vendor\stripe\stripe-php\lib\ApiRequestor.php(128): Stripe\ApiRequestor->_interpretResponse('{
  "error": {
    "message": "As per Indian regulations, export transactions require a customer name and address. More info here: https://stripe.com/docs/india-exports",
    "request_log_url": "https://dashboard.stripe.com/test/logs/req_LkEGgS2kCXV7mB?t=1703245037",
    "type": "invalid_request_error"
  }
}
', 400, Object(Stripe\Util\CaseInsensitiveArray))
 6 FCPATH\vendor\stripe\stripe-php\lib\ApiOperations\Request.php(81): Stripe\ApiRequestor->request('post', '/v1/charges', [...], [], [])
 7 FCPATH\vendor\stripe\stripe-php\lib\ApiOperations\Create.php(25): Stripe\ApiResource::_staticRequest('post', '/v1/charges', [...], null)
 8 APPPATH\Controllers\StripeController.php(21): Stripe\Charge::create([...])
 9 SYSTEMPATH\CodeIgniter.php(934): App\Controllers\StripeController->charge()
10 SYSTEMPATH\CodeIgniter.php(499): CodeIgniter\CodeIgniter->runController(Object(App\Controllers\StripeController))
11 SYSTEMPATH\CodeIgniter.php(368): CodeIgniter\CodeIgniter->handleRequest(null, Object(Config\Cache), false)
12 FCPATH\index.php(68): CodeIgniter\CodeIgniter->run()
CRITICAL - 2023-12-22 11:37:57 --> As per Indian regulations, export transactions require a customer name and address. More info here: https://stripe.com/docs/india-exports
in FCPATH\vendor\stripe\stripe-php\lib\Exception\ApiErrorException.php on line 38.
 1 FCPATH\vendor\stripe\stripe-php\lib\Exception\InvalidRequestException.php(35): Stripe\Exception\ApiErrorException::factory('As per Indian regulations, export transactions require a customer name and address. More info here: https://stripe.com/docs/india-exports', 400, '{
  "error": {
    "message": "As per Indian regulations, export transactions require a customer name and address. More info here: https://stripe.com/docs/india-exports",
    "request_log_url": "https://dashboard.stripe.com/test/logs/req_TYBBJF0B5PYCee?t=1703245077",
    "type": "invalid_request_error"
  }
}
', [...], Object(Stripe\Util\CaseInsensitiveArray), null)
 2 FCPATH\vendor\stripe\stripe-php\lib\ApiRequestor.php(218): Stripe\Exception\InvalidRequestException::factory('As per Indian regulations, export transactions require a customer name and address. More info here: https://stripe.com/docs/india-exports', 400, '{
  "error": {
    "message": "As per Indian regulations, export transactions require a customer name and address. More info here: https://stripe.com/docs/india-exports",
    "request_log_url": "https://dashboard.stripe.com/test/logs/req_TYBBJF0B5PYCee?t=1703245077",
    "type": "invalid_request_error"
  }
}
', [...], Object(Stripe\Util\CaseInsensitiveArray), null, null)
 3 FCPATH\vendor\stripe\stripe-php\lib\ApiRequestor.php(180): Stripe\ApiRequestor::_specificAPIError('{
  "error": {
    "message": "As per Indian regulations, export transactions require a customer name and address. More info here: https://stripe.com/docs/india-exports",
    "request_log_url": "https://dashboard.stripe.com/test/logs/req_TYBBJF0B5PYCee?t=1703245077",
    "type": "invalid_request_error"
  }
}
', 400, Object(Stripe\Util\CaseInsensitiveArray), [...], [...])
 4 FCPATH\vendor\stripe\stripe-php\lib\ApiRequestor.php(564): Stripe\ApiRequestor->handleErrorResponse('{
  "error": {
    "message": "As per Indian regulations, export transactions require a customer name and address. More info here: https://stripe.com/docs/india-exports",
    "request_log_url": "https://dashboard.stripe.com/test/logs/req_TYBBJF0B5PYCee?t=1703245077",
    "type": "invalid_request_error"
  }
}
', 400, Object(Stripe\Util\CaseInsensitiveArray), [...])
 5 FCPATH\vendor\stripe\stripe-php\lib\ApiRequestor.php(128): Stripe\ApiRequestor->_interpretResponse('{
  "error": {
    "message": "As per Indian regulations, export transactions require a customer name and address. More info here: https://stripe.com/docs/india-exports",
    "request_log_url": "https://dashboard.stripe.com/test/logs/req_TYBBJF0B5PYCee?t=1703245077",
    "type": "invalid_request_error"
  }
}
', 400, Object(Stripe\Util\CaseInsensitiveArray))
 6 FCPATH\vendor\stripe\stripe-php\lib\ApiOperations\Request.php(81): Stripe\ApiRequestor->request('post', '/v1/charges', [...], [], [])
 7 FCPATH\vendor\stripe\stripe-php\lib\ApiOperations\Create.php(25): Stripe\ApiResource::_staticRequest('post', '/v1/charges', [...], null)
 8 APPPATH\Controllers\StripeController.php(21): Stripe\Charge::create([...])
 9 SYSTEMPATH\CodeIgniter.php(934): App\Controllers\StripeController->charge()
10 SYSTEMPATH\CodeIgniter.php(499): CodeIgniter\CodeIgniter->runController(Object(App\Controllers\StripeController))
11 SYSTEMPATH\CodeIgniter.php(368): CodeIgniter\CodeIgniter->handleRequest(null, Object(Config\Cache), false)
12 FCPATH\index.php(68): CodeIgniter\CodeIgniter->run()
CRITICAL - 2023-12-22 11:38:41 --> As per Indian regulations, export transactions require a customer name and address. More info here: https://stripe.com/docs/india-exports
in FCPATH\vendor\stripe\stripe-php\lib\Exception\ApiErrorException.php on line 38.
 1 FCPATH\vendor\stripe\stripe-php\lib\Exception\InvalidRequestException.php(35): Stripe\Exception\ApiErrorException::factory('As per Indian regulations, export transactions require a customer name and address. More info here: https://stripe.com/docs/india-exports', 400, '{
  "error": {
    "message": "As per Indian regulations, export transactions require a customer name and address. More info here: https://stripe.com/docs/india-exports",
    "request_log_url": "https://dashboard.stripe.com/test/logs/req_rw7i5aSYHPh6gF?t=1703245122",
    "type": "invalid_request_error"
  }
}
', [...], Object(Stripe\Util\CaseInsensitiveArray), null)
 2 FCPATH\vendor\stripe\stripe-php\lib\ApiRequestor.php(218): Stripe\Exception\InvalidRequestException::factory('As per Indian regulations, export transactions require a customer name and address. More info here: https://stripe.com/docs/india-exports', 400, '{
  "error": {
    "message": "As per Indian regulations, export transactions require a customer name and address. More info here: https://stripe.com/docs/india-exports",
    "request_log_url": "https://dashboard.stripe.com/test/logs/req_rw7i5aSYHPh6gF?t=1703245122",
    "type": "invalid_request_error"
  }
}
', [...], Object(Stripe\Util\CaseInsensitiveArray), null, null)
 3 FCPATH\vendor\stripe\stripe-php\lib\ApiRequestor.php(180): Stripe\ApiRequestor::_specificAPIError('{
  "error": {
    "message": "As per Indian regulations, export transactions require a customer name and address. More info here: https://stripe.com/docs/india-exports",
    "request_log_url": "https://dashboard.stripe.com/test/logs/req_rw7i5aSYHPh6gF?t=1703245122",
    "type": "invalid_request_error"
  }
}
', 400, Object(Stripe\Util\CaseInsensitiveArray), [...], [...])
 4 FCPATH\vendor\stripe\stripe-php\lib\ApiRequestor.php(564): Stripe\ApiRequestor->handleErrorResponse('{
  "error": {
    "message": "As per Indian regulations, export transactions require a customer name and address. More info here: https://stripe.com/docs/india-exports",
    "request_log_url": "https://dashboard.stripe.com/test/logs/req_rw7i5aSYHPh6gF?t=1703245122",
    "type": "invalid_request_error"
  }
}
', 400, Object(Stripe\Util\CaseInsensitiveArray), [...])
 5 FCPATH\vendor\stripe\stripe-php\lib\ApiRequestor.php(128): Stripe\ApiRequestor->_interpretResponse('{
  "error": {
    "message": "As per Indian regulations, export transactions require a customer name and address. More info here: https://stripe.com/docs/india-exports",
    "request_log_url": "https://dashboard.stripe.com/test/logs/req_rw7i5aSYHPh6gF?t=1703245122",
    "type": "invalid_request_error"
  }
}
', 400, Object(Stripe\Util\CaseInsensitiveArray))
 6 FCPATH\vendor\stripe\stripe-php\lib\ApiOperations\Request.php(81): Stripe\ApiRequestor->request('post', '/v1/charges', [...], [], [])
 7 FCPATH\vendor\stripe\stripe-php\lib\ApiOperations\Create.php(25): Stripe\ApiResource::_staticRequest('post', '/v1/charges', [...], null)
 8 APPPATH\Controllers\StripeController.php(21): Stripe\Charge::create([...])
 9 SYSTEMPATH\CodeIgniter.php(934): App\Controllers\StripeController->charge()
10 SYSTEMPATH\CodeIgniter.php(499): CodeIgniter\CodeIgniter->runController(Object(App\Controllers\StripeController))
11 SYSTEMPATH\CodeIgniter.php(368): CodeIgniter\CodeIgniter->handleRequest(null, Object(Config\Cache), false)
12 FCPATH\index.php(68): CodeIgniter\CodeIgniter->run()
CRITICAL - 2023-12-22 11:40:32 --> No API key provided.  (HINT: set your API key using "Stripe::setApiKey(<API-KEY>)".  You can generate API keys from the Stripe web interface.  See https://stripe.com/api for details, or email support@stripe.com if you have any questions.
in FCPATH\vendor\stripe\stripe-php\lib\ApiRequestor.php on line 373.
 1 FCPATH\vendor\stripe\stripe-php\lib\ApiRequestor.php(451): Stripe\ApiRequestor->_prepareRequest('post', '/v1/charges', [...], [])
 2 FCPATH\vendor\stripe\stripe-php\lib\ApiRequestor.php(127): Stripe\ApiRequestor->_requestRaw('post', '/v1/charges', [...], [], [])
 3 FCPATH\vendor\stripe\stripe-php\lib\ApiOperations\Request.php(81): Stripe\ApiRequestor->request('post', '/v1/charges', [...], [], [])
 4 FCPATH\vendor\stripe\stripe-php\lib\ApiOperations\Create.php(25): Stripe\ApiResource::_staticRequest('post', '/v1/charges', [...], null)
 5 APPPATH\Controllers\StripeController.php(35): Stripe\Charge::create([...])
 6 SYSTEMPATH\CodeIgniter.php(934): App\Controllers\StripeController->charge()
 7 SYSTEMPATH\CodeIgniter.php(499): CodeIgniter\CodeIgniter->runController(Object(App\Controllers\StripeController))
 8 SYSTEMPATH\CodeIgniter.php(368): CodeIgniter\CodeIgniter->handleRequest(null, Object(Config\Cache), false)
 9 FCPATH\index.php(68): CodeIgniter\CodeIgniter->run()
CRITICAL - 2023-12-22 12:33:52 --> Undefined array key "customer_name"
in APPPATH\Controllers\StripeController.php on line 23.
 1 APPPATH\Controllers\StripeController.php(23): CodeIgniter\Debug\Exceptions->errorHandler(2, 'Undefined array key "customer_name"', 'C:\\xampp\\htdocs\\truflow\\app\\Controllers\\StripeController.php', 23)
 2 SYSTEMPATH\CodeIgniter.php(934): App\Controllers\StripeController->charge()
 3 SYSTEMPATH\CodeIgniter.php(499): CodeIgniter\CodeIgniter->runController(Object(App\Controllers\StripeController))
 4 SYSTEMPATH\CodeIgniter.php(368): CodeIgniter\CodeIgniter->handleRequest(null, Object(Config\Cache), false)
 5 FCPATH\index.php(68): CodeIgniter\CodeIgniter->run()
