ERROR - 2023-07-13 04:29:49 --> Error connecting to the database: mysqli_sql_exception: No connection could be made because the target machine actively refused it in C:\xampp\htdocs\truflow\system\Database\MySQLi\Connection.php:174
Stack trace:
#0 C:\xampp\htdocs\truflow\system\Database\MySQLi\Connection.php(174): mysqli->real_connect('localhost', 'root', '', 'true_flow', 3306, '', 0)
#1 C:\xampp\htdocs\truflow\system\Database\BaseConnection.php(391): CodeIgniter\Database\MySQLi\Connection->connect(false)
#2 C:\xampp\htdocs\truflow\system\Database\BaseConnection.php(574): CodeIgniter\Database\BaseConnection->initialize()
#3 C:\xampp\htdocs\truflow\system\Database\BaseBuilder.php(1616): CodeIgniter\Database\BaseConnection->query('SELECT *\nFROM `...', Array, false)
#4 C:\xampp\htdocs\truflow\system\Model.php(268): CodeIgniter\Database\BaseBuilder->get()
#5 C:\xampp\htdocs\truflow\system\BaseModel.php(656): CodeIgniter\Model->doFirst()
#6 C:\xampp\htdocs\truflow\app\Controllers\Home.php(32): CodeIgniter\BaseModel->first()
#7 C:\xampp\htdocs\truflow\system\CodeIgniter.php(934): App\Controllers\Home->index()
#8 C:\xampp\htdocs\truflow\system\CodeIgniter.php(499): CodeIgniter\CodeIgniter->runController(Object(App\Controllers\Home))
#9 C:\xampp\htdocs\truflow\system\CodeIgniter.php(368): CodeIgniter\CodeIgniter->handleRequest(NULL, Object(Config\Cache), false)
#10 C:\xampp\htdocs\truflow\index.php(68): CodeIgniter\CodeIgniter->run()
#11 {main}

Next CodeIgniter\Database\Exceptions\DatabaseException: No connection could be made because the target machine actively refused it in C:\xampp\htdocs\truflow\system\Database\MySQLi\Connection.php:218
Stack trace:
#0 C:\xampp\htdocs\truflow\system\Database\BaseConnection.php(391): CodeIgniter\Database\MySQLi\Connection->connect(false)
#1 C:\xampp\htdocs\truflow\system\Database\BaseConnection.php(574): CodeIgniter\Database\BaseConnection->initialize()
#2 C:\xampp\htdocs\truflow\system\Database\BaseBuilder.php(1616): CodeIgniter\Database\BaseConnection->query('SELECT *\nFROM `...', Array, false)
#3 C:\xampp\htdocs\truflow\system\Model.php(268): CodeIgniter\Database\BaseBuilder->get()
#4 C:\xampp\htdocs\truflow\system\BaseModel.php(656): CodeIgniter\Model->doFirst()
#5 C:\xampp\htdocs\truflow\app\Controllers\Home.php(32): CodeIgniter\BaseModel->first()
#6 C:\xampp\htdocs\truflow\system\CodeIgniter.php(934): App\Controllers\Home->index()
#7 C:\xampp\htdocs\truflow\system\CodeIgniter.php(499): CodeIgniter\CodeIgniter->runController(Object(App\Controllers\Home))
#8 C:\xampp\htdocs\truflow\system\CodeIgniter.php(368): CodeIgniter\CodeIgniter->handleRequest(NULL, Object(Config\Cache), false)
#9 C:\xampp\htdocs\truflow\index.php(68): CodeIgniter\CodeIgniter->run()
#10 {main}
CRITICAL - 2023-07-13 04:29:49 --> Unable to connect to the database.
Main connection [MySQLi]: No connection could be made because the target machine actively refused it
in SYSTEMPATH\Database\BaseConnection.php on line 427.
 1 SYSTEMPATH\Database\BaseConnection.php(574): CodeIgniter\Database\BaseConnection->initialize()
 2 SYSTEMPATH\Database\BaseBuilder.php(1616): CodeIgniter\Database\BaseConnection->query('SELECT *
FROM `site_settings`
WHERE `type` = :type:
 LIMIT 1', [...], false)
 3 SYSTEMPATH\Model.php(268): CodeIgniter\Database\BaseBuilder->get()
 4 SYSTEMPATH\BaseModel.php(656): CodeIgniter\Model->doFirst()
 5 APPPATH\Controllers\Home.php(32): CodeIgniter\BaseModel->first()
 6 SYSTEMPATH\CodeIgniter.php(934): App\Controllers\Home->index()
 7 SYSTEMPATH\CodeIgniter.php(499): CodeIgniter\CodeIgniter->runController(Object(App\Controllers\Home))
 8 SYSTEMPATH\CodeIgniter.php(368): CodeIgniter\CodeIgniter->handleRequest(null, Object(Config\Cache), false)
 9 FCPATH\index.php(68): CodeIgniter\CodeIgniter->run()
CRITICAL - 2023-07-13 04:41:51 --> Undefined variable $cat_or_brand_id
in APPPATH\Views\front\product_details.php on line 220.
 1 APPPATH\Views\front\product_details.php(220): CodeIgniter\Debug\Exceptions->errorHandler(2, 'Undefined variable $cat_or_brand_id', 'C:\\xampp\\htdocs\\truflow\\app\\Views\\front\\product_details.php', 220)
 2 SYSTEMPATH\View\View.php(213): include('C:\\xampp\\htdocs\\truflow\\app\\Views\\front\\product_details.php')
 3 SYSTEMPATH\View\View.php(216): CodeIgniter\View\View->CodeIgniter\View\{closure}()
 4 SYSTEMPATH\Common.php(1184): CodeIgniter\View\View->render('front/product_details', [], true)
 5 APPPATH\Controllers\Home.php(323): view('front/product_details', [...])
 6 SYSTEMPATH\CodeIgniter.php(934): App\Controllers\Home->product_details('9')
 7 SYSTEMPATH\CodeIgniter.php(499): CodeIgniter\CodeIgniter->runController(Object(App\Controllers\Home))
 8 SYSTEMPATH\CodeIgniter.php(368): CodeIgniter\CodeIgniter->handleRequest(null, Object(Config\Cache), false)
 9 FCPATH\index.php(68): CodeIgniter\CodeIgniter->run()
CRITICAL - 2023-07-13 05:39:05 --> Call to undefined method App\Models\ProductRatingModel::select_avg
in SYSTEMPATH\Model.php on line 842.
 1 APPPATH\Controllers\Home.php(319): CodeIgniter\Model->__call('select_avg', [...])
 2 SYSTEMPATH\CodeIgniter.php(934): App\Controllers\Home->product_details('9')
 3 SYSTEMPATH\CodeIgniter.php(499): CodeIgniter\CodeIgniter->runController(Object(App\Controllers\Home))
 4 SYSTEMPATH\CodeIgniter.php(368): CodeIgniter\CodeIgniter->handleRequest(null, Object(Config\Cache), false)
 5 FCPATH\index.php(68): CodeIgniter\CodeIgniter->run()
CRITICAL - 2023-07-13 05:42:53 --> Cannot access offset of type string on string
in APPPATH\Views\front\product_details.php on line 98.
 1 SYSTEMPATH\View\View.php(213): include()
 2 SYSTEMPATH\View\View.php(216): CodeIgniter\View\View->CodeIgniter\View\{closure}()
 3 SYSTEMPATH\Common.php(1184): CodeIgniter\View\View->render('front/product_details', [], true)
 4 APPPATH\Controllers\Home.php(333): view('front/product_details', [...])
 5 SYSTEMPATH\CodeIgniter.php(934): App\Controllers\Home->product_details('9')
 6 SYSTEMPATH\CodeIgniter.php(499): CodeIgniter\CodeIgniter->runController(Object(App\Controllers\Home))
 7 SYSTEMPATH\CodeIgniter.php(368): CodeIgniter\CodeIgniter->handleRequest(null, Object(Config\Cache), false)
 8 FCPATH\index.php(68): CodeIgniter\CodeIgniter->run()
CRITICAL - 2023-07-13 05:55:02 --> Call to undefined method App\Models\ProductRatingModel::num_rows
in SYSTEMPATH\Model.php on line 842.
 1 APPPATH\Controllers\Home.php(323): CodeIgniter\Model->__call('num_rows', [])
 2 SYSTEMPATH\CodeIgniter.php(934): App\Controllers\Home->product_details('1')
 3 SYSTEMPATH\CodeIgniter.php(499): CodeIgniter\CodeIgniter->runController(Object(App\Controllers\Home))
 4 SYSTEMPATH\CodeIgniter.php(368): CodeIgniter\CodeIgniter->handleRequest(null, Object(Config\Cache), false)
 5 FCPATH\index.php(68): CodeIgniter\CodeIgniter->run()
ERROR - 2023-07-13 05:56:04 --> mysqli_sql_exception: Unknown column 'product_rating' in 'where clause' in C:\xampp\htdocs\truflow\system\Database\MySQLi\Connection.php:295
Stack trace:
#0 C:\xampp\htdocs\truflow\system\Database\MySQLi\Connection.php(295): mysqli->query('SELECT COUNT(*)...', 0)
#1 C:\xampp\htdocs\truflow\system\Database\BaseConnection.php(692): CodeIgniter\Database\MySQLi\Connection->execute('SELECT COUNT(*)...')
#2 C:\xampp\htdocs\truflow\system\Database\BaseConnection.php(606): CodeIgniter\Database\BaseConnection->simpleQuery('SELECT COUNT(*)...')
#3 C:\xampp\htdocs\truflow\system\Database\BaseBuilder.php(1700): CodeIgniter\Database\BaseConnection->query('SELECT COUNT(*)...', Array, false)
#4 C:\xampp\htdocs\truflow\system\Model.php(606): CodeIgniter\Database\BaseBuilder->countAllResults(true)
#5 C:\xampp\htdocs\truflow\app\Controllers\Home.php(323): CodeIgniter\Model->countAllResults()
#6 C:\xampp\htdocs\truflow\system\CodeIgniter.php(934): App\Controllers\Home->product_details('1')
#7 C:\xampp\htdocs\truflow\system\CodeIgniter.php(499): CodeIgniter\CodeIgniter->runController(Object(App\Controllers\Home))
#8 C:\xampp\htdocs\truflow\system\CodeIgniter.php(368): CodeIgniter\CodeIgniter->handleRequest(NULL, Object(Config\Cache), false)
#9 C:\xampp\htdocs\truflow\index.php(68): CodeIgniter\CodeIgniter->run()
#10 {main}
CRITICAL - 2023-07-13 05:56:04 --> Unknown column 'product_rating' in 'where clause'
in SYSTEMPATH\Database\MySQLi\Connection.php on line 295.
 1 SYSTEMPATH\Database\MySQLi\Connection.php(295): mysqli->query('SELECT COUNT(*) AS `numrows`
FROM `product_rating`
WHERE `product_rating` = (\'1\')', 0)
 2 SYSTEMPATH\Database\BaseConnection.php(692): CodeIgniter\Database\MySQLi\Connection->execute('SELECT COUNT(*) AS `numrows`
FROM `product_rating`
WHERE `product_rating` = (\'1\')')
 3 SYSTEMPATH\Database\BaseConnection.php(606): CodeIgniter\Database\BaseConnection->simpleQuery('SELECT COUNT(*) AS `numrows`
FROM `product_rating`
WHERE `product_rating` = (\'1\')')
 4 SYSTEMPATH\Database\BaseBuilder.php(1700): CodeIgniter\Database\BaseConnection->query('SELECT COUNT(*) AS `numrows`
FROM `product_rating`
WHERE `product_rating` = :product_rating:', [...], false)
 5 SYSTEMPATH\Model.php(606): CodeIgniter\Database\BaseBuilder->countAllResults(true)
 6 APPPATH\Controllers\Home.php(323): CodeIgniter\Model->countAllResults()
 7 SYSTEMPATH\CodeIgniter.php(934): App\Controllers\Home->product_details('1')
 8 SYSTEMPATH\CodeIgniter.php(499): CodeIgniter\CodeIgniter->runController(Object(App\Controllers\Home))
 9 SYSTEMPATH\CodeIgniter.php(368): CodeIgniter\CodeIgniter->handleRequest(null, Object(Config\Cache), false)
10 FCPATH\index.php(68): CodeIgniter\CodeIgniter->run()
CRITICAL - 2023-07-13 06:01:32 --> Array to string conversion
in APPPATH\Views\front\product_details.php on line 227.
 1 APPPATH\Views\front\product_details.php(227): CodeIgniter\Debug\Exceptions->errorHandler(2, 'Array to string conversion', 'C:\\xampp\\htdocs\\truflow\\app\\Views\\front\\product_details.php', 227)
 2 SYSTEMPATH\View\View.php(213): include('C:\\xampp\\htdocs\\truflow\\app\\Views\\front\\product_details.php')
 3 SYSTEMPATH\View\View.php(216): CodeIgniter\View\View->CodeIgniter\View\{closure}()
 4 SYSTEMPATH\Common.php(1184): CodeIgniter\View\View->render('front/product_details', [], true)
 5 APPPATH\Controllers\Home.php(336): view('front/product_details', [...])
 6 SYSTEMPATH\CodeIgniter.php(934): App\Controllers\Home->product_details('9')
 7 SYSTEMPATH\CodeIgniter.php(499): CodeIgniter\CodeIgniter->runController(Object(App\Controllers\Home))
 8 SYSTEMPATH\CodeIgniter.php(368): CodeIgniter\CodeIgniter->handleRequest(null, Object(Config\Cache), false)
 9 FCPATH\index.php(68): CodeIgniter\CodeIgniter->run()
