ERROR - 2023-12-13 07:49:44 --> mysqli_sql_exception: Column 'sort' in order clause is ambiguous in C:\xampp\htdocs\truflow-git\truflow\system\Database\MySQLi\Connection.php:295
Stack trace:
#0 C:\xampp\htdocs\truflow-git\truflow\system\Database\MySQLi\Connection.php(295): mysqli->query('SELECT *\nFROM `...', 0)
#1 C:\xampp\htdocs\truflow-git\truflow\system\Database\BaseConnection.php(692): CodeIgniter\Database\MySQLi\Connection->execute('SELECT *\nFROM `...')
#2 C:\xampp\htdocs\truflow-git\truflow\system\Database\BaseConnection.php(606): CodeIgniter\Database\BaseConnection->simpleQuery('SELECT *\nFROM `...')
#3 C:\xampp\htdocs\truflow-git\truflow\system\Database\BaseBuilder.php(1616): CodeIgniter\Database\BaseConnection->query('SELECT *\nFROM `...', Array, false)
#4 C:\xampp\htdocs\truflow-git\truflow\system\Model.php(241): CodeIgniter\Database\BaseBuilder->get()
#5 C:\xampp\htdocs\truflow-git\truflow\system\BaseModel.php(618): CodeIgniter\Model->doFindAll(0, 0)
#6 C:\xampp\htdocs\truflow-git\truflow\app\Controllers\Home.php(732): CodeIgniter\BaseModel->findAll()
#7 C:\xampp\htdocs\truflow-git\truflow\system\CodeIgniter.php(934): App\Controllers\Home->product_details('1')
#8 C:\xampp\htdocs\truflow-git\truflow\system\CodeIgniter.php(499): CodeIgniter\CodeIgniter->runController(Object(App\Controllers\Home))
#9 C:\xampp\htdocs\truflow-git\truflow\system\CodeIgniter.php(368): CodeIgniter\CodeIgniter->handleRequest(NULL, Object(Config\Cache), false)
#10 C:\xampp\htdocs\truflow-git\truflow\index.php(68): CodeIgniter\CodeIgniter->run()
#11 {main}
CRITICAL - 2023-12-13 07:49:44 --> Column 'sort' in order clause is ambiguous
in SYSTEMPATH\Database\MySQLi\Connection.php on line 295.
 1 SYSTEMPATH\Database\MySQLi\Connection.php(295): mysqli->query('SELECT *
FROM `product`
JOIN `product_variants` ON `product_variants`.`product_id` = `product`.`product_id`
WHERE `product`.`product_id` = \'1\'
ORDER BY CAST(sort AS SIGNED) ASC', 0)
 2 SYSTEMPATH\Database\BaseConnection.php(692): CodeIgniter\Database\MySQLi\Connection->execute('SELECT *
FROM `product`
JOIN `product_variants` ON `product_variants`.`product_id` = `product`.`product_id`
WHERE `product`.`product_id` = \'1\'
ORDER BY CAST(sort AS SIGNED) ASC')
 3 SYSTEMPATH\Database\BaseConnection.php(606): CodeIgniter\Database\BaseConnection->simpleQuery('SELECT *
FROM `product`
JOIN `product_variants` ON `product_variants`.`product_id` = `product`.`product_id`
WHERE `product`.`product_id` = \'1\'
ORDER BY CAST(sort AS SIGNED) ASC')
 4 SYSTEMPATH\Database\BaseBuilder.php(1616): CodeIgniter\Database\BaseConnection->query('SELECT *
FROM `product`
JOIN `product_variants` ON `product_variants`.`product_id` = `product`.`product_id`
WHERE `product`.`product_id` = :product.product_id:
ORDER BY CAST(sort AS SIGNED) ASC', [...], false)
 5 SYSTEMPATH\Model.php(241): CodeIgniter\Database\BaseBuilder->get()
 6 SYSTEMPATH\BaseModel.php(618): CodeIgniter\Model->doFindAll(0, 0)
 7 APPPATH\Controllers\Home.php(732): CodeIgniter\BaseModel->findAll()
 8 SYSTEMPATH\CodeIgniter.php(934): App\Controllers\Home->product_details('1')
 9 SYSTEMPATH\CodeIgniter.php(499): CodeIgniter\CodeIgniter->runController(Object(App\Controllers\Home))
10 SYSTEMPATH\CodeIgniter.php(368): CodeIgniter\CodeIgniter->handleRequest(null, Object(Config\Cache), false)
11 FCPATH\index.php(68): CodeIgniter\CodeIgniter->run()
ERROR - 2023-12-13 07:52:27 --> mysqli_sql_exception: Column 'sort' in order clause is ambiguous in C:\xampp\htdocs\truflow-git\truflow\system\Database\MySQLi\Connection.php:295
Stack trace:
#0 C:\xampp\htdocs\truflow-git\truflow\system\Database\MySQLi\Connection.php(295): mysqli->query('SELECT *\nFROM `...', 0)
#1 C:\xampp\htdocs\truflow-git\truflow\system\Database\BaseConnection.php(692): CodeIgniter\Database\MySQLi\Connection->execute('SELECT *\nFROM `...')
#2 C:\xampp\htdocs\truflow-git\truflow\system\Database\BaseConnection.php(606): CodeIgniter\Database\BaseConnection->simpleQuery('SELECT *\nFROM `...')
#3 C:\xampp\htdocs\truflow-git\truflow\system\Database\BaseBuilder.php(1616): CodeIgniter\Database\BaseConnection->query('SELECT *\nFROM `...', Array, false)
#4 C:\xampp\htdocs\truflow-git\truflow\system\Model.php(241): CodeIgniter\Database\BaseBuilder->get()
#5 C:\xampp\htdocs\truflow-git\truflow\system\BaseModel.php(618): CodeIgniter\Model->doFindAll(0, 0)
#6 C:\xampp\htdocs\truflow-git\truflow\app\Controllers\Home.php(732): CodeIgniter\BaseModel->findAll()
#7 C:\xampp\htdocs\truflow-git\truflow\system\CodeIgniter.php(934): App\Controllers\Home->product_details('1')
#8 C:\xampp\htdocs\truflow-git\truflow\system\CodeIgniter.php(499): CodeIgniter\CodeIgniter->runController(Object(App\Controllers\Home))
#9 C:\xampp\htdocs\truflow-git\truflow\system\CodeIgniter.php(368): CodeIgniter\CodeIgniter->handleRequest(NULL, Object(Config\Cache), false)
#10 C:\xampp\htdocs\truflow-git\truflow\index.php(68): CodeIgniter\CodeIgniter->run()
#11 {main}
CRITICAL - 2023-12-13 07:52:27 --> Column 'sort' in order clause is ambiguous
in SYSTEMPATH\Database\MySQLi\Connection.php on line 295.
 1 SYSTEMPATH\Database\MySQLi\Connection.php(295): mysqli->query('SELECT *
FROM `product`
JOIN `product_variants` ON `product_variants`.`product_id` = `product`.`product_id`
WHERE `product`.`product_id` = \'1\'
ORDER BY CAST(sort AS SIGNED) ASC', 0)
 2 SYSTEMPATH\Database\BaseConnection.php(692): CodeIgniter\Database\MySQLi\Connection->execute('SELECT *
FROM `product`
JOIN `product_variants` ON `product_variants`.`product_id` = `product`.`product_id`
WHERE `product`.`product_id` = \'1\'
ORDER BY CAST(sort AS SIGNED) ASC')
 3 SYSTEMPATH\Database\BaseConnection.php(606): CodeIgniter\Database\BaseConnection->simpleQuery('SELECT *
FROM `product`
JOIN `product_variants` ON `product_variants`.`product_id` = `product`.`product_id`
WHERE `product`.`product_id` = \'1\'
ORDER BY CAST(sort AS SIGNED) ASC')
 4 SYSTEMPATH\Database\BaseBuilder.php(1616): CodeIgniter\Database\BaseConnection->query('SELECT *
FROM `product`
JOIN `product_variants` ON `product_variants`.`product_id` = `product`.`product_id`
WHERE `product`.`product_id` = :product.product_id:
ORDER BY CAST(sort AS SIGNED) ASC', [...], false)
 5 SYSTEMPATH\Model.php(241): CodeIgniter\Database\BaseBuilder->get()
 6 SYSTEMPATH\BaseModel.php(618): CodeIgniter\Model->doFindAll(0, 0)
 7 APPPATH\Controllers\Home.php(732): CodeIgniter\BaseModel->findAll()
 8 SYSTEMPATH\CodeIgniter.php(934): App\Controllers\Home->product_details('1')
 9 SYSTEMPATH\CodeIgniter.php(499): CodeIgniter\CodeIgniter->runController(Object(App\Controllers\Home))
10 SYSTEMPATH\CodeIgniter.php(368): CodeIgniter\CodeIgniter->handleRequest(null, Object(Config\Cache), false)
11 FCPATH\index.php(68): CodeIgniter\CodeIgniter->run()
ERROR - 2023-12-13 07:52:41 --> mysqli_sql_exception: Column 'sort' in order clause is ambiguous in C:\xampp\htdocs\truflow-git\truflow\system\Database\MySQLi\Connection.php:295
Stack trace:
#0 C:\xampp\htdocs\truflow-git\truflow\system\Database\MySQLi\Connection.php(295): mysqli->query('SELECT *\nFROM `...', 0)
#1 C:\xampp\htdocs\truflow-git\truflow\system\Database\BaseConnection.php(692): CodeIgniter\Database\MySQLi\Connection->execute('SELECT *\nFROM `...')
#2 C:\xampp\htdocs\truflow-git\truflow\system\Database\BaseConnection.php(606): CodeIgniter\Database\BaseConnection->simpleQuery('SELECT *\nFROM `...')
#3 C:\xampp\htdocs\truflow-git\truflow\system\Database\BaseBuilder.php(1616): CodeIgniter\Database\BaseConnection->query('SELECT *\nFROM `...', Array, false)
#4 C:\xampp\htdocs\truflow-git\truflow\system\Model.php(241): CodeIgniter\Database\BaseBuilder->get()
#5 C:\xampp\htdocs\truflow-git\truflow\system\BaseModel.php(618): CodeIgniter\Model->doFindAll(0, 0)
#6 C:\xampp\htdocs\truflow-git\truflow\app\Controllers\Home.php(732): CodeIgniter\BaseModel->findAll()
#7 C:\xampp\htdocs\truflow-git\truflow\system\CodeIgniter.php(934): App\Controllers\Home->product_details('1')
#8 C:\xampp\htdocs\truflow-git\truflow\system\CodeIgniter.php(499): CodeIgniter\CodeIgniter->runController(Object(App\Controllers\Home))
#9 C:\xampp\htdocs\truflow-git\truflow\system\CodeIgniter.php(368): CodeIgniter\CodeIgniter->handleRequest(NULL, Object(Config\Cache), false)
#10 C:\xampp\htdocs\truflow-git\truflow\index.php(68): CodeIgniter\CodeIgniter->run()
#11 {main}
CRITICAL - 2023-12-13 07:52:41 --> Column 'sort' in order clause is ambiguous
in SYSTEMPATH\Database\MySQLi\Connection.php on line 295.
 1 SYSTEMPATH\Database\MySQLi\Connection.php(295): mysqli->query('SELECT *
FROM `product`
JOIN `product_variants` ON `product_variants`.`product_id` = `product`.`product_id`
WHERE `product`.`product_id` = \'1\'
ORDER BY CAST(sort AS SIGNED) ASC', 0)
 2 SYSTEMPATH\Database\BaseConnection.php(692): CodeIgniter\Database\MySQLi\Connection->execute('SELECT *
FROM `product`
JOIN `product_variants` ON `product_variants`.`product_id` = `product`.`product_id`
WHERE `product`.`product_id` = \'1\'
ORDER BY CAST(sort AS SIGNED) ASC')
 3 SYSTEMPATH\Database\BaseConnection.php(606): CodeIgniter\Database\BaseConnection->simpleQuery('SELECT *
FROM `product`
JOIN `product_variants` ON `product_variants`.`product_id` = `product`.`product_id`
WHERE `product`.`product_id` = \'1\'
ORDER BY CAST(sort AS SIGNED) ASC')
 4 SYSTEMPATH\Database\BaseBuilder.php(1616): CodeIgniter\Database\BaseConnection->query('SELECT *
FROM `product`
JOIN `product_variants` ON `product_variants`.`product_id` = `product`.`product_id`
WHERE `product`.`product_id` = :product.product_id:
ORDER BY CAST(sort AS SIGNED) ASC', [...], false)
 5 SYSTEMPATH\Model.php(241): CodeIgniter\Database\BaseBuilder->get()
 6 SYSTEMPATH\BaseModel.php(618): CodeIgniter\Model->doFindAll(0, 0)
 7 APPPATH\Controllers\Home.php(732): CodeIgniter\BaseModel->findAll()
 8 SYSTEMPATH\CodeIgniter.php(934): App\Controllers\Home->product_details('1')
 9 SYSTEMPATH\CodeIgniter.php(499): CodeIgniter\CodeIgniter->runController(Object(App\Controllers\Home))
10 SYSTEMPATH\CodeIgniter.php(368): CodeIgniter\CodeIgniter->handleRequest(null, Object(Config\Cache), false)
11 FCPATH\index.php(68): CodeIgniter\CodeIgniter->run()
ERROR - 2023-12-13 07:53:44 --> mysqli_sql_exception: Column 'sort' in order clause is ambiguous in C:\xampp\htdocs\truflow-git\truflow\system\Database\MySQLi\Connection.php:295
Stack trace:
#0 C:\xampp\htdocs\truflow-git\truflow\system\Database\MySQLi\Connection.php(295): mysqli->query('SELECT *\nFROM `...', 0)
#1 C:\xampp\htdocs\truflow-git\truflow\system\Database\BaseConnection.php(692): CodeIgniter\Database\MySQLi\Connection->execute('SELECT *\nFROM `...')
#2 C:\xampp\htdocs\truflow-git\truflow\system\Database\BaseConnection.php(606): CodeIgniter\Database\BaseConnection->simpleQuery('SELECT *\nFROM `...')
#3 C:\xampp\htdocs\truflow-git\truflow\system\Database\BaseBuilder.php(1616): CodeIgniter\Database\BaseConnection->query('SELECT *\nFROM `...', Array, false)
#4 C:\xampp\htdocs\truflow-git\truflow\system\Model.php(241): CodeIgniter\Database\BaseBuilder->get()
#5 C:\xampp\htdocs\truflow-git\truflow\system\BaseModel.php(618): CodeIgniter\Model->doFindAll(0, 0)
#6 C:\xampp\htdocs\truflow-git\truflow\app\Controllers\Home.php(732): CodeIgniter\BaseModel->findAll()
#7 C:\xampp\htdocs\truflow-git\truflow\system\CodeIgniter.php(934): App\Controllers\Home->product_details('1')
#8 C:\xampp\htdocs\truflow-git\truflow\system\CodeIgniter.php(499): CodeIgniter\CodeIgniter->runController(Object(App\Controllers\Home))
#9 C:\xampp\htdocs\truflow-git\truflow\system\CodeIgniter.php(368): CodeIgniter\CodeIgniter->handleRequest(NULL, Object(Config\Cache), false)
#10 C:\xampp\htdocs\truflow-git\truflow\index.php(68): CodeIgniter\CodeIgniter->run()
#11 {main}
CRITICAL - 2023-12-13 07:53:44 --> Column 'sort' in order clause is ambiguous
in SYSTEMPATH\Database\MySQLi\Connection.php on line 295.
 1 SYSTEMPATH\Database\MySQLi\Connection.php(295): mysqli->query('SELECT *
FROM `product`
JOIN `product_variants` ON `product_variants`.`product_id` = `product`.`product_id`
WHERE `product`.`product_id` = \'1\'
ORDER BY CAST(sort AS SIGNED) ASC', 0)
 2 SYSTEMPATH\Database\BaseConnection.php(692): CodeIgniter\Database\MySQLi\Connection->execute('SELECT *
FROM `product`
JOIN `product_variants` ON `product_variants`.`product_id` = `product`.`product_id`
WHERE `product`.`product_id` = \'1\'
ORDER BY CAST(sort AS SIGNED) ASC')
 3 SYSTEMPATH\Database\BaseConnection.php(606): CodeIgniter\Database\BaseConnection->simpleQuery('SELECT *
FROM `product`
JOIN `product_variants` ON `product_variants`.`product_id` = `product`.`product_id`
WHERE `product`.`product_id` = \'1\'
ORDER BY CAST(sort AS SIGNED) ASC')
 4 SYSTEMPATH\Database\BaseBuilder.php(1616): CodeIgniter\Database\BaseConnection->query('SELECT *
FROM `product`
JOIN `product_variants` ON `product_variants`.`product_id` = `product`.`product_id`
WHERE `product`.`product_id` = :product.product_id:
ORDER BY CAST(sort AS SIGNED) ASC', [...], false)
 5 SYSTEMPATH\Model.php(241): CodeIgniter\Database\BaseBuilder->get()
 6 SYSTEMPATH\BaseModel.php(618): CodeIgniter\Model->doFindAll(0, 0)
 7 APPPATH\Controllers\Home.php(732): CodeIgniter\BaseModel->findAll()
 8 SYSTEMPATH\CodeIgniter.php(934): App\Controllers\Home->product_details('1')
 9 SYSTEMPATH\CodeIgniter.php(499): CodeIgniter\CodeIgniter->runController(Object(App\Controllers\Home))
10 SYSTEMPATH\CodeIgniter.php(368): CodeIgniter\CodeIgniter->handleRequest(null, Object(Config\Cache), false)
11 FCPATH\index.php(68): CodeIgniter\CodeIgniter->run()
