CRITICAL - 2023-08-08 05:59:14 --> Undefined variable $productData
in APPPATH\Views\admin\product\product.php on line 194.
 1 APPPATH\Views\admin\product\product.php(194): CodeIgniter\Debug\Exceptions->errorHandler(2, 'Undefined variable $productData', 'C:\\xampp\\htdocs\\truflow\\app\\Views\\admin\\product\\product.php', 194)
 2 SYSTEMPATH\View\View.php(213): include('C:\\xampp\\htdocs\\truflow\\app\\Views\\admin\\product\\product.php')
 3 SYSTEMPATH\View\View.php(216): CodeIgniter\View\View->CodeIgniter\View\{closure}()
 4 SYSTEMPATH\Common.php(1184): CodeIgniter\View\View->render('admin/product/product', [], true)
 5 APPPATH\Controllers\Admin\ProductController.php(58): view('admin/product/product', [...])
 6 SYSTEMPATH\CodeIgniter.php(934): App\Controllers\Admin\ProductController->product()
 7 SYSTEMPATH\CodeIgniter.php(499): CodeIgniter\CodeIgniter->runController(Object(App\Controllers\Admin\ProductController))
 8 SYSTEMPATH\CodeIgniter.php(368): CodeIgniter\CodeIgniter->handleRequest(null, Object(Config\Cache), false)
 9 FCPATH\index.php(68): CodeIgniter\CodeIgniter->run()
CRITICAL - 2023-08-08 05:59:19 --> Undefined variable $productData
in APPPATH\Views\admin\product\product.php on line 194.
 1 APPPATH\Views\admin\product\product.php(194): CodeIgniter\Debug\Exceptions->errorHandler(2, 'Undefined variable $productData', 'C:\\xampp\\htdocs\\truflow\\app\\Views\\admin\\product\\product.php', 194)
 2 SYSTEMPATH\View\View.php(213): include('C:\\xampp\\htdocs\\truflow\\app\\Views\\admin\\product\\product.php')
 3 SYSTEMPATH\View\View.php(216): CodeIgniter\View\View->CodeIgniter\View\{closure}()
 4 SYSTEMPATH\Common.php(1184): CodeIgniter\View\View->render('admin/product/product', [], true)
 5 APPPATH\Controllers\Admin\ProductController.php(58): view('admin/product/product', [...])
 6 SYSTEMPATH\CodeIgniter.php(934): App\Controllers\Admin\ProductController->product()
 7 SYSTEMPATH\CodeIgniter.php(499): CodeIgniter\CodeIgniter->runController(Object(App\Controllers\Admin\ProductController))
 8 SYSTEMPATH\CodeIgniter.php(368): CodeIgniter\CodeIgniter->handleRequest(null, Object(Config\Cache), false)
 9 FCPATH\index.php(68): CodeIgniter\CodeIgniter->run()
CRITICAL - 2023-08-08 06:02:37 --> Undefined variable $product_heade2
in APPPATH\Views\admin\product\product.php on line 203.
 1 APPPATH\Views\admin\product\product.php(203): CodeIgniter\Debug\Exceptions->errorHandler(2, 'Undefined variable $product_heade2', 'C:\\xampp\\htdocs\\truflow\\app\\Views\\admin\\product\\product.php', 203)
 2 SYSTEMPATH\View\View.php(213): include('C:\\xampp\\htdocs\\truflow\\app\\Views\\admin\\product\\product.php')
 3 SYSTEMPATH\View\View.php(216): CodeIgniter\View\View->CodeIgniter\View\{closure}()
 4 SYSTEMPATH\Common.php(1184): CodeIgniter\View\View->render('admin/product/product', [], true)
 5 APPPATH\Controllers\Admin\ProductController.php(58): view('admin/product/product', [...])
 6 SYSTEMPATH\CodeIgniter.php(934): App\Controllers\Admin\ProductController->product()
 7 SYSTEMPATH\CodeIgniter.php(499): CodeIgniter\CodeIgniter->runController(Object(App\Controllers\Admin\ProductController))
 8 SYSTEMPATH\CodeIgniter.php(368): CodeIgniter\CodeIgniter->handleRequest(null, Object(Config\Cache), false)
 9 FCPATH\index.php(68): CodeIgniter\CodeIgniter->run()
CRITICAL - 2023-08-08 06:06:33 --> Undefined variable $productData
in APPPATH\Views\admin\company_coupon\company_coupon.php on line 15.
 1 APPPATH\Views\admin\company_coupon\company_coupon.php(15): CodeIgniter\Debug\Exceptions->errorHandler(2, 'Undefined variable $productData', 'C:\\xampp\\htdocs\\truflow\\app\\Views\\admin\\company_coupon\\company_coupon.php', 15)
 2 SYSTEMPATH\View\View.php(213): include('C:\\xampp\\htdocs\\truflow\\app\\Views\\admin\\company_coupon\\company_coupon.php')
 3 SYSTEMPATH\View\View.php(216): CodeIgniter\View\View->CodeIgniter\View\{closure}()
 4 SYSTEMPATH\Common.php(1184): CodeIgniter\View\View->render('admin/company_coupon/company_coupon', [], true)
 5 APPPATH\Controllers\Admin\CompanyCouponController.php(68): view('admin/company_coupon/company_coupon', [...])
 6 SYSTEMPATH\CodeIgniter.php(934): App\Controllers\Admin\CompanyCouponController->coupon()
 7 SYSTEMPATH\CodeIgniter.php(499): CodeIgniter\CodeIgniter->runController(Object(App\Controllers\Admin\CompanyCouponController))
 8 SYSTEMPATH\CodeIgniter.php(368): CodeIgniter\CodeIgniter->handleRequest(null, Object(Config\Cache), false)
 9 FCPATH\index.php(68): CodeIgniter\CodeIgniter->run()
CRITICAL - 2023-08-08 06:07:05 --> Undefined variable $productData
in APPPATH\Views\admin\company_coupon\company_coupon.php on line 15.
 1 APPPATH\Views\admin\company_coupon\company_coupon.php(15): CodeIgniter\Debug\Exceptions->errorHandler(2, 'Undefined variable $productData', 'C:\\xampp\\htdocs\\truflow\\app\\Views\\admin\\company_coupon\\company_coupon.php', 15)
 2 SYSTEMPATH\View\View.php(213): include('C:\\xampp\\htdocs\\truflow\\app\\Views\\admin\\company_coupon\\company_coupon.php')
 3 SYSTEMPATH\View\View.php(216): CodeIgniter\View\View->CodeIgniter\View\{closure}()
 4 SYSTEMPATH\Common.php(1184): CodeIgniter\View\View->render('admin/company_coupon/company_coupon', [], true)
 5 APPPATH\Controllers\Admin\CompanyCouponController.php(68): view('admin/company_coupon/company_coupon', [...])
 6 SYSTEMPATH\CodeIgniter.php(934): App\Controllers\Admin\CompanyCouponController->coupon()
 7 SYSTEMPATH\CodeIgniter.php(499): CodeIgniter\CodeIgniter->runController(Object(App\Controllers\Admin\CompanyCouponController))
 8 SYSTEMPATH\CodeIgniter.php(368): CodeIgniter\CodeIgniter->handleRequest(null, Object(Config\Cache), false)
 9 FCPATH\index.php(68): CodeIgniter\CodeIgniter->run()
CRITICAL - 2023-08-08 11:22:30 --> Undefined variable $couponData
in APPPATH\Views\admin\company_coupon\company_coupon.php on line 16.
 1 APPPATH\Views\admin\company_coupon\company_coupon.php(16): CodeIgniter\Debug\Exceptions->errorHandler(2, 'Undefined variable $couponData', 'C:\\xampp\\htdocs\\truflow\\app\\Views\\admin\\company_coupon\\company_coupon.php', 16)
 2 SYSTEMPATH\View\View.php(213): include('C:\\xampp\\htdocs\\truflow\\app\\Views\\admin\\company_coupon\\company_coupon.php')
 3 SYSTEMPATH\View\View.php(216): CodeIgniter\View\View->CodeIgniter\View\{closure}()
 4 SYSTEMPATH\Common.php(1184): CodeIgniter\View\View->render('admin/company_coupon/company_coupon', [], true)
 5 APPPATH\Controllers\Admin\CompanyCouponController.php(73): view('admin/company_coupon/company_coupon', [...])
 6 SYSTEMPATH\CodeIgniter.php(934): App\Controllers\Admin\CompanyCouponController->coupon()
 7 SYSTEMPATH\CodeIgniter.php(499): CodeIgniter\CodeIgniter->runController(Object(App\Controllers\Admin\CompanyCouponController))
 8 SYSTEMPATH\CodeIgniter.php(368): CodeIgniter\CodeIgniter->handleRequest(null, Object(Config\Cache), false)
 9 FCPATH\index.php(68): CodeIgniter\CodeIgniter->run()
CRITICAL - 2023-08-08 11:22:46 --> Undefined variable $couponData
in APPPATH\Views\admin\company_coupon\company_coupon.php on line 16.
 1 APPPATH\Views\admin\company_coupon\company_coupon.php(16): CodeIgniter\Debug\Exceptions->errorHandler(2, 'Undefined variable $couponData', 'C:\\xampp\\htdocs\\truflow\\app\\Views\\admin\\company_coupon\\company_coupon.php', 16)
 2 SYSTEMPATH\View\View.php(213): include('C:\\xampp\\htdocs\\truflow\\app\\Views\\admin\\company_coupon\\company_coupon.php')
 3 SYSTEMPATH\View\View.php(216): CodeIgniter\View\View->CodeIgniter\View\{closure}()
 4 SYSTEMPATH\Common.php(1184): CodeIgniter\View\View->render('admin/company_coupon/company_coupon', [], true)
 5 APPPATH\Controllers\Admin\CompanyCouponController.php(73): view('admin/company_coupon/company_coupon', [...])
 6 SYSTEMPATH\CodeIgniter.php(934): App\Controllers\Admin\CompanyCouponController->coupon()
 7 SYSTEMPATH\CodeIgniter.php(499): CodeIgniter\CodeIgniter->runController(Object(App\Controllers\Admin\CompanyCouponController))
 8 SYSTEMPATH\CodeIgniter.php(368): CodeIgniter\CodeIgniter->handleRequest(null, Object(Config\Cache), false)
 9 FCPATH\index.php(68): CodeIgniter\CodeIgniter->run()
CRITICAL - 2023-08-08 11:26:30 --> Undefined variable $productData
in APPPATH\Views\admin\company_coupon\company_coupon.php on line 18.
 1 APPPATH\Views\admin\company_coupon\company_coupon.php(18): CodeIgniter\Debug\Exceptions->errorHandler(2, 'Undefined variable $productData', 'C:\\xampp\\htdocs\\truflow\\app\\Views\\admin\\company_coupon\\company_coupon.php', 18)
 2 SYSTEMPATH\View\View.php(213): include('C:\\xampp\\htdocs\\truflow\\app\\Views\\admin\\company_coupon\\company_coupon.php')
 3 SYSTEMPATH\View\View.php(216): CodeIgniter\View\View->CodeIgniter\View\{closure}()
 4 SYSTEMPATH\Common.php(1184): CodeIgniter\View\View->render('admin/company_coupon/company_coupon', [], true)
 5 APPPATH\Controllers\Admin\CompanyCouponController.php(137): view('admin/company_coupon/company_coupon', [...])
 6 SYSTEMPATH\CodeIgniter.php(934): App\Controllers\Admin\CompanyCouponController->couponEdit('1')
 7 SYSTEMPATH\CodeIgniter.php(499): CodeIgniter\CodeIgniter->runController(Object(App\Controllers\Admin\CompanyCouponController))
 8 SYSTEMPATH\CodeIgniter.php(368): CodeIgniter\CodeIgniter->handleRequest(null, Object(Config\Cache), false)
 9 FCPATH\index.php(68): CodeIgniter\CodeIgniter->run()
CRITICAL - 2023-08-08 11:26:46 --> Undefined variable $productData
in APPPATH\Views\admin\company_coupon\company_coupon.php on line 18.
 1 APPPATH\Views\admin\company_coupon\company_coupon.php(18): CodeIgniter\Debug\Exceptions->errorHandler(2, 'Undefined variable $productData', 'C:\\xampp\\htdocs\\truflow\\app\\Views\\admin\\company_coupon\\company_coupon.php', 18)
 2 SYSTEMPATH\View\View.php(213): include('C:\\xampp\\htdocs\\truflow\\app\\Views\\admin\\company_coupon\\company_coupon.php')
 3 SYSTEMPATH\View\View.php(216): CodeIgniter\View\View->CodeIgniter\View\{closure}()
 4 SYSTEMPATH\Common.php(1184): CodeIgniter\View\View->render('admin/company_coupon/company_coupon', [], true)
 5 APPPATH\Controllers\Admin\CompanyCouponController.php(137): view('admin/company_coupon/company_coupon', [...])
 6 SYSTEMPATH\CodeIgniter.php(934): App\Controllers\Admin\CompanyCouponController->couponEdit('3')
 7 SYSTEMPATH\CodeIgniter.php(499): CodeIgniter\CodeIgniter->runController(Object(App\Controllers\Admin\CompanyCouponController))
 8 SYSTEMPATH\CodeIgniter.php(368): CodeIgniter\CodeIgniter->handleRequest(null, Object(Config\Cache), false)
 9 FCPATH\index.php(68): CodeIgniter\CodeIgniter->run()
