CRITICAL - 2023-08-14 10:25:34 --> Cannot use object of type stdClass as array
in APPPATH\Controllers\Admin\ProductController.php on line 460.
 1 SYSTEMPATH\CodeIgniter.php(934): App\Controllers\Admin\ProductController->processCSV()
 2 SYSTEMPATH\CodeIgniter.php(499): CodeIgniter\CodeIgniter->runController(Object(App\Controllers\Admin\ProductController))
 3 SYSTEMPATH\CodeIgniter.php(368): CodeIgniter\CodeIgniter->handleRequest(null, Object(Config\Cache), false)
 4 FCPATH\index.php(68): CodeIgniter\CodeIgniter->run()
CRITICAL - 2023-08-14 10:26:17 --> Cannot use object of type stdClass as array
in APPPATH\Controllers\Admin\ProductController.php on line 458.
 1 SYSTEMPATH\CodeIgniter.php(934): App\Controllers\Admin\ProductController->processCSV()
 2 SYSTEMPATH\CodeIgniter.php(499): CodeIgniter\CodeIgniter->runController(Object(App\Controllers\Admin\ProductController))
 3 SYSTEMPATH\CodeIgniter.php(368): CodeIgniter\CodeIgniter->handleRequest(null, Object(Config\Cache), false)
 4 FCPATH\index.php(68): CodeIgniter\CodeIgniter->run()
CRITICAL - 2023-08-14 10:27:24 --> count(): Argument #1 ($value) must be of type Countable|array, null given
in APPPATH\Controllers\Admin\ProductController.php on line 27.
 1 APPPATH\Controllers\Admin\ProductController.php(27): count(null)
 2 SYSTEMPATH\CodeIgniter.php(934): App\Controllers\Admin\ProductController->index()
 3 SYSTEMPATH\CodeIgniter.php(499): CodeIgniter\CodeIgniter->runController(Object(App\Controllers\Admin\ProductController))
 4 SYSTEMPATH\CodeIgniter.php(368): CodeIgniter\CodeIgniter->handleRequest(null, Object(Config\Cache), false)
 5 FCPATH\index.php(68): CodeIgniter\CodeIgniter->run()
CRITICAL - 2023-08-14 11:05:47 --> Undefined array key "coupon_code"
in APPPATH\Controllers\Admin\ProductController.php on line 31.
 1 APPPATH\Controllers\Admin\ProductController.php(31): CodeIgniter\Debug\Exceptions->errorHandler(2, 'Undefined array key "coupon_code"', 'C:\\xampp\\htdocs\\truflow\\app\\Controllers\\Admin\\ProductController.php', 31)
 2 SYSTEMPATH\CodeIgniter.php(934): App\Controllers\Admin\ProductController->index()
 3 SYSTEMPATH\CodeIgniter.php(499): CodeIgniter\CodeIgniter->runController(Object(App\Controllers\Admin\ProductController))
 4 SYSTEMPATH\CodeIgniter.php(368): CodeIgniter\CodeIgniter->handleRequest(null, Object(Config\Cache), false)
 5 FCPATH\index.php(68): CodeIgniter\CodeIgniter->run()
CRITICAL - 2023-08-14 11:12:32 --> Undefined array key "coupon_code"
in APPPATH\Views\admin\product\product_list.php on line 99.
 1 APPPATH\Views\admin\product\product_list.php(99): CodeIgniter\Debug\Exceptions->errorHandler(2, 'Undefined array key "coupon_code"', 'C:\\xampp\\htdocs\\truflow\\app\\Views\\admin\\product\\product_list.php', 99)
 2 SYSTEMPATH\View\View.php(213): include('C:\\xampp\\htdocs\\truflow\\app\\Views\\admin\\product\\product_list.php')
 3 SYSTEMPATH\View\View.php(216): CodeIgniter\View\View->CodeIgniter\View\{closure}()
 4 SYSTEMPATH\Common.php(1184): CodeIgniter\View\View->render('admin/product/product_list', [], true)
 5 APPPATH\Controllers\Admin\ProductController.php(41): view('admin/product/product_list', [...])
 6 SYSTEMPATH\CodeIgniter.php(934): App\Controllers\Admin\ProductController->index()
 7 SYSTEMPATH\CodeIgniter.php(499): CodeIgniter\CodeIgniter->runController(Object(App\Controllers\Admin\ProductController))
 8 SYSTEMPATH\CodeIgniter.php(368): CodeIgniter\CodeIgniter->handleRequest(null, Object(Config\Cache), false)
 9 FCPATH\index.php(68): CodeIgniter\CodeIgniter->run()
CRITICAL - 2023-08-14 11:13:53 --> Undefined array key "coupon_code"
in APPPATH\Views\admin\product\product_list.php on line 86.
 1 APPPATH\Views\admin\product\product_list.php(86): CodeIgniter\Debug\Exceptions->errorHandler(2, 'Undefined array key "coupon_code"', 'C:\\xampp\\htdocs\\truflow\\app\\Views\\admin\\product\\product_list.php', 86)
 2 SYSTEMPATH\View\View.php(213): include('C:\\xampp\\htdocs\\truflow\\app\\Views\\admin\\product\\product_list.php')
 3 SYSTEMPATH\View\View.php(216): CodeIgniter\View\View->CodeIgniter\View\{closure}()
 4 SYSTEMPATH\Common.php(1184): CodeIgniter\View\View->render('admin/product/product_list', [], true)
 5 APPPATH\Controllers\Admin\ProductController.php(40): view('admin/product/product_list', [...])
 6 SYSTEMPATH\CodeIgniter.php(934): App\Controllers\Admin\ProductController->index()
 7 SYSTEMPATH\CodeIgniter.php(499): CodeIgniter\CodeIgniter->runController(Object(App\Controllers\Admin\ProductController))
 8 SYSTEMPATH\CodeIgniter.php(368): CodeIgniter\CodeIgniter->handleRequest(null, Object(Config\Cache), false)
 9 FCPATH\index.php(68): CodeIgniter\CodeIgniter->run()
CRITICAL - 2023-08-14 11:15:42 --> Undefined array key "coupon_code"
in APPPATH\Views\admin\product\product_list.php on line 86.
 1 APPPATH\Views\admin\product\product_list.php(86): CodeIgniter\Debug\Exceptions->errorHandler(2, 'Undefined array key "coupon_code"', 'C:\\xampp\\htdocs\\truflow\\app\\Views\\admin\\product\\product_list.php', 86)
 2 SYSTEMPATH\View\View.php(213): include('C:\\xampp\\htdocs\\truflow\\app\\Views\\admin\\product\\product_list.php')
 3 SYSTEMPATH\View\View.php(216): CodeIgniter\View\View->CodeIgniter\View\{closure}()
 4 SYSTEMPATH\Common.php(1184): CodeIgniter\View\View->render('admin/product/product_list', [], true)
 5 APPPATH\Controllers\Admin\ProductController.php(40): view('admin/product/product_list', [...])
 6 SYSTEMPATH\CodeIgniter.php(934): App\Controllers\Admin\ProductController->index()
 7 SYSTEMPATH\CodeIgniter.php(499): CodeIgniter\CodeIgniter->runController(Object(App\Controllers\Admin\ProductController))
 8 SYSTEMPATH\CodeIgniter.php(368): CodeIgniter\CodeIgniter->handleRequest(null, Object(Config\Cache), false)
 9 FCPATH\index.php(68): CodeIgniter\CodeIgniter->run()
CRITICAL - 2023-08-14 11:16:40 --> Undefined array key "coupon_code"
in APPPATH\Views\admin\product\product_list.php on line 86.
 1 APPPATH\Views\admin\product\product_list.php(86): CodeIgniter\Debug\Exceptions->errorHandler(2, 'Undefined array key "coupon_code"', 'C:\\xampp\\htdocs\\truflow\\app\\Views\\admin\\product\\product_list.php', 86)
 2 SYSTEMPATH\View\View.php(213): include('C:\\xampp\\htdocs\\truflow\\app\\Views\\admin\\product\\product_list.php')
 3 SYSTEMPATH\View\View.php(216): CodeIgniter\View\View->CodeIgniter\View\{closure}()
 4 SYSTEMPATH\Common.php(1184): CodeIgniter\View\View->render('admin/product/product_list', [], true)
 5 APPPATH\Controllers\Admin\ProductController.php(40): view('admin/product/product_list', [...])
 6 SYSTEMPATH\CodeIgniter.php(934): App\Controllers\Admin\ProductController->index()
 7 SYSTEMPATH\CodeIgniter.php(499): CodeIgniter\CodeIgniter->runController(Object(App\Controllers\Admin\ProductController))
 8 SYSTEMPATH\CodeIgniter.php(368): CodeIgniter\CodeIgniter->handleRequest(null, Object(Config\Cache), false)
 9 FCPATH\index.php(68): CodeIgniter\CodeIgniter->run()
