CRITICAL - 2023-12-19 06:42:48 --> Undefined constant "App\Controllers\request"
in APPPATH\Controllers\OrderController.php on line 112.
 1 SYSTEMPATH\CodeIgniter.php(934): App\Controllers\OrderController->place_order()
 2 SYSTEMPATH\CodeIgniter.php(499): CodeIgniter\CodeIgniter->runController(Object(App\Controllers\OrderController))
 3 SYSTEMPATH\CodeIgniter.php(368): CodeIgniter\CodeIgniter->handleRequest(null, Object(Config\Cache), false)
 4 FCPATH\index.php(68): CodeIgniter\CodeIgniter->run()
CRITICAL - 2023-12-19 09:10:02 --> Undefined constant "App\Controllers\gstPercentage"
in APPPATH\Controllers\OrderController.php on line 187.
 1 SYSTEMPATH\CodeIgniter.php(934): App\Controllers\OrderController->place_order()
 2 SYSTEMPATH\CodeIgniter.php(499): CodeIgniter\CodeIgniter->runController(Object(App\Controllers\OrderController))
 3 SYSTEMPATH\CodeIgniter.php(368): CodeIgniter\CodeIgniter->handleRequest(null, Object(Config\Cache), false)
 4 FCPATH\index.php(68): CodeIgniter\CodeIgniter->run()
CRITICAL - 2023-12-19 09:10:44 --> Undefined constant "App\Controllers\gstPercentage"
in APPPATH\Controllers\OrderController.php on line 187.
 1 SYSTEMPATH\CodeIgniter.php(934): App\Controllers\OrderController->place_order()
 2 SYSTEMPATH\CodeIgniter.php(499): CodeIgniter\CodeIgniter->runController(Object(App\Controllers\OrderController))
 3 SYSTEMPATH\CodeIgniter.php(368): CodeIgniter\CodeIgniter->handleRequest(null, Object(Config\Cache), false)
 4 FCPATH\index.php(68): CodeIgniter\CodeIgniter->run()
CRITICAL - 2023-12-19 09:11:31 --> Undefined constant "App\Controllers\gstPercentage"
in APPPATH\Controllers\OrderController.php on line 188.
 1 SYSTEMPATH\CodeIgniter.php(934): App\Controllers\OrderController->place_order()
 2 SYSTEMPATH\CodeIgniter.php(499): CodeIgniter\CodeIgniter->runController(Object(App\Controllers\OrderController))
 3 SYSTEMPATH\CodeIgniter.php(368): CodeIgniter\CodeIgniter->handleRequest(null, Object(Config\Cache), false)
 4 FCPATH\index.php(68): CodeIgniter\CodeIgniter->run()
CRITICAL - 2023-12-19 09:12:16 --> Undefined constant "App\Controllers\gstPercentage"
in APPPATH\Controllers\OrderController.php on line 187.
 1 SYSTEMPATH\CodeIgniter.php(934): App\Controllers\OrderController->place_order()
 2 SYSTEMPATH\CodeIgniter.php(499): CodeIgniter\CodeIgniter->runController(Object(App\Controllers\OrderController))
 3 SYSTEMPATH\CodeIgniter.php(368): CodeIgniter\CodeIgniter->handleRequest(null, Object(Config\Cache), false)
 4 FCPATH\index.php(68): CodeIgniter\CodeIgniter->run()
CRITICAL - 2023-12-19 09:13:26 --> Undefined constant "App\Controllers\gstAmount"
in APPPATH\Controllers\OrderController.php on line 190.
 1 SYSTEMPATH\CodeIgniter.php(934): App\Controllers\OrderController->place_order()
 2 SYSTEMPATH\CodeIgniter.php(499): CodeIgniter\CodeIgniter->runController(Object(App\Controllers\OrderController))
 3 SYSTEMPATH\CodeIgniter.php(368): CodeIgniter\CodeIgniter->handleRequest(null, Object(Config\Cache), false)
 4 FCPATH\index.php(68): CodeIgniter\CodeIgniter->run()
