ERROR - 2023-07-26 04:43:50 --> Error connecting to the database: mysqli_sql_exception: No connection could be made because the target machine actively refused it in C:\xampp\htdocs\truflow\system\Database\MySQLi\Connection.php:174
Stack trace:
#0 C:\xampp\htdocs\truflow\system\Database\MySQLi\Connection.php(174): mysqli->real_connect('localhost', 'root', '', 'true_flow', 3306, '', 0)
#1 C:\xampp\htdocs\truflow\system\Database\BaseConnection.php(391): CodeIgniter\Database\MySQLi\Connection->connect(false)
#2 C:\xampp\htdocs\truflow\system\Database\BaseConnection.php(574): CodeIgniter\Database\BaseConnection->initialize()
#3 C:\xampp\htdocs\truflow\system\Database\BaseBuilder.php(1616): CodeIgniter\Database\BaseConnection->query('SELECT *\nFROM `...', Array, false)
#4 C:\xampp\htdocs\truflow\system\Model.php(268): CodeIgniter\Database\BaseBuilder->get()
#5 C:\xampp\htdocs\truflow\system\BaseModel.php(656): CodeIgniter\Model->doFirst()
#6 C:\xampp\htdocs\truflow\app\Controllers\Home.php(34): CodeIgniter\BaseModel->first()
#7 C:\xampp\htdocs\truflow\system\CodeIgniter.php(934): App\Controllers\Home->index()
#8 C:\xampp\htdocs\truflow\system\CodeIgniter.php(499): CodeIgniter\CodeIgniter->runController(Object(App\Controllers\Home))
#9 C:\xampp\htdocs\truflow\system\CodeIgniter.php(368): CodeIgniter\CodeIgniter->handleRequest(NULL, Object(Config\Cache), false)
#10 C:\xampp\htdocs\truflow\index.php(68): CodeIgniter\CodeIgniter->run()
#11 {main}

Next CodeIgniter\Database\Exceptions\DatabaseException: No connection could be made because the target machine actively refused it in C:\xampp\htdocs\truflow\system\Database\MySQLi\Connection.php:218
Stack trace:
#0 C:\xampp\htdocs\truflow\system\Database\BaseConnection.php(391): CodeIgniter\Database\MySQLi\Connection->connect(false)
#1 C:\xampp\htdocs\truflow\system\Database\BaseConnection.php(574): CodeIgniter\Database\BaseConnection->initialize()
#2 C:\xampp\htdocs\truflow\system\Database\BaseBuilder.php(1616): CodeIgniter\Database\BaseConnection->query('SELECT *\nFROM `...', Array, false)
#3 C:\xampp\htdocs\truflow\system\Model.php(268): CodeIgniter\Database\BaseBuilder->get()
#4 C:\xampp\htdocs\truflow\system\BaseModel.php(656): CodeIgniter\Model->doFirst()
#5 C:\xampp\htdocs\truflow\app\Controllers\Home.php(34): CodeIgniter\BaseModel->first()
#6 C:\xampp\htdocs\truflow\system\CodeIgniter.php(934): App\Controllers\Home->index()
#7 C:\xampp\htdocs\truflow\system\CodeIgniter.php(499): CodeIgniter\CodeIgniter->runController(Object(App\Controllers\Home))
#8 C:\xampp\htdocs\truflow\system\CodeIgniter.php(368): CodeIgniter\CodeIgniter->handleRequest(NULL, Object(Config\Cache), false)
#9 C:\xampp\htdocs\truflow\index.php(68): CodeIgniter\CodeIgniter->run()
#10 {main}
CRITICAL - 2023-07-26 04:43:50 --> Unable to connect to the database.
Main connection [MySQLi]: No connection could be made because the target machine actively refused it
in SYSTEMPATH\Database\BaseConnection.php on line 427.
 1 SYSTEMPATH\Database\BaseConnection.php(574): CodeIgniter\Database\BaseConnection->initialize()
 2 SYSTEMPATH\Database\BaseBuilder.php(1616): CodeIgniter\Database\BaseConnection->query('SELECT *
FROM `site_settings`
WHERE `type` = :type:
 LIMIT 1', [...], false)
 3 SYSTEMPATH\Model.php(268): CodeIgniter\Database\BaseBuilder->get()
 4 SYSTEMPATH\BaseModel.php(656): CodeIgniter\Model->doFirst()
 5 APPPATH\Controllers\Home.php(34): CodeIgniter\BaseModel->first()
 6 SYSTEMPATH\CodeIgniter.php(934): App\Controllers\Home->index()
 7 SYSTEMPATH\CodeIgniter.php(499): CodeIgniter\CodeIgniter->runController(Object(App\Controllers\Home))
 8 SYSTEMPATH\CodeIgniter.php(368): CodeIgniter\CodeIgniter->handleRequest(null, Object(Config\Cache), false)
 9 FCPATH\index.php(68): CodeIgniter\CodeIgniter->run()
CRITICAL - 2023-07-26 09:20:02 --> Undefined variable $subcategoryData
in APPPATH\Views\front\product_details.php on line 213.
 1 APPPATH\Views\front\product_details.php(213): CodeIgniter\Debug\Exceptions->errorHandler(2, 'Undefined variable $subcategoryData', 'C:\\xampp\\htdocs\\truflow\\app\\Views\\front\\product_details.php', 213)
 2 SYSTEMPATH\View\View.php(213): include('C:\\xampp\\htdocs\\truflow\\app\\Views\\front\\product_details.php')
 3 SYSTEMPATH\View\View.php(216): CodeIgniter\View\View->CodeIgniter\View\{closure}()
 4 SYSTEMPATH\Common.php(1184): CodeIgniter\View\View->render('front/product_details', [], true)
 5 APPPATH\Controllers\Home.php(528): view('front/product_details', [...])
 6 SYSTEMPATH\CodeIgniter.php(934): App\Controllers\Home->product_details('12')
 7 SYSTEMPATH\CodeIgniter.php(499): CodeIgniter\CodeIgniter->runController(Object(App\Controllers\Home))
 8 SYSTEMPATH\CodeIgniter.php(368): CodeIgniter\CodeIgniter->handleRequest(null, Object(Config\Cache), false)
 9 FCPATH\index.php(68): CodeIgniter\CodeIgniter->run()
CRITICAL - 2023-07-26 09:21:01 --> Undefined array key "sub_category_name"
in APPPATH\Views\front\product_details.php on line 223.
 1 APPPATH\Views\front\product_details.php(223): CodeIgniter\Debug\Exceptions->errorHandler(2, 'Undefined array key "sub_category_name"', 'C:\\xampp\\htdocs\\truflow\\app\\Views\\front\\product_details.php', 223)
 2 SYSTEMPATH\View\View.php(213): include('C:\\xampp\\htdocs\\truflow\\app\\Views\\front\\product_details.php')
 3 SYSTEMPATH\View\View.php(216): CodeIgniter\View\View->CodeIgniter\View\{closure}()
 4 SYSTEMPATH\Common.php(1184): CodeIgniter\View\View->render('front/product_details', [], true)
 5 APPPATH\Controllers\Home.php(528): view('front/product_details', [...])
 6 SYSTEMPATH\CodeIgniter.php(934): App\Controllers\Home->product_details('12')
 7 SYSTEMPATH\CodeIgniter.php(499): CodeIgniter\CodeIgniter->runController(Object(App\Controllers\Home))
 8 SYSTEMPATH\CodeIgniter.php(368): CodeIgniter\CodeIgniter->handleRequest(null, Object(Config\Cache), false)
 9 FCPATH\index.php(68): CodeIgniter\CodeIgniter->run()
CRITICAL - 2023-07-26 09:22:09 --> Undefined variable $ChildSubCategorydata
in APPPATH\Views\front\product_details.php on line 257.
 1 APPPATH\Views\front\product_details.php(257): CodeIgniter\Debug\Exceptions->errorHandler(2, 'Undefined variable $ChildSubCategorydata', 'C:\\xampp\\htdocs\\truflow\\app\\Views\\front\\product_details.php', 257)
 2 SYSTEMPATH\View\View.php(213): include('C:\\xampp\\htdocs\\truflow\\app\\Views\\front\\product_details.php')
 3 SYSTEMPATH\View\View.php(216): CodeIgniter\View\View->CodeIgniter\View\{closure}()
 4 SYSTEMPATH\Common.php(1184): CodeIgniter\View\View->render('front/product_details', [], true)
 5 APPPATH\Controllers\Home.php(528): view('front/product_details', [...])
 6 SYSTEMPATH\CodeIgniter.php(934): App\Controllers\Home->product_details('12')
 7 SYSTEMPATH\CodeIgniter.php(499): CodeIgniter\CodeIgniter->runController(Object(App\Controllers\Home))
 8 SYSTEMPATH\CodeIgniter.php(368): CodeIgniter\CodeIgniter->handleRequest(null, Object(Config\Cache), false)
 9 FCPATH\index.php(68): CodeIgniter\CodeIgniter->run()
CRITICAL - 2023-07-26 11:13:32 --> Undefined array key "variant_description"
in APPPATH\Views\admin\product\product.php on line 211.
 1 APPPATH\Views\admin\product\product.php(211): CodeIgniter\Debug\Exceptions->errorHandler(2, 'Undefined array key "variant_description"', 'C:\\xampp\\htdocs\\truflow\\app\\Views\\admin\\product\\product.php', 211)
 2 SYSTEMPATH\View\View.php(213): include('C:\\xampp\\htdocs\\truflow\\app\\Views\\admin\\product\\product.php')
 3 SYSTEMPATH\View\View.php(216): CodeIgniter\View\View->CodeIgniter\View\{closure}()
 4 SYSTEMPATH\Common.php(1184): CodeIgniter\View\View->render('admin/product/product', [], true)
 5 APPPATH\Controllers\Admin\ProductController.php(185): view('admin/product/product', [...])
 6 SYSTEMPATH\CodeIgniter.php(934): App\Controllers\Admin\ProductController->productEdit('1')
 7 SYSTEMPATH\CodeIgniter.php(499): CodeIgniter\CodeIgniter->runController(Object(App\Controllers\Admin\ProductController))
 8 SYSTEMPATH\CodeIgniter.php(368): CodeIgniter\CodeIgniter->handleRequest(null, Object(Config\Cache), false)
 9 FCPATH\index.php(68): CodeIgniter\CodeIgniter->run()
CRITICAL - 2023-07-26 13:13:58 --> count(): Argument #1 ($value) must be of type Countable|array, null given
in APPPATH\Controllers\Admin\ProductController.php on line 26.
 1 APPPATH\Controllers\Admin\ProductController.php(26): count(null)
 2 SYSTEMPATH\CodeIgniter.php(934): App\Controllers\Admin\ProductController->index()
 3 SYSTEMPATH\CodeIgniter.php(499): CodeIgniter\CodeIgniter->runController(Object(App\Controllers\Admin\ProductController))
 4 SYSTEMPATH\CodeIgniter.php(368): CodeIgniter\CodeIgniter->handleRequest(null, Object(Config\Cache), false)
 5 FCPATH\index.php(68): CodeIgniter\CodeIgniter->run()
CRITICAL - 2023-07-26 13:16:12 --> count(): Argument #1 ($value) must be of type Countable|array, null given
in APPPATH\Controllers\Admin\ProductController.php on line 26.
 1 APPPATH\Controllers\Admin\ProductController.php(26): count(null)
 2 SYSTEMPATH\CodeIgniter.php(934): App\Controllers\Admin\ProductController->index()
 3 SYSTEMPATH\CodeIgniter.php(499): CodeIgniter\CodeIgniter->runController(Object(App\Controllers\Admin\ProductController))
 4 SYSTEMPATH\CodeIgniter.php(368): CodeIgniter\CodeIgniter->handleRequest(null, Object(Config\Cache), false)
 5 FCPATH\index.php(68): CodeIgniter\CodeIgniter->run()
CRITICAL - 2023-07-26 13:33:12 --> count(): Argument #1 ($value) must be of type Countable|array, null given
in APPPATH\Controllers\Admin\ProductController.php on line 26.
 1 APPPATH\Controllers\Admin\ProductController.php(26): count(null)
 2 SYSTEMPATH\CodeIgniter.php(934): App\Controllers\Admin\ProductController->index()
 3 SYSTEMPATH\CodeIgniter.php(499): CodeIgniter\CodeIgniter->runController(Object(App\Controllers\Admin\ProductController))
 4 SYSTEMPATH\CodeIgniter.php(368): CodeIgniter\CodeIgniter->handleRequest(null, Object(Config\Cache), false)
 5 FCPATH\index.php(68): CodeIgniter\CodeIgniter->run()
