CRITICAL - 2023-11-16 11:36:33 --> There is no data to update.
in SYSTEMPATH\BaseModel.php on line 924.
 1 SYSTEMPATH\BaseModel.php(924): CodeIgniter\Database\Exceptions\DataException::forEmptyDataset('update')
 2 SYSTEMPATH\Model.php(756): CodeIgniter\BaseModel->update([...], [])
 3 APPPATH\Controllers\Admin\ProductController.php(600): CodeIgniter\Model->update([...], [...])
 4 SYSTEMPATH\CodeIgniter.php(934): App\Controllers\Admin\ProductController->processCSV()
 5 SYSTEMPATH\CodeIgniter.php(499): CodeIgniter\CodeIgniter->runController(Object(App\Controllers\Admin\ProductController))
 6 SYSTEMPATH\CodeIgniter.php(368): CodeIgniter\CodeIgniter->handleRequest(null, Object(Config\Cache), false)
 7 FCPATH\index.php(68): CodeIgniter\CodeIgniter->run()
CRITICAL - 2023-11-16 11:39:09 --> file_get_contents(http://localhost/truflow/public/admin/images/csv_product_img/FLG.jpg): Failed to open stream: HTTP request failed! HTTP/1.1 404 Not Found

in APPPATH\Controllers\Admin\ProductController.php on line 436.
 1 [internal function]: CodeIgniter\Debug\Exceptions->errorHandler(2, 'file_get_contents(http://localhost/truflow/public/admin/images/csv_product_img/FLG.jpg): Failed to open stream: HTTP request failed! HTTP/1.1 404 Not Found
', 'C:\\xampp\\htdocs\\truflow\\app\\Controllers\\Admin\\ProductController.php', 436)
 2 APPPATH\Controllers\Admin\ProductController.php(436): file_get_contents('http://localhost/truflow/public/admin/images/csv_product_img/FLG.jpg')
 3 SYSTEMPATH\CodeIgniter.php(934): App\Controllers\Admin\ProductController->processCSV()
 4 SYSTEMPATH\CodeIgniter.php(499): CodeIgniter\CodeIgniter->runController(Object(App\Controllers\Admin\ProductController))
 5 SYSTEMPATH\CodeIgniter.php(368): CodeIgniter\CodeIgniter->handleRequest(null, Object(Config\Cache), false)
 6 FCPATH\index.php(68): CodeIgniter\CodeIgniter->run()
CRITICAL - 2023-11-16 11:41:18 --> file_get_contents(http://localhost/truflow/public/admin/images/csv_product_img/GS-HLE90.jpg): Failed to open stream: HTTP request failed! HTTP/1.1 404 Not Found

in APPPATH\Controllers\Admin\ProductController.php on line 436.
 1 [internal function]: CodeIgniter\Debug\Exceptions->errorHandler(2, 'file_get_contents(http://localhost/truflow/public/admin/images/csv_product_img/GS-HLE90.jpg): Failed to open stream: HTTP request failed! HTTP/1.1 404 Not Found
', 'C:\\xampp\\htdocs\\truflow\\app\\Controllers\\Admin\\ProductController.php', 436)
 2 APPPATH\Controllers\Admin\ProductController.php(436): file_get_contents('http://localhost/truflow/public/admin/images/csv_product_img/GS-HLE90.jpg')
 3 SYSTEMPATH\CodeIgniter.php(934): App\Controllers\Admin\ProductController->processCSV()
 4 SYSTEMPATH\CodeIgniter.php(499): CodeIgniter\CodeIgniter->runController(Object(App\Controllers\Admin\ProductController))
 5 SYSTEMPATH\CodeIgniter.php(368): CodeIgniter\CodeIgniter->handleRequest(null, Object(Config\Cache), false)
 6 FCPATH\index.php(68): CodeIgniter\CodeIgniter->run()
CRITICAL - 2023-11-16 11:42:45 --> file_get_contents(http://localhost/truflow/public/admin/images/csv_product_img/NMH1MFS.jpg): Failed to open stream: HTTP request failed! HTTP/1.1 404 Not Found

in APPPATH\Controllers\Admin\ProductController.php on line 436.
 1 [internal function]: CodeIgniter\Debug\Exceptions->errorHandler(2, 'file_get_contents(http://localhost/truflow/public/admin/images/csv_product_img/NMH1MFS.jpg): Failed to open stream: HTTP request failed! HTTP/1.1 404 Not Found
', 'C:\\xampp\\htdocs\\truflow\\app\\Controllers\\Admin\\ProductController.php', 436)
 2 APPPATH\Controllers\Admin\ProductController.php(436): file_get_contents('http://localhost/truflow/public/admin/images/csv_product_img/NMH1MFS.jpg')
 3 SYSTEMPATH\CodeIgniter.php(934): App\Controllers\Admin\ProductController->processCSV()
 4 SYSTEMPATH\CodeIgniter.php(499): CodeIgniter\CodeIgniter->runController(Object(App\Controllers\Admin\ProductController))
 5 SYSTEMPATH\CodeIgniter.php(368): CodeIgniter\CodeIgniter->handleRequest(null, Object(Config\Cache), false)
 6 FCPATH\index.php(68): CodeIgniter\CodeIgniter->run()
