CRITICAL - 2023-07-27 05:17:10 --> count(): Argument #1 ($value) must be of type Countable|array, null given
in APPPATH\Controllers\Admin\ProductController.php on line 26.
 1 APPPATH\Controllers\Admin\ProductController.php(26): count(null)
 2 SYSTEMPATH\CodeIgniter.php(934): App\Controllers\Admin\ProductController->index()
 3 SYSTEMPATH\CodeIgniter.php(499): CodeIgniter\CodeIgniter->runController(Object(App\Controllers\Admin\ProductController))
 4 SYSTEMPATH\CodeIgniter.php(368): CodeIgniter\CodeIgniter->handleRequest(null, Object(Config\Cache), false)
 5 FCPATH\index.php(68): CodeIgniter\CodeIgniter->run()
CRITICAL - 2023-07-27 05:19:00 --> Undefined array key 1
in APPPATH\Controllers\Admin\ProductController.php on line 213.
 1 APPPATH\Controllers\Admin\ProductController.php(213): CodeIgniter\Debug\Exceptions->errorHandler(2, 'Undefined array key 1', 'C:\\xampp\\htdocs\\truflow\\app\\Controllers\\Admin\\ProductController.php', 213)
 2 APPPATH\Controllers\Admin\ProductController.php(141): App\Controllers\Admin\ProductController->variantProductSave('1')
 3 SYSTEMPATH\CodeIgniter.php(934): App\Controllers\Admin\ProductController->productSave()
 4 SYSTEMPATH\CodeIgniter.php(499): CodeIgniter\CodeIgniter->runController(Object(App\Controllers\Admin\ProductController))
 5 SYSTEMPATH\CodeIgniter.php(368): CodeIgniter\CodeIgniter->handleRequest(null, Object(Config\Cache), false)
 6 FCPATH\index.php(68): CodeIgniter\CodeIgniter->run()
CRITICAL - 2023-07-27 05:27:30 --> count(): Argument #1 ($value) must be of type Countable|array, null given
in APPPATH\Controllers\Admin\ProductController.php on line 26.
 1 APPPATH\Controllers\Admin\ProductController.php(26): count(null)
 2 SYSTEMPATH\CodeIgniter.php(934): App\Controllers\Admin\ProductController->index()
 3 SYSTEMPATH\CodeIgniter.php(499): CodeIgniter\CodeIgniter->runController(Object(App\Controllers\Admin\ProductController))
 4 SYSTEMPATH\CodeIgniter.php(368): CodeIgniter\CodeIgniter->handleRequest(null, Object(Config\Cache), false)
 5 FCPATH\index.php(68): CodeIgniter\CodeIgniter->run()
CRITICAL - 2023-07-27 05:30:11 --> count(): Argument #1 ($value) must be of type Countable|array, null given
in APPPATH\Controllers\Admin\ProductController.php on line 26.
 1 APPPATH\Controllers\Admin\ProductController.php(26): count(null)
 2 SYSTEMPATH\CodeIgniter.php(934): App\Controllers\Admin\ProductController->index()
 3 SYSTEMPATH\CodeIgniter.php(499): CodeIgniter\CodeIgniter->runController(Object(App\Controllers\Admin\ProductController))
 4 SYSTEMPATH\CodeIgniter.php(368): CodeIgniter\CodeIgniter->handleRequest(null, Object(Config\Cache), false)
 5 FCPATH\index.php(68): CodeIgniter\CodeIgniter->run()
CRITICAL - 2023-07-27 05:30:12 --> count(): Argument #1 ($value) must be of type Countable|array, null given
in APPPATH\Controllers\Admin\ProductController.php on line 26.
 1 APPPATH\Controllers\Admin\ProductController.php(26): count(null)
 2 SYSTEMPATH\CodeIgniter.php(934): App\Controllers\Admin\ProductController->index()
 3 SYSTEMPATH\CodeIgniter.php(499): CodeIgniter\CodeIgniter->runController(Object(App\Controllers\Admin\ProductController))
 4 SYSTEMPATH\CodeIgniter.php(368): CodeIgniter\CodeIgniter->handleRequest(null, Object(Config\Cache), false)
 5 FCPATH\index.php(68): CodeIgniter\CodeIgniter->run()
CRITICAL - 2023-07-27 05:30:15 --> count(): Argument #1 ($value) must be of type Countable|array, null given
in APPPATH\Controllers\Admin\ProductController.php on line 26.
 1 APPPATH\Controllers\Admin\ProductController.php(26): count(null)
 2 SYSTEMPATH\CodeIgniter.php(934): App\Controllers\Admin\ProductController->index()
 3 SYSTEMPATH\CodeIgniter.php(499): CodeIgniter\CodeIgniter->runController(Object(App\Controllers\Admin\ProductController))
 4 SYSTEMPATH\CodeIgniter.php(368): CodeIgniter\CodeIgniter->handleRequest(null, Object(Config\Cache), false)
 5 FCPATH\index.php(68): CodeIgniter\CodeIgniter->run()
CRITICAL - 2023-07-27 05:30:28 --> count(): Argument #1 ($value) must be of type Countable|array, null given
in APPPATH\Controllers\Admin\ProductController.php on line 26.
 1 APPPATH\Controllers\Admin\ProductController.php(26): count(null)
 2 SYSTEMPATH\CodeIgniter.php(934): App\Controllers\Admin\ProductController->index()
 3 SYSTEMPATH\CodeIgniter.php(499): CodeIgniter\CodeIgniter->runController(Object(App\Controllers\Admin\ProductController))
 4 SYSTEMPATH\CodeIgniter.php(368): CodeIgniter\CodeIgniter->handleRequest(null, Object(Config\Cache), false)
 5 FCPATH\index.php(68): CodeIgniter\CodeIgniter->run()
CRITICAL - 2023-07-27 05:53:37 --> Undefined variable $featured_product
in APPPATH\Views\admin\category\category.php on line 44.
 1 APPPATH\Views\admin\category\category.php(44): CodeIgniter\Debug\Exceptions->errorHandler(2, 'Undefined variable $featured_product', 'C:\\xampp\\htdocs\\truflow\\app\\Views\\admin\\category\\category.php', 44)
 2 SYSTEMPATH\View\View.php(213): include('C:\\xampp\\htdocs\\truflow\\app\\Views\\admin\\category\\category.php')
 3 SYSTEMPATH\View\View.php(216): CodeIgniter\View\View->CodeIgniter\View\{closure}()
 4 SYSTEMPATH\Common.php(1184): CodeIgniter\View\View->render('admin/category/category', [], true)
 5 APPPATH\Controllers\Admin\CategoryController.php(66): view('admin/category/category', [...])
 6 SYSTEMPATH\CodeIgniter.php(934): App\Controllers\Admin\CategoryController->categoryEdit('1')
 7 SYSTEMPATH\CodeIgniter.php(499): CodeIgniter\CodeIgniter->runController(Object(App\Controllers\Admin\CategoryController))
 8 SYSTEMPATH\CodeIgniter.php(368): CodeIgniter\CodeIgniter->handleRequest(null, Object(Config\Cache), false)
 9 FCPATH\index.php(68): CodeIgniter\CodeIgniter->run()
CRITICAL - 2023-07-27 06:11:21 --> Undefined variable $featured_category
in APPPATH\Views\admin\sub_category\sub_category.php on line 54.
 1 APPPATH\Views\admin\sub_category\sub_category.php(54): CodeIgniter\Debug\Exceptions->errorHandler(2, 'Undefined variable $featured_category', 'C:\\xampp\\htdocs\\truflow\\app\\Views\\admin\\sub_category\\sub_category.php', 54)
 2 SYSTEMPATH\View\View.php(213): include('C:\\xampp\\htdocs\\truflow\\app\\Views\\admin\\sub_category\\sub_category.php')
 3 SYSTEMPATH\View\View.php(216): CodeIgniter\View\View->CodeIgniter\View\{closure}()
 4 SYSTEMPATH\Common.php(1184): CodeIgniter\View\View->render('admin/sub_category/sub_category', [], true)
 5 APPPATH\Controllers\Admin\SubCategoryController.php(96): view('admin/sub_category/sub_category', [...])
 6 SYSTEMPATH\CodeIgniter.php(934): App\Controllers\Admin\SubCategoryController->sub_categoryEdit('1')
 7 SYSTEMPATH\CodeIgniter.php(499): CodeIgniter\CodeIgniter->runController(Object(App\Controllers\Admin\SubCategoryController))
 8 SYSTEMPATH\CodeIgniter.php(368): CodeIgniter\CodeIgniter->handleRequest(null, Object(Config\Cache), false)
 9 FCPATH\index.php(68): CodeIgniter\CodeIgniter->run()
CRITICAL - 2023-07-27 06:21:46 --> Undefined variable $featured_category
in APPPATH\Views\admin\child_sub_category\child_sub_category.php on line 56.
 1 APPPATH\Views\admin\child_sub_category\child_sub_category.php(56): CodeIgniter\Debug\Exceptions->errorHandler(2, 'Undefined variable $featured_category', 'C:\\xampp\\htdocs\\truflow\\app\\Views\\admin\\child_sub_category\\child_sub_category.php', 56)
 2 SYSTEMPATH\View\View.php(213): include('C:\\xampp\\htdocs\\truflow\\app\\Views\\admin\\child_sub_category\\child_sub_category.php')
 3 SYSTEMPATH\View\View.php(216): CodeIgniter\View\View->CodeIgniter\View\{closure}()
 4 SYSTEMPATH\Common.php(1184): CodeIgniter\View\View->render('admin/child_sub_category/child_sub_category', [], true)
 5 APPPATH\Controllers\Admin\ChildSubCategoryController.php(112): view('admin/child_sub_category/child_sub_category', [...])
 6 SYSTEMPATH\CodeIgniter.php(934): App\Controllers\Admin\ChildSubCategoryController->child_sub_category()
 7 SYSTEMPATH\CodeIgniter.php(499): CodeIgniter\CodeIgniter->runController(Object(App\Controllers\Admin\ChildSubCategoryController))
 8 SYSTEMPATH\CodeIgniter.php(368): CodeIgniter\CodeIgniter->handleRequest(null, Object(Config\Cache), false)
 9 FCPATH\index.php(68): CodeIgniter\CodeIgniter->run()
CRITICAL - 2023-07-27 06:28:17 --> Undefined variable $productArr
in APPPATH\Controllers\Admin\ChildSubCategoryController.php on line 228.
 1 APPPATH\Controllers\Admin\ChildSubCategoryController.php(228): CodeIgniter\Debug\Exceptions->errorHandler(2, 'Undefined variable $productArr', 'C:\\xampp\\htdocs\\truflow\\app\\Controllers\\Admin\\ChildSubCategoryController.php', 228)
 2 SYSTEMPATH\CodeIgniter.php(934): App\Controllers\Admin\ChildSubCategoryController->child_sub_category_name_save()
 3 SYSTEMPATH\CodeIgniter.php(499): CodeIgniter\CodeIgniter->runController(Object(App\Controllers\Admin\ChildSubCategoryController))
 4 SYSTEMPATH\CodeIgniter.php(368): CodeIgniter\CodeIgniter->handleRequest(null, Object(Config\Cache), false)
 5 FCPATH\index.php(68): CodeIgniter\CodeIgniter->run()
CRITICAL - 2023-07-27 06:28:25 --> Undefined variable $productArr
in APPPATH\Controllers\Admin\ChildSubCategoryController.php on line 228.
 1 APPPATH\Controllers\Admin\ChildSubCategoryController.php(228): CodeIgniter\Debug\Exceptions->errorHandler(2, 'Undefined variable $productArr', 'C:\\xampp\\htdocs\\truflow\\app\\Controllers\\Admin\\ChildSubCategoryController.php', 228)
 2 SYSTEMPATH\CodeIgniter.php(934): App\Controllers\Admin\ChildSubCategoryController->child_sub_category_name_save()
 3 SYSTEMPATH\CodeIgniter.php(499): CodeIgniter\CodeIgniter->runController(Object(App\Controllers\Admin\ChildSubCategoryController))
 4 SYSTEMPATH\CodeIgniter.php(368): CodeIgniter\CodeIgniter->handleRequest(null, Object(Config\Cache), false)
 5 FCPATH\index.php(68): CodeIgniter\CodeIgniter->run()
CRITICAL - 2023-07-27 06:46:05 --> Undefined array key "sub_category_name"
in APPPATH\Controllers\Home.php on line 82.
 1 APPPATH\Controllers\Home.php(82): CodeIgniter\Debug\Exceptions->errorHandler(2, 'Undefined array key "sub_category_name"', 'C:\\xampp\\htdocs\\truflow\\app\\Controllers\\Home.php', 82)
 2 SYSTEMPATH\CodeIgniter.php(934): App\Controllers\Home->index()
 3 SYSTEMPATH\CodeIgniter.php(499): CodeIgniter\CodeIgniter->runController(Object(App\Controllers\Home))
 4 SYSTEMPATH\CodeIgniter.php(368): CodeIgniter\CodeIgniter->handleRequest(null, Object(Config\Cache), false)
 5 FCPATH\index.php(68): CodeIgniter\CodeIgniter->run()
CRITICAL - 2023-07-27 06:51:05 --> Undefined array key "product_id"
in APPPATH\Views\front\index.php on line 328.
 1 APPPATH\Views\front\index.php(328): CodeIgniter\Debug\Exceptions->errorHandler(2, 'Undefined array key "product_id"', 'C:\\xampp\\htdocs\\truflow\\app\\Views\\front\\index.php', 328)
 2 SYSTEMPATH\View\View.php(213): include('C:\\xampp\\htdocs\\truflow\\app\\Views\\front\\index.php')
 3 SYSTEMPATH\View\View.php(216): CodeIgniter\View\View->CodeIgniter\View\{closure}()
 4 SYSTEMPATH\Common.php(1184): CodeIgniter\View\View->render('front/index', [], true)
 5 APPPATH\Controllers\Home.php(173): view('front/index', [...])
 6 SYSTEMPATH\CodeIgniter.php(934): App\Controllers\Home->index()
 7 SYSTEMPATH\CodeIgniter.php(499): CodeIgniter\CodeIgniter->runController(Object(App\Controllers\Home))
 8 SYSTEMPATH\CodeIgniter.php(368): CodeIgniter\CodeIgniter->handleRequest(null, Object(Config\Cache), false)
 9 FCPATH\index.php(68): CodeIgniter\CodeIgniter->run()
CRITICAL - 2023-07-27 06:52:15 --> Undefined array key "category_id "
in APPPATH\Views\front\index.php on line 328.
 1 APPPATH\Views\front\index.php(328): CodeIgniter\Debug\Exceptions->errorHandler(2, 'Undefined array key "category_id "', 'C:\\xampp\\htdocs\\truflow\\app\\Views\\front\\index.php', 328)
 2 SYSTEMPATH\View\View.php(213): include('C:\\xampp\\htdocs\\truflow\\app\\Views\\front\\index.php')
 3 SYSTEMPATH\View\View.php(216): CodeIgniter\View\View->CodeIgniter\View\{closure}()
 4 SYSTEMPATH\Common.php(1184): CodeIgniter\View\View->render('front/index', [], true)
 5 APPPATH\Controllers\Home.php(173): view('front/index', [...])
 6 SYSTEMPATH\CodeIgniter.php(934): App\Controllers\Home->index()
 7 SYSTEMPATH\CodeIgniter.php(499): CodeIgniter\CodeIgniter->runController(Object(App\Controllers\Home))
 8 SYSTEMPATH\CodeIgniter.php(368): CodeIgniter\CodeIgniter->handleRequest(null, Object(Config\Cache), false)
 9 FCPATH\index.php(68): CodeIgniter\CodeIgniter->run()
CRITICAL - 2023-07-27 06:52:26 --> Undefined array key "category_name"
in APPPATH\Views\front\index.php on line 328.
 1 APPPATH\Views\front\index.php(328): CodeIgniter\Debug\Exceptions->errorHandler(2, 'Undefined array key "category_name"', 'C:\\xampp\\htdocs\\truflow\\app\\Views\\front\\index.php', 328)
 2 SYSTEMPATH\View\View.php(213): include('C:\\xampp\\htdocs\\truflow\\app\\Views\\front\\index.php')
 3 SYSTEMPATH\View\View.php(216): CodeIgniter\View\View->CodeIgniter\View\{closure}()
 4 SYSTEMPATH\Common.php(1184): CodeIgniter\View\View->render('front/index', [], true)
 5 APPPATH\Controllers\Home.php(173): view('front/index', [...])
 6 SYSTEMPATH\CodeIgniter.php(934): App\Controllers\Home->index()
 7 SYSTEMPATH\CodeIgniter.php(499): CodeIgniter\CodeIgniter->runController(Object(App\Controllers\Home))
 8 SYSTEMPATH\CodeIgniter.php(368): CodeIgniter\CodeIgniter->handleRequest(null, Object(Config\Cache), false)
 9 FCPATH\index.php(68): CodeIgniter\CodeIgniter->run()
CRITICAL - 2023-07-27 06:53:21 --> Undefined array key "category_description"
in APPPATH\Views\front\index.php on line 328.
 1 APPPATH\Views\front\index.php(328): CodeIgniter\Debug\Exceptions->errorHandler(2, 'Undefined array key "category_description"', 'C:\\xampp\\htdocs\\truflow\\app\\Views\\front\\index.php', 328)
 2 SYSTEMPATH\View\View.php(213): include('C:\\xampp\\htdocs\\truflow\\app\\Views\\front\\index.php')
 3 SYSTEMPATH\View\View.php(216): CodeIgniter\View\View->CodeIgniter\View\{closure}()
 4 SYSTEMPATH\Common.php(1184): CodeIgniter\View\View->render('front/index', [], true)
 5 APPPATH\Controllers\Home.php(173): view('front/index', [...])
 6 SYSTEMPATH\CodeIgniter.php(934): App\Controllers\Home->index()
 7 SYSTEMPATH\CodeIgniter.php(499): CodeIgniter\CodeIgniter->runController(Object(App\Controllers\Home))
 8 SYSTEMPATH\CodeIgniter.php(368): CodeIgniter\CodeIgniter->handleRequest(null, Object(Config\Cache), false)
 9 FCPATH\index.php(68): CodeIgniter\CodeIgniter->run()
CRITICAL - 2023-07-27 06:54:38 --> Undefined array key "category_name"
in APPPATH\Views\front\index.php on line 328.
 1 APPPATH\Views\front\index.php(328): CodeIgniter\Debug\Exceptions->errorHandler(2, 'Undefined array key "category_name"', 'C:\\xampp\\htdocs\\truflow\\app\\Views\\front\\index.php', 328)
 2 SYSTEMPATH\View\View.php(213): include('C:\\xampp\\htdocs\\truflow\\app\\Views\\front\\index.php')
 3 SYSTEMPATH\View\View.php(216): CodeIgniter\View\View->CodeIgniter\View\{closure}()
 4 SYSTEMPATH\Common.php(1184): CodeIgniter\View\View->render('front/index', [], true)
 5 APPPATH\Controllers\Home.php(173): view('front/index', [...])
 6 SYSTEMPATH\CodeIgniter.php(934): App\Controllers\Home->index()
 7 SYSTEMPATH\CodeIgniter.php(499): CodeIgniter\CodeIgniter->runController(Object(App\Controllers\Home))
 8 SYSTEMPATH\CodeIgniter.php(368): CodeIgniter\CodeIgniter->handleRequest(null, Object(Config\Cache), false)
 9 FCPATH\index.php(68): CodeIgniter\CodeIgniter->run()
CRITICAL - 2023-07-27 06:54:55 --> Undefined array key "category_name"
in APPPATH\Views\front\index.php on line 328.
 1 APPPATH\Views\front\index.php(328): CodeIgniter\Debug\Exceptions->errorHandler(2, 'Undefined array key "category_name"', 'C:\\xampp\\htdocs\\truflow\\app\\Views\\front\\index.php', 328)
 2 SYSTEMPATH\View\View.php(213): include('C:\\xampp\\htdocs\\truflow\\app\\Views\\front\\index.php')
 3 SYSTEMPATH\View\View.php(216): CodeIgniter\View\View->CodeIgniter\View\{closure}()
 4 SYSTEMPATH\Common.php(1184): CodeIgniter\View\View->render('front/index', [], true)
 5 APPPATH\Controllers\Home.php(173): view('front/index', [...])
 6 SYSTEMPATH\CodeIgniter.php(934): App\Controllers\Home->index()
 7 SYSTEMPATH\CodeIgniter.php(499): CodeIgniter\CodeIgniter->runController(Object(App\Controllers\Home))
 8 SYSTEMPATH\CodeIgniter.php(368): CodeIgniter\CodeIgniter->handleRequest(null, Object(Config\Cache), false)
 9 FCPATH\index.php(68): CodeIgniter\CodeIgniter->run()
CRITICAL - 2023-07-27 06:56:59 --> Cannot access offset of type string on string
in APPPATH\Views\front\index.php on line 328.
 1 SYSTEMPATH\View\View.php(213): include()
 2 SYSTEMPATH\View\View.php(216): CodeIgniter\View\View->CodeIgniter\View\{closure}()
 3 SYSTEMPATH\Common.php(1184): CodeIgniter\View\View->render('front/index', [], true)
 4 APPPATH\Controllers\Home.php(173): view('front/index', [...])
 5 SYSTEMPATH\CodeIgniter.php(934): App\Controllers\Home->index()
 6 SYSTEMPATH\CodeIgniter.php(499): CodeIgniter\CodeIgniter->runController(Object(App\Controllers\Home))
 7 SYSTEMPATH\CodeIgniter.php(368): CodeIgniter\CodeIgniter->handleRequest(null, Object(Config\Cache), false)
 8 FCPATH\index.php(68): CodeIgniter\CodeIgniter->run()
CRITICAL - 2023-07-27 06:57:19 --> Cannot access offset of type string on string
in APPPATH\Views\front\index.php on line 328.
 1 SYSTEMPATH\View\View.php(213): include()
 2 SYSTEMPATH\View\View.php(216): CodeIgniter\View\View->CodeIgniter\View\{closure}()
 3 SYSTEMPATH\Common.php(1184): CodeIgniter\View\View->render('front/index', [], true)
 4 APPPATH\Controllers\Home.php(173): view('front/index', [...])
 5 SYSTEMPATH\CodeIgniter.php(934): App\Controllers\Home->index()
 6 SYSTEMPATH\CodeIgniter.php(499): CodeIgniter\CodeIgniter->runController(Object(App\Controllers\Home))
 7 SYSTEMPATH\CodeIgniter.php(368): CodeIgniter\CodeIgniter->handleRequest(null, Object(Config\Cache), false)
 8 FCPATH\index.php(68): CodeIgniter\CodeIgniter->run()
CRITICAL - 2023-07-27 07:01:04 --> Cannot access offset of type string on string
in APPPATH\Views\front\index.php on line 328.
 1 SYSTEMPATH\View\View.php(213): include()
 2 SYSTEMPATH\View\View.php(216): CodeIgniter\View\View->CodeIgniter\View\{closure}()
 3 SYSTEMPATH\Common.php(1184): CodeIgniter\View\View->render('front/index', [], true)
 4 APPPATH\Controllers\Home.php(173): view('front/index', [...])
 5 SYSTEMPATH\CodeIgniter.php(934): App\Controllers\Home->index()
 6 SYSTEMPATH\CodeIgniter.php(499): CodeIgniter\CodeIgniter->runController(Object(App\Controllers\Home))
 7 SYSTEMPATH\CodeIgniter.php(368): CodeIgniter\CodeIgniter->handleRequest(null, Object(Config\Cache), false)
 8 FCPATH\index.php(68): CodeIgniter\CodeIgniter->run()
CRITICAL - 2023-07-27 07:01:30 --> Cannot access offset of type string on string
in APPPATH\Views\front\index.php on line 328.
 1 SYSTEMPATH\View\View.php(213): include()
 2 SYSTEMPATH\View\View.php(216): CodeIgniter\View\View->CodeIgniter\View\{closure}()
 3 SYSTEMPATH\Common.php(1184): CodeIgniter\View\View->render('front/index', [], true)
 4 APPPATH\Controllers\Home.php(173): view('front/index', [...])
 5 SYSTEMPATH\CodeIgniter.php(934): App\Controllers\Home->index()
 6 SYSTEMPATH\CodeIgniter.php(499): CodeIgniter\CodeIgniter->runController(Object(App\Controllers\Home))
 7 SYSTEMPATH\CodeIgniter.php(368): CodeIgniter\CodeIgniter->handleRequest(null, Object(Config\Cache), false)
 8 FCPATH\index.php(68): CodeIgniter\CodeIgniter->run()
CRITICAL - 2023-07-27 07:02:16 --> Cannot access offset of type string on string
in APPPATH\Views\front\index.php on line 328.
 1 SYSTEMPATH\View\View.php(213): include()
 2 SYSTEMPATH\View\View.php(216): CodeIgniter\View\View->CodeIgniter\View\{closure}()
 3 SYSTEMPATH\Common.php(1184): CodeIgniter\View\View->render('front/index', [], true)
 4 APPPATH\Controllers\Home.php(173): view('front/index', [...])
 5 SYSTEMPATH\CodeIgniter.php(934): App\Controllers\Home->index()
 6 SYSTEMPATH\CodeIgniter.php(499): CodeIgniter\CodeIgniter->runController(Object(App\Controllers\Home))
 7 SYSTEMPATH\CodeIgniter.php(368): CodeIgniter\CodeIgniter->handleRequest(null, Object(Config\Cache), false)
 8 FCPATH\index.php(68): CodeIgniter\CodeIgniter->run()
CRITICAL - 2023-07-27 07:02:28 --> Cannot access offset of type string on string
in APPPATH\Views\front\index.php on line 328.
 1 SYSTEMPATH\View\View.php(213): include()
 2 SYSTEMPATH\View\View.php(216): CodeIgniter\View\View->CodeIgniter\View\{closure}()
 3 SYSTEMPATH\Common.php(1184): CodeIgniter\View\View->render('front/index', [], true)
 4 APPPATH\Controllers\Home.php(173): view('front/index', [...])
 5 SYSTEMPATH\CodeIgniter.php(934): App\Controllers\Home->index()
 6 SYSTEMPATH\CodeIgniter.php(499): CodeIgniter\CodeIgniter->runController(Object(App\Controllers\Home))
 7 SYSTEMPATH\CodeIgniter.php(368): CodeIgniter\CodeIgniter->handleRequest(null, Object(Config\Cache), false)
 8 FCPATH\index.php(68): CodeIgniter\CodeIgniter->run()
CRITICAL - 2023-07-27 07:06:21 --> Cannot access offset of type string on string
in APPPATH\Views\front\index.php on line 314.
 1 SYSTEMPATH\View\View.php(213): include()
 2 SYSTEMPATH\View\View.php(216): CodeIgniter\View\View->CodeIgniter\View\{closure}()
 3 SYSTEMPATH\Common.php(1184): CodeIgniter\View\View->render('front/index', [], true)
 4 APPPATH\Controllers\Home.php(173): view('front/index', [...])
 5 SYSTEMPATH\CodeIgniter.php(934): App\Controllers\Home->index()
 6 SYSTEMPATH\CodeIgniter.php(499): CodeIgniter\CodeIgniter->runController(Object(App\Controllers\Home))
 7 SYSTEMPATH\CodeIgniter.php(368): CodeIgniter\CodeIgniter->handleRequest(null, Object(Config\Cache), false)
 8 FCPATH\index.php(68): CodeIgniter\CodeIgniter->run()
CRITICAL - 2023-07-27 07:06:36 --> Attempt to read property "category_name" on string
in APPPATH\Views\front\index.php on line 314.
 1 APPPATH\Views\front\index.php(314): CodeIgniter\Debug\Exceptions->errorHandler(2, 'Attempt to read property "category_name" on string', 'C:\\xampp\\htdocs\\truflow\\app\\Views\\front\\index.php', 314)
 2 SYSTEMPATH\View\View.php(213): include('C:\\xampp\\htdocs\\truflow\\app\\Views\\front\\index.php')
 3 SYSTEMPATH\View\View.php(216): CodeIgniter\View\View->CodeIgniter\View\{closure}()
 4 SYSTEMPATH\Common.php(1184): CodeIgniter\View\View->render('front/index', [], true)
 5 APPPATH\Controllers\Home.php(173): view('front/index', [...])
 6 SYSTEMPATH\CodeIgniter.php(934): App\Controllers\Home->index()
 7 SYSTEMPATH\CodeIgniter.php(499): CodeIgniter\CodeIgniter->runController(Object(App\Controllers\Home))
 8 SYSTEMPATH\CodeIgniter.php(368): CodeIgniter\CodeIgniter->handleRequest(null, Object(Config\Cache), false)
 9 FCPATH\index.php(68): CodeIgniter\CodeIgniter->run()
CRITICAL - 2023-07-27 07:12:54 --> Undefined array key "sub_category_id "
in APPPATH\Views\front\index.php on line 349.
 1 APPPATH\Views\front\index.php(349): CodeIgniter\Debug\Exceptions->errorHandler(2, 'Undefined array key "sub_category_id "', 'C:\\xampp\\htdocs\\truflow\\app\\Views\\front\\index.php', 349)
 2 SYSTEMPATH\View\View.php(213): include('C:\\xampp\\htdocs\\truflow\\app\\Views\\front\\index.php')
 3 SYSTEMPATH\View\View.php(216): CodeIgniter\View\View->CodeIgniter\View\{closure}()
 4 SYSTEMPATH\Common.php(1184): CodeIgniter\View\View->render('front/index', [], true)
 5 APPPATH\Controllers\Home.php(173): view('front/index', [...])
 6 SYSTEMPATH\CodeIgniter.php(934): App\Controllers\Home->index()
 7 SYSTEMPATH\CodeIgniter.php(499): CodeIgniter\CodeIgniter->runController(Object(App\Controllers\Home))
 8 SYSTEMPATH\CodeIgniter.php(368): CodeIgniter\CodeIgniter->handleRequest(null, Object(Config\Cache), false)
 9 FCPATH\index.php(68): CodeIgniter\CodeIgniter->run()
CRITICAL - 2023-07-27 07:35:42 --> syntax error, unexpected token "else"
in APPPATH\Views\front\product_details.php on line 273.
 1 SYSTEMPATH\View\View.php(216): CodeIgniter\View\View->CodeIgniter\View\{closure}()
 2 SYSTEMPATH\Common.php(1184): CodeIgniter\View\View->render('front/product_details', [], true)
 3 APPPATH\Controllers\Home.php(546): view('front/product_details', [...])
 4 SYSTEMPATH\CodeIgniter.php(934): App\Controllers\Home->product_details('19')
 5 SYSTEMPATH\CodeIgniter.php(499): CodeIgniter\CodeIgniter->runController(Object(App\Controllers\Home))
 6 SYSTEMPATH\CodeIgniter.php(368): CodeIgniter\CodeIgniter->handleRequest(null, Object(Config\Cache), false)
 7 FCPATH\index.php(68): CodeIgniter\CodeIgniter->run()
CRITICAL - 2023-07-27 09:19:55 --> Undefined array key "manage_stock"
in APPPATH\Views\admin\product\product.php on line 127.
 1 APPPATH\Views\admin\product\product.php(127): CodeIgniter\Debug\Exceptions->errorHandler(2, 'Undefined array key "manage_stock"', 'C:\\xampp\\htdocs\\truflow\\app\\Views\\admin\\product\\product.php', 127)
 2 SYSTEMPATH\View\View.php(213): include('C:\\xampp\\htdocs\\truflow\\app\\Views\\admin\\product\\product.php')
 3 SYSTEMPATH\View\View.php(216): CodeIgniter\View\View->CodeIgniter\View\{closure}()
 4 SYSTEMPATH\Common.php(1184): CodeIgniter\View\View->render('admin/product/product', [], true)
 5 APPPATH\Controllers\Admin\ProductController.php(186): view('admin/product/product', [...])
 6 SYSTEMPATH\CodeIgniter.php(934): App\Controllers\Admin\ProductController->productEdit('1')
 7 SYSTEMPATH\CodeIgniter.php(499): CodeIgniter\CodeIgniter->runController(Object(App\Controllers\Admin\ProductController))
 8 SYSTEMPATH\CodeIgniter.php(368): CodeIgniter\CodeIgniter->handleRequest(null, Object(Config\Cache), false)
 9 FCPATH\index.php(68): CodeIgniter\CodeIgniter->run()
CRITICAL - 2023-07-27 09:20:06 --> Undefined array key "manage_stock"
in APPPATH\Views\admin\product\product.php on line 127.
 1 APPPATH\Views\admin\product\product.php(127): CodeIgniter\Debug\Exceptions->errorHandler(2, 'Undefined array key "manage_stock"', 'C:\\xampp\\htdocs\\truflow\\app\\Views\\admin\\product\\product.php', 127)
 2 SYSTEMPATH\View\View.php(213): include('C:\\xampp\\htdocs\\truflow\\app\\Views\\admin\\product\\product.php')
 3 SYSTEMPATH\View\View.php(216): CodeIgniter\View\View->CodeIgniter\View\{closure}()
 4 SYSTEMPATH\Common.php(1184): CodeIgniter\View\View->render('admin/product/product', [], true)
 5 APPPATH\Controllers\Admin\ProductController.php(186): view('admin/product/product', [...])
 6 SYSTEMPATH\CodeIgniter.php(934): App\Controllers\Admin\ProductController->productEdit('1')
 7 SYSTEMPATH\CodeIgniter.php(499): CodeIgniter\CodeIgniter->runController(Object(App\Controllers\Admin\ProductController))
 8 SYSTEMPATH\CodeIgniter.php(368): CodeIgniter\CodeIgniter->handleRequest(null, Object(Config\Cache), false)
 9 FCPATH\index.php(68): CodeIgniter\CodeIgniter->run()
CRITICAL - 2023-07-27 09:20:17 --> Undefined array key "manage_stock"
in APPPATH\Views\admin\product\product.php on line 127.
 1 APPPATH\Views\admin\product\product.php(127): CodeIgniter\Debug\Exceptions->errorHandler(2, 'Undefined array key "manage_stock"', 'C:\\xampp\\htdocs\\truflow\\app\\Views\\admin\\product\\product.php', 127)
 2 SYSTEMPATH\View\View.php(213): include('C:\\xampp\\htdocs\\truflow\\app\\Views\\admin\\product\\product.php')
 3 SYSTEMPATH\View\View.php(216): CodeIgniter\View\View->CodeIgniter\View\{closure}()
 4 SYSTEMPATH\Common.php(1184): CodeIgniter\View\View->render('admin/product/product', [], true)
 5 APPPATH\Controllers\Admin\ProductController.php(186): view('admin/product/product', [...])
 6 SYSTEMPATH\CodeIgniter.php(934): App\Controllers\Admin\ProductController->productEdit('1')
 7 SYSTEMPATH\CodeIgniter.php(499): CodeIgniter\CodeIgniter->runController(Object(App\Controllers\Admin\ProductController))
 8 SYSTEMPATH\CodeIgniter.php(368): CodeIgniter\CodeIgniter->handleRequest(null, Object(Config\Cache), false)
 9 FCPATH\index.php(68): CodeIgniter\CodeIgniter->run()
CRITICAL - 2023-07-27 11:11:31 --> Unsupported operand types: string - string
in APPPATH\Controllers\OrderController.php on line 153.
 1 SYSTEMPATH\CodeIgniter.php(934): App\Controllers\OrderController->place_order()
 2 SYSTEMPATH\CodeIgniter.php(499): CodeIgniter\CodeIgniter->runController(Object(App\Controllers\OrderController))
 3 SYSTEMPATH\CodeIgniter.php(368): CodeIgniter\CodeIgniter->handleRequest(null, Object(Config\Cache), false)
 4 FCPATH\index.php(68): CodeIgniter\CodeIgniter->run()
CRITICAL - 2023-07-27 11:14:27 --> Unsupported operand types: string - string
in APPPATH\Controllers\OrderController.php on line 153.
 1 SYSTEMPATH\CodeIgniter.php(934): App\Controllers\OrderController->place_order()
 2 SYSTEMPATH\CodeIgniter.php(499): CodeIgniter\CodeIgniter->runController(Object(App\Controllers\OrderController))
 3 SYSTEMPATH\CodeIgniter.php(368): CodeIgniter\CodeIgniter->handleRequest(null, Object(Config\Cache), false)
 4 FCPATH\index.php(68): CodeIgniter\CodeIgniter->run()
CRITICAL - 2023-07-27 11:53:02 --> Undefined array key "manage_stock"
in APPPATH\Views\admin\product\product.php on line 81.
 1 APPPATH\Views\admin\product\product.php(81): CodeIgniter\Debug\Exceptions->errorHandler(2, 'Undefined array key "manage_stock"', 'C:\\xampp\\htdocs\\truflow\\app\\Views\\admin\\product\\product.php', 81)
 2 SYSTEMPATH\View\View.php(213): include('C:\\xampp\\htdocs\\truflow\\app\\Views\\admin\\product\\product.php')
 3 SYSTEMPATH\View\View.php(216): CodeIgniter\View\View->CodeIgniter\View\{closure}()
 4 SYSTEMPATH\Common.php(1184): CodeIgniter\View\View->render('admin/product/product', [], true)
 5 APPPATH\Controllers\Admin\ProductController.php(186): view('admin/product/product', [...])
 6 SYSTEMPATH\CodeIgniter.php(934): App\Controllers\Admin\ProductController->productEdit('1')
 7 SYSTEMPATH\CodeIgniter.php(499): CodeIgniter\CodeIgniter->runController(Object(App\Controllers\Admin\ProductController))
 8 SYSTEMPATH\CodeIgniter.php(368): CodeIgniter\CodeIgniter->handleRequest(null, Object(Config\Cache), false)
 9 FCPATH\index.php(68): CodeIgniter\CodeIgniter->run()
