ERROR - 2023-07-17 06:00:19 --> mysqli_sql_exception: Unknown column 'child_id' in 'where clause' in C:\xampp\htdocs\truflow\system\Database\MySQLi\Connection.php:295
Stack trace:
#0 C:\xampp\htdocs\truflow\system\Database\MySQLi\Connection.php(295): mysqli->query('SELECT *\nFROM `...', 0)
#1 C:\xampp\htdocs\truflow\system\Database\BaseConnection.php(692): CodeIgniter\Database\MySQLi\Connection->execute('SELECT *\nFROM `...')
#2 C:\xampp\htdocs\truflow\system\Database\BaseConnection.php(606): CodeIgniter\Database\BaseConnection->simpleQuery('SELECT *\nFROM `...')
#3 C:\xampp\htdocs\truflow\system\Database\BaseBuilder.php(1616): CodeIgniter\Database\BaseConnection->query('SELECT *\nFROM `...', Array, false)
#4 C:\xampp\htdocs\truflow\system\Model.php(241): CodeIgniter\Database\BaseBuilder->get()
#5 C:\xampp\htdocs\truflow\system\BaseModel.php(618): CodeIgniter\Model->doFindAll(0, 0)
#6 C:\xampp\htdocs\truflow\app\Controllers\Admin\ChildSubCategoryController.php(138): CodeIgniter\BaseModel->findAll()
#7 C:\xampp\htdocs\truflow\system\CodeIgniter.php(934): App\Controllers\Admin\ChildSubCategoryController->child_sub_categoryEdit('7')
#8 C:\xampp\htdocs\truflow\system\CodeIgniter.php(499): CodeIgniter\CodeIgniter->runController(Object(App\Controllers\Admin\ChildSubCategoryController))
#9 C:\xampp\htdocs\truflow\system\CodeIgniter.php(368): CodeIgniter\CodeIgniter->handleRequest(NULL, Object(Config\Cache), false)
#10 C:\xampp\htdocs\truflow\index.php(68): CodeIgniter\CodeIgniter->run()
#11 {main}
CRITICAL - 2023-07-17 06:00:19 --> Unknown column 'child_id' in 'where clause'
in SYSTEMPATH\Database\MySQLi\Connection.php on line 295.
 1 SYSTEMPATH\Database\MySQLi\Connection.php(295): mysqli->query('SELECT *
FROM `product_variants`
WHERE `child_id` = \'7\'', 0)
 2 SYSTEMPATH\Database\BaseConnection.php(692): CodeIgniter\Database\MySQLi\Connection->execute('SELECT *
FROM `product_variants`
WHERE `child_id` = \'7\'')
 3 SYSTEMPATH\Database\BaseConnection.php(606): CodeIgniter\Database\BaseConnection->simpleQuery('SELECT *
FROM `product_variants`
WHERE `child_id` = \'7\'')
 4 SYSTEMPATH\Database\BaseBuilder.php(1616): CodeIgniter\Database\BaseConnection->query('SELECT *
FROM `product_variants`
WHERE `child_id` = :child_id:', [...], false)
 5 SYSTEMPATH\Model.php(241): CodeIgniter\Database\BaseBuilder->get()
 6 SYSTEMPATH\BaseModel.php(618): CodeIgniter\Model->doFindAll(0, 0)
 7 APPPATH\Controllers\Admin\ChildSubCategoryController.php(138): CodeIgniter\BaseModel->findAll()
 8 SYSTEMPATH\CodeIgniter.php(934): App\Controllers\Admin\ChildSubCategoryController->child_sub_categoryEdit('7')
 9 SYSTEMPATH\CodeIgniter.php(499): CodeIgniter\CodeIgniter->runController(Object(App\Controllers\Admin\ChildSubCategoryController))
10 SYSTEMPATH\CodeIgniter.php(368): CodeIgniter\CodeIgniter->handleRequest(null, Object(Config\Cache), false)
11 FCPATH\index.php(68): CodeIgniter\CodeIgniter->run()
ERROR - 2023-07-17 06:07:19 --> mysqli_sql_exception: Unknown column 'child_id' in 'where clause' in C:\xampp\htdocs\truflow\system\Database\MySQLi\Connection.php:295
Stack trace:
#0 C:\xampp\htdocs\truflow\system\Database\MySQLi\Connection.php(295): mysqli->query('SELECT *\nFROM `...', 0)
#1 C:\xampp\htdocs\truflow\system\Database\BaseConnection.php(692): CodeIgniter\Database\MySQLi\Connection->execute('SELECT *\nFROM `...')
#2 C:\xampp\htdocs\truflow\system\Database\BaseConnection.php(606): CodeIgniter\Database\BaseConnection->simpleQuery('SELECT *\nFROM `...')
#3 C:\xampp\htdocs\truflow\system\Database\BaseBuilder.php(1616): CodeIgniter\Database\BaseConnection->query('SELECT *\nFROM `...', Array, false)
#4 C:\xampp\htdocs\truflow\system\Model.php(241): CodeIgniter\Database\BaseBuilder->get()
#5 C:\xampp\htdocs\truflow\system\BaseModel.php(618): CodeIgniter\Model->doFindAll(0, 0)
#6 C:\xampp\htdocs\truflow\app\Controllers\Admin\ChildSubCategoryController.php(138): CodeIgniter\BaseModel->findAll()
#7 C:\xampp\htdocs\truflow\system\CodeIgniter.php(934): App\Controllers\Admin\ChildSubCategoryController->child_sub_categoryEdit('7')
#8 C:\xampp\htdocs\truflow\system\CodeIgniter.php(499): CodeIgniter\CodeIgniter->runController(Object(App\Controllers\Admin\ChildSubCategoryController))
#9 C:\xampp\htdocs\truflow\system\CodeIgniter.php(368): CodeIgniter\CodeIgniter->handleRequest(NULL, Object(Config\Cache), false)
#10 C:\xampp\htdocs\truflow\index.php(68): CodeIgniter\CodeIgniter->run()
#11 {main}
CRITICAL - 2023-07-17 06:07:19 --> Unknown column 'child_id' in 'where clause'
in SYSTEMPATH\Database\MySQLi\Connection.php on line 295.
 1 SYSTEMPATH\Database\MySQLi\Connection.php(295): mysqli->query('SELECT *
FROM `product_variants`
WHERE `child_id` = \'7\'', 0)
 2 SYSTEMPATH\Database\BaseConnection.php(692): CodeIgniter\Database\MySQLi\Connection->execute('SELECT *
FROM `product_variants`
WHERE `child_id` = \'7\'')
 3 SYSTEMPATH\Database\BaseConnection.php(606): CodeIgniter\Database\BaseConnection->simpleQuery('SELECT *
FROM `product_variants`
WHERE `child_id` = \'7\'')
 4 SYSTEMPATH\Database\BaseBuilder.php(1616): CodeIgniter\Database\BaseConnection->query('SELECT *
FROM `product_variants`
WHERE `child_id` = :child_id:', [...], false)
 5 SYSTEMPATH\Model.php(241): CodeIgniter\Database\BaseBuilder->get()
 6 SYSTEMPATH\BaseModel.php(618): CodeIgniter\Model->doFindAll(0, 0)
 7 APPPATH\Controllers\Admin\ChildSubCategoryController.php(138): CodeIgniter\BaseModel->findAll()
 8 SYSTEMPATH\CodeIgniter.php(934): App\Controllers\Admin\ChildSubCategoryController->child_sub_categoryEdit('7')
 9 SYSTEMPATH\CodeIgniter.php(499): CodeIgniter\CodeIgniter->runController(Object(App\Controllers\Admin\ChildSubCategoryController))
10 SYSTEMPATH\CodeIgniter.php(368): CodeIgniter\CodeIgniter->handleRequest(null, Object(Config\Cache), false)
11 FCPATH\index.php(68): CodeIgniter\CodeIgniter->run()
ERROR - 2023-07-17 06:12:59 --> mysqli_sql_exception: Unknown column 'child_id' in 'where clause' in C:\xampp\htdocs\truflow\system\Database\MySQLi\Connection.php:295
Stack trace:
#0 C:\xampp\htdocs\truflow\system\Database\MySQLi\Connection.php(295): mysqli->query('SELECT *\nFROM `...', 0)
#1 C:\xampp\htdocs\truflow\system\Database\BaseConnection.php(692): CodeIgniter\Database\MySQLi\Connection->execute('SELECT *\nFROM `...')
#2 C:\xampp\htdocs\truflow\system\Database\BaseConnection.php(606): CodeIgniter\Database\BaseConnection->simpleQuery('SELECT *\nFROM `...')
#3 C:\xampp\htdocs\truflow\system\Database\BaseBuilder.php(1616): CodeIgniter\Database\BaseConnection->query('SELECT *\nFROM `...', Array, false)
#4 C:\xampp\htdocs\truflow\system\Model.php(241): CodeIgniter\Database\BaseBuilder->get()
#5 C:\xampp\htdocs\truflow\system\BaseModel.php(618): CodeIgniter\Model->doFindAll(0, 0)
#6 C:\xampp\htdocs\truflow\app\Controllers\Admin\ChildSubCategoryController.php(138): CodeIgniter\BaseModel->findAll()
#7 C:\xampp\htdocs\truflow\system\CodeIgniter.php(934): App\Controllers\Admin\ChildSubCategoryController->child_sub_categoryEdit('1')
#8 C:\xampp\htdocs\truflow\system\CodeIgniter.php(499): CodeIgniter\CodeIgniter->runController(Object(App\Controllers\Admin\ChildSubCategoryController))
#9 C:\xampp\htdocs\truflow\system\CodeIgniter.php(368): CodeIgniter\CodeIgniter->handleRequest(NULL, Object(Config\Cache), false)
#10 C:\xampp\htdocs\truflow\index.php(68): CodeIgniter\CodeIgniter->run()
#11 {main}
CRITICAL - 2023-07-17 06:12:59 --> Unknown column 'child_id' in 'where clause'
in SYSTEMPATH\Database\MySQLi\Connection.php on line 295.
 1 SYSTEMPATH\Database\MySQLi\Connection.php(295): mysqli->query('SELECT *
FROM `product_variants`
WHERE `child_id` = \'1\'', 0)
 2 SYSTEMPATH\Database\BaseConnection.php(692): CodeIgniter\Database\MySQLi\Connection->execute('SELECT *
FROM `product_variants`
WHERE `child_id` = \'1\'')
 3 SYSTEMPATH\Database\BaseConnection.php(606): CodeIgniter\Database\BaseConnection->simpleQuery('SELECT *
FROM `product_variants`
WHERE `child_id` = \'1\'')
 4 SYSTEMPATH\Database\BaseBuilder.php(1616): CodeIgniter\Database\BaseConnection->query('SELECT *
FROM `product_variants`
WHERE `child_id` = :child_id:', [...], false)
 5 SYSTEMPATH\Model.php(241): CodeIgniter\Database\BaseBuilder->get()
 6 SYSTEMPATH\BaseModel.php(618): CodeIgniter\Model->doFindAll(0, 0)
 7 APPPATH\Controllers\Admin\ChildSubCategoryController.php(138): CodeIgniter\BaseModel->findAll()
 8 SYSTEMPATH\CodeIgniter.php(934): App\Controllers\Admin\ChildSubCategoryController->child_sub_categoryEdit('1')
 9 SYSTEMPATH\CodeIgniter.php(499): CodeIgniter\CodeIgniter->runController(Object(App\Controllers\Admin\ChildSubCategoryController))
10 SYSTEMPATH\CodeIgniter.php(368): CodeIgniter\CodeIgniter->handleRequest(null, Object(Config\Cache), false)
11 FCPATH\index.php(68): CodeIgniter\CodeIgniter->run()
ERROR - 2023-07-17 06:13:19 --> mysqli_sql_exception: Unknown column 'child_id' in 'where clause' in C:\xampp\htdocs\truflow\system\Database\MySQLi\Connection.php:295
Stack trace:
#0 C:\xampp\htdocs\truflow\system\Database\MySQLi\Connection.php(295): mysqli->query('SELECT *\nFROM `...', 0)
#1 C:\xampp\htdocs\truflow\system\Database\BaseConnection.php(692): CodeIgniter\Database\MySQLi\Connection->execute('SELECT *\nFROM `...')
#2 C:\xampp\htdocs\truflow\system\Database\BaseConnection.php(606): CodeIgniter\Database\BaseConnection->simpleQuery('SELECT *\nFROM `...')
#3 C:\xampp\htdocs\truflow\system\Database\BaseBuilder.php(1616): CodeIgniter\Database\BaseConnection->query('SELECT *\nFROM `...', Array, false)
#4 C:\xampp\htdocs\truflow\system\Model.php(241): CodeIgniter\Database\BaseBuilder->get()
#5 C:\xampp\htdocs\truflow\system\BaseModel.php(618): CodeIgniter\Model->doFindAll(0, 0)
#6 C:\xampp\htdocs\truflow\app\Controllers\Admin\ChildSubCategoryController.php(138): CodeIgniter\BaseModel->findAll()
#7 C:\xampp\htdocs\truflow\system\CodeIgniter.php(934): App\Controllers\Admin\ChildSubCategoryController->child_sub_categoryEdit('4')
#8 C:\xampp\htdocs\truflow\system\CodeIgniter.php(499): CodeIgniter\CodeIgniter->runController(Object(App\Controllers\Admin\ChildSubCategoryController))
#9 C:\xampp\htdocs\truflow\system\CodeIgniter.php(368): CodeIgniter\CodeIgniter->handleRequest(NULL, Object(Config\Cache), false)
#10 C:\xampp\htdocs\truflow\index.php(68): CodeIgniter\CodeIgniter->run()
#11 {main}
CRITICAL - 2023-07-17 06:13:19 --> Unknown column 'child_id' in 'where clause'
in SYSTEMPATH\Database\MySQLi\Connection.php on line 295.
 1 SYSTEMPATH\Database\MySQLi\Connection.php(295): mysqli->query('SELECT *
FROM `product_variants`
WHERE `child_id` = \'4\'', 0)
 2 SYSTEMPATH\Database\BaseConnection.php(692): CodeIgniter\Database\MySQLi\Connection->execute('SELECT *
FROM `product_variants`
WHERE `child_id` = \'4\'')
 3 SYSTEMPATH\Database\BaseConnection.php(606): CodeIgniter\Database\BaseConnection->simpleQuery('SELECT *
FROM `product_variants`
WHERE `child_id` = \'4\'')
 4 SYSTEMPATH\Database\BaseBuilder.php(1616): CodeIgniter\Database\BaseConnection->query('SELECT *
FROM `product_variants`
WHERE `child_id` = :child_id:', [...], false)
 5 SYSTEMPATH\Model.php(241): CodeIgniter\Database\BaseBuilder->get()
 6 SYSTEMPATH\BaseModel.php(618): CodeIgniter\Model->doFindAll(0, 0)
 7 APPPATH\Controllers\Admin\ChildSubCategoryController.php(138): CodeIgniter\BaseModel->findAll()
 8 SYSTEMPATH\CodeIgniter.php(934): App\Controllers\Admin\ChildSubCategoryController->child_sub_categoryEdit('4')
 9 SYSTEMPATH\CodeIgniter.php(499): CodeIgniter\CodeIgniter->runController(Object(App\Controllers\Admin\ChildSubCategoryController))
10 SYSTEMPATH\CodeIgniter.php(368): CodeIgniter\CodeIgniter->handleRequest(null, Object(Config\Cache), false)
11 FCPATH\index.php(68): CodeIgniter\CodeIgniter->run()
ERROR - 2023-07-17 06:17:37 --> mysqli_sql_exception: Unknown column 'child_id' in 'where clause' in C:\xampp\htdocs\truflow\system\Database\MySQLi\Connection.php:295
Stack trace:
#0 C:\xampp\htdocs\truflow\system\Database\MySQLi\Connection.php(295): mysqli->query('SELECT *\nFROM `...', 0)
#1 C:\xampp\htdocs\truflow\system\Database\BaseConnection.php(692): CodeIgniter\Database\MySQLi\Connection->execute('SELECT *\nFROM `...')
#2 C:\xampp\htdocs\truflow\system\Database\BaseConnection.php(606): CodeIgniter\Database\BaseConnection->simpleQuery('SELECT *\nFROM `...')
#3 C:\xampp\htdocs\truflow\system\Database\BaseBuilder.php(1616): CodeIgniter\Database\BaseConnection->query('SELECT *\nFROM `...', Array, false)
#4 C:\xampp\htdocs\truflow\system\Model.php(241): CodeIgniter\Database\BaseBuilder->get()
#5 C:\xampp\htdocs\truflow\system\BaseModel.php(618): CodeIgniter\Model->doFindAll(0, 0)
#6 C:\xampp\htdocs\truflow\app\Controllers\Admin\ChildSubCategoryController.php(138): CodeIgniter\BaseModel->findAll()
#7 C:\xampp\htdocs\truflow\system\CodeIgniter.php(934): App\Controllers\Admin\ChildSubCategoryController->child_sub_categoryEdit('7')
#8 C:\xampp\htdocs\truflow\system\CodeIgniter.php(499): CodeIgniter\CodeIgniter->runController(Object(App\Controllers\Admin\ChildSubCategoryController))
#9 C:\xampp\htdocs\truflow\system\CodeIgniter.php(368): CodeIgniter\CodeIgniter->handleRequest(NULL, Object(Config\Cache), false)
#10 C:\xampp\htdocs\truflow\index.php(68): CodeIgniter\CodeIgniter->run()
#11 {main}
CRITICAL - 2023-07-17 06:17:37 --> Unknown column 'child_id' in 'where clause'
in SYSTEMPATH\Database\MySQLi\Connection.php on line 295.
 1 SYSTEMPATH\Database\MySQLi\Connection.php(295): mysqli->query('SELECT *
FROM `product_variants`
WHERE `child_id` = \'7\'', 0)
 2 SYSTEMPATH\Database\BaseConnection.php(692): CodeIgniter\Database\MySQLi\Connection->execute('SELECT *
FROM `product_variants`
WHERE `child_id` = \'7\'')
 3 SYSTEMPATH\Database\BaseConnection.php(606): CodeIgniter\Database\BaseConnection->simpleQuery('SELECT *
FROM `product_variants`
WHERE `child_id` = \'7\'')
 4 SYSTEMPATH\Database\BaseBuilder.php(1616): CodeIgniter\Database\BaseConnection->query('SELECT *
FROM `product_variants`
WHERE `child_id` = :child_id:', [...], false)
 5 SYSTEMPATH\Model.php(241): CodeIgniter\Database\BaseBuilder->get()
 6 SYSTEMPATH\BaseModel.php(618): CodeIgniter\Model->doFindAll(0, 0)
 7 APPPATH\Controllers\Admin\ChildSubCategoryController.php(138): CodeIgniter\BaseModel->findAll()
 8 SYSTEMPATH\CodeIgniter.php(934): App\Controllers\Admin\ChildSubCategoryController->child_sub_categoryEdit('7')
 9 SYSTEMPATH\CodeIgniter.php(499): CodeIgniter\CodeIgniter->runController(Object(App\Controllers\Admin\ChildSubCategoryController))
10 SYSTEMPATH\CodeIgniter.php(368): CodeIgniter\CodeIgniter->handleRequest(null, Object(Config\Cache), false)
11 FCPATH\index.php(68): CodeIgniter\CodeIgniter->run()
ERROR - 2023-07-17 06:18:07 --> mysqli_sql_exception: Unknown column 'child_id' in 'where clause' in C:\xampp\htdocs\truflow\system\Database\MySQLi\Connection.php:295
Stack trace:
#0 C:\xampp\htdocs\truflow\system\Database\MySQLi\Connection.php(295): mysqli->query('SELECT *\nFROM `...', 0)
#1 C:\xampp\htdocs\truflow\system\Database\BaseConnection.php(692): CodeIgniter\Database\MySQLi\Connection->execute('SELECT *\nFROM `...')
#2 C:\xampp\htdocs\truflow\system\Database\BaseConnection.php(606): CodeIgniter\Database\BaseConnection->simpleQuery('SELECT *\nFROM `...')
#3 C:\xampp\htdocs\truflow\system\Database\BaseBuilder.php(1616): CodeIgniter\Database\BaseConnection->query('SELECT *\nFROM `...', Array, false)
#4 C:\xampp\htdocs\truflow\system\Model.php(241): CodeIgniter\Database\BaseBuilder->get()
#5 C:\xampp\htdocs\truflow\system\BaseModel.php(618): CodeIgniter\Model->doFindAll(0, 0)
#6 C:\xampp\htdocs\truflow\app\Controllers\Admin\ChildSubCategoryController.php(138): CodeIgniter\BaseModel->findAll()
#7 C:\xampp\htdocs\truflow\system\CodeIgniter.php(934): App\Controllers\Admin\ChildSubCategoryController->child_sub_categoryEdit('7')
#8 C:\xampp\htdocs\truflow\system\CodeIgniter.php(499): CodeIgniter\CodeIgniter->runController(Object(App\Controllers\Admin\ChildSubCategoryController))
#9 C:\xampp\htdocs\truflow\system\CodeIgniter.php(368): CodeIgniter\CodeIgniter->handleRequest(NULL, Object(Config\Cache), false)
#10 C:\xampp\htdocs\truflow\index.php(68): CodeIgniter\CodeIgniter->run()
#11 {main}
CRITICAL - 2023-07-17 06:18:07 --> Unknown column 'child_id' in 'where clause'
in SYSTEMPATH\Database\MySQLi\Connection.php on line 295.
 1 SYSTEMPATH\Database\MySQLi\Connection.php(295): mysqli->query('SELECT *
FROM `product_variants`
WHERE `child_id` = \'7\'', 0)
 2 SYSTEMPATH\Database\BaseConnection.php(692): CodeIgniter\Database\MySQLi\Connection->execute('SELECT *
FROM `product_variants`
WHERE `child_id` = \'7\'')
 3 SYSTEMPATH\Database\BaseConnection.php(606): CodeIgniter\Database\BaseConnection->simpleQuery('SELECT *
FROM `product_variants`
WHERE `child_id` = \'7\'')
 4 SYSTEMPATH\Database\BaseBuilder.php(1616): CodeIgniter\Database\BaseConnection->query('SELECT *
FROM `product_variants`
WHERE `child_id` = :child_id:', [...], false)
 5 SYSTEMPATH\Model.php(241): CodeIgniter\Database\BaseBuilder->get()
 6 SYSTEMPATH\BaseModel.php(618): CodeIgniter\Model->doFindAll(0, 0)
 7 APPPATH\Controllers\Admin\ChildSubCategoryController.php(138): CodeIgniter\BaseModel->findAll()
 8 SYSTEMPATH\CodeIgniter.php(934): App\Controllers\Admin\ChildSubCategoryController->child_sub_categoryEdit('7')
 9 SYSTEMPATH\CodeIgniter.php(499): CodeIgniter\CodeIgniter->runController(Object(App\Controllers\Admin\ChildSubCategoryController))
10 SYSTEMPATH\CodeIgniter.php(368): CodeIgniter\CodeIgniter->handleRequest(null, Object(Config\Cache), false)
11 FCPATH\index.php(68): CodeIgniter\CodeIgniter->run()
ERROR - 2023-07-17 06:18:11 --> mysqli_sql_exception: Unknown column 'child_id' in 'where clause' in C:\xampp\htdocs\truflow\system\Database\MySQLi\Connection.php:295
Stack trace:
#0 C:\xampp\htdocs\truflow\system\Database\MySQLi\Connection.php(295): mysqli->query('SELECT *\nFROM `...', 0)
#1 C:\xampp\htdocs\truflow\system\Database\BaseConnection.php(692): CodeIgniter\Database\MySQLi\Connection->execute('SELECT *\nFROM `...')
#2 C:\xampp\htdocs\truflow\system\Database\BaseConnection.php(606): CodeIgniter\Database\BaseConnection->simpleQuery('SELECT *\nFROM `...')
#3 C:\xampp\htdocs\truflow\system\Database\BaseBuilder.php(1616): CodeIgniter\Database\BaseConnection->query('SELECT *\nFROM `...', Array, false)
#4 C:\xampp\htdocs\truflow\system\Model.php(241): CodeIgniter\Database\BaseBuilder->get()
#5 C:\xampp\htdocs\truflow\system\BaseModel.php(618): CodeIgniter\Model->doFindAll(0, 0)
#6 C:\xampp\htdocs\truflow\app\Controllers\Admin\ChildSubCategoryController.php(138): CodeIgniter\BaseModel->findAll()
#7 C:\xampp\htdocs\truflow\system\CodeIgniter.php(934): App\Controllers\Admin\ChildSubCategoryController->child_sub_categoryEdit('7')
#8 C:\xampp\htdocs\truflow\system\CodeIgniter.php(499): CodeIgniter\CodeIgniter->runController(Object(App\Controllers\Admin\ChildSubCategoryController))
#9 C:\xampp\htdocs\truflow\system\CodeIgniter.php(368): CodeIgniter\CodeIgniter->handleRequest(NULL, Object(Config\Cache), false)
#10 C:\xampp\htdocs\truflow\index.php(68): CodeIgniter\CodeIgniter->run()
#11 {main}
CRITICAL - 2023-07-17 06:18:11 --> Unknown column 'child_id' in 'where clause'
in SYSTEMPATH\Database\MySQLi\Connection.php on line 295.
 1 SYSTEMPATH\Database\MySQLi\Connection.php(295): mysqli->query('SELECT *
FROM `product_variants`
WHERE `child_id` = \'7\'', 0)
 2 SYSTEMPATH\Database\BaseConnection.php(692): CodeIgniter\Database\MySQLi\Connection->execute('SELECT *
FROM `product_variants`
WHERE `child_id` = \'7\'')
 3 SYSTEMPATH\Database\BaseConnection.php(606): CodeIgniter\Database\BaseConnection->simpleQuery('SELECT *
FROM `product_variants`
WHERE `child_id` = \'7\'')
 4 SYSTEMPATH\Database\BaseBuilder.php(1616): CodeIgniter\Database\BaseConnection->query('SELECT *
FROM `product_variants`
WHERE `child_id` = :child_id:', [...], false)
 5 SYSTEMPATH\Model.php(241): CodeIgniter\Database\BaseBuilder->get()
 6 SYSTEMPATH\BaseModel.php(618): CodeIgniter\Model->doFindAll(0, 0)
 7 APPPATH\Controllers\Admin\ChildSubCategoryController.php(138): CodeIgniter\BaseModel->findAll()
 8 SYSTEMPATH\CodeIgniter.php(934): App\Controllers\Admin\ChildSubCategoryController->child_sub_categoryEdit('7')
 9 SYSTEMPATH\CodeIgniter.php(499): CodeIgniter\CodeIgniter->runController(Object(App\Controllers\Admin\ChildSubCategoryController))
10 SYSTEMPATH\CodeIgniter.php(368): CodeIgniter\CodeIgniter->handleRequest(null, Object(Config\Cache), false)
11 FCPATH\index.php(68): CodeIgniter\CodeIgniter->run()
ERROR - 2023-07-17 06:23:37 --> mysqli_sql_exception: Unknown column 'child_id' in 'where clause' in C:\xampp\htdocs\truflow\system\Database\MySQLi\Connection.php:295
Stack trace:
#0 C:\xampp\htdocs\truflow\system\Database\MySQLi\Connection.php(295): mysqli->query('SELECT *\nFROM `...', 0)
#1 C:\xampp\htdocs\truflow\system\Database\BaseConnection.php(692): CodeIgniter\Database\MySQLi\Connection->execute('SELECT *\nFROM `...')
#2 C:\xampp\htdocs\truflow\system\Database\BaseConnection.php(606): CodeIgniter\Database\BaseConnection->simpleQuery('SELECT *\nFROM `...')
#3 C:\xampp\htdocs\truflow\system\Database\BaseBuilder.php(1616): CodeIgniter\Database\BaseConnection->query('SELECT *\nFROM `...', Array, false)
#4 C:\xampp\htdocs\truflow\system\Model.php(241): CodeIgniter\Database\BaseBuilder->get()
#5 C:\xampp\htdocs\truflow\system\BaseModel.php(618): CodeIgniter\Model->doFindAll(0, 0)
#6 C:\xampp\htdocs\truflow\app\Controllers\Admin\ChildSubCategoryController.php(138): CodeIgniter\BaseModel->findAll()
#7 C:\xampp\htdocs\truflow\system\CodeIgniter.php(934): App\Controllers\Admin\ChildSubCategoryController->child_sub_categoryEdit('7')
#8 C:\xampp\htdocs\truflow\system\CodeIgniter.php(499): CodeIgniter\CodeIgniter->runController(Object(App\Controllers\Admin\ChildSubCategoryController))
#9 C:\xampp\htdocs\truflow\system\CodeIgniter.php(368): CodeIgniter\CodeIgniter->handleRequest(NULL, Object(Config\Cache), false)
#10 C:\xampp\htdocs\truflow\index.php(68): CodeIgniter\CodeIgniter->run()
#11 {main}
CRITICAL - 2023-07-17 06:23:37 --> Unknown column 'child_id' in 'where clause'
in SYSTEMPATH\Database\MySQLi\Connection.php on line 295.
 1 SYSTEMPATH\Database\MySQLi\Connection.php(295): mysqli->query('SELECT *
FROM `product_variants`
WHERE `child_id` = \'7\'', 0)
 2 SYSTEMPATH\Database\BaseConnection.php(692): CodeIgniter\Database\MySQLi\Connection->execute('SELECT *
FROM `product_variants`
WHERE `child_id` = \'7\'')
 3 SYSTEMPATH\Database\BaseConnection.php(606): CodeIgniter\Database\BaseConnection->simpleQuery('SELECT *
FROM `product_variants`
WHERE `child_id` = \'7\'')
 4 SYSTEMPATH\Database\BaseBuilder.php(1616): CodeIgniter\Database\BaseConnection->query('SELECT *
FROM `product_variants`
WHERE `child_id` = :child_id:', [...], false)
 5 SYSTEMPATH\Model.php(241): CodeIgniter\Database\BaseBuilder->get()
 6 SYSTEMPATH\BaseModel.php(618): CodeIgniter\Model->doFindAll(0, 0)
 7 APPPATH\Controllers\Admin\ChildSubCategoryController.php(138): CodeIgniter\BaseModel->findAll()
 8 SYSTEMPATH\CodeIgniter.php(934): App\Controllers\Admin\ChildSubCategoryController->child_sub_categoryEdit('7')
 9 SYSTEMPATH\CodeIgniter.php(499): CodeIgniter\CodeIgniter->runController(Object(App\Controllers\Admin\ChildSubCategoryController))
10 SYSTEMPATH\CodeIgniter.php(368): CodeIgniter\CodeIgniter->handleRequest(null, Object(Config\Cache), false)
11 FCPATH\index.php(68): CodeIgniter\CodeIgniter->run()
ERROR - 2023-07-17 06:33:56 --> mysqli_sql_exception: Unknown column 'child_id' in 'where clause' in C:\xampp\htdocs\truflow\system\Database\MySQLi\Connection.php:295
Stack trace:
#0 C:\xampp\htdocs\truflow\system\Database\MySQLi\Connection.php(295): mysqli->query('SELECT *\nFROM `...', 0)
#1 C:\xampp\htdocs\truflow\system\Database\BaseConnection.php(692): CodeIgniter\Database\MySQLi\Connection->execute('SELECT *\nFROM `...')
#2 C:\xampp\htdocs\truflow\system\Database\BaseConnection.php(606): CodeIgniter\Database\BaseConnection->simpleQuery('SELECT *\nFROM `...')
#3 C:\xampp\htdocs\truflow\system\Database\BaseBuilder.php(1616): CodeIgniter\Database\BaseConnection->query('SELECT *\nFROM `...', Array, false)
#4 C:\xampp\htdocs\truflow\system\Model.php(241): CodeIgniter\Database\BaseBuilder->get()
#5 C:\xampp\htdocs\truflow\system\BaseModel.php(618): CodeIgniter\Model->doFindAll(0, 0)
#6 C:\xampp\htdocs\truflow\app\Controllers\Admin\ChildSubCategoryController.php(139): CodeIgniter\BaseModel->findAll()
#7 C:\xampp\htdocs\truflow\system\CodeIgniter.php(934): App\Controllers\Admin\ChildSubCategoryController->child_sub_categoryEdit('7')
#8 C:\xampp\htdocs\truflow\system\CodeIgniter.php(499): CodeIgniter\CodeIgniter->runController(Object(App\Controllers\Admin\ChildSubCategoryController))
#9 C:\xampp\htdocs\truflow\system\CodeIgniter.php(368): CodeIgniter\CodeIgniter->handleRequest(NULL, Object(Config\Cache), false)
#10 C:\xampp\htdocs\truflow\index.php(68): CodeIgniter\CodeIgniter->run()
#11 {main}
CRITICAL - 2023-07-17 06:33:56 --> Unknown column 'child_id' in 'where clause'
in SYSTEMPATH\Database\MySQLi\Connection.php on line 295.
 1 SYSTEMPATH\Database\MySQLi\Connection.php(295): mysqli->query('SELECT *
FROM `product_variants`
WHERE `child_id` = \'7\'', 0)
 2 SYSTEMPATH\Database\BaseConnection.php(692): CodeIgniter\Database\MySQLi\Connection->execute('SELECT *
FROM `product_variants`
WHERE `child_id` = \'7\'')
 3 SYSTEMPATH\Database\BaseConnection.php(606): CodeIgniter\Database\BaseConnection->simpleQuery('SELECT *
FROM `product_variants`
WHERE `child_id` = \'7\'')
 4 SYSTEMPATH\Database\BaseBuilder.php(1616): CodeIgniter\Database\BaseConnection->query('SELECT *
FROM `product_variants`
WHERE `child_id` = :child_id:', [...], false)
 5 SYSTEMPATH\Model.php(241): CodeIgniter\Database\BaseBuilder->get()
 6 SYSTEMPATH\BaseModel.php(618): CodeIgniter\Model->doFindAll(0, 0)
 7 APPPATH\Controllers\Admin\ChildSubCategoryController.php(139): CodeIgniter\BaseModel->findAll()
 8 SYSTEMPATH\CodeIgniter.php(934): App\Controllers\Admin\ChildSubCategoryController->child_sub_categoryEdit('7')
 9 SYSTEMPATH\CodeIgniter.php(499): CodeIgniter\CodeIgniter->runController(Object(App\Controllers\Admin\ChildSubCategoryController))
10 SYSTEMPATH\CodeIgniter.php(368): CodeIgniter\CodeIgniter->handleRequest(null, Object(Config\Cache), false)
11 FCPATH\index.php(68): CodeIgniter\CodeIgniter->run()
CRITICAL - 2023-07-17 06:54:54 --> Undefined array key "subcategory_id"
in APPPATH\Views\admin\child_sub_category\child_sub_category.php on line 56.
 1 APPPATH\Views\admin\child_sub_category\child_sub_category.php(56): CodeIgniter\Debug\Exceptions->errorHandler(2, 'Undefined array key "subcategory_id"', 'C:\\xampp\\htdocs\\truflow\\app\\Views\\admin\\child_sub_category\\child_sub_category.php', 56)
 2 SYSTEMPATH\View\View.php(213): include('C:\\xampp\\htdocs\\truflow\\app\\Views\\admin\\child_sub_category\\child_sub_category.php')
 3 SYSTEMPATH\View\View.php(216): CodeIgniter\View\View->CodeIgniter\View\{closure}()
 4 SYSTEMPATH\Common.php(1184): CodeIgniter\View\View->render('admin/child_sub_category/child_sub_category', [], true)
 5 APPPATH\Controllers\Admin\ChildSubCategoryController.php(145): view('admin/child_sub_category/child_sub_category', [...])
 6 SYSTEMPATH\CodeIgniter.php(934): App\Controllers\Admin\ChildSubCategoryController->child_sub_categoryEdit('9')
 7 SYSTEMPATH\CodeIgniter.php(499): CodeIgniter\CodeIgniter->runController(Object(App\Controllers\Admin\ChildSubCategoryController))
 8 SYSTEMPATH\CodeIgniter.php(368): CodeIgniter\CodeIgniter->handleRequest(null, Object(Config\Cache), false)
 9 FCPATH\index.php(68): CodeIgniter\CodeIgniter->run()
CRITICAL - 2023-07-17 06:56:07 --> Undefined variable $subcategory_id
in APPPATH\Views\admin\child_sub_category\child_sub_category.php on line 56.
 1 APPPATH\Views\admin\child_sub_category\child_sub_category.php(56): CodeIgniter\Debug\Exceptions->errorHandler(2, 'Undefined variable $subcategory_id', 'C:\\xampp\\htdocs\\truflow\\app\\Views\\admin\\child_sub_category\\child_sub_category.php', 56)
 2 SYSTEMPATH\View\View.php(213): include('C:\\xampp\\htdocs\\truflow\\app\\Views\\admin\\child_sub_category\\child_sub_category.php')
 3 SYSTEMPATH\View\View.php(216): CodeIgniter\View\View->CodeIgniter\View\{closure}()
 4 SYSTEMPATH\Common.php(1184): CodeIgniter\View\View->render('admin/child_sub_category/child_sub_category', [], true)
 5 APPPATH\Controllers\Admin\ChildSubCategoryController.php(147): view('admin/child_sub_category/child_sub_category', [...])
 6 SYSTEMPATH\CodeIgniter.php(934): App\Controllers\Admin\ChildSubCategoryController->child_sub_categoryEdit('9')
 7 SYSTEMPATH\CodeIgniter.php(499): CodeIgniter\CodeIgniter->runController(Object(App\Controllers\Admin\ChildSubCategoryController))
 8 SYSTEMPATH\CodeIgniter.php(368): CodeIgniter\CodeIgniter->handleRequest(null, Object(Config\Cache), false)
 9 FCPATH\index.php(68): CodeIgniter\CodeIgniter->run()
CRITICAL - 2023-07-17 09:37:07 --> Undefined array key "child_id"
in APPPATH\Controllers\Admin\ChildSubCategoryController.php on line 101.
 1 APPPATH\Controllers\Admin\ChildSubCategoryController.php(101): CodeIgniter\Debug\Exceptions->errorHandler(2, 'Undefined array key "child_id"', 'C:\\xampp\\htdocs\\truflow\\app\\Controllers\\Admin\\ChildSubCategoryController.php', 101)
 2 SYSTEMPATH\CodeIgniter.php(934): App\Controllers\Admin\ChildSubCategoryController->child_sub_categorySave()
 3 SYSTEMPATH\CodeIgniter.php(499): CodeIgniter\CodeIgniter->runController(Object(App\Controllers\Admin\ChildSubCategoryController))
 4 SYSTEMPATH\CodeIgniter.php(368): CodeIgniter\CodeIgniter->handleRequest(null, Object(Config\Cache), false)
 5 FCPATH\index.php(68): CodeIgniter\CodeIgniter->run()
CRITICAL - 2023-07-17 09:39:13 --> Undefined variable $childData
in APPPATH\Views\admin\child_sub_category\child_sub_category.php on line 69.
 1 APPPATH\Views\admin\child_sub_category\child_sub_category.php(69): CodeIgniter\Debug\Exceptions->errorHandler(2, 'Undefined variable $childData', 'C:\\xampp\\htdocs\\truflow\\app\\Views\\admin\\child_sub_category\\child_sub_category.php', 69)
 2 SYSTEMPATH\View\View.php(213): include('C:\\xampp\\htdocs\\truflow\\app\\Views\\admin\\child_sub_category\\child_sub_category.php')
 3 SYSTEMPATH\View\View.php(216): CodeIgniter\View\View->CodeIgniter\View\{closure}()
 4 SYSTEMPATH\Common.php(1184): CodeIgniter\View\View->render('admin/child_sub_category/child_sub_category', [], true)
 5 APPPATH\Controllers\Admin\ChildSubCategoryController.php(54): view('admin/child_sub_category/child_sub_category', [...])
 6 SYSTEMPATH\CodeIgniter.php(934): App\Controllers\Admin\ChildSubCategoryController->child_sub_category()
 7 SYSTEMPATH\CodeIgniter.php(499): CodeIgniter\CodeIgniter->runController(Object(App\Controllers\Admin\ChildSubCategoryController))
 8 SYSTEMPATH\CodeIgniter.php(368): CodeIgniter\CodeIgniter->handleRequest(null, Object(Config\Cache), false)
 9 FCPATH\index.php(68): CodeIgniter\CodeIgniter->run()
CRITICAL - 2023-07-17 09:40:45 --> Undefined variable $childData
in APPPATH\Views\admin\child_sub_category\child_sub_category.php on line 69.
 1 APPPATH\Views\admin\child_sub_category\child_sub_category.php(69): CodeIgniter\Debug\Exceptions->errorHandler(2, 'Undefined variable $childData', 'C:\\xampp\\htdocs\\truflow\\app\\Views\\admin\\child_sub_category\\child_sub_category.php', 69)
 2 SYSTEMPATH\View\View.php(213): include('C:\\xampp\\htdocs\\truflow\\app\\Views\\admin\\child_sub_category\\child_sub_category.php')
 3 SYSTEMPATH\View\View.php(216): CodeIgniter\View\View->CodeIgniter\View\{closure}()
 4 SYSTEMPATH\Common.php(1184): CodeIgniter\View\View->render('admin/child_sub_category/child_sub_category', [], true)
 5 APPPATH\Controllers\Admin\ChildSubCategoryController.php(54): view('admin/child_sub_category/child_sub_category', [...])
 6 SYSTEMPATH\CodeIgniter.php(934): App\Controllers\Admin\ChildSubCategoryController->child_sub_category()
 7 SYSTEMPATH\CodeIgniter.php(499): CodeIgniter\CodeIgniter->runController(Object(App\Controllers\Admin\ChildSubCategoryController))
 8 SYSTEMPATH\CodeIgniter.php(368): CodeIgniter\CodeIgniter->handleRequest(null, Object(Config\Cache), false)
 9 FCPATH\index.php(68): CodeIgniter\CodeIgniter->run()
CRITICAL - 2023-07-17 09:40:59 --> Undefined variable $childData
in APPPATH\Views\admin\child_sub_category\child_sub_category.php on line 69.
 1 APPPATH\Views\admin\child_sub_category\child_sub_category.php(69): CodeIgniter\Debug\Exceptions->errorHandler(2, 'Undefined variable $childData', 'C:\\xampp\\htdocs\\truflow\\app\\Views\\admin\\child_sub_category\\child_sub_category.php', 69)
 2 SYSTEMPATH\View\View.php(213): include('C:\\xampp\\htdocs\\truflow\\app\\Views\\admin\\child_sub_category\\child_sub_category.php')
 3 SYSTEMPATH\View\View.php(216): CodeIgniter\View\View->CodeIgniter\View\{closure}()
 4 SYSTEMPATH\Common.php(1184): CodeIgniter\View\View->render('admin/child_sub_category/child_sub_category', [], true)
 5 APPPATH\Controllers\Admin\ChildSubCategoryController.php(54): view('admin/child_sub_category/child_sub_category', [...])
 6 SYSTEMPATH\CodeIgniter.php(934): App\Controllers\Admin\ChildSubCategoryController->child_sub_category()
 7 SYSTEMPATH\CodeIgniter.php(499): CodeIgniter\CodeIgniter->runController(Object(App\Controllers\Admin\ChildSubCategoryController))
 8 SYSTEMPATH\CodeIgniter.php(368): CodeIgniter\CodeIgniter->handleRequest(null, Object(Config\Cache), false)
 9 FCPATH\index.php(68): CodeIgniter\CodeIgniter->run()
CRITICAL - 2023-07-17 09:41:45 --> Undefined variable $childData
in APPPATH\Views\admin\child_sub_category\child_sub_category.php on line 69.
 1 APPPATH\Views\admin\child_sub_category\child_sub_category.php(69): CodeIgniter\Debug\Exceptions->errorHandler(2, 'Undefined variable $childData', 'C:\\xampp\\htdocs\\truflow\\app\\Views\\admin\\child_sub_category\\child_sub_category.php', 69)
 2 SYSTEMPATH\View\View.php(213): include('C:\\xampp\\htdocs\\truflow\\app\\Views\\admin\\child_sub_category\\child_sub_category.php')
 3 SYSTEMPATH\View\View.php(216): CodeIgniter\View\View->CodeIgniter\View\{closure}()
 4 SYSTEMPATH\Common.php(1184): CodeIgniter\View\View->render('admin/child_sub_category/child_sub_category', [], true)
 5 APPPATH\Controllers\Admin\ChildSubCategoryController.php(54): view('admin/child_sub_category/child_sub_category', [...])
 6 SYSTEMPATH\CodeIgniter.php(934): App\Controllers\Admin\ChildSubCategoryController->child_sub_category()
 7 SYSTEMPATH\CodeIgniter.php(499): CodeIgniter\CodeIgniter->runController(Object(App\Controllers\Admin\ChildSubCategoryController))
 8 SYSTEMPATH\CodeIgniter.php(368): CodeIgniter\CodeIgniter->handleRequest(null, Object(Config\Cache), false)
 9 FCPATH\index.php(68): CodeIgniter\CodeIgniter->run()
CRITICAL - 2023-07-17 10:01:51 --> Undefined array key "child_id"
in APPPATH\Controllers\Admin\ChildSubCategoryController.php on line 102.
 1 APPPATH\Controllers\Admin\ChildSubCategoryController.php(102): CodeIgniter\Debug\Exceptions->errorHandler(2, 'Undefined array key "child_id"', 'C:\\xampp\\htdocs\\truflow\\app\\Controllers\\Admin\\ChildSubCategoryController.php', 102)
 2 SYSTEMPATH\CodeIgniter.php(934): App\Controllers\Admin\ChildSubCategoryController->child_sub_categorySave()
 3 SYSTEMPATH\CodeIgniter.php(499): CodeIgniter\CodeIgniter->runController(Object(App\Controllers\Admin\ChildSubCategoryController))
 4 SYSTEMPATH\CodeIgniter.php(368): CodeIgniter\CodeIgniter->handleRequest(null, Object(Config\Cache), false)
 5 FCPATH\index.php(68): CodeIgniter\CodeIgniter->run()
CRITICAL - 2023-07-17 10:03:27 --> Undefined array key "child_id"
in APPPATH\Controllers\Admin\ChildSubCategoryController.php on line 103.
 1 APPPATH\Controllers\Admin\ChildSubCategoryController.php(103): CodeIgniter\Debug\Exceptions->errorHandler(2, 'Undefined array key "child_id"', 'C:\\xampp\\htdocs\\truflow\\app\\Controllers\\Admin\\ChildSubCategoryController.php', 103)
 2 SYSTEMPATH\CodeIgniter.php(934): App\Controllers\Admin\ChildSubCategoryController->child_sub_categorySave()
 3 SYSTEMPATH\CodeIgniter.php(499): CodeIgniter\CodeIgniter->runController(Object(App\Controllers\Admin\ChildSubCategoryController))
 4 SYSTEMPATH\CodeIgniter.php(368): CodeIgniter\CodeIgniter->handleRequest(null, Object(Config\Cache), false)
 5 FCPATH\index.php(68): CodeIgniter\CodeIgniter->run()
CRITICAL - 2023-07-17 10:07:27 --> Undefined array key "change"
in APPPATH\Controllers\Admin\ChildSubCategoryController.php on line 107.
 1 APPPATH\Controllers\Admin\ChildSubCategoryController.php(107): CodeIgniter\Debug\Exceptions->errorHandler(2, 'Undefined array key "change"', 'C:\\xampp\\htdocs\\truflow\\app\\Controllers\\Admin\\ChildSubCategoryController.php', 107)
 2 SYSTEMPATH\CodeIgniter.php(934): App\Controllers\Admin\ChildSubCategoryController->child_sub_categorySave()
 3 SYSTEMPATH\CodeIgniter.php(499): CodeIgniter\CodeIgniter->runController(Object(App\Controllers\Admin\ChildSubCategoryController))
 4 SYSTEMPATH\CodeIgniter.php(368): CodeIgniter\CodeIgniter->handleRequest(null, Object(Config\Cache), false)
 5 FCPATH\index.php(68): CodeIgniter\CodeIgniter->run()
CRITICAL - 2023-07-17 10:08:11 --> Undefined array key "change"
in APPPATH\Controllers\Admin\ChildSubCategoryController.php on line 107.
 1 APPPATH\Controllers\Admin\ChildSubCategoryController.php(107): CodeIgniter\Debug\Exceptions->errorHandler(2, 'Undefined array key "change"', 'C:\\xampp\\htdocs\\truflow\\app\\Controllers\\Admin\\ChildSubCategoryController.php', 107)
 2 SYSTEMPATH\CodeIgniter.php(934): App\Controllers\Admin\ChildSubCategoryController->child_sub_categorySave()
 3 SYSTEMPATH\CodeIgniter.php(499): CodeIgniter\CodeIgniter->runController(Object(App\Controllers\Admin\ChildSubCategoryController))
 4 SYSTEMPATH\CodeIgniter.php(368): CodeIgniter\CodeIgniter->handleRequest(null, Object(Config\Cache), false)
 5 FCPATH\index.php(68): CodeIgniter\CodeIgniter->run()
CRITICAL - 2023-07-17 10:10:00 --> Undefined array key "change"
in APPPATH\Controllers\Admin\ChildSubCategoryController.php on line 108.
 1 APPPATH\Controllers\Admin\ChildSubCategoryController.php(108): CodeIgniter\Debug\Exceptions->errorHandler(2, 'Undefined array key "change"', 'C:\\xampp\\htdocs\\truflow\\app\\Controllers\\Admin\\ChildSubCategoryController.php', 108)
 2 SYSTEMPATH\CodeIgniter.php(934): App\Controllers\Admin\ChildSubCategoryController->child_sub_categorySave()
 3 SYSTEMPATH\CodeIgniter.php(499): CodeIgniter\CodeIgniter->runController(Object(App\Controllers\Admin\ChildSubCategoryController))
 4 SYSTEMPATH\CodeIgniter.php(368): CodeIgniter\CodeIgniter->handleRequest(null, Object(Config\Cache), false)
 5 FCPATH\index.php(68): CodeIgniter\CodeIgniter->run()
ERROR - 2023-07-17 10:33:36 --> mysqli_sql_exception: Column 'category_id' cannot be null in C:\xampp\htdocs\truflow\system\Database\MySQLi\Connection.php:295
Stack trace:
#0 C:\xampp\htdocs\truflow\system\Database\MySQLi\Connection.php(295): mysqli->query('INSERT INTO `ch...', 0)
#1 C:\xampp\htdocs\truflow\system\Database\BaseConnection.php(692): CodeIgniter\Database\MySQLi\Connection->execute('INSERT INTO `ch...')
#2 C:\xampp\htdocs\truflow\system\Database\BaseConnection.php(606): CodeIgniter\Database\BaseConnection->simpleQuery('INSERT INTO `ch...')
#3 C:\xampp\htdocs\truflow\system\Database\BaseBuilder.php(2309): CodeIgniter\Database\BaseConnection->query('INSERT INTO `ch...', Array, false)
#4 C:\xampp\htdocs\truflow\system\Model.php(330): CodeIgniter\Database\BaseBuilder->insert()
#5 C:\xampp\htdocs\truflow\system\BaseModel.php(782): CodeIgniter\Model->doInsert(Array)
#6 C:\xampp\htdocs\truflow\system\Model.php(730): CodeIgniter\BaseModel->insert(Array, true)
#7 C:\xampp\htdocs\truflow\app\Controllers\Admin\ChildSubCategoryController.php(133): CodeIgniter\Model->insert(Array)
#8 C:\xampp\htdocs\truflow\system\CodeIgniter.php(934): App\Controllers\Admin\ChildSubCategoryController->child_sub_category_name_save()
#9 C:\xampp\htdocs\truflow\system\CodeIgniter.php(499): CodeIgniter\CodeIgniter->runController(Object(App\Controllers\Admin\ChildSubCategoryController))
#10 C:\xampp\htdocs\truflow\system\CodeIgniter.php(368): CodeIgniter\CodeIgniter->handleRequest(NULL, Object(Config\Cache), false)
#11 C:\xampp\htdocs\truflow\index.php(68): CodeIgniter\CodeIgniter->run()
#12 {main}
CRITICAL - 2023-07-17 10:33:36 --> Column 'category_id' cannot be null
in SYSTEMPATH\Database\MySQLi\Connection.php on line 295.
 1 SYSTEMPATH\Database\MySQLi\Connection.php(295): mysqli->query('INSERT INTO `child_sub_category` (`sub_chid_id`, `category_id`, `sub_category_id`, `child_sub_category_name`, `created_at`, `updated_at`) VALUES (0, NULL, NULL, NULL, \'2023-07-17 10:33:36\', \'2023-07-17 10:33:36\')', 0)
 2 SYSTEMPATH\Database\BaseConnection.php(692): CodeIgniter\Database\MySQLi\Connection->execute('INSERT INTO `child_sub_category` (`sub_chid_id`, `category_id`, `sub_category_id`, `child_sub_category_name`, `created_at`, `updated_at`) VALUES (0, NULL, NULL, NULL, \'2023-07-17 10:33:36\', \'2023-07-17 10:33:36\')')
 3 SYSTEMPATH\Database\BaseConnection.php(606): CodeIgniter\Database\BaseConnection->simpleQuery('INSERT INTO `child_sub_category` (`sub_chid_id`, `category_id`, `sub_category_id`, `child_sub_category_name`, `created_at`, `updated_at`) VALUES (0, NULL, NULL, NULL, \'2023-07-17 10:33:36\', \'2023-07-17 10:33:36\')')
 4 SYSTEMPATH\Database\BaseBuilder.php(2309): CodeIgniter\Database\BaseConnection->query('INSERT INTO `child_sub_category` (`sub_chid_id`, `category_id`, `sub_category_id`, `child_sub_category_name`, `created_at`, `updated_at`) VALUES (:sub_chid_id:, :category_id:, :sub_category_id:, :child_sub_category_name:, :created_at:, :updated_at:)', [...], false)
 5 SYSTEMPATH\Model.php(330): CodeIgniter\Database\BaseBuilder->insert()
 6 SYSTEMPATH\BaseModel.php(782): CodeIgniter\Model->doInsert([...])
 7 SYSTEMPATH\Model.php(730): CodeIgniter\BaseModel->insert([...], true)
 8 APPPATH\Controllers\Admin\ChildSubCategoryController.php(133): CodeIgniter\Model->insert([...])
 9 SYSTEMPATH\CodeIgniter.php(934): App\Controllers\Admin\ChildSubCategoryController->child_sub_category_name_save()
10 SYSTEMPATH\CodeIgniter.php(499): CodeIgniter\CodeIgniter->runController(Object(App\Controllers\Admin\ChildSubCategoryController))
11 SYSTEMPATH\CodeIgniter.php(368): CodeIgniter\CodeIgniter->handleRequest(null, Object(Config\Cache), false)
12 FCPATH\index.php(68): CodeIgniter\CodeIgniter->run()
CRITICAL - 2023-07-17 11:37:07 --> Undefined array key "sub_category_name"
in APPPATH\Views\front\child_sub_category.php on line 37.
 1 APPPATH\Views\front\child_sub_category.php(37): CodeIgniter\Debug\Exceptions->errorHandler(2, 'Undefined array key "sub_category_name"', 'C:\\xampp\\htdocs\\truflow\\app\\Views\\front\\child_sub_category.php', 37)
 2 SYSTEMPATH\View\View.php(213): include('C:\\xampp\\htdocs\\truflow\\app\\Views\\front\\child_sub_category.php')
 3 SYSTEMPATH\View\View.php(216): CodeIgniter\View\View->CodeIgniter\View\{closure}()
 4 SYSTEMPATH\Common.php(1184): CodeIgniter\View\View->render('front/child_sub_category', [], true)
 5 APPPATH\Controllers\Home.php(244): view('front/child_sub_category', [...])
 6 SYSTEMPATH\CodeIgniter.php(934): App\Controllers\Home->child_sub_category('1')
 7 SYSTEMPATH\CodeIgniter.php(499): CodeIgniter\CodeIgniter->runController(Object(App\Controllers\Home))
 8 SYSTEMPATH\CodeIgniter.php(368): CodeIgniter\CodeIgniter->handleRequest(null, Object(Config\Cache), false)
 9 FCPATH\index.php(68): CodeIgniter\CodeIgniter->run()
CRITICAL - 2023-07-17 11:52:48 --> Undefined array key "sub_category_name"
in APPPATH\Views\front\child_sub_category.php on line 37.
 1 APPPATH\Views\front\child_sub_category.php(37): CodeIgniter\Debug\Exceptions->errorHandler(2, 'Undefined array key "sub_category_name"', 'C:\\xampp\\htdocs\\truflow\\app\\Views\\front\\child_sub_category.php', 37)
 2 SYSTEMPATH\View\View.php(213): include('C:\\xampp\\htdocs\\truflow\\app\\Views\\front\\child_sub_category.php')
 3 SYSTEMPATH\View\View.php(216): CodeIgniter\View\View->CodeIgniter\View\{closure}()
 4 SYSTEMPATH\Common.php(1184): CodeIgniter\View\View->render('front/child_sub_category', [], true)
 5 APPPATH\Controllers\Home.php(244): view('front/child_sub_category', [...])
 6 SYSTEMPATH\CodeIgniter.php(934): App\Controllers\Home->child_sub_category('1')
 7 SYSTEMPATH\CodeIgniter.php(499): CodeIgniter\CodeIgniter->runController(Object(App\Controllers\Home))
 8 SYSTEMPATH\CodeIgniter.php(368): CodeIgniter\CodeIgniter->handleRequest(null, Object(Config\Cache), false)
 9 FCPATH\index.php(68): CodeIgniter\CodeIgniter->run()
CRITICAL - 2023-07-17 11:53:21 --> Undefined array key "sub_category_description"
in APPPATH\Views\front\child_sub_category.php on line 87.
 1 APPPATH\Views\front\child_sub_category.php(87): CodeIgniter\Debug\Exceptions->errorHandler(2, 'Undefined array key "sub_category_description"', 'C:\\xampp\\htdocs\\truflow\\app\\Views\\front\\child_sub_category.php', 87)
 2 SYSTEMPATH\View\View.php(213): include('C:\\xampp\\htdocs\\truflow\\app\\Views\\front\\child_sub_category.php')
 3 SYSTEMPATH\View\View.php(216): CodeIgniter\View\View->CodeIgniter\View\{closure}()
 4 SYSTEMPATH\Common.php(1184): CodeIgniter\View\View->render('front/child_sub_category', [], true)
 5 APPPATH\Controllers\Home.php(244): view('front/child_sub_category', [...])
 6 SYSTEMPATH\CodeIgniter.php(934): App\Controllers\Home->child_sub_category('1')
 7 SYSTEMPATH\CodeIgniter.php(499): CodeIgniter\CodeIgniter->runController(Object(App\Controllers\Home))
 8 SYSTEMPATH\CodeIgniter.php(368): CodeIgniter\CodeIgniter->handleRequest(null, Object(Config\Cache), false)
 9 FCPATH\index.php(68): CodeIgniter\CodeIgniter->run()
CRITICAL - 2023-07-17 12:09:03 --> Call to undefined method App\Models\ChildSubCategoryModel::whereNotEquals
in SYSTEMPATH\Model.php on line 842.
 1 APPPATH\Controllers\Home.php(252): CodeIgniter\Model->__call('whereNotEquals', [...])
 2 SYSTEMPATH\CodeIgniter.php(934): App\Controllers\Home->child_sub_sub_category('1')
 3 SYSTEMPATH\CodeIgniter.php(499): CodeIgniter\CodeIgniter->runController(Object(App\Controllers\Home))
 4 SYSTEMPATH\CodeIgniter.php(368): CodeIgniter\CodeIgniter->handleRequest(null, Object(Config\Cache), false)
 5 FCPATH\index.php(68): CodeIgniter\CodeIgniter->run()
CRITICAL - 2023-07-17 12:09:12 --> Call to undefined method App\Models\ChildSubCategoryModel::whereNotEquals
in SYSTEMPATH\Model.php on line 842.
 1 APPPATH\Controllers\Home.php(252): CodeIgniter\Model->__call('whereNotEquals', [...])
 2 SYSTEMPATH\CodeIgniter.php(934): App\Controllers\Home->child_sub_sub_category('1')
 3 SYSTEMPATH\CodeIgniter.php(499): CodeIgniter\CodeIgniter->runController(Object(App\Controllers\Home))
 4 SYSTEMPATH\CodeIgniter.php(368): CodeIgniter\CodeIgniter->handleRequest(null, Object(Config\Cache), false)
 5 FCPATH\index.php(68): CodeIgniter\CodeIgniter->run()
CRITICAL - 2023-07-17 12:09:49 --> Call to undefined method App\Models\ChildSubCategoryModel::whereNotEquals
in SYSTEMPATH\Model.php on line 842.
 1 APPPATH\Controllers\Home.php(252): CodeIgniter\Model->__call('whereNotEquals', [...])
 2 SYSTEMPATH\CodeIgniter.php(934): App\Controllers\Home->child_sub_sub_category('1')
 3 SYSTEMPATH\CodeIgniter.php(499): CodeIgniter\CodeIgniter->runController(Object(App\Controllers\Home))
 4 SYSTEMPATH\CodeIgniter.php(368): CodeIgniter\CodeIgniter->handleRequest(null, Object(Config\Cache), false)
 5 FCPATH\index.php(68): CodeIgniter\CodeIgniter->run()
CRITICAL - 2023-07-17 12:10:59 --> foreach() argument must be of type array|object, null given
in APPPATH\Views\front\child_sub_category.php on line 28.
 1 APPPATH\Views\front\child_sub_category.php(28): CodeIgniter\Debug\Exceptions->errorHandler(2, 'foreach() argument must be of type array|object, null given', 'C:\\xampp\\htdocs\\truflow\\app\\Views\\front\\child_sub_category.php', 28)
 2 SYSTEMPATH\View\View.php(213): include('C:\\xampp\\htdocs\\truflow\\app\\Views\\front\\child_sub_category.php')
 3 SYSTEMPATH\View\View.php(216): CodeIgniter\View\View->CodeIgniter\View\{closure}()
 4 SYSTEMPATH\Common.php(1184): CodeIgniter\View\View->render('front/child_sub_category', [], true)
 5 APPPATH\Controllers\Home.php(244): view('front/child_sub_category', [...])
 6 SYSTEMPATH\CodeIgniter.php(934): App\Controllers\Home->child_sub_category('2')
 7 SYSTEMPATH\CodeIgniter.php(499): CodeIgniter\CodeIgniter->runController(Object(App\Controllers\Home))
 8 SYSTEMPATH\CodeIgniter.php(368): CodeIgniter\CodeIgniter->handleRequest(null, Object(Config\Cache), false)
 9 FCPATH\index.php(68): CodeIgniter\CodeIgniter->run()
CRITICAL - 2023-07-17 12:11:09 --> foreach() argument must be of type array|object, null given
in APPPATH\Views\front\child_sub_category.php on line 28.
 1 APPPATH\Views\front\child_sub_category.php(28): CodeIgniter\Debug\Exceptions->errorHandler(2, 'foreach() argument must be of type array|object, null given', 'C:\\xampp\\htdocs\\truflow\\app\\Views\\front\\child_sub_category.php', 28)
 2 SYSTEMPATH\View\View.php(213): include('C:\\xampp\\htdocs\\truflow\\app\\Views\\front\\child_sub_category.php')
 3 SYSTEMPATH\View\View.php(216): CodeIgniter\View\View->CodeIgniter\View\{closure}()
 4 SYSTEMPATH\Common.php(1184): CodeIgniter\View\View->render('front/child_sub_category', [], true)
 5 APPPATH\Controllers\Home.php(244): view('front/child_sub_category', [...])
 6 SYSTEMPATH\CodeIgniter.php(934): App\Controllers\Home->child_sub_category('2')
 7 SYSTEMPATH\CodeIgniter.php(499): CodeIgniter\CodeIgniter->runController(Object(App\Controllers\Home))
 8 SYSTEMPATH\CodeIgniter.php(368): CodeIgniter\CodeIgniter->handleRequest(null, Object(Config\Cache), false)
 9 FCPATH\index.php(68): CodeIgniter\CodeIgniter->run()
CRITICAL - 2023-07-17 12:22:26 --> foreach() argument must be of type array|object, null given
in APPPATH\Views\front\child_sub_sub_category.php on line 28.
 1 APPPATH\Views\front\child_sub_sub_category.php(28): CodeIgniter\Debug\Exceptions->errorHandler(2, 'foreach() argument must be of type array|object, null given', 'C:\\xampp\\htdocs\\truflow\\app\\Views\\front\\child_sub_sub_category.php', 28)
 2 SYSTEMPATH\View\View.php(213): include('C:\\xampp\\htdocs\\truflow\\app\\Views\\front\\child_sub_sub_category.php')
 3 SYSTEMPATH\View\View.php(216): CodeIgniter\View\View->CodeIgniter\View\{closure}()
 4 SYSTEMPATH\Common.php(1184): CodeIgniter\View\View->render('front/child_sub_sub_category', [], true)
 5 APPPATH\Controllers\Home.php(289): view('front/child_sub_sub_category', [...])
 6 SYSTEMPATH\CodeIgniter.php(934): App\Controllers\Home->child_sub_sub_category('1')
 7 SYSTEMPATH\CodeIgniter.php(499): CodeIgniter\CodeIgniter->runController(Object(App\Controllers\Home))
 8 SYSTEMPATH\CodeIgniter.php(368): CodeIgniter\CodeIgniter->handleRequest(null, Object(Config\Cache), false)
 9 FCPATH\index.php(68): CodeIgniter\CodeIgniter->run()
CRITICAL - 2023-07-17 12:23:11 --> foreach() argument must be of type array|object, null given
in APPPATH\Views\front\child_sub_sub_category.php on line 28.
 1 APPPATH\Views\front\child_sub_sub_category.php(28): CodeIgniter\Debug\Exceptions->errorHandler(2, 'foreach() argument must be of type array|object, null given', 'C:\\xampp\\htdocs\\truflow\\app\\Views\\front\\child_sub_sub_category.php', 28)
 2 SYSTEMPATH\View\View.php(213): include('C:\\xampp\\htdocs\\truflow\\app\\Views\\front\\child_sub_sub_category.php')
 3 SYSTEMPATH\View\View.php(216): CodeIgniter\View\View->CodeIgniter\View\{closure}()
 4 SYSTEMPATH\Common.php(1184): CodeIgniter\View\View->render('front/child_sub_sub_category', [], true)
 5 APPPATH\Controllers\Home.php(289): view('front/child_sub_sub_category', [...])
 6 SYSTEMPATH\CodeIgniter.php(934): App\Controllers\Home->child_sub_sub_category('1')
 7 SYSTEMPATH\CodeIgniter.php(499): CodeIgniter\CodeIgniter->runController(Object(App\Controllers\Home))
 8 SYSTEMPATH\CodeIgniter.php(368): CodeIgniter\CodeIgniter->handleRequest(null, Object(Config\Cache), false)
 9 FCPATH\index.php(68): CodeIgniter\CodeIgniter->run()
CRITICAL - 2023-07-17 12:23:50 --> foreach() argument must be of type array|object, null given
in APPPATH\Views\front\child_sub_sub_category.php on line 28.
 1 APPPATH\Views\front\child_sub_sub_category.php(28): CodeIgniter\Debug\Exceptions->errorHandler(2, 'foreach() argument must be of type array|object, null given', 'C:\\xampp\\htdocs\\truflow\\app\\Views\\front\\child_sub_sub_category.php', 28)
 2 SYSTEMPATH\View\View.php(213): include('C:\\xampp\\htdocs\\truflow\\app\\Views\\front\\child_sub_sub_category.php')
 3 SYSTEMPATH\View\View.php(216): CodeIgniter\View\View->CodeIgniter\View\{closure}()
 4 SYSTEMPATH\Common.php(1184): CodeIgniter\View\View->render('front/child_sub_sub_category', [], true)
 5 APPPATH\Controllers\Home.php(289): view('front/child_sub_sub_category', [...])
 6 SYSTEMPATH\CodeIgniter.php(934): App\Controllers\Home->child_sub_sub_category('2')
 7 SYSTEMPATH\CodeIgniter.php(499): CodeIgniter\CodeIgniter->runController(Object(App\Controllers\Home))
 8 SYSTEMPATH\CodeIgniter.php(368): CodeIgniter\CodeIgniter->handleRequest(null, Object(Config\Cache), false)
 9 FCPATH\index.php(68): CodeIgniter\CodeIgniter->run()
CRITICAL - 2023-07-17 12:23:51 --> foreach() argument must be of type array|object, null given
in APPPATH\Views\front\child_sub_sub_category.php on line 28.
 1 APPPATH\Views\front\child_sub_sub_category.php(28): CodeIgniter\Debug\Exceptions->errorHandler(2, 'foreach() argument must be of type array|object, null given', 'C:\\xampp\\htdocs\\truflow\\app\\Views\\front\\child_sub_sub_category.php', 28)
 2 SYSTEMPATH\View\View.php(213): include('C:\\xampp\\htdocs\\truflow\\app\\Views\\front\\child_sub_sub_category.php')
 3 SYSTEMPATH\View\View.php(216): CodeIgniter\View\View->CodeIgniter\View\{closure}()
 4 SYSTEMPATH\Common.php(1184): CodeIgniter\View\View->render('front/child_sub_sub_category', [], true)
 5 APPPATH\Controllers\Home.php(289): view('front/child_sub_sub_category', [...])
 6 SYSTEMPATH\CodeIgniter.php(934): App\Controllers\Home->child_sub_sub_category('1')
 7 SYSTEMPATH\CodeIgniter.php(499): CodeIgniter\CodeIgniter->runController(Object(App\Controllers\Home))
 8 SYSTEMPATH\CodeIgniter.php(368): CodeIgniter\CodeIgniter->handleRequest(null, Object(Config\Cache), false)
 9 FCPATH\index.php(68): CodeIgniter\CodeIgniter->run()
CRITICAL - 2023-07-17 12:24:14 --> foreach() argument must be of type array|object, null given
in APPPATH\Views\front\child_sub_sub_category.php on line 28.
 1 APPPATH\Views\front\child_sub_sub_category.php(28): CodeIgniter\Debug\Exceptions->errorHandler(2, 'foreach() argument must be of type array|object, null given', 'C:\\xampp\\htdocs\\truflow\\app\\Views\\front\\child_sub_sub_category.php', 28)
 2 SYSTEMPATH\View\View.php(213): include('C:\\xampp\\htdocs\\truflow\\app\\Views\\front\\child_sub_sub_category.php')
 3 SYSTEMPATH\View\View.php(216): CodeIgniter\View\View->CodeIgniter\View\{closure}()
 4 SYSTEMPATH\Common.php(1184): CodeIgniter\View\View->render('front/child_sub_sub_category', [], true)
 5 APPPATH\Controllers\Home.php(289): view('front/child_sub_sub_category', [...])
 6 SYSTEMPATH\CodeIgniter.php(934): App\Controllers\Home->child_sub_sub_category('1')
 7 SYSTEMPATH\CodeIgniter.php(499): CodeIgniter\CodeIgniter->runController(Object(App\Controllers\Home))
 8 SYSTEMPATH\CodeIgniter.php(368): CodeIgniter\CodeIgniter->handleRequest(null, Object(Config\Cache), false)
 9 FCPATH\index.php(68): CodeIgniter\CodeIgniter->run()
CRITICAL - 2023-07-17 12:24:29 --> foreach() argument must be of type array|object, null given
in APPPATH\Views\front\child_sub_sub_category.php on line 28.
 1 APPPATH\Views\front\child_sub_sub_category.php(28): CodeIgniter\Debug\Exceptions->errorHandler(2, 'foreach() argument must be of type array|object, null given', 'C:\\xampp\\htdocs\\truflow\\app\\Views\\front\\child_sub_sub_category.php', 28)
 2 SYSTEMPATH\View\View.php(213): include('C:\\xampp\\htdocs\\truflow\\app\\Views\\front\\child_sub_sub_category.php')
 3 SYSTEMPATH\View\View.php(216): CodeIgniter\View\View->CodeIgniter\View\{closure}()
 4 SYSTEMPATH\Common.php(1184): CodeIgniter\View\View->render('front/child_sub_sub_category', [], true)
 5 APPPATH\Controllers\Home.php(289): view('front/child_sub_sub_category', [...])
 6 SYSTEMPATH\CodeIgniter.php(934): App\Controllers\Home->child_sub_sub_category('2')
 7 SYSTEMPATH\CodeIgniter.php(499): CodeIgniter\CodeIgniter->runController(Object(App\Controllers\Home))
 8 SYSTEMPATH\CodeIgniter.php(368): CodeIgniter\CodeIgniter->handleRequest(null, Object(Config\Cache), false)
 9 FCPATH\index.php(68): CodeIgniter\CodeIgniter->run()
CRITICAL - 2023-07-17 13:17:27 --> Undefined array key "chid_id"
in APPPATH\Views\front\child_sub_category.php on line 84.
 1 APPPATH\Views\front\child_sub_category.php(84): CodeIgniter\Debug\Exceptions->errorHandler(2, 'Undefined array key "chid_id"', 'C:\\xampp\\htdocs\\truflow\\app\\Views\\front\\child_sub_category.php', 84)
 2 SYSTEMPATH\View\View.php(213): include('C:\\xampp\\htdocs\\truflow\\app\\Views\\front\\child_sub_category.php')
 3 SYSTEMPATH\View\View.php(216): CodeIgniter\View\View->CodeIgniter\View\{closure}()
 4 SYSTEMPATH\Common.php(1184): CodeIgniter\View\View->render('front/child_sub_category', [], true)
 5 APPPATH\Controllers\Home.php(258): view('front/child_sub_category', [...])
 6 SYSTEMPATH\CodeIgniter.php(934): App\Controllers\Home->child_sub_category('31')
 7 SYSTEMPATH\CodeIgniter.php(499): CodeIgniter\CodeIgniter->runController(Object(App\Controllers\Home))
 8 SYSTEMPATH\CodeIgniter.php(368): CodeIgniter\CodeIgniter->handleRequest(null, Object(Config\Cache), false)
 9 FCPATH\index.php(68): CodeIgniter\CodeIgniter->run()
CRITICAL - 2023-07-17 13:23:25 --> foreach() argument must be of type array|object, null given
in APPPATH\Views\front\child_sub_category.php on line 28.
 1 APPPATH\Views\front\child_sub_category.php(28): CodeIgniter\Debug\Exceptions->errorHandler(2, 'foreach() argument must be of type array|object, null given', 'C:\\xampp\\htdocs\\truflow\\app\\Views\\front\\child_sub_category.php', 28)
 2 SYSTEMPATH\View\View.php(213): include('C:\\xampp\\htdocs\\truflow\\app\\Views\\front\\child_sub_category.php')
 3 SYSTEMPATH\View\View.php(216): CodeIgniter\View\View->CodeIgniter\View\{closure}()
 4 SYSTEMPATH\Common.php(1184): CodeIgniter\View\View->render('front/child_sub_category', [], true)
 5 APPPATH\Controllers\Home.php(258): view('front/child_sub_category', [...])
 6 SYSTEMPATH\CodeIgniter.php(934): App\Controllers\Home->child_sub_category('1')
 7 SYSTEMPATH\CodeIgniter.php(499): CodeIgniter\CodeIgniter->runController(Object(App\Controllers\Home))
 8 SYSTEMPATH\CodeIgniter.php(368): CodeIgniter\CodeIgniter->handleRequest(null, Object(Config\Cache), false)
 9 FCPATH\index.php(68): CodeIgniter\CodeIgniter->run()
CRITICAL - 2023-07-17 13:30:29 --> Undefined array key "child_id"
in APPPATH\Controllers\Home.php on line 269.
 1 APPPATH\Controllers\Home.php(269): CodeIgniter\Debug\Exceptions->errorHandler(2, 'Undefined array key "child_id"', 'C:\\xampp\\htdocs\\truflow\\app\\Controllers\\Home.php', 269)
 2 SYSTEMPATH\CodeIgniter.php(934): App\Controllers\Home->child_sub_sub_category('31')
 3 SYSTEMPATH\CodeIgniter.php(499): CodeIgniter\CodeIgniter->runController(Object(App\Controllers\Home))
 4 SYSTEMPATH\CodeIgniter.php(368): CodeIgniter\CodeIgniter->handleRequest(null, Object(Config\Cache), false)
 5 FCPATH\index.php(68): CodeIgniter\CodeIgniter->run()
CRITICAL - 2023-07-17 13:30:54 --> Undefined array key "sub_category_id"
in APPPATH\Controllers\Home.php on line 269.
 1 APPPATH\Controllers\Home.php(269): CodeIgniter\Debug\Exceptions->errorHandler(2, 'Undefined array key "sub_category_id"', 'C:\\xampp\\htdocs\\truflow\\app\\Controllers\\Home.php', 269)
 2 SYSTEMPATH\CodeIgniter.php(934): App\Controllers\Home->child_sub_sub_category('31')
 3 SYSTEMPATH\CodeIgniter.php(499): CodeIgniter\CodeIgniter->runController(Object(App\Controllers\Home))
 4 SYSTEMPATH\CodeIgniter.php(368): CodeIgniter\CodeIgniter->handleRequest(null, Object(Config\Cache), false)
 5 FCPATH\index.php(68): CodeIgniter\CodeIgniter->run()
CRITICAL - 2023-07-17 13:31:25 --> foreach() argument must be of type array|object, null given
in APPPATH\Views\front\child_sub_sub_category.php on line 28.
 1 APPPATH\Views\front\child_sub_sub_category.php(28): CodeIgniter\Debug\Exceptions->errorHandler(2, 'foreach() argument must be of type array|object, null given', 'C:\\xampp\\htdocs\\truflow\\app\\Views\\front\\child_sub_sub_category.php', 28)
 2 SYSTEMPATH\View\View.php(213): include('C:\\xampp\\htdocs\\truflow\\app\\Views\\front\\child_sub_sub_category.php')
 3 SYSTEMPATH\View\View.php(216): CodeIgniter\View\View->CodeIgniter\View\{closure}()
 4 SYSTEMPATH\Common.php(1184): CodeIgniter\View\View->render('front/child_sub_sub_category', [], true)
 5 APPPATH\Controllers\Home.php(312): view('front/child_sub_sub_category', [...])
 6 SYSTEMPATH\CodeIgniter.php(934): App\Controllers\Home->child_sub_sub_category('35')
 7 SYSTEMPATH\CodeIgniter.php(499): CodeIgniter\CodeIgniter->runController(Object(App\Controllers\Home))
 8 SYSTEMPATH\CodeIgniter.php(368): CodeIgniter\CodeIgniter->handleRequest(null, Object(Config\Cache), false)
 9 FCPATH\index.php(68): CodeIgniter\CodeIgniter->run()
CRITICAL - 2023-07-17 13:33:05 --> Undefined array key "sub_chid_id"
in APPPATH\Controllers\Home.php on line 269.
 1 APPPATH\Controllers\Home.php(269): CodeIgniter\Debug\Exceptions->errorHandler(2, 'Undefined array key "sub_chid_id"', 'C:\\xampp\\htdocs\\truflow\\app\\Controllers\\Home.php', 269)
 2 SYSTEMPATH\CodeIgniter.php(934): App\Controllers\Home->child_sub_sub_category('32')
 3 SYSTEMPATH\CodeIgniter.php(499): CodeIgniter\CodeIgniter->runController(Object(App\Controllers\Home))
 4 SYSTEMPATH\CodeIgniter.php(368): CodeIgniter\CodeIgniter->handleRequest(null, Object(Config\Cache), false)
 5 FCPATH\index.php(68): CodeIgniter\CodeIgniter->run()
CRITICAL - 2023-07-17 13:34:18 --> Undefined array key 0
in APPPATH\Controllers\Home.php on line 271.
 1 APPPATH\Controllers\Home.php(271): CodeIgniter\Debug\Exceptions->errorHandler(2, 'Undefined array key 0', 'C:\\xampp\\htdocs\\truflow\\app\\Controllers\\Home.php', 271)
 2 SYSTEMPATH\CodeIgniter.php(934): App\Controllers\Home->child_sub_sub_category('35')
 3 SYSTEMPATH\CodeIgniter.php(499): CodeIgniter\CodeIgniter->runController(Object(App\Controllers\Home))
 4 SYSTEMPATH\CodeIgniter.php(368): CodeIgniter\CodeIgniter->handleRequest(null, Object(Config\Cache), false)
 5 FCPATH\index.php(68): CodeIgniter\CodeIgniter->run()
CRITICAL - 2023-07-17 13:34:53 --> Undefined array key 0
in APPPATH\Controllers\Home.php on line 271.
 1 APPPATH\Controllers\Home.php(271): CodeIgniter\Debug\Exceptions->errorHandler(2, 'Undefined array key 0', 'C:\\xampp\\htdocs\\truflow\\app\\Controllers\\Home.php', 271)
 2 SYSTEMPATH\CodeIgniter.php(934): App\Controllers\Home->child_sub_sub_category('35')
 3 SYSTEMPATH\CodeIgniter.php(499): CodeIgniter\CodeIgniter->runController(Object(App\Controllers\Home))
 4 SYSTEMPATH\CodeIgniter.php(368): CodeIgniter\CodeIgniter->handleRequest(null, Object(Config\Cache), false)
 5 FCPATH\index.php(68): CodeIgniter\CodeIgniter->run()
CRITICAL - 2023-07-17 13:34:59 --> Undefined array key 0
in APPPATH\Controllers\Home.php on line 271.
 1 APPPATH\Controllers\Home.php(271): CodeIgniter\Debug\Exceptions->errorHandler(2, 'Undefined array key 0', 'C:\\xampp\\htdocs\\truflow\\app\\Controllers\\Home.php', 271)
 2 SYSTEMPATH\CodeIgniter.php(934): App\Controllers\Home->child_sub_sub_category('35')
 3 SYSTEMPATH\CodeIgniter.php(499): CodeIgniter\CodeIgniter->runController(Object(App\Controllers\Home))
 4 SYSTEMPATH\CodeIgniter.php(368): CodeIgniter\CodeIgniter->handleRequest(null, Object(Config\Cache), false)
 5 FCPATH\index.php(68): CodeIgniter\CodeIgniter->run()
CRITICAL - 2023-07-17 13:35:39 --> foreach() argument must be of type array|object, null given
in APPPATH\Views\front\child_sub_sub_category.php on line 28.
 1 APPPATH\Views\front\child_sub_sub_category.php(28): CodeIgniter\Debug\Exceptions->errorHandler(2, 'foreach() argument must be of type array|object, null given', 'C:\\xampp\\htdocs\\truflow\\app\\Views\\front\\child_sub_sub_category.php', 28)
 2 SYSTEMPATH\View\View.php(213): include('C:\\xampp\\htdocs\\truflow\\app\\Views\\front\\child_sub_sub_category.php')
 3 SYSTEMPATH\View\View.php(216): CodeIgniter\View\View->CodeIgniter\View\{closure}()
 4 SYSTEMPATH\Common.php(1184): CodeIgniter\View\View->render('front/child_sub_sub_category', [], true)
 5 APPPATH\Controllers\Home.php(313): view('front/child_sub_sub_category', [...])
 6 SYSTEMPATH\CodeIgniter.php(934): App\Controllers\Home->child_sub_sub_category('35')
 7 SYSTEMPATH\CodeIgniter.php(499): CodeIgniter\CodeIgniter->runController(Object(App\Controllers\Home))
 8 SYSTEMPATH\CodeIgniter.php(368): CodeIgniter\CodeIgniter->handleRequest(null, Object(Config\Cache), false)
 9 FCPATH\index.php(68): CodeIgniter\CodeIgniter->run()
CRITICAL - 2023-07-17 13:39:11 --> foreach() argument must be of type array|object, null given
in APPPATH\Views\front\child_sub_category.php on line 28.
 1 APPPATH\Views\front\child_sub_category.php(28): CodeIgniter\Debug\Exceptions->errorHandler(2, 'foreach() argument must be of type array|object, null given', 'C:\\xampp\\htdocs\\truflow\\app\\Views\\front\\child_sub_category.php', 28)
 2 SYSTEMPATH\View\View.php(213): include('C:\\xampp\\htdocs\\truflow\\app\\Views\\front\\child_sub_category.php')
 3 SYSTEMPATH\View\View.php(216): CodeIgniter\View\View->CodeIgniter\View\{closure}()
 4 SYSTEMPATH\Common.php(1184): CodeIgniter\View\View->render('front/child_sub_category', [], true)
 5 APPPATH\Controllers\Home.php(259): view('front/child_sub_category', [...])
 6 SYSTEMPATH\CodeIgniter.php(934): App\Controllers\Home->child_sub_category('4')
 7 SYSTEMPATH\CodeIgniter.php(499): CodeIgniter\CodeIgniter->runController(Object(App\Controllers\Home))
 8 SYSTEMPATH\CodeIgniter.php(368): CodeIgniter\CodeIgniter->handleRequest(null, Object(Config\Cache), false)
 9 FCPATH\index.php(68): CodeIgniter\CodeIgniter->run()
CRITICAL - 2023-07-17 13:39:19 --> foreach() argument must be of type array|object, null given
in APPPATH\Views\front\child_sub_category.php on line 28.
 1 APPPATH\Views\front\child_sub_category.php(28): CodeIgniter\Debug\Exceptions->errorHandler(2, 'foreach() argument must be of type array|object, null given', 'C:\\xampp\\htdocs\\truflow\\app\\Views\\front\\child_sub_category.php', 28)
 2 SYSTEMPATH\View\View.php(213): include('C:\\xampp\\htdocs\\truflow\\app\\Views\\front\\child_sub_category.php')
 3 SYSTEMPATH\View\View.php(216): CodeIgniter\View\View->CodeIgniter\View\{closure}()
 4 SYSTEMPATH\Common.php(1184): CodeIgniter\View\View->render('front/child_sub_category', [], true)
 5 APPPATH\Controllers\Home.php(259): view('front/child_sub_category', [...])
 6 SYSTEMPATH\CodeIgniter.php(934): App\Controllers\Home->child_sub_category('4')
 7 SYSTEMPATH\CodeIgniter.php(499): CodeIgniter\CodeIgniter->runController(Object(App\Controllers\Home))
 8 SYSTEMPATH\CodeIgniter.php(368): CodeIgniter\CodeIgniter->handleRequest(null, Object(Config\Cache), false)
 9 FCPATH\index.php(68): CodeIgniter\CodeIgniter->run()
CRITICAL - 2023-07-17 13:40:58 --> foreach() argument must be of type array|object, null given
in APPPATH\Views\front\child_sub_category.php on line 28.
 1 APPPATH\Views\front\child_sub_category.php(28): CodeIgniter\Debug\Exceptions->errorHandler(2, 'foreach() argument must be of type array|object, null given', 'C:\\xampp\\htdocs\\truflow\\app\\Views\\front\\child_sub_category.php', 28)
 2 SYSTEMPATH\View\View.php(213): include('C:\\xampp\\htdocs\\truflow\\app\\Views\\front\\child_sub_category.php')
 3 SYSTEMPATH\View\View.php(216): CodeIgniter\View\View->CodeIgniter\View\{closure}()
 4 SYSTEMPATH\Common.php(1184): CodeIgniter\View\View->render('front/child_sub_category', [], true)
 5 APPPATH\Controllers\Home.php(259): view('front/child_sub_category', [...])
 6 SYSTEMPATH\CodeIgniter.php(934): App\Controllers\Home->child_sub_category('4')
 7 SYSTEMPATH\CodeIgniter.php(499): CodeIgniter\CodeIgniter->runController(Object(App\Controllers\Home))
 8 SYSTEMPATH\CodeIgniter.php(368): CodeIgniter\CodeIgniter->handleRequest(null, Object(Config\Cache), false)
 9 FCPATH\index.php(68): CodeIgniter\CodeIgniter->run()
CRITICAL - 2023-07-17 13:41:15 --> foreach() argument must be of type array|object, null given
in APPPATH\Views\front\child_sub_category.php on line 28.
 1 APPPATH\Views\front\child_sub_category.php(28): CodeIgniter\Debug\Exceptions->errorHandler(2, 'foreach() argument must be of type array|object, null given', 'C:\\xampp\\htdocs\\truflow\\app\\Views\\front\\child_sub_category.php', 28)
 2 SYSTEMPATH\View\View.php(213): include('C:\\xampp\\htdocs\\truflow\\app\\Views\\front\\child_sub_category.php')
 3 SYSTEMPATH\View\View.php(216): CodeIgniter\View\View->CodeIgniter\View\{closure}()
 4 SYSTEMPATH\Common.php(1184): CodeIgniter\View\View->render('front/child_sub_category', [], true)
 5 APPPATH\Controllers\Home.php(259): view('front/child_sub_category', [...])
 6 SYSTEMPATH\CodeIgniter.php(934): App\Controllers\Home->child_sub_category('4')
 7 SYSTEMPATH\CodeIgniter.php(499): CodeIgniter\CodeIgniter->runController(Object(App\Controllers\Home))
 8 SYSTEMPATH\CodeIgniter.php(368): CodeIgniter\CodeIgniter->handleRequest(null, Object(Config\Cache), false)
 9 FCPATH\index.php(68): CodeIgniter\CodeIgniter->run()
CRITICAL - 2023-07-17 14:08:05 --> foreach() argument must be of type array|object, null given
in APPPATH\Views\front\child_sub_category.php on line 28.
 1 APPPATH\Views\front\child_sub_category.php(28): CodeIgniter\Debug\Exceptions->errorHandler(2, 'foreach() argument must be of type array|object, null given', 'C:\\xampp\\htdocs\\truflow\\app\\Views\\front\\child_sub_category.php', 28)
 2 SYSTEMPATH\View\View.php(213): include('C:\\xampp\\htdocs\\truflow\\app\\Views\\front\\child_sub_category.php')
 3 SYSTEMPATH\View\View.php(216): CodeIgniter\View\View->CodeIgniter\View\{closure}()
 4 SYSTEMPATH\Common.php(1184): CodeIgniter\View\View->render('front/child_sub_category', [], true)
 5 APPPATH\Controllers\Home.php(259): view('front/child_sub_category', [...])
 6 SYSTEMPATH\CodeIgniter.php(934): App\Controllers\Home->child_sub_category('3')
 7 SYSTEMPATH\CodeIgniter.php(499): CodeIgniter\CodeIgniter->runController(Object(App\Controllers\Home))
 8 SYSTEMPATH\CodeIgniter.php(368): CodeIgniter\CodeIgniter->handleRequest(null, Object(Config\Cache), false)
 9 FCPATH\index.php(68): CodeIgniter\CodeIgniter->run()
CRITICAL - 2023-07-17 14:08:14 --> foreach() argument must be of type array|object, null given
in APPPATH\Views\front\child_sub_category.php on line 28.
 1 APPPATH\Views\front\child_sub_category.php(28): CodeIgniter\Debug\Exceptions->errorHandler(2, 'foreach() argument must be of type array|object, null given', 'C:\\xampp\\htdocs\\truflow\\app\\Views\\front\\child_sub_category.php', 28)
 2 SYSTEMPATH\View\View.php(213): include('C:\\xampp\\htdocs\\truflow\\app\\Views\\front\\child_sub_category.php')
 3 SYSTEMPATH\View\View.php(216): CodeIgniter\View\View->CodeIgniter\View\{closure}()
 4 SYSTEMPATH\Common.php(1184): CodeIgniter\View\View->render('front/child_sub_category', [], true)
 5 APPPATH\Controllers\Home.php(259): view('front/child_sub_category', [...])
 6 SYSTEMPATH\CodeIgniter.php(934): App\Controllers\Home->child_sub_category('3')
 7 SYSTEMPATH\CodeIgniter.php(499): CodeIgniter\CodeIgniter->runController(Object(App\Controllers\Home))
 8 SYSTEMPATH\CodeIgniter.php(368): CodeIgniter\CodeIgniter->handleRequest(null, Object(Config\Cache), false)
 9 FCPATH\index.php(68): CodeIgniter\CodeIgniter->run()
