CRITICAL - 2023-05-11 04:44:02 --> Undefined array key "testimo_img"
in APPPATH\Controllers\Admin\TestominalController.php on line 38.
 1 APPPATH\Controllers\Admin\TestominalController.php(38): CodeIgniter\Debug\Exceptions->errorHandler(2, 'Undefined array key "testimo_img"', 'C:\\xampp\\htdocs\\truflow\\app\\Controllers\\Admin\\TestominalController.php', 38)
 2 SYSTEMPATH\CodeIgniter.php(934): App\Controllers\Admin\TestominalController->testominalSave()
 3 SYSTEMPATH\CodeIgniter.php(499): CodeIgniter\CodeIgniter->runController(Object(App\Controllers\Admin\TestominalController))
 4 SYSTEMPATH\CodeIgniter.php(368): CodeIgniter\CodeIgniter->handleRequest(null, Object(Config\Cache), false)
 5 FCPATH\index.php(68): CodeIgniter\CodeIgniter->run()
CRITICAL - 2023-05-11 04:45:44 --> Undefined array key "testimo_img"
in APPPATH\Controllers\Admin\TestominalController.php on line 37.
 1 APPPATH\Controllers\Admin\TestominalController.php(37): CodeIgniter\Debug\Exceptions->errorHandler(2, 'Undefined array key "testimo_img"', 'C:\\xampp\\htdocs\\truflow\\app\\Controllers\\Admin\\TestominalController.php', 37)
 2 SYSTEMPATH\CodeIgniter.php(934): App\Controllers\Admin\TestominalController->testominalSave()
 3 SYSTEMPATH\CodeIgniter.php(499): CodeIgniter\CodeIgniter->runController(Object(App\Controllers\Admin\TestominalController))
 4 SYSTEMPATH\CodeIgniter.php(368): CodeIgniter\CodeIgniter->handleRequest(null, Object(Config\Cache), false)
 5 FCPATH\index.php(68): CodeIgniter\CodeIgniter->run()
CRITICAL - 2023-05-11 05:15:11 --> Undefined array key "testimo_id"
in APPPATH\Controllers\Admin\TestominalController.php on line 35.
 1 APPPATH\Controllers\Admin\TestominalController.php(35): CodeIgniter\Debug\Exceptions->errorHandler(2, 'Undefined array key "testimo_id"', 'C:\\xampp\\htdocs\\truflow\\app\\Controllers\\Admin\\TestominalController.php', 35)
 2 SYSTEMPATH\CodeIgniter.php(934): App\Controllers\Admin\TestominalController->testominalSave()
 3 SYSTEMPATH\CodeIgniter.php(499): CodeIgniter\CodeIgniter->runController(Object(App\Controllers\Admin\TestominalController))
 4 SYSTEMPATH\CodeIgniter.php(368): CodeIgniter\CodeIgniter->handleRequest(null, Object(Config\Cache), false)
 5 FCPATH\index.php(68): CodeIgniter\CodeIgniter->run()
CRITICAL - 2023-05-11 06:41:58 --> Undefined array key "testimo_id"
in APPPATH\Views\admin\testominal\testominal.php on line 4.
 1 APPPATH\Views\admin\testominal\testominal.php(4): CodeIgniter\Debug\Exceptions->errorHandler(2, 'Undefined array key "testimo_id"', 'C:\\xampp\\htdocs\\truflow\\app\\Views\\admin\\testominal\\testominal.php', 4)
 2 SYSTEMPATH\View\View.php(213): include('C:\\xampp\\htdocs\\truflow\\app\\Views\\admin\\testominal\\testominal.php')
 3 SYSTEMPATH\View\View.php(216): CodeIgniter\View\View->CodeIgniter\View\{closure}()
 4 SYSTEMPATH\Common.php(1184): CodeIgniter\View\View->render('admin/testominal/testominal', [], true)
 5 APPPATH\Controllers\Admin\TestominalController.php(27): view('admin/testominal/testominal', [...])
 6 SYSTEMPATH\CodeIgniter.php(934): App\Controllers\Admin\TestominalController->testominal()
 7 SYSTEMPATH\CodeIgniter.php(499): CodeIgniter\CodeIgniter->runController(Object(App\Controllers\Admin\TestominalController))
 8 SYSTEMPATH\CodeIgniter.php(368): CodeIgniter\CodeIgniter->handleRequest(null, Object(Config\Cache), false)
 9 FCPATH\index.php(68): CodeIgniter\CodeIgniter->run()
CRITICAL - 2023-05-11 06:54:15 --> foreach() argument must be of type array|object, null given
in APPPATH\Views\admin\testominal\testominal_list.php on line 42.
 1 APPPATH\Views\admin\testominal\testominal_list.php(42): CodeIgniter\Debug\Exceptions->errorHandler(2, 'foreach() argument must be of type array|object, null given', 'C:\\xampp\\htdocs\\truflow\\app\\Views\\admin\\testominal\\testominal_list.php', 42)
 2 SYSTEMPATH\View\View.php(213): include('C:\\xampp\\htdocs\\truflow\\app\\Views\\admin\\testominal\\testominal_list.php')
 3 SYSTEMPATH\View\View.php(216): CodeIgniter\View\View->CodeIgniter\View\{closure}()
 4 SYSTEMPATH\Common.php(1184): CodeIgniter\View\View->render('admin/testominal/testominal_list', [], true)
 5 APPPATH\Controllers\Admin\TestominalController.php(16): view('admin/testominal/testominal_list', [...])
 6 SYSTEMPATH\CodeIgniter.php(934): App\Controllers\Admin\TestominalController->index()
 7 SYSTEMPATH\CodeIgniter.php(499): CodeIgniter\CodeIgniter->runController(Object(App\Controllers\Admin\TestominalController))
 8 SYSTEMPATH\CodeIgniter.php(368): CodeIgniter\CodeIgniter->handleRequest(null, Object(Config\Cache), false)
 9 FCPATH\index.php(68): CodeIgniter\CodeIgniter->run()
CRITICAL - 2023-05-11 06:54:26 --> foreach() argument must be of type array|object, null given
in APPPATH\Views\admin\testominal\testominal_list.php on line 42.
 1 APPPATH\Views\admin\testominal\testominal_list.php(42): CodeIgniter\Debug\Exceptions->errorHandler(2, 'foreach() argument must be of type array|object, null given', 'C:\\xampp\\htdocs\\truflow\\app\\Views\\admin\\testominal\\testominal_list.php', 42)
 2 SYSTEMPATH\View\View.php(213): include('C:\\xampp\\htdocs\\truflow\\app\\Views\\admin\\testominal\\testominal_list.php')
 3 SYSTEMPATH\View\View.php(216): CodeIgniter\View\View->CodeIgniter\View\{closure}()
 4 SYSTEMPATH\Common.php(1184): CodeIgniter\View\View->render('admin/testominal/testominal_list', [], true)
 5 APPPATH\Controllers\Admin\TestominalController.php(16): view('admin/testominal/testominal_list', [...])
 6 SYSTEMPATH\CodeIgniter.php(934): App\Controllers\Admin\TestominalController->index()
 7 SYSTEMPATH\CodeIgniter.php(499): CodeIgniter\CodeIgniter->runController(Object(App\Controllers\Admin\TestominalController))
 8 SYSTEMPATH\CodeIgniter.php(368): CodeIgniter\CodeIgniter->handleRequest(null, Object(Config\Cache), false)
 9 FCPATH\index.php(68): CodeIgniter\CodeIgniter->run()
CRITICAL - 2023-05-11 09:31:30 --> Undefined array key "testimo_id"
in APPPATH\Controllers\Admin\TestominalController.php on line 29.
 1 APPPATH\Controllers\Admin\TestominalController.php(29): CodeIgniter\Debug\Exceptions->errorHandler(2, 'Undefined array key "testimo_id"', 'C:\\xampp\\htdocs\\truflow\\app\\Controllers\\Admin\\TestominalController.php', 29)
 2 SYSTEMPATH\CodeIgniter.php(934): App\Controllers\Admin\TestominalController->testominalSave()
 3 SYSTEMPATH\CodeIgniter.php(499): CodeIgniter\CodeIgniter->runController(Object(App\Controllers\Admin\TestominalController))
 4 SYSTEMPATH\CodeIgniter.php(368): CodeIgniter\CodeIgniter->handleRequest(null, Object(Config\Cache), false)
 5 FCPATH\index.php(68): CodeIgniter\CodeIgniter->run()
CRITICAL - 2023-05-11 09:33:19 --> Undefined array key "testimo_id"
in APPPATH\Views\admin\category\category_list.php on line 56.
 1 APPPATH\Views\admin\category\category_list.php(56): CodeIgniter\Debug\Exceptions->errorHandler(2, 'Undefined array key "testimo_id"', 'C:\\xampp\\htdocs\\truflow\\app\\Views\\admin\\category\\category_list.php', 56)
 2 SYSTEMPATH\View\View.php(213): include('C:\\xampp\\htdocs\\truflow\\app\\Views\\admin\\category\\category_list.php')
 3 SYSTEMPATH\View\View.php(216): CodeIgniter\View\View->CodeIgniter\View\{closure}()
 4 SYSTEMPATH\Common.php(1184): CodeIgniter\View\View->render('admin/category/category_list', [], true)
 5 APPPATH\Controllers\Admin\CategoryController.php(16): view('admin/category/category_list', [...])
 6 SYSTEMPATH\CodeIgniter.php(934): App\Controllers\Admin\CategoryController->index()
 7 SYSTEMPATH\CodeIgniter.php(499): CodeIgniter\CodeIgniter->runController(Object(App\Controllers\Admin\CategoryController))
 8 SYSTEMPATH\CodeIgniter.php(368): CodeIgniter\CodeIgniter->handleRequest(null, Object(Config\Cache), false)
 9 FCPATH\index.php(68): CodeIgniter\CodeIgniter->run()
CRITICAL - 2023-05-11 10:43:30 --> Undefined variable $categoryData
in APPPATH\Views\admin\product\product.php on line 38.
 1 APPPATH\Views\admin\product\product.php(38): CodeIgniter\Debug\Exceptions->errorHandler(2, 'Undefined variable $categoryData', 'C:\\xampp\\htdocs\\truflow\\app\\Views\\admin\\product\\product.php', 38)
 2 SYSTEMPATH\View\View.php(213): include('C:\\xampp\\htdocs\\truflow\\app\\Views\\admin\\product\\product.php')
 3 SYSTEMPATH\View\View.php(216): CodeIgniter\View\View->CodeIgniter\View\{closure}()
 4 SYSTEMPATH\Common.php(1184): CodeIgniter\View\View->render('admin/product/product', [], true)
 5 APPPATH\Controllers\Admin\ProductController.php(29): view('admin/product/product')
 6 SYSTEMPATH\CodeIgniter.php(934): App\Controllers\Admin\ProductController->product()
 7 SYSTEMPATH\CodeIgniter.php(499): CodeIgniter\CodeIgniter->runController(Object(App\Controllers\Admin\ProductController))
 8 SYSTEMPATH\CodeIgniter.php(368): CodeIgniter\CodeIgniter->handleRequest(null, Object(Config\Cache), false)
 9 FCPATH\index.php(68): CodeIgniter\CodeIgniter->run()
CRITICAL - 2023-05-11 10:44:25 --> Undefined variable $categoryData
in APPPATH\Views\admin\product\product.php on line 38.
 1 APPPATH\Views\admin\product\product.php(38): CodeIgniter\Debug\Exceptions->errorHandler(2, 'Undefined variable $categoryData', 'C:\\xampp\\htdocs\\truflow\\app\\Views\\admin\\product\\product.php', 38)
 2 SYSTEMPATH\View\View.php(213): include('C:\\xampp\\htdocs\\truflow\\app\\Views\\admin\\product\\product.php')
 3 SYSTEMPATH\View\View.php(216): CodeIgniter\View\View->CodeIgniter\View\{closure}()
 4 SYSTEMPATH\Common.php(1184): CodeIgniter\View\View->render('admin/product/product', [], true)
 5 APPPATH\Controllers\Admin\ProductController.php(32): view('admin/product/product')
 6 SYSTEMPATH\CodeIgniter.php(934): App\Controllers\Admin\ProductController->product()
 7 SYSTEMPATH\CodeIgniter.php(499): CodeIgniter\CodeIgniter->runController(Object(App\Controllers\Admin\ProductController))
 8 SYSTEMPATH\CodeIgniter.php(368): CodeIgniter\CodeIgniter->handleRequest(null, Object(Config\Cache), false)
 9 FCPATH\index.php(68): CodeIgniter\CodeIgniter->run()
CRITICAL - 2023-05-11 10:44:26 --> Undefined variable $categoryData
in APPPATH\Views\admin\product\product.php on line 38.
 1 APPPATH\Views\admin\product\product.php(38): CodeIgniter\Debug\Exceptions->errorHandler(2, 'Undefined variable $categoryData', 'C:\\xampp\\htdocs\\truflow\\app\\Views\\admin\\product\\product.php', 38)
 2 SYSTEMPATH\View\View.php(213): include('C:\\xampp\\htdocs\\truflow\\app\\Views\\admin\\product\\product.php')
 3 SYSTEMPATH\View\View.php(216): CodeIgniter\View\View->CodeIgniter\View\{closure}()
 4 SYSTEMPATH\Common.php(1184): CodeIgniter\View\View->render('admin/product/product', [], true)
 5 APPPATH\Controllers\Admin\ProductController.php(32): view('admin/product/product')
 6 SYSTEMPATH\CodeIgniter.php(934): App\Controllers\Admin\ProductController->product()
 7 SYSTEMPATH\CodeIgniter.php(499): CodeIgniter\CodeIgniter->runController(Object(App\Controllers\Admin\ProductController))
 8 SYSTEMPATH\CodeIgniter.php(368): CodeIgniter\CodeIgniter->handleRequest(null, Object(Config\Cache), false)
 9 FCPATH\index.php(68): CodeIgniter\CodeIgniter->run()
CRITICAL - 2023-05-11 10:48:34 --> Undefined variable $categoryData
in APPPATH\Views\admin\product\product.php on line 11.
 1 APPPATH\Views\admin\product\product.php(11): CodeIgniter\Debug\Exceptions->errorHandler(2, 'Undefined variable $categoryData', 'C:\\xampp\\htdocs\\truflow\\app\\Views\\admin\\product\\product.php', 11)
 2 SYSTEMPATH\View\View.php(213): include('C:\\xampp\\htdocs\\truflow\\app\\Views\\admin\\product\\product.php')
 3 SYSTEMPATH\View\View.php(216): CodeIgniter\View\View->CodeIgniter\View\{closure}()
 4 SYSTEMPATH\Common.php(1184): CodeIgniter\View\View->render('admin/product/product', [], true)
 5 APPPATH\Controllers\Admin\ProductController.php(30): view('admin/product/product')
 6 SYSTEMPATH\CodeIgniter.php(934): App\Controllers\Admin\ProductController->product()
 7 SYSTEMPATH\CodeIgniter.php(499): CodeIgniter\CodeIgniter->runController(Object(App\Controllers\Admin\ProductController))
 8 SYSTEMPATH\CodeIgniter.php(368): CodeIgniter\CodeIgniter->handleRequest(null, Object(Config\Cache), false)
 9 FCPATH\index.php(68): CodeIgniter\CodeIgniter->run()
CRITICAL - 2023-05-11 11:04:44 --> Undefined variable $selectedCategoryId
in APPPATH\Views\admin\product\product.php on line 39.
 1 APPPATH\Views\admin\product\product.php(39): CodeIgniter\Debug\Exceptions->errorHandler(2, 'Undefined variable $selectedCategoryId', 'C:\\xampp\\htdocs\\truflow\\app\\Views\\admin\\product\\product.php', 39)
 2 SYSTEMPATH\View\View.php(213): include('C:\\xampp\\htdocs\\truflow\\app\\Views\\admin\\product\\product.php')
 3 SYSTEMPATH\View\View.php(216): CodeIgniter\View\View->CodeIgniter\View\{closure}()
 4 SYSTEMPATH\Common.php(1184): CodeIgniter\View\View->render('admin/product/product', [], true)
 5 APPPATH\Controllers\Admin\ProductController.php(86): view('admin/product/product', [...])
 6 SYSTEMPATH\CodeIgniter.php(934): App\Controllers\Admin\ProductController->productEdit('2')
 7 SYSTEMPATH\CodeIgniter.php(499): CodeIgniter\CodeIgniter->runController(Object(App\Controllers\Admin\ProductController))
 8 SYSTEMPATH\CodeIgniter.php(368): CodeIgniter\CodeIgniter->handleRequest(null, Object(Config\Cache), false)
 9 FCPATH\index.php(68): CodeIgniter\CodeIgniter->run()
CRITICAL - 2023-05-11 11:53:01 --> Cannot use object of type stdClass as array
in APPPATH\Views\admin\product\product.php on line 39.
 1 SYSTEMPATH\View\View.php(213): include()
 2 SYSTEMPATH\View\View.php(216): CodeIgniter\View\View->CodeIgniter\View\{closure}()
 3 SYSTEMPATH\Common.php(1184): CodeIgniter\View\View->render('admin/product/product', [], true)
 4 APPPATH\Controllers\Admin\ProductController.php(44): view('admin/product/product', [...])
 5 SYSTEMPATH\CodeIgniter.php(934): App\Controllers\Admin\ProductController->product()
 6 SYSTEMPATH\CodeIgniter.php(499): CodeIgniter\CodeIgniter->runController(Object(App\Controllers\Admin\ProductController))
 7 SYSTEMPATH\CodeIgniter.php(368): CodeIgniter\CodeIgniter->handleRequest(null, Object(Config\Cache), false)
 8 FCPATH\index.php(68): CodeIgniter\CodeIgniter->run()
CRITICAL - 2023-05-11 11:53:29 --> Cannot use object of type stdClass as array
in APPPATH\Views\admin\product\product.php on line 39.
 1 SYSTEMPATH\View\View.php(213): include()
 2 SYSTEMPATH\View\View.php(216): CodeIgniter\View\View->CodeIgniter\View\{closure}()
 3 SYSTEMPATH\Common.php(1184): CodeIgniter\View\View->render('admin/product/product', [], true)
 4 APPPATH\Controllers\Admin\ProductController.php(44): view('admin/product/product', [...])
 5 SYSTEMPATH\CodeIgniter.php(934): App\Controllers\Admin\ProductController->product()
 6 SYSTEMPATH\CodeIgniter.php(499): CodeIgniter\CodeIgniter->runController(Object(App\Controllers\Admin\ProductController))
 7 SYSTEMPATH\CodeIgniter.php(368): CodeIgniter\CodeIgniter->handleRequest(null, Object(Config\Cache), false)
 8 FCPATH\index.php(68): CodeIgniter\CodeIgniter->run()
CRITICAL - 2023-05-11 11:54:34 --> Undefined array key "category_name"
in APPPATH\Views\admin\product\product_list.php on line 49.
 1 APPPATH\Views\admin\product\product_list.php(49): CodeIgniter\Debug\Exceptions->errorHandler(2, 'Undefined array key "category_name"', 'C:\\xampp\\htdocs\\truflow\\app\\Views\\admin\\product\\product_list.php', 49)
 2 SYSTEMPATH\View\View.php(213): include('C:\\xampp\\htdocs\\truflow\\app\\Views\\admin\\product\\product_list.php')
 3 SYSTEMPATH\View\View.php(216): CodeIgniter\View\View->CodeIgniter\View\{closure}()
 4 SYSTEMPATH\Common.php(1184): CodeIgniter\View\View->render('admin/product/product_list', [], true)
 5 APPPATH\Controllers\Admin\ProductController.php(26): view('admin/product/product_list', [...])
 6 SYSTEMPATH\CodeIgniter.php(934): App\Controllers\Admin\ProductController->index()
 7 SYSTEMPATH\CodeIgniter.php(499): CodeIgniter\CodeIgniter->runController(Object(App\Controllers\Admin\ProductController))
 8 SYSTEMPATH\CodeIgniter.php(368): CodeIgniter\CodeIgniter->handleRequest(null, Object(Config\Cache), false)
 9 FCPATH\index.php(68): CodeIgniter\CodeIgniter->run()
CRITICAL - 2023-05-11 11:54:38 --> Undefined array key "category_name"
in APPPATH\Views\admin\product\product_list.php on line 49.
 1 APPPATH\Views\admin\product\product_list.php(49): CodeIgniter\Debug\Exceptions->errorHandler(2, 'Undefined array key "category_name"', 'C:\\xampp\\htdocs\\truflow\\app\\Views\\admin\\product\\product_list.php', 49)
 2 SYSTEMPATH\View\View.php(213): include('C:\\xampp\\htdocs\\truflow\\app\\Views\\admin\\product\\product_list.php')
 3 SYSTEMPATH\View\View.php(216): CodeIgniter\View\View->CodeIgniter\View\{closure}()
 4 SYSTEMPATH\Common.php(1184): CodeIgniter\View\View->render('admin/product/product_list', [], true)
 5 APPPATH\Controllers\Admin\ProductController.php(26): view('admin/product/product_list', [...])
 6 SYSTEMPATH\CodeIgniter.php(934): App\Controllers\Admin\ProductController->index()
 7 SYSTEMPATH\CodeIgniter.php(499): CodeIgniter\CodeIgniter->runController(Object(App\Controllers\Admin\ProductController))
 8 SYSTEMPATH\CodeIgniter.php(368): CodeIgniter\CodeIgniter->handleRequest(null, Object(Config\Cache), false)
 9 FCPATH\index.php(68): CodeIgniter\CodeIgniter->run()
CRITICAL - 2023-05-11 11:55:07 --> Undefined array key "category_name"
in APPPATH\Views\admin\product\product_list.php on line 49.
 1 APPPATH\Views\admin\product\product_list.php(49): CodeIgniter\Debug\Exceptions->errorHandler(2, 'Undefined array key "category_name"', 'C:\\xampp\\htdocs\\truflow\\app\\Views\\admin\\product\\product_list.php', 49)
 2 SYSTEMPATH\View\View.php(213): include('C:\\xampp\\htdocs\\truflow\\app\\Views\\admin\\product\\product_list.php')
 3 SYSTEMPATH\View\View.php(216): CodeIgniter\View\View->CodeIgniter\View\{closure}()
 4 SYSTEMPATH\Common.php(1184): CodeIgniter\View\View->render('admin/product/product_list', [], true)
 5 APPPATH\Controllers\Admin\ProductController.php(26): view('admin/product/product_list', [...])
 6 SYSTEMPATH\CodeIgniter.php(934): App\Controllers\Admin\ProductController->index()
 7 SYSTEMPATH\CodeIgniter.php(499): CodeIgniter\CodeIgniter->runController(Object(App\Controllers\Admin\ProductController))
 8 SYSTEMPATH\CodeIgniter.php(368): CodeIgniter\CodeIgniter->handleRequest(null, Object(Config\Cache), false)
 9 FCPATH\index.php(68): CodeIgniter\CodeIgniter->run()
CRITICAL - 2023-05-11 11:57:13 --> Undefined array key "category_name"
in APPPATH\Views\admin\product\product_list.php on line 49.
 1 APPPATH\Views\admin\product\product_list.php(49): CodeIgniter\Debug\Exceptions->errorHandler(2, 'Undefined array key "category_name"', 'C:\\xampp\\htdocs\\truflow\\app\\Views\\admin\\product\\product_list.php', 49)
 2 SYSTEMPATH\View\View.php(213): include('C:\\xampp\\htdocs\\truflow\\app\\Views\\admin\\product\\product_list.php')
 3 SYSTEMPATH\View\View.php(216): CodeIgniter\View\View->CodeIgniter\View\{closure}()
 4 SYSTEMPATH\Common.php(1184): CodeIgniter\View\View->render('admin/product/product_list', [], true)
 5 APPPATH\Controllers\Admin\ProductController.php(26): view('admin/product/product_list', [...])
 6 SYSTEMPATH\CodeIgniter.php(934): App\Controllers\Admin\ProductController->index()
 7 SYSTEMPATH\CodeIgniter.php(499): CodeIgniter\CodeIgniter->runController(Object(App\Controllers\Admin\ProductController))
 8 SYSTEMPATH\CodeIgniter.php(368): CodeIgniter\CodeIgniter->handleRequest(null, Object(Config\Cache), false)
 9 FCPATH\index.php(68): CodeIgniter\CodeIgniter->run()
CRITICAL - 2023-05-11 11:57:30 --> Undefined variable $results
in APPPATH\Views\admin\product\product_list.php on line 49.
 1 APPPATH\Views\admin\product\product_list.php(49): CodeIgniter\Debug\Exceptions->errorHandler(2, 'Undefined variable $results', 'C:\\xampp\\htdocs\\truflow\\app\\Views\\admin\\product\\product_list.php', 49)
 2 SYSTEMPATH\View\View.php(213): include('C:\\xampp\\htdocs\\truflow\\app\\Views\\admin\\product\\product_list.php')
 3 SYSTEMPATH\View\View.php(216): CodeIgniter\View\View->CodeIgniter\View\{closure}()
 4 SYSTEMPATH\Common.php(1184): CodeIgniter\View\View->render('admin/product/product_list', [], true)
 5 APPPATH\Controllers\Admin\ProductController.php(26): view('admin/product/product_list', [...])
 6 SYSTEMPATH\CodeIgniter.php(934): App\Controllers\Admin\ProductController->index()
 7 SYSTEMPATH\CodeIgniter.php(499): CodeIgniter\CodeIgniter->runController(Object(App\Controllers\Admin\ProductController))
 8 SYSTEMPATH\CodeIgniter.php(368): CodeIgniter\CodeIgniter->handleRequest(null, Object(Config\Cache), false)
 9 FCPATH\index.php(68): CodeIgniter\CodeIgniter->run()
CRITICAL - 2023-05-11 11:57:37 --> Undefined variable $results
in APPPATH\Views\admin\product\product_list.php on line 49.
 1 APPPATH\Views\admin\product\product_list.php(49): CodeIgniter\Debug\Exceptions->errorHandler(2, 'Undefined variable $results', 'C:\\xampp\\htdocs\\truflow\\app\\Views\\admin\\product\\product_list.php', 49)
 2 SYSTEMPATH\View\View.php(213): include('C:\\xampp\\htdocs\\truflow\\app\\Views\\admin\\product\\product_list.php')
 3 SYSTEMPATH\View\View.php(216): CodeIgniter\View\View->CodeIgniter\View\{closure}()
 4 SYSTEMPATH\Common.php(1184): CodeIgniter\View\View->render('admin/product/product_list', [], true)
 5 APPPATH\Controllers\Admin\ProductController.php(26): view('admin/product/product_list', [...])
 6 SYSTEMPATH\CodeIgniter.php(934): App\Controllers\Admin\ProductController->index()
 7 SYSTEMPATH\CodeIgniter.php(499): CodeIgniter\CodeIgniter->runController(Object(App\Controllers\Admin\ProductController))
 8 SYSTEMPATH\CodeIgniter.php(368): CodeIgniter\CodeIgniter->handleRequest(null, Object(Config\Cache), false)
 9 FCPATH\index.php(68): CodeIgniter\CodeIgniter->run()
CRITICAL - 2023-05-11 11:58:24 --> Undefined variable $results
in APPPATH\Views\admin\product\product_list.php on line 43.
 1 APPPATH\Views\admin\product\product_list.php(43): CodeIgniter\Debug\Exceptions->errorHandler(2, 'Undefined variable $results', 'C:\\xampp\\htdocs\\truflow\\app\\Views\\admin\\product\\product_list.php', 43)
 2 SYSTEMPATH\View\View.php(213): include('C:\\xampp\\htdocs\\truflow\\app\\Views\\admin\\product\\product_list.php')
 3 SYSTEMPATH\View\View.php(216): CodeIgniter\View\View->CodeIgniter\View\{closure}()
 4 SYSTEMPATH\Common.php(1184): CodeIgniter\View\View->render('admin/product/product_list', [], true)
 5 APPPATH\Controllers\Admin\ProductController.php(26): view('admin/product/product_list', [...])
 6 SYSTEMPATH\CodeIgniter.php(934): App\Controllers\Admin\ProductController->index()
 7 SYSTEMPATH\CodeIgniter.php(499): CodeIgniter\CodeIgniter->runController(Object(App\Controllers\Admin\ProductController))
 8 SYSTEMPATH\CodeIgniter.php(368): CodeIgniter\CodeIgniter->handleRequest(null, Object(Config\Cache), false)
 9 FCPATH\index.php(68): CodeIgniter\CodeIgniter->run()
CRITICAL - 2023-05-11 11:58:57 --> Undefined variable $results
in APPPATH\Views\admin\product\product_list.php on line 43.
 1 APPPATH\Views\admin\product\product_list.php(43): CodeIgniter\Debug\Exceptions->errorHandler(2, 'Undefined variable $results', 'C:\\xampp\\htdocs\\truflow\\app\\Views\\admin\\product\\product_list.php', 43)
 2 SYSTEMPATH\View\View.php(213): include('C:\\xampp\\htdocs\\truflow\\app\\Views\\admin\\product\\product_list.php')
 3 SYSTEMPATH\View\View.php(216): CodeIgniter\View\View->CodeIgniter\View\{closure}()
 4 SYSTEMPATH\Common.php(1184): CodeIgniter\View\View->render('admin/product/product_list', [], true)
 5 APPPATH\Controllers\Admin\ProductController.php(26): view('admin/product/product_list', [...])
 6 SYSTEMPATH\CodeIgniter.php(934): App\Controllers\Admin\ProductController->index()
 7 SYSTEMPATH\CodeIgniter.php(499): CodeIgniter\CodeIgniter->runController(Object(App\Controllers\Admin\ProductController))
 8 SYSTEMPATH\CodeIgniter.php(368): CodeIgniter\CodeIgniter->handleRequest(null, Object(Config\Cache), false)
 9 FCPATH\index.php(68): CodeIgniter\CodeIgniter->run()
CRITICAL - 2023-05-11 11:59:24 --> Undefined variable $results
in APPPATH\Views\admin\product\product_list.php on line 4.
 1 APPPATH\Views\admin\product\product_list.php(4): CodeIgniter\Debug\Exceptions->errorHandler(2, 'Undefined variable $results', 'C:\\xampp\\htdocs\\truflow\\app\\Views\\admin\\product\\product_list.php', 4)
 2 SYSTEMPATH\View\View.php(213): include('C:\\xampp\\htdocs\\truflow\\app\\Views\\admin\\product\\product_list.php')
 3 SYSTEMPATH\View\View.php(216): CodeIgniter\View\View->CodeIgniter\View\{closure}()
 4 SYSTEMPATH\Common.php(1184): CodeIgniter\View\View->render('admin/product/product_list', [], true)
 5 APPPATH\Controllers\Admin\ProductController.php(26): view('admin/product/product_list', [...])
 6 SYSTEMPATH\CodeIgniter.php(934): App\Controllers\Admin\ProductController->index()
 7 SYSTEMPATH\CodeIgniter.php(499): CodeIgniter\CodeIgniter->runController(Object(App\Controllers\Admin\ProductController))
 8 SYSTEMPATH\CodeIgniter.php(368): CodeIgniter\CodeIgniter->handleRequest(null, Object(Config\Cache), false)
 9 FCPATH\index.php(68): CodeIgniter\CodeIgniter->run()
CRITICAL - 2023-05-11 12:01:33 --> Cannot use object of type stdClass as array
in APPPATH\Views\admin\product\product_list.php on line 48.
 1 SYSTEMPATH\View\View.php(213): include()
 2 SYSTEMPATH\View\View.php(216): CodeIgniter\View\View->CodeIgniter\View\{closure}()
 3 SYSTEMPATH\Common.php(1184): CodeIgniter\View\View->render('admin/product/product_list', [], true)
 4 APPPATH\Controllers\Admin\ProductController.php(28): view('admin/product/product_list', [...])
 5 SYSTEMPATH\CodeIgniter.php(934): App\Controllers\Admin\ProductController->index()
 6 SYSTEMPATH\CodeIgniter.php(499): CodeIgniter\CodeIgniter->runController(Object(App\Controllers\Admin\ProductController))
 7 SYSTEMPATH\CodeIgniter.php(368): CodeIgniter\CodeIgniter->handleRequest(null, Object(Config\Cache), false)
 8 FCPATH\index.php(68): CodeIgniter\CodeIgniter->run()
CRITICAL - 2023-05-11 12:02:12 --> Call to undefined method CodeIgniter\Database\MySQLi\Result::find()
in APPPATH\Controllers\Admin\ProductController.php on line 23.
 1 SYSTEMPATH\CodeIgniter.php(934): App\Controllers\Admin\ProductController->index()
 2 SYSTEMPATH\CodeIgniter.php(499): CodeIgniter\CodeIgniter->runController(Object(App\Controllers\Admin\ProductController))
 3 SYSTEMPATH\CodeIgniter.php(368): CodeIgniter\CodeIgniter->handleRequest(null, Object(Config\Cache), false)
 4 FCPATH\index.php(68): CodeIgniter\CodeIgniter->run()
CRITICAL - 2023-05-11 12:02:21 --> Call to undefined method CodeIgniter\Database\MySQLi\Result::get()
in APPPATH\Controllers\Admin\ProductController.php on line 23.
 1 SYSTEMPATH\CodeIgniter.php(934): App\Controllers\Admin\ProductController->index()
 2 SYSTEMPATH\CodeIgniter.php(499): CodeIgniter\CodeIgniter->runController(Object(App\Controllers\Admin\ProductController))
 3 SYSTEMPATH\CodeIgniter.php(368): CodeIgniter\CodeIgniter->handleRequest(null, Object(Config\Cache), false)
 4 FCPATH\index.php(68): CodeIgniter\CodeIgniter->run()
CRITICAL - 2023-05-11 12:03:27 --> Call to a member function find() on array
in APPPATH\Controllers\Admin\ProductController.php on line 26.
 1 SYSTEMPATH\CodeIgniter.php(934): App\Controllers\Admin\ProductController->index()
 2 SYSTEMPATH\CodeIgniter.php(499): CodeIgniter\CodeIgniter->runController(Object(App\Controllers\Admin\ProductController))
 3 SYSTEMPATH\CodeIgniter.php(368): CodeIgniter\CodeIgniter->handleRequest(null, Object(Config\Cache), false)
 4 FCPATH\index.php(68): CodeIgniter\CodeIgniter->run()
CRITICAL - 2023-05-11 12:03:55 --> Call to a member function get() on array
in APPPATH\Controllers\Admin\ProductController.php on line 24.
 1 SYSTEMPATH\CodeIgniter.php(934): App\Controllers\Admin\ProductController->index()
 2 SYSTEMPATH\CodeIgniter.php(499): CodeIgniter\CodeIgniter->runController(Object(App\Controllers\Admin\ProductController))
 3 SYSTEMPATH\CodeIgniter.php(368): CodeIgniter\CodeIgniter->handleRequest(null, Object(Config\Cache), false)
 4 FCPATH\index.php(68): CodeIgniter\CodeIgniter->run()
CRITICAL - 2023-05-11 13:22:56 --> Undefined variable $sub_category_price
in APPPATH\Views\admin\sub_category\sub_category.php on line 58.
 1 APPPATH\Views\admin\sub_category\sub_category.php(58): CodeIgniter\Debug\Exceptions->errorHandler(2, 'Undefined variable $sub_category_price', 'C:\\xampp\\htdocs\\truflow\\app\\Views\\admin\\sub_category\\sub_category.php', 58)
 2 SYSTEMPATH\View\View.php(213): include('C:\\xampp\\htdocs\\truflow\\app\\Views\\admin\\sub_category\\sub_category.php')
 3 SYSTEMPATH\View\View.php(216): CodeIgniter\View\View->CodeIgniter\View\{closure}()
 4 SYSTEMPATH\Common.php(1184): CodeIgniter\View\View->render('admin/sub_category/sub_category', [], true)
 5 APPPATH\Controllers\Admin\SubCategoryController.php(41): view('admin/sub_category/sub_category', [...])
 6 SYSTEMPATH\CodeIgniter.php(934): App\Controllers\Admin\SubCategoryController->sub_category()
 7 SYSTEMPATH\CodeIgniter.php(499): CodeIgniter\CodeIgniter->runController(Object(App\Controllers\Admin\SubCategoryController))
 8 SYSTEMPATH\CodeIgniter.php(368): CodeIgniter\CodeIgniter->handleRequest(null, Object(Config\Cache), false)
 9 FCPATH\index.php(68): CodeIgniter\CodeIgniter->run()
CRITICAL - 2023-05-11 14:06:14 --> Undefined variable $subcategoryData
in APPPATH\Views\admin\product\product.php on line 53.
 1 APPPATH\Views\admin\product\product.php(53): CodeIgniter\Debug\Exceptions->errorHandler(2, 'Undefined variable $subcategoryData', 'C:\\xampp\\htdocs\\truflow\\app\\Views\\admin\\product\\product.php', 53)
 2 SYSTEMPATH\View\View.php(213): include('C:\\xampp\\htdocs\\truflow\\app\\Views\\admin\\product\\product.php')
 3 SYSTEMPATH\View\View.php(216): CodeIgniter\View\View->CodeIgniter\View\{closure}()
 4 SYSTEMPATH\Common.php(1184): CodeIgniter\View\View->render('admin/product/product', [], true)
 5 APPPATH\Controllers\Admin\ProductController.php(104): view('admin/product/product', [...])
 6 SYSTEMPATH\CodeIgniter.php(934): App\Controllers\Admin\ProductController->productEdit('2')
 7 SYSTEMPATH\CodeIgniter.php(499): CodeIgniter\CodeIgniter->runController(Object(App\Controllers\Admin\ProductController))
 8 SYSTEMPATH\CodeIgniter.php(368): CodeIgniter\CodeIgniter->handleRequest(null, Object(Config\Cache), false)
 9 FCPATH\index.php(68): CodeIgniter\CodeIgniter->run()
