CRITICAL - 2023-08-01 05:08:05 --> Undefined array key "product_array"
in APPPATH\Views\front\childsubcategory.php on line 47.
 1 APPPATH\Views\front\childsubcategory.php(47): CodeIgniter\Debug\Exceptions->errorHandler(2, 'Undefined array key "product_array"', 'C:\\xampp\\htdocs\\truflow\\app\\Views\\front\\childsubcategory.php', 47)
 2 SYSTEMPATH\View\View.php(213): include('C:\\xampp\\htdocs\\truflow\\app\\Views\\front\\childsubcategory.php')
 3 SYSTEMPATH\View\View.php(216): CodeIgniter\View\View->CodeIgniter\View\{closure}()
 4 SYSTEMPATH\Common.php(1184): CodeIgniter\View\View->render('front/childsubcategory', [], true)
 5 APPPATH\Controllers\Home.php(1080): view('front/childsubcategory', [...])
 6 SYSTEMPATH\CodeIgniter.php(934): App\Controllers\Home->main_child_category('1')
 7 SYSTEMPATH\CodeIgniter.php(499): CodeIgniter\CodeIgniter->runController(Object(App\Controllers\Home))
 8 SYSTEMPATH\CodeIgniter.php(368): CodeIgniter\CodeIgniter->handleRequest(null, Object(Config\Cache), false)
 9 FCPATH\index.php(68): CodeIgniter\CodeIgniter->run()
CRITICAL - 2023-08-01 05:09:20 --> Undefined array key "child_sub_category_name"
in APPPATH\Views\front\childsubcategory.php on line 54.
 1 APPPATH\Views\front\childsubcategory.php(54): CodeIgniter\Debug\Exceptions->errorHandler(2, 'Undefined array key "child_sub_category_name"', 'C:\\xampp\\htdocs\\truflow\\app\\Views\\front\\childsubcategory.php', 54)
 2 SYSTEMPATH\View\View.php(213): include('C:\\xampp\\htdocs\\truflow\\app\\Views\\front\\childsubcategory.php')
 3 SYSTEMPATH\View\View.php(216): CodeIgniter\View\View->CodeIgniter\View\{closure}()
 4 SYSTEMPATH\Common.php(1184): CodeIgniter\View\View->render('front/childsubcategory', [], true)
 5 APPPATH\Controllers\Home.php(1080): view('front/childsubcategory', [...])
 6 SYSTEMPATH\CodeIgniter.php(934): App\Controllers\Home->main_child_category('1')
 7 SYSTEMPATH\CodeIgniter.php(499): CodeIgniter\CodeIgniter->runController(Object(App\Controllers\Home))
 8 SYSTEMPATH\CodeIgniter.php(368): CodeIgniter\CodeIgniter->handleRequest(null, Object(Config\Cache), false)
 9 FCPATH\index.php(68): CodeIgniter\CodeIgniter->run()
CRITICAL - 2023-08-01 05:09:27 --> Undefined array key "product_array"
in APPPATH\Views\front\childsubcategory.php on line 49.
 1 APPPATH\Views\front\childsubcategory.php(49): CodeIgniter\Debug\Exceptions->errorHandler(2, 'Undefined array key "product_array"', 'C:\\xampp\\htdocs\\truflow\\app\\Views\\front\\childsubcategory.php', 49)
 2 SYSTEMPATH\View\View.php(213): include('C:\\xampp\\htdocs\\truflow\\app\\Views\\front\\childsubcategory.php')
 3 SYSTEMPATH\View\View.php(216): CodeIgniter\View\View->CodeIgniter\View\{closure}()
 4 SYSTEMPATH\Common.php(1184): CodeIgniter\View\View->render('front/childsubcategory', [], true)
 5 APPPATH\Controllers\Home.php(1080): view('front/childsubcategory', [...])
 6 SYSTEMPATH\CodeIgniter.php(934): App\Controllers\Home->main_child_category('1')
 7 SYSTEMPATH\CodeIgniter.php(499): CodeIgniter\CodeIgniter->runController(Object(App\Controllers\Home))
 8 SYSTEMPATH\CodeIgniter.php(368): CodeIgniter\CodeIgniter->handleRequest(null, Object(Config\Cache), false)
 9 FCPATH\index.php(68): CodeIgniter\CodeIgniter->run()
CRITICAL - 2023-08-01 05:10:08 --> Undefined array key "product_array"
in APPPATH\Views\front\childsubcategory.php on line 49.
 1 APPPATH\Views\front\childsubcategory.php(49): CodeIgniter\Debug\Exceptions->errorHandler(2, 'Undefined array key "product_array"', 'C:\\xampp\\htdocs\\truflow\\app\\Views\\front\\childsubcategory.php', 49)
 2 SYSTEMPATH\View\View.php(213): include('C:\\xampp\\htdocs\\truflow\\app\\Views\\front\\childsubcategory.php')
 3 SYSTEMPATH\View\View.php(216): CodeIgniter\View\View->CodeIgniter\View\{closure}()
 4 SYSTEMPATH\Common.php(1184): CodeIgniter\View\View->render('front/childsubcategory', [], true)
 5 APPPATH\Controllers\Home.php(1080): view('front/childsubcategory', [...])
 6 SYSTEMPATH\CodeIgniter.php(934): App\Controllers\Home->main_child_category('1')
 7 SYSTEMPATH\CodeIgniter.php(499): CodeIgniter\CodeIgniter->runController(Object(App\Controllers\Home))
 8 SYSTEMPATH\CodeIgniter.php(368): CodeIgniter\CodeIgniter->handleRequest(null, Object(Config\Cache), false)
 9 FCPATH\index.php(68): CodeIgniter\CodeIgniter->run()
CRITICAL - 2023-08-01 05:26:24 --> Undefined array key "child_id"
in APPPATH\Controllers\Home.php on line 445.
 1 APPPATH\Controllers\Home.php(445): CodeIgniter\Debug\Exceptions->errorHandler(2, 'Undefined array key "child_id"', 'C:\\xampp\\htdocs\\truflow\\app\\Controllers\\Home.php', 445)
 2 SYSTEMPATH\CodeIgniter.php(934): App\Controllers\Home->product('1')
 3 SYSTEMPATH\CodeIgniter.php(499): CodeIgniter\CodeIgniter->runController(Object(App\Controllers\Home))
 4 SYSTEMPATH\CodeIgniter.php(368): CodeIgniter\CodeIgniter->handleRequest(null, Object(Config\Cache), false)
 5 FCPATH\index.php(68): CodeIgniter\CodeIgniter->run()
CRITICAL - 2023-08-01 05:34:34 --> Undefined array key "child_id"
in APPPATH\Views\front\product.php on line 40.
 1 APPPATH\Views\front\product.php(40): CodeIgniter\Debug\Exceptions->errorHandler(2, 'Undefined array key "child_id"', 'C:\\xampp\\htdocs\\truflow\\app\\Views\\front\\product.php', 40)
 2 SYSTEMPATH\View\View.php(213): include('C:\\xampp\\htdocs\\truflow\\app\\Views\\front\\product.php')
 3 SYSTEMPATH\View\View.php(216): CodeIgniter\View\View->CodeIgniter\View\{closure}()
 4 SYSTEMPATH\Common.php(1184): CodeIgniter\View\View->render('front/product', [], true)
 5 APPPATH\Controllers\Home.php(487): view('front/product', [...])
 6 SYSTEMPATH\CodeIgniter.php(934): App\Controllers\Home->product('1')
 7 SYSTEMPATH\CodeIgniter.php(499): CodeIgniter\CodeIgniter->runController(Object(App\Controllers\Home))
 8 SYSTEMPATH\CodeIgniter.php(368): CodeIgniter\CodeIgniter->handleRequest(null, Object(Config\Cache), false)
 9 FCPATH\index.php(68): CodeIgniter\CodeIgniter->run()
CRITICAL - 2023-08-01 05:49:54 --> Undefined array key "child_id"
in APPPATH\Views\front\subcategory.php on line 43.
 1 APPPATH\Views\front\subcategory.php(43): CodeIgniter\Debug\Exceptions->errorHandler(2, 'Undefined array key "child_id"', 'C:\\xampp\\htdocs\\truflow\\app\\Views\\front\\subcategory.php', 43)
 2 SYSTEMPATH\View\View.php(213): include('C:\\xampp\\htdocs\\truflow\\app\\Views\\front\\subcategory.php')
 3 SYSTEMPATH\View\View.php(216): CodeIgniter\View\View->CodeIgniter\View\{closure}()
 4 SYSTEMPATH\Common.php(1184): CodeIgniter\View\View->render('front/subcategory', [], true)
 5 APPPATH\Controllers\Home.php(1027): view('front/subcategory', [...])
 6 SYSTEMPATH\CodeIgniter.php(934): App\Controllers\Home->main_sub_category('1')
 7 SYSTEMPATH\CodeIgniter.php(499): CodeIgniter\CodeIgniter->runController(Object(App\Controllers\Home))
 8 SYSTEMPATH\CodeIgniter.php(368): CodeIgniter\CodeIgniter->handleRequest(null, Object(Config\Cache), false)
 9 FCPATH\index.php(68): CodeIgniter\CodeIgniter->run()
CRITICAL - 2023-08-01 05:49:57 --> Undefined array key "child_id"
in APPPATH\Views\front\subcategory.php on line 43.
 1 APPPATH\Views\front\subcategory.php(43): CodeIgniter\Debug\Exceptions->errorHandler(2, 'Undefined array key "child_id"', 'C:\\xampp\\htdocs\\truflow\\app\\Views\\front\\subcategory.php', 43)
 2 SYSTEMPATH\View\View.php(213): include('C:\\xampp\\htdocs\\truflow\\app\\Views\\front\\subcategory.php')
 3 SYSTEMPATH\View\View.php(216): CodeIgniter\View\View->CodeIgniter\View\{closure}()
 4 SYSTEMPATH\Common.php(1184): CodeIgniter\View\View->render('front/subcategory', [], true)
 5 APPPATH\Controllers\Home.php(1027): view('front/subcategory', [...])
 6 SYSTEMPATH\CodeIgniter.php(934): App\Controllers\Home->main_sub_category('1')
 7 SYSTEMPATH\CodeIgniter.php(499): CodeIgniter\CodeIgniter->runController(Object(App\Controllers\Home))
 8 SYSTEMPATH\CodeIgniter.php(368): CodeIgniter\CodeIgniter->handleRequest(null, Object(Config\Cache), false)
 9 FCPATH\index.php(68): CodeIgniter\CodeIgniter->run()
CRITICAL - 2023-08-01 05:52:47 --> Undefined array key "child_id"
in APPPATH\Views\front\product.php on line 40.
 1 APPPATH\Views\front\product.php(40): CodeIgniter\Debug\Exceptions->errorHandler(2, 'Undefined array key "child_id"', 'C:\\xampp\\htdocs\\truflow\\app\\Views\\front\\product.php', 40)
 2 SYSTEMPATH\View\View.php(213): include('C:\\xampp\\htdocs\\truflow\\app\\Views\\front\\product.php')
 3 SYSTEMPATH\View\View.php(216): CodeIgniter\View\View->CodeIgniter\View\{closure}()
 4 SYSTEMPATH\Common.php(1184): CodeIgniter\View\View->render('front/product', [], true)
 5 APPPATH\Controllers\Home.php(487): view('front/product', [...])
 6 SYSTEMPATH\CodeIgniter.php(934): App\Controllers\Home->product('2')
 7 SYSTEMPATH\CodeIgniter.php(499): CodeIgniter\CodeIgniter->runController(Object(App\Controllers\Home))
 8 SYSTEMPATH\CodeIgniter.php(368): CodeIgniter\CodeIgniter->handleRequest(null, Object(Config\Cache), false)
 9 FCPATH\index.php(68): CodeIgniter\CodeIgniter->run()
CRITICAL - 2023-08-01 05:56:20 --> Undefined array key "child_id"
in APPPATH\Views\front\product.php on line 40.
 1 APPPATH\Views\front\product.php(40): CodeIgniter\Debug\Exceptions->errorHandler(2, 'Undefined array key "child_id"', 'C:\\xampp\\htdocs\\truflow\\app\\Views\\front\\product.php', 40)
 2 SYSTEMPATH\View\View.php(213): include('C:\\xampp\\htdocs\\truflow\\app\\Views\\front\\product.php')
 3 SYSTEMPATH\View\View.php(216): CodeIgniter\View\View->CodeIgniter\View\{closure}()
 4 SYSTEMPATH\Common.php(1184): CodeIgniter\View\View->render('front/product', [], true)
 5 APPPATH\Controllers\Home.php(487): view('front/product', [...])
 6 SYSTEMPATH\CodeIgniter.php(934): App\Controllers\Home->product('2')
 7 SYSTEMPATH\CodeIgniter.php(499): CodeIgniter\CodeIgniter->runController(Object(App\Controllers\Home))
 8 SYSTEMPATH\CodeIgniter.php(368): CodeIgniter\CodeIgniter->handleRequest(null, Object(Config\Cache), false)
 9 FCPATH\index.php(68): CodeIgniter\CodeIgniter->run()
CRITICAL - 2023-08-01 09:57:29 --> Undefined array key "isProduct"
in APPPATH\Views\front\subcategory.php on line 85.
 1 APPPATH\Views\front\subcategory.php(85): CodeIgniter\Debug\Exceptions->errorHandler(2, 'Undefined array key "isProduct"', 'C:\\xampp\\htdocs\\truflow\\app\\Views\\front\\subcategory.php', 85)
 2 SYSTEMPATH\View\View.php(213): include('C:\\xampp\\htdocs\\truflow\\app\\Views\\front\\subcategory.php')
 3 SYSTEMPATH\View\View.php(216): CodeIgniter\View\View->CodeIgniter\View\{closure}()
 4 SYSTEMPATH\Common.php(1184): CodeIgniter\View\View->render('front/subcategory', [], true)
 5 APPPATH\Controllers\Home.php(1027): view('front/subcategory', [...])
 6 SYSTEMPATH\CodeIgniter.php(934): App\Controllers\Home->main_sub_category('1')
 7 SYSTEMPATH\CodeIgniter.php(499): CodeIgniter\CodeIgniter->runController(Object(App\Controllers\Home))
 8 SYSTEMPATH\CodeIgniter.php(368): CodeIgniter\CodeIgniter->handleRequest(null, Object(Config\Cache), false)
 9 FCPATH\index.php(68): CodeIgniter\CodeIgniter->run()
CRITICAL - 2023-08-01 09:57:53 --> Undefined array key "isProduct"
in APPPATH\Views\front\subcategory.php on line 85.
 1 APPPATH\Views\front\subcategory.php(85): CodeIgniter\Debug\Exceptions->errorHandler(2, 'Undefined array key "isProduct"', 'C:\\xampp\\htdocs\\truflow\\app\\Views\\front\\subcategory.php', 85)
 2 SYSTEMPATH\View\View.php(213): include('C:\\xampp\\htdocs\\truflow\\app\\Views\\front\\subcategory.php')
 3 SYSTEMPATH\View\View.php(216): CodeIgniter\View\View->CodeIgniter\View\{closure}()
 4 SYSTEMPATH\Common.php(1184): CodeIgniter\View\View->render('front/subcategory', [], true)
 5 APPPATH\Controllers\Home.php(1027): view('front/subcategory', [...])
 6 SYSTEMPATH\CodeIgniter.php(934): App\Controllers\Home->main_sub_category('1')
 7 SYSTEMPATH\CodeIgniter.php(499): CodeIgniter\CodeIgniter->runController(Object(App\Controllers\Home))
 8 SYSTEMPATH\CodeIgniter.php(368): CodeIgniter\CodeIgniter->handleRequest(null, Object(Config\Cache), false)
 9 FCPATH\index.php(68): CodeIgniter\CodeIgniter->run()
CRITICAL - 2023-08-01 09:58:56 --> Undefined array key "child_id"
in APPPATH\Views\front\subcategory.php on line 85.
 1 APPPATH\Views\front\subcategory.php(85): CodeIgniter\Debug\Exceptions->errorHandler(2, 'Undefined array key "child_id"', 'C:\\xampp\\htdocs\\truflow\\app\\Views\\front\\subcategory.php', 85)
 2 SYSTEMPATH\View\View.php(213): include('C:\\xampp\\htdocs\\truflow\\app\\Views\\front\\subcategory.php')
 3 SYSTEMPATH\View\View.php(216): CodeIgniter\View\View->CodeIgniter\View\{closure}()
 4 SYSTEMPATH\Common.php(1184): CodeIgniter\View\View->render('front/subcategory', [], true)
 5 APPPATH\Controllers\Home.php(1025): view('front/subcategory', [...])
 6 SYSTEMPATH\CodeIgniter.php(934): App\Controllers\Home->main_sub_category('1')
 7 SYSTEMPATH\CodeIgniter.php(499): CodeIgniter\CodeIgniter->runController(Object(App\Controllers\Home))
 8 SYSTEMPATH\CodeIgniter.php(368): CodeIgniter\CodeIgniter->handleRequest(null, Object(Config\Cache), false)
 9 FCPATH\index.php(68): CodeIgniter\CodeIgniter->run()
CRITICAL - 2023-08-01 09:59:50 --> Undefined array key "product_id"
in APPPATH\Views\front\subcategory.php on line 85.
 1 APPPATH\Views\front\subcategory.php(85): CodeIgniter\Debug\Exceptions->errorHandler(2, 'Undefined array key "product_id"', 'C:\\xampp\\htdocs\\truflow\\app\\Views\\front\\subcategory.php', 85)
 2 SYSTEMPATH\View\View.php(213): include('C:\\xampp\\htdocs\\truflow\\app\\Views\\front\\subcategory.php')
 3 SYSTEMPATH\View\View.php(216): CodeIgniter\View\View->CodeIgniter\View\{closure}()
 4 SYSTEMPATH\Common.php(1184): CodeIgniter\View\View->render('front/subcategory', [], true)
 5 APPPATH\Controllers\Home.php(1026): view('front/subcategory', [...])
 6 SYSTEMPATH\CodeIgniter.php(934): App\Controllers\Home->main_sub_category('1')
 7 SYSTEMPATH\CodeIgniter.php(499): CodeIgniter\CodeIgniter->runController(Object(App\Controllers\Home))
 8 SYSTEMPATH\CodeIgniter.php(368): CodeIgniter\CodeIgniter->handleRequest(null, Object(Config\Cache), false)
 9 FCPATH\index.php(68): CodeIgniter\CodeIgniter->run()
CRITICAL - 2023-08-01 10:04:30 --> Undefined array key "child_id"
in APPPATH\Views\front\subcategory.php on line 85.
 1 APPPATH\Views\front\subcategory.php(85): CodeIgniter\Debug\Exceptions->errorHandler(2, 'Undefined array key "child_id"', 'C:\\xampp\\htdocs\\truflow\\app\\Views\\front\\subcategory.php', 85)
 2 SYSTEMPATH\View\View.php(213): include('C:\\xampp\\htdocs\\truflow\\app\\Views\\front\\subcategory.php')
 3 SYSTEMPATH\View\View.php(216): CodeIgniter\View\View->CodeIgniter\View\{closure}()
 4 SYSTEMPATH\Common.php(1184): CodeIgniter\View\View->render('front/subcategory', [], true)
 5 APPPATH\Controllers\Home.php(1021): view('front/subcategory', [...])
 6 SYSTEMPATH\CodeIgniter.php(934): App\Controllers\Home->main_sub_category('1')
 7 SYSTEMPATH\CodeIgniter.php(499): CodeIgniter\CodeIgniter->runController(Object(App\Controllers\Home))
 8 SYSTEMPATH\CodeIgniter.php(368): CodeIgniter\CodeIgniter->handleRequest(null, Object(Config\Cache), false)
 9 FCPATH\index.php(68): CodeIgniter\CodeIgniter->run()
CRITICAL - 2023-08-01 10:05:01 --> Undefined array key "product_id"
in APPPATH\Views\front\subcategory.php on line 85.
 1 APPPATH\Views\front\subcategory.php(85): CodeIgniter\Debug\Exceptions->errorHandler(2, 'Undefined array key "product_id"', 'C:\\xampp\\htdocs\\truflow\\app\\Views\\front\\subcategory.php', 85)
 2 SYSTEMPATH\View\View.php(213): include('C:\\xampp\\htdocs\\truflow\\app\\Views\\front\\subcategory.php')
 3 SYSTEMPATH\View\View.php(216): CodeIgniter\View\View->CodeIgniter\View\{closure}()
 4 SYSTEMPATH\Common.php(1184): CodeIgniter\View\View->render('front/subcategory', [], true)
 5 APPPATH\Controllers\Home.php(1021): view('front/subcategory', [...])
 6 SYSTEMPATH\CodeIgniter.php(934): App\Controllers\Home->main_sub_category('1')
 7 SYSTEMPATH\CodeIgniter.php(499): CodeIgniter\CodeIgniter->runController(Object(App\Controllers\Home))
 8 SYSTEMPATH\CodeIgniter.php(368): CodeIgniter\CodeIgniter->handleRequest(null, Object(Config\Cache), false)
 9 FCPATH\index.php(68): CodeIgniter\CodeIgniter->run()
CRITICAL - 2023-08-01 10:05:10 --> Undefined array key "child_id"
in APPPATH\Views\front\subcategory.php on line 85.
 1 APPPATH\Views\front\subcategory.php(85): CodeIgniter\Debug\Exceptions->errorHandler(2, 'Undefined array key "child_id"', 'C:\\xampp\\htdocs\\truflow\\app\\Views\\front\\subcategory.php', 85)
 2 SYSTEMPATH\View\View.php(213): include('C:\\xampp\\htdocs\\truflow\\app\\Views\\front\\subcategory.php')
 3 SYSTEMPATH\View\View.php(216): CodeIgniter\View\View->CodeIgniter\View\{closure}()
 4 SYSTEMPATH\Common.php(1184): CodeIgniter\View\View->render('front/subcategory', [], true)
 5 APPPATH\Controllers\Home.php(1021): view('front/subcategory', [...])
 6 SYSTEMPATH\CodeIgniter.php(934): App\Controllers\Home->main_sub_category('1')
 7 SYSTEMPATH\CodeIgniter.php(499): CodeIgniter\CodeIgniter->runController(Object(App\Controllers\Home))
 8 SYSTEMPATH\CodeIgniter.php(368): CodeIgniter\CodeIgniter->handleRequest(null, Object(Config\Cache), false)
 9 FCPATH\index.php(68): CodeIgniter\CodeIgniter->run()
CRITICAL - 2023-08-01 10:05:17 --> Undefined array key "child_id"
in APPPATH\Views\front\subcategory.php on line 85.
 1 APPPATH\Views\front\subcategory.php(85): CodeIgniter\Debug\Exceptions->errorHandler(2, 'Undefined array key "child_id"', 'C:\\xampp\\htdocs\\truflow\\app\\Views\\front\\subcategory.php', 85)
 2 SYSTEMPATH\View\View.php(213): include('C:\\xampp\\htdocs\\truflow\\app\\Views\\front\\subcategory.php')
 3 SYSTEMPATH\View\View.php(216): CodeIgniter\View\View->CodeIgniter\View\{closure}()
 4 SYSTEMPATH\Common.php(1184): CodeIgniter\View\View->render('front/subcategory', [], true)
 5 APPPATH\Controllers\Home.php(1021): view('front/subcategory', [...])
 6 SYSTEMPATH\CodeIgniter.php(934): App\Controllers\Home->main_sub_category('1')
 7 SYSTEMPATH\CodeIgniter.php(499): CodeIgniter\CodeIgniter->runController(Object(App\Controllers\Home))
 8 SYSTEMPATH\CodeIgniter.php(368): CodeIgniter\CodeIgniter->handleRequest(null, Object(Config\Cache), false)
 9 FCPATH\index.php(68): CodeIgniter\CodeIgniter->run()
CRITICAL - 2023-08-01 10:07:23 --> Undefined array key "child_id"
in APPPATH\Views\front\subcategory.php on line 85.
 1 APPPATH\Views\front\subcategory.php(85): CodeIgniter\Debug\Exceptions->errorHandler(2, 'Undefined array key "child_id"', 'C:\\xampp\\htdocs\\truflow\\app\\Views\\front\\subcategory.php', 85)
 2 SYSTEMPATH\View\View.php(213): include('C:\\xampp\\htdocs\\truflow\\app\\Views\\front\\subcategory.php')
 3 SYSTEMPATH\View\View.php(216): CodeIgniter\View\View->CodeIgniter\View\{closure}()
 4 SYSTEMPATH\Common.php(1184): CodeIgniter\View\View->render('front/subcategory', [], true)
 5 APPPATH\Controllers\Home.php(1021): view('front/subcategory', [...])
 6 SYSTEMPATH\CodeIgniter.php(934): App\Controllers\Home->main_sub_category('1')
 7 SYSTEMPATH\CodeIgniter.php(499): CodeIgniter\CodeIgniter->runController(Object(App\Controllers\Home))
 8 SYSTEMPATH\CodeIgniter.php(368): CodeIgniter\CodeIgniter->handleRequest(null, Object(Config\Cache), false)
 9 FCPATH\index.php(68): CodeIgniter\CodeIgniter->run()
CRITICAL - 2023-08-01 10:08:23 --> Undefined array key 3
in APPPATH\Views\front\product.php on line 40.
 1 APPPATH\Views\front\product.php(40): CodeIgniter\Debug\Exceptions->errorHandler(2, 'Undefined array key 3', 'C:\\xampp\\htdocs\\truflow\\app\\Views\\front\\product.php', 40)
 2 SYSTEMPATH\View\View.php(213): include('C:\\xampp\\htdocs\\truflow\\app\\Views\\front\\product.php')
 3 SYSTEMPATH\View\View.php(216): CodeIgniter\View\View->CodeIgniter\View\{closure}()
 4 SYSTEMPATH\Common.php(1184): CodeIgniter\View\View->render('front/product', [], true)
 5 APPPATH\Controllers\Home.php(487): view('front/product', [...])
 6 SYSTEMPATH\CodeIgniter.php(934): App\Controllers\Home->product('4')
 7 SYSTEMPATH\CodeIgniter.php(499): CodeIgniter\CodeIgniter->runController(Object(App\Controllers\Home))
 8 SYSTEMPATH\CodeIgniter.php(368): CodeIgniter\CodeIgniter->handleRequest(null, Object(Config\Cache), false)
 9 FCPATH\index.php(68): CodeIgniter\CodeIgniter->run()
CRITICAL - 2023-08-01 10:51:10 --> Undefined array key "child_sub_category_name"
in APPPATH\Views\front\product.php on line 44.
 1 APPPATH\Views\front\product.php(44): CodeIgniter\Debug\Exceptions->errorHandler(2, 'Undefined array key "child_sub_category_name"', 'C:\\xampp\\htdocs\\truflow\\app\\Views\\front\\product.php', 44)
 2 SYSTEMPATH\View\View.php(213): include('C:\\xampp\\htdocs\\truflow\\app\\Views\\front\\product.php')
 3 SYSTEMPATH\View\View.php(216): CodeIgniter\View\View->CodeIgniter\View\{closure}()
 4 SYSTEMPATH\Common.php(1184): CodeIgniter\View\View->render('front/product', [], true)
 5 APPPATH\Controllers\Home.php(503): view('front/product', [...])
 6 SYSTEMPATH\CodeIgniter.php(934): App\Controllers\Home->product('1')
 7 SYSTEMPATH\CodeIgniter.php(499): CodeIgniter\CodeIgniter->runController(Object(App\Controllers\Home))
 8 SYSTEMPATH\CodeIgniter.php(368): CodeIgniter\CodeIgniter->handleRequest(null, Object(Config\Cache), false)
 9 FCPATH\index.php(68): CodeIgniter\CodeIgniter->run()
CRITICAL - 2023-08-01 10:52:36 --> Undefined array key "product_img"
in APPPATH\Views\front\product.php on line 94.
 1 APPPATH\Views\front\product.php(94): CodeIgniter\Debug\Exceptions->errorHandler(2, 'Undefined array key "product_img"', 'C:\\xampp\\htdocs\\truflow\\app\\Views\\front\\product.php', 94)
 2 SYSTEMPATH\View\View.php(213): include('C:\\xampp\\htdocs\\truflow\\app\\Views\\front\\product.php')
 3 SYSTEMPATH\View\View.php(216): CodeIgniter\View\View->CodeIgniter\View\{closure}()
 4 SYSTEMPATH\Common.php(1184): CodeIgniter\View\View->render('front/product', [], true)
 5 APPPATH\Controllers\Home.php(511): view('front/product', [...])
 6 SYSTEMPATH\CodeIgniter.php(934): App\Controllers\Home->product('1')
 7 SYSTEMPATH\CodeIgniter.php(499): CodeIgniter\CodeIgniter->runController(Object(App\Controllers\Home))
 8 SYSTEMPATH\CodeIgniter.php(368): CodeIgniter\CodeIgniter->handleRequest(null, Object(Config\Cache), false)
 9 FCPATH\index.php(68): CodeIgniter\CodeIgniter->run()
CRITICAL - 2023-08-01 10:55:50 --> foreach() argument must be of type array|object, null given
in APPPATH\Controllers\Home.php on line 481.
 1 APPPATH\Controllers\Home.php(481): CodeIgniter\Debug\Exceptions->errorHandler(2, 'foreach() argument must be of type array|object, null given', 'C:\\xampp\\htdocs\\truflow\\app\\Controllers\\Home.php', 481)
 2 SYSTEMPATH\CodeIgniter.php(934): App\Controllers\Home->product('5')
 3 SYSTEMPATH\CodeIgniter.php(499): CodeIgniter\CodeIgniter->runController(Object(App\Controllers\Home))
 4 SYSTEMPATH\CodeIgniter.php(368): CodeIgniter\CodeIgniter->handleRequest(null, Object(Config\Cache), false)
 5 FCPATH\index.php(68): CodeIgniter\CodeIgniter->run()
CRITICAL - 2023-08-01 10:57:16 --> foreach() argument must be of type array|object, null given
in APPPATH\Controllers\Home.php on line 481.
 1 APPPATH\Controllers\Home.php(481): CodeIgniter\Debug\Exceptions->errorHandler(2, 'foreach() argument must be of type array|object, null given', 'C:\\xampp\\htdocs\\truflow\\app\\Controllers\\Home.php', 481)
 2 SYSTEMPATH\CodeIgniter.php(934): App\Controllers\Home->product('4')
 3 SYSTEMPATH\CodeIgniter.php(499): CodeIgniter\CodeIgniter->runController(Object(App\Controllers\Home))
 4 SYSTEMPATH\CodeIgniter.php(368): CodeIgniter\CodeIgniter->handleRequest(null, Object(Config\Cache), false)
 5 FCPATH\index.php(68): CodeIgniter\CodeIgniter->run()
CRITICAL - 2023-08-01 10:57:22 --> foreach() argument must be of type array|object, null given
in APPPATH\Controllers\Home.php on line 481.
 1 APPPATH\Controllers\Home.php(481): CodeIgniter\Debug\Exceptions->errorHandler(2, 'foreach() argument must be of type array|object, null given', 'C:\\xampp\\htdocs\\truflow\\app\\Controllers\\Home.php', 481)
 2 SYSTEMPATH\CodeIgniter.php(934): App\Controllers\Home->product('6')
 3 SYSTEMPATH\CodeIgniter.php(499): CodeIgniter\CodeIgniter->runController(Object(App\Controllers\Home))
 4 SYSTEMPATH\CodeIgniter.php(368): CodeIgniter\CodeIgniter->handleRequest(null, Object(Config\Cache), false)
 5 FCPATH\index.php(68): CodeIgniter\CodeIgniter->run()
CRITICAL - 2023-08-01 10:58:35 --> foreach() argument must be of type array|object, null given
in APPPATH\Controllers\Home.php on line 481.
 1 APPPATH\Controllers\Home.php(481): CodeIgniter\Debug\Exceptions->errorHandler(2, 'foreach() argument must be of type array|object, null given', 'C:\\xampp\\htdocs\\truflow\\app\\Controllers\\Home.php', 481)
 2 SYSTEMPATH\CodeIgniter.php(934): App\Controllers\Home->product('4')
 3 SYSTEMPATH\CodeIgniter.php(499): CodeIgniter\CodeIgniter->runController(Object(App\Controllers\Home))
 4 SYSTEMPATH\CodeIgniter.php(368): CodeIgniter\CodeIgniter->handleRequest(null, Object(Config\Cache), false)
 5 FCPATH\index.php(68): CodeIgniter\CodeIgniter->run()
CRITICAL - 2023-08-01 10:58:35 --> foreach() argument must be of type array|object, null given
in APPPATH\Controllers\Home.php on line 481.
 1 APPPATH\Controllers\Home.php(481): CodeIgniter\Debug\Exceptions->errorHandler(2, 'foreach() argument must be of type array|object, null given', 'C:\\xampp\\htdocs\\truflow\\app\\Controllers\\Home.php', 481)
 2 SYSTEMPATH\CodeIgniter.php(934): App\Controllers\Home->product('4')
 3 SYSTEMPATH\CodeIgniter.php(499): CodeIgniter\CodeIgniter->runController(Object(App\Controllers\Home))
 4 SYSTEMPATH\CodeIgniter.php(368): CodeIgniter\CodeIgniter->handleRequest(null, Object(Config\Cache), false)
 5 FCPATH\index.php(68): CodeIgniter\CodeIgniter->run()
CRITICAL - 2023-08-01 10:58:46 --> foreach() argument must be of type array|object, null given
in APPPATH\Controllers\Home.php on line 481.
 1 APPPATH\Controllers\Home.php(481): CodeIgniter\Debug\Exceptions->errorHandler(2, 'foreach() argument must be of type array|object, null given', 'C:\\xampp\\htdocs\\truflow\\app\\Controllers\\Home.php', 481)
 2 SYSTEMPATH\CodeIgniter.php(934): App\Controllers\Home->product('5')
 3 SYSTEMPATH\CodeIgniter.php(499): CodeIgniter\CodeIgniter->runController(Object(App\Controllers\Home))
 4 SYSTEMPATH\CodeIgniter.php(368): CodeIgniter\CodeIgniter->handleRequest(null, Object(Config\Cache), false)
 5 FCPATH\index.php(68): CodeIgniter\CodeIgniter->run()
CRITICAL - 2023-08-01 11:00:28 --> foreach() argument must be of type array|object, null given
in APPPATH\Controllers\Home.php on line 481.
 1 APPPATH\Controllers\Home.php(481): CodeIgniter\Debug\Exceptions->errorHandler(2, 'foreach() argument must be of type array|object, null given', 'C:\\xampp\\htdocs\\truflow\\app\\Controllers\\Home.php', 481)
 2 SYSTEMPATH\CodeIgniter.php(934): App\Controllers\Home->product('6')
 3 SYSTEMPATH\CodeIgniter.php(499): CodeIgniter\CodeIgniter->runController(Object(App\Controllers\Home))
 4 SYSTEMPATH\CodeIgniter.php(368): CodeIgniter\CodeIgniter->handleRequest(null, Object(Config\Cache), false)
 5 FCPATH\index.php(68): CodeIgniter\CodeIgniter->run()
CRITICAL - 2023-08-01 11:00:56 --> foreach() argument must be of type array|object, null given
in APPPATH\Controllers\Home.php on line 481.
 1 APPPATH\Controllers\Home.php(481): CodeIgniter\Debug\Exceptions->errorHandler(2, 'foreach() argument must be of type array|object, null given', 'C:\\xampp\\htdocs\\truflow\\app\\Controllers\\Home.php', 481)
 2 SYSTEMPATH\CodeIgniter.php(934): App\Controllers\Home->product('6')
 3 SYSTEMPATH\CodeIgniter.php(499): CodeIgniter\CodeIgniter->runController(Object(App\Controllers\Home))
 4 SYSTEMPATH\CodeIgniter.php(368): CodeIgniter\CodeIgniter->handleRequest(null, Object(Config\Cache), false)
 5 FCPATH\index.php(68): CodeIgniter\CodeIgniter->run()
CRITICAL - 2023-08-01 11:01:00 --> foreach() argument must be of type array|object, null given
in APPPATH\Controllers\Home.php on line 481.
 1 APPPATH\Controllers\Home.php(481): CodeIgniter\Debug\Exceptions->errorHandler(2, 'foreach() argument must be of type array|object, null given', 'C:\\xampp\\htdocs\\truflow\\app\\Controllers\\Home.php', 481)
 2 SYSTEMPATH\CodeIgniter.php(934): App\Controllers\Home->product('6')
 3 SYSTEMPATH\CodeIgniter.php(499): CodeIgniter\CodeIgniter->runController(Object(App\Controllers\Home))
 4 SYSTEMPATH\CodeIgniter.php(368): CodeIgniter\CodeIgniter->handleRequest(null, Object(Config\Cache), false)
 5 FCPATH\index.php(68): CodeIgniter\CodeIgniter->run()
CRITICAL - 2023-08-01 11:01:01 --> foreach() argument must be of type array|object, null given
in APPPATH\Controllers\Home.php on line 481.
 1 APPPATH\Controllers\Home.php(481): CodeIgniter\Debug\Exceptions->errorHandler(2, 'foreach() argument must be of type array|object, null given', 'C:\\xampp\\htdocs\\truflow\\app\\Controllers\\Home.php', 481)
 2 SYSTEMPATH\CodeIgniter.php(934): App\Controllers\Home->product('6')
 3 SYSTEMPATH\CodeIgniter.php(499): CodeIgniter\CodeIgniter->runController(Object(App\Controllers\Home))
 4 SYSTEMPATH\CodeIgniter.php(368): CodeIgniter\CodeIgniter->handleRequest(null, Object(Config\Cache), false)
 5 FCPATH\index.php(68): CodeIgniter\CodeIgniter->run()
CRITICAL - 2023-08-01 11:06:15 --> foreach() argument must be of type array|object, null given
in APPPATH\Controllers\Home.php on line 481.
 1 APPPATH\Controllers\Home.php(481): CodeIgniter\Debug\Exceptions->errorHandler(2, 'foreach() argument must be of type array|object, null given', 'C:\\xampp\\htdocs\\truflow\\app\\Controllers\\Home.php', 481)
 2 SYSTEMPATH\CodeIgniter.php(934): App\Controllers\Home->product('4')
 3 SYSTEMPATH\CodeIgniter.php(499): CodeIgniter\CodeIgniter->runController(Object(App\Controllers\Home))
 4 SYSTEMPATH\CodeIgniter.php(368): CodeIgniter\CodeIgniter->handleRequest(null, Object(Config\Cache), false)
 5 FCPATH\index.php(68): CodeIgniter\CodeIgniter->run()
CRITICAL - 2023-08-01 11:06:34 --> Undefined variable $sidebar_array
in APPPATH\Controllers\Home.php on line 522.
 1 APPPATH\Controllers\Home.php(522): CodeIgniter\Debug\Exceptions->errorHandler(2, 'Undefined variable $sidebar_array', 'C:\\xampp\\htdocs\\truflow\\app\\Controllers\\Home.php', 522)
 2 SYSTEMPATH\CodeIgniter.php(934): App\Controllers\Home->product('4')
 3 SYSTEMPATH\CodeIgniter.php(499): CodeIgniter\CodeIgniter->runController(Object(App\Controllers\Home))
 4 SYSTEMPATH\CodeIgniter.php(368): CodeIgniter\CodeIgniter->handleRequest(null, Object(Config\Cache), false)
 5 FCPATH\index.php(68): CodeIgniter\CodeIgniter->run()
CRITICAL - 2023-08-01 11:24:49 --> Cannot use object of type mysqli as array
in APPPATH\Controllers\Home.php on line 441.
 1 SYSTEMPATH\CodeIgniter.php(934): App\Controllers\Home->product('1')
 2 SYSTEMPATH\CodeIgniter.php(499): CodeIgniter\CodeIgniter->runController(Object(App\Controllers\Home))
 3 SYSTEMPATH\CodeIgniter.php(368): CodeIgniter\CodeIgniter->handleRequest(null, Object(Config\Cache), false)
 4 FCPATH\index.php(68): CodeIgniter\CodeIgniter->run()
CRITICAL - 2023-08-01 11:31:54 --> Undefined array key "child_id"
in APPPATH\Views\front\subcategory.php on line 85.
 1 APPPATH\Views\front\subcategory.php(85): CodeIgniter\Debug\Exceptions->errorHandler(2, 'Undefined array key "child_id"', 'C:\\xampp\\htdocs\\truflow\\app\\Views\\front\\subcategory.php', 85)
 2 SYSTEMPATH\View\View.php(213): include('C:\\xampp\\htdocs\\truflow\\app\\Views\\front\\subcategory.php')
 3 SYSTEMPATH\View\View.php(216): CodeIgniter\View\View->CodeIgniter\View\{closure}()
 4 SYSTEMPATH\Common.php(1184): CodeIgniter\View\View->render('front/subcategory', [], true)
 5 APPPATH\Controllers\Home.php(1060): view('front/subcategory', [...])
 6 SYSTEMPATH\CodeIgniter.php(934): App\Controllers\Home->main_sub_category('1')
 7 SYSTEMPATH\CodeIgniter.php(499): CodeIgniter\CodeIgniter->runController(Object(App\Controllers\Home))
 8 SYSTEMPATH\CodeIgniter.php(368): CodeIgniter\CodeIgniter->handleRequest(null, Object(Config\Cache), false)
 9 FCPATH\index.php(68): CodeIgniter\CodeIgniter->run()
CRITICAL - 2023-08-01 11:32:01 --> Undefined array key "child_id"
in APPPATH\Views\front\subcategory.php on line 85.
 1 APPPATH\Views\front\subcategory.php(85): CodeIgniter\Debug\Exceptions->errorHandler(2, 'Undefined array key "child_id"', 'C:\\xampp\\htdocs\\truflow\\app\\Views\\front\\subcategory.php', 85)
 2 SYSTEMPATH\View\View.php(213): include('C:\\xampp\\htdocs\\truflow\\app\\Views\\front\\subcategory.php')
 3 SYSTEMPATH\View\View.php(216): CodeIgniter\View\View->CodeIgniter\View\{closure}()
 4 SYSTEMPATH\Common.php(1184): CodeIgniter\View\View->render('front/subcategory', [], true)
 5 APPPATH\Controllers\Home.php(1060): view('front/subcategory', [...])
 6 SYSTEMPATH\CodeIgniter.php(934): App\Controllers\Home->main_sub_category('1')
 7 SYSTEMPATH\CodeIgniter.php(499): CodeIgniter\CodeIgniter->runController(Object(App\Controllers\Home))
 8 SYSTEMPATH\CodeIgniter.php(368): CodeIgniter\CodeIgniter->handleRequest(null, Object(Config\Cache), false)
 9 FCPATH\index.php(68): CodeIgniter\CodeIgniter->run()
CRITICAL - 2023-08-01 11:32:50 --> Undefined array key "child_id"
in APPPATH\Views\front\subcategory.php on line 88.
 1 APPPATH\Views\front\subcategory.php(88): CodeIgniter\Debug\Exceptions->errorHandler(2, 'Undefined array key "child_id"', 'C:\\xampp\\htdocs\\truflow\\app\\Views\\front\\subcategory.php', 88)
 2 SYSTEMPATH\View\View.php(213): include('C:\\xampp\\htdocs\\truflow\\app\\Views\\front\\subcategory.php')
 3 SYSTEMPATH\View\View.php(216): CodeIgniter\View\View->CodeIgniter\View\{closure}()
 4 SYSTEMPATH\Common.php(1184): CodeIgniter\View\View->render('front/subcategory', [], true)
 5 APPPATH\Controllers\Home.php(1060): view('front/subcategory', [...])
 6 SYSTEMPATH\CodeIgniter.php(934): App\Controllers\Home->main_sub_category('1')
 7 SYSTEMPATH\CodeIgniter.php(499): CodeIgniter\CodeIgniter->runController(Object(App\Controllers\Home))
 8 SYSTEMPATH\CodeIgniter.php(368): CodeIgniter\CodeIgniter->handleRequest(null, Object(Config\Cache), false)
 9 FCPATH\index.php(68): CodeIgniter\CodeIgniter->run()
CRITICAL - 2023-08-01 11:35:43 --> Undefined variable $child_id
in APPPATH\Controllers\Home.php on line 435.
 1 APPPATH\Controllers\Home.php(435): CodeIgniter\Debug\Exceptions->errorHandler(2, 'Undefined variable $child_id', 'C:\\xampp\\htdocs\\truflow\\app\\Controllers\\Home.php', 435)
 2 SYSTEMPATH\CodeIgniter.php(934): App\Controllers\Home->product('1', '1')
 3 SYSTEMPATH\CodeIgniter.php(499): CodeIgniter\CodeIgniter->runController(Object(App\Controllers\Home))
 4 SYSTEMPATH\CodeIgniter.php(368): CodeIgniter\CodeIgniter->handleRequest(null, Object(Config\Cache), false)
 5 FCPATH\index.php(68): CodeIgniter\CodeIgniter->run()
