CRITICAL - 2023-12-04 12:59:47 --> Undefined variable $file
in APPPATH\Controllers\Admin\CsvController.php on line 27.
 1 APPPATH\Controllers\Admin\CsvController.php(27): CodeIgniter\Debug\Exceptions->errorHandler(2, 'Undefined variable $file', 'C:\\xampp\\htdocs\\truflow-git\\truflow\\app\\Controllers\\Admin\\CsvController.php', 27)
 2 SYSTEMPATH\CodeIgniter.php(934): App\Controllers\Admin\CsvController->processCSV()
 3 SYSTEMPATH\CodeIgniter.php(499): CodeIgniter\CodeIgniter->runController(Object(App\Controllers\Admin\CsvController))
 4 SYSTEMPATH\CodeIgniter.php(368): CodeIgniter\CodeIgniter->handleRequest(null, Object(Config\Cache), false)
 5 FCPATH\index.php(68): CodeIgniter\CodeIgniter->run()
CRITICAL - 2023-12-04 13:16:05 --> Undefined variable $csv
in APPPATH\Controllers\Admin\CsvController.php on line 44.
 1 APPPATH\Controllers\Admin\CsvController.php(44): CodeIgniter\Debug\Exceptions->errorHandler(2, 'Undefined variable $csv', 'C:\\xampp\\htdocs\\truflow-git\\truflow\\app\\Controllers\\Admin\\CsvController.php', 44)
 2 SYSTEMPATH\CodeIgniter.php(934): App\Controllers\Admin\CsvController->processCSV()
 3 SYSTEMPATH\CodeIgniter.php(499): CodeIgniter\CodeIgniter->runController(Object(App\Controllers\Admin\CsvController))
 4 SYSTEMPATH\CodeIgniter.php(368): CodeIgniter\CodeIgniter->handleRequest(null, Object(Config\Cache), false)
 5 FCPATH\index.php(68): CodeIgniter\CodeIgniter->run()
CRITICAL - 2023-12-04 13:51:15 --> file_get_contents(http://localhost/truflow/public/admin/images/csv_product_img/ACP.jpg): Failed to open stream: HTTP request failed! HTTP/1.1 404 Not Found

in APPPATH\Controllers\Admin\CsvController.php on line 96.
 1 [internal function]: CodeIgniter\Debug\Exceptions->errorHandler(2, 'file_get_contents(http://localhost/truflow/public/admin/images/csv_product_img/ACP.jpg): Failed to open stream: HTTP request failed! HTTP/1.1 404 Not Found
', 'C:\\xampp\\htdocs\\truflow-git\\truflow\\app\\Controllers\\Admin\\CsvController.php', 96)
 2 APPPATH\Controllers\Admin\CsvController.php(96): file_get_contents('http://localhost/truflow/public/admin/images/csv_product_img/ACP.jpg')
 3 SYSTEMPATH\CodeIgniter.php(934): App\Controllers\Admin\CsvController->processCSV()
 4 SYSTEMPATH\CodeIgniter.php(499): CodeIgniter\CodeIgniter->runController(Object(App\Controllers\Admin\CsvController))
 5 SYSTEMPATH\CodeIgniter.php(368): CodeIgniter\CodeIgniter->handleRequest(null, Object(Config\Cache), false)
 6 FCPATH\index.php(68): CodeIgniter\CodeIgniter->run()
CRITICAL - 2023-12-04 13:53:49 --> Attempt to read property "child_id" on null
in APPPATH\Controllers\Admin\CsvController.php on line 148.
 1 APPPATH\Controllers\Admin\CsvController.php(148): CodeIgniter\Debug\Exceptions->errorHandler(2, 'Attempt to read property "child_id" on null', 'C:\\xampp\\htdocs\\truflow-git\\truflow\\app\\Controllers\\Admin\\CsvController.php', 148)
 2 SYSTEMPATH\CodeIgniter.php(934): App\Controllers\Admin\CsvController->processCSV()
 3 SYSTEMPATH\CodeIgniter.php(499): CodeIgniter\CodeIgniter->runController(Object(App\Controllers\Admin\CsvController))
 4 SYSTEMPATH\CodeIgniter.php(368): CodeIgniter\CodeIgniter->handleRequest(null, Object(Config\Cache), false)
 5 FCPATH\index.php(68): CodeIgniter\CodeIgniter->run()
