CRITICAL - 2023-07-29 04:46:01 --> Undefined array key "sub_category_name"
in APPPATH\Views\front\child_sub_category.php on line 93.
 1 APPPATH\Views\front\child_sub_category.php(93): CodeIgniter\Debug\Exceptions->errorHandler(2, 'Undefined array key "sub_category_name"', 'C:\\xampp\\htdocs\\truflow\\app\\Views\\front\\child_sub_category.php', 93)
 2 SYSTEMPATH\View\View.php(213): include('C:\\xampp\\htdocs\\truflow\\app\\Views\\front\\child_sub_category.php')
 3 SYSTEMPATH\View\View.php(216): CodeIgniter\View\View->CodeIgniter\View\{closure}()
 4 SYSTEMPATH\Common.php(1184): CodeIgniter\View\View->render('front/child_sub_category', [], true)
 5 APPPATH\Controllers\Home.php(313): view('front/child_sub_category', [...])
 6 SYSTEMPATH\CodeIgniter.php(934): App\Controllers\Home->child_sub_category('1')
 7 SYSTEMPATH\CodeIgniter.php(499): CodeIgniter\CodeIgniter->runController(Object(App\Controllers\Home))
 8 SYSTEMPATH\CodeIgniter.php(368): CodeIgniter\CodeIgniter->handleRequest(null, Object(Config\Cache), false)
 9 FCPATH\index.php(68): CodeIgniter\CodeIgniter->run()
CRITICAL - 2023-07-29 04:49:26 --> Undefined array key "sub_category_name"
in APPPATH\Views\front\child_sub_category.php on line 93.
 1 APPPATH\Views\front\child_sub_category.php(93): CodeIgniter\Debug\Exceptions->errorHandler(2, 'Undefined array key "sub_category_name"', 'C:\\xampp\\htdocs\\truflow\\app\\Views\\front\\child_sub_category.php', 93)
 2 SYSTEMPATH\View\View.php(213): include('C:\\xampp\\htdocs\\truflow\\app\\Views\\front\\child_sub_category.php')
 3 SYSTEMPATH\View\View.php(216): CodeIgniter\View\View->CodeIgniter\View\{closure}()
 4 SYSTEMPATH\Common.php(1184): CodeIgniter\View\View->render('front/child_sub_category', [], true)
 5 APPPATH\Controllers\Home.php(313): view('front/child_sub_category', [...])
 6 SYSTEMPATH\CodeIgniter.php(934): App\Controllers\Home->child_sub_category('1')
 7 SYSTEMPATH\CodeIgniter.php(499): CodeIgniter\CodeIgniter->runController(Object(App\Controllers\Home))
 8 SYSTEMPATH\CodeIgniter.php(368): CodeIgniter\CodeIgniter->handleRequest(null, Object(Config\Cache), false)
 9 FCPATH\index.php(68): CodeIgniter\CodeIgniter->run()
CRITICAL - 2023-07-29 04:55:32 --> Undefined array key "sub_category_name"
in APPPATH\Views\front\child_sub_category.php on line 89.
 1 APPPATH\Views\front\child_sub_category.php(89): CodeIgniter\Debug\Exceptions->errorHandler(2, 'Undefined array key "sub_category_name"', 'C:\\xampp\\htdocs\\truflow\\app\\Views\\front\\child_sub_category.php', 89)
 2 SYSTEMPATH\View\View.php(213): include('C:\\xampp\\htdocs\\truflow\\app\\Views\\front\\child_sub_category.php')
 3 SYSTEMPATH\View\View.php(216): CodeIgniter\View\View->CodeIgniter\View\{closure}()
 4 SYSTEMPATH\Common.php(1184): CodeIgniter\View\View->render('front/child_sub_category', [], true)
 5 APPPATH\Controllers\Home.php(317): view('front/child_sub_category', [...])
 6 SYSTEMPATH\CodeIgniter.php(934): App\Controllers\Home->child_sub_category('1')
 7 SYSTEMPATH\CodeIgniter.php(499): CodeIgniter\CodeIgniter->runController(Object(App\Controllers\Home))
 8 SYSTEMPATH\CodeIgniter.php(368): CodeIgniter\CodeIgniter->handleRequest(null, Object(Config\Cache), false)
 9 FCPATH\index.php(68): CodeIgniter\CodeIgniter->run()
CRITICAL - 2023-07-29 05:13:47 --> Undefined array key 0
in APPPATH\Controllers\Home.php on line 265.
 1 APPPATH\Controllers\Home.php(265): CodeIgniter\Debug\Exceptions->errorHandler(2, 'Undefined array key 0', 'C:\\xampp\\htdocs\\truflow\\app\\Controllers\\Home.php', 265)
 2 SYSTEMPATH\CodeIgniter.php(934): App\Controllers\Home->child_sub_category('1')
 3 SYSTEMPATH\CodeIgniter.php(499): CodeIgniter\CodeIgniter->runController(Object(App\Controllers\Home))
 4 SYSTEMPATH\CodeIgniter.php(368): CodeIgniter\CodeIgniter->handleRequest(null, Object(Config\Cache), false)
 5 FCPATH\index.php(68): CodeIgniter\CodeIgniter->run()
CRITICAL - 2023-07-29 05:26:20 --> Undefined array key "sub_category_name"
in APPPATH\Views\front\child_sub_category.php on line 45.
 1 APPPATH\Views\front\child_sub_category.php(45): CodeIgniter\Debug\Exceptions->errorHandler(2, 'Undefined array key "sub_category_name"', 'C:\\xampp\\htdocs\\truflow\\app\\Views\\front\\child_sub_category.php', 45)
 2 SYSTEMPATH\View\View.php(213): include('C:\\xampp\\htdocs\\truflow\\app\\Views\\front\\child_sub_category.php')
 3 SYSTEMPATH\View\View.php(216): CodeIgniter\View\View->CodeIgniter\View\{closure}()
 4 SYSTEMPATH\Common.php(1184): CodeIgniter\View\View->render('front/child_sub_category', [], true)
 5 APPPATH\Controllers\Home.php(315): view('front/child_sub_category', [...])
 6 SYSTEMPATH\CodeIgniter.php(934): App\Controllers\Home->child_sub_category('4')
 7 SYSTEMPATH\CodeIgniter.php(499): CodeIgniter\CodeIgniter->runController(Object(App\Controllers\Home))
 8 SYSTEMPATH\CodeIgniter.php(368): CodeIgniter\CodeIgniter->handleRequest(null, Object(Config\Cache), false)
 9 FCPATH\index.php(68): CodeIgniter\CodeIgniter->run()
CRITICAL - 2023-07-29 05:49:45 --> Undefined array key "child_sub_category_name"
in APPPATH\Views\front\child_sub_category.php on line 45.
 1 APPPATH\Views\front\child_sub_category.php(45): CodeIgniter\Debug\Exceptions->errorHandler(2, 'Undefined array key "child_sub_category_name"', 'C:\\xampp\\htdocs\\truflow\\app\\Views\\front\\child_sub_category.php', 45)
 2 SYSTEMPATH\View\View.php(213): include('C:\\xampp\\htdocs\\truflow\\app\\Views\\front\\child_sub_category.php')
 3 SYSTEMPATH\View\View.php(216): CodeIgniter\View\View->CodeIgniter\View\{closure}()
 4 SYSTEMPATH\Common.php(1184): CodeIgniter\View\View->render('front/child_sub_category', [], true)
 5 APPPATH\Controllers\Home.php(318): view('front/child_sub_category', [...])
 6 SYSTEMPATH\CodeIgniter.php(934): App\Controllers\Home->child_sub_category('4')
 7 SYSTEMPATH\CodeIgniter.php(499): CodeIgniter\CodeIgniter->runController(Object(App\Controllers\Home))
 8 SYSTEMPATH\CodeIgniter.php(368): CodeIgniter\CodeIgniter->handleRequest(null, Object(Config\Cache), false)
 9 FCPATH\index.php(68): CodeIgniter\CodeIgniter->run()
CRITICAL - 2023-07-29 05:50:19 --> Undefined array key "sub_category_name"
in APPPATH\Views\front\child_sub_category.php on line 45.
 1 APPPATH\Views\front\child_sub_category.php(45): CodeIgniter\Debug\Exceptions->errorHandler(2, 'Undefined array key "sub_category_name"', 'C:\\xampp\\htdocs\\truflow\\app\\Views\\front\\child_sub_category.php', 45)
 2 SYSTEMPATH\View\View.php(213): include('C:\\xampp\\htdocs\\truflow\\app\\Views\\front\\child_sub_category.php')
 3 SYSTEMPATH\View\View.php(216): CodeIgniter\View\View->CodeIgniter\View\{closure}()
 4 SYSTEMPATH\Common.php(1184): CodeIgniter\View\View->render('front/child_sub_category', [], true)
 5 APPPATH\Controllers\Home.php(318): view('front/child_sub_category', [...])
 6 SYSTEMPATH\CodeIgniter.php(934): App\Controllers\Home->child_sub_category('4')
 7 SYSTEMPATH\CodeIgniter.php(499): CodeIgniter\CodeIgniter->runController(Object(App\Controllers\Home))
 8 SYSTEMPATH\CodeIgniter.php(368): CodeIgniter\CodeIgniter->handleRequest(null, Object(Config\Cache), false)
 9 FCPATH\index.php(68): CodeIgniter\CodeIgniter->run()
CRITICAL - 2023-07-29 05:55:48 --> Undefined variable $category_id2
in APPPATH\Controllers\Home.php on line 273.
 1 APPPATH\Controllers\Home.php(273): CodeIgniter\Debug\Exceptions->errorHandler(2, 'Undefined variable $category_id2', 'C:\\xampp\\htdocs\\truflow\\app\\Controllers\\Home.php', 273)
 2 SYSTEMPATH\CodeIgniter.php(934): App\Controllers\Home->child_sub_category('4')
 3 SYSTEMPATH\CodeIgniter.php(499): CodeIgniter\CodeIgniter->runController(Object(App\Controllers\Home))
 4 SYSTEMPATH\CodeIgniter.php(368): CodeIgniter\CodeIgniter->handleRequest(null, Object(Config\Cache), false)
 5 FCPATH\index.php(68): CodeIgniter\CodeIgniter->run()
CRITICAL - 2023-07-29 06:38:49 --> Cannot use object of type stdClass as array
in APPPATH\Controllers\Home.php on line 306.
 1 SYSTEMPATH\CodeIgniter.php(934): App\Controllers\Home->child_sub_category('4')
 2 SYSTEMPATH\CodeIgniter.php(499): CodeIgniter\CodeIgniter->runController(Object(App\Controllers\Home))
 3 SYSTEMPATH\CodeIgniter.php(368): CodeIgniter\CodeIgniter->handleRequest(null, Object(Config\Cache), false)
 4 FCPATH\index.php(68): CodeIgniter\CodeIgniter->run()
CRITICAL - 2023-07-29 06:39:14 --> Undefined property: stdClass::$product_id
in APPPATH\Controllers\Home.php on line 306.
 1 APPPATH\Controllers\Home.php(306): CodeIgniter\Debug\Exceptions->errorHandler(2, 'Undefined property: stdClass::$product_id', 'C:\\xampp\\htdocs\\truflow\\app\\Controllers\\Home.php', 306)
 2 SYSTEMPATH\CodeIgniter.php(934): App\Controllers\Home->child_sub_category('4')
 3 SYSTEMPATH\CodeIgniter.php(499): CodeIgniter\CodeIgniter->runController(Object(App\Controllers\Home))
 4 SYSTEMPATH\CodeIgniter.php(368): CodeIgniter\CodeIgniter->handleRequest(null, Object(Config\Cache), false)
 5 FCPATH\index.php(68): CodeIgniter\CodeIgniter->run()
ERROR - 2023-07-29 06:40:29 --> mysqli_sql_exception: Unknown column 'child_id' in 'where clause' in C:\xampp\htdocs\truflow\system\Database\MySQLi\Connection.php:295
Stack trace:
#0 C:\xampp\htdocs\truflow\system\Database\MySQLi\Connection.php(295): mysqli->query('SELECT *\nFROM `...', 0)
#1 C:\xampp\htdocs\truflow\system\Database\BaseConnection.php(692): CodeIgniter\Database\MySQLi\Connection->execute('SELECT *\nFROM `...')
#2 C:\xampp\htdocs\truflow\system\Database\BaseConnection.php(606): CodeIgniter\Database\BaseConnection->simpleQuery('SELECT *\nFROM `...')
#3 C:\xampp\htdocs\truflow\system\Database\BaseBuilder.php(1616): CodeIgniter\Database\BaseConnection->query('SELECT *\nFROM `...', Array, false)
#4 C:\xampp\htdocs\truflow\system\Model.php(268): CodeIgniter\Database\BaseBuilder->get()
#5 C:\xampp\htdocs\truflow\system\BaseModel.php(656): CodeIgniter\Model->doFirst()
#6 C:\xampp\htdocs\truflow\app\Controllers\Home.php(307): CodeIgniter\BaseModel->first()
#7 C:\xampp\htdocs\truflow\system\CodeIgniter.php(934): App\Controllers\Home->child_sub_category('4')
#8 C:\xampp\htdocs\truflow\system\CodeIgniter.php(499): CodeIgniter\CodeIgniter->runController(Object(App\Controllers\Home))
#9 C:\xampp\htdocs\truflow\system\CodeIgniter.php(368): CodeIgniter\CodeIgniter->handleRequest(NULL, Object(Config\Cache), false)
#10 C:\xampp\htdocs\truflow\index.php(68): CodeIgniter\CodeIgniter->run()
#11 {main}
CRITICAL - 2023-07-29 06:40:30 --> Unknown column 'child_id' in 'where clause'
in SYSTEMPATH\Database\MySQLi\Connection.php on line 295.
 1 SYSTEMPATH\Database\MySQLi\Connection.php(295): mysqli->query('SELECT *
FROM `product_variants`
WHERE `child_id` = \'8\'
 LIMIT 1', 0)
 2 SYSTEMPATH\Database\BaseConnection.php(692): CodeIgniter\Database\MySQLi\Connection->execute('SELECT *
FROM `product_variants`
WHERE `child_id` = \'8\'
 LIMIT 1')
 3 SYSTEMPATH\Database\BaseConnection.php(606): CodeIgniter\Database\BaseConnection->simpleQuery('SELECT *
FROM `product_variants`
WHERE `child_id` = \'8\'
 LIMIT 1')
 4 SYSTEMPATH\Database\BaseBuilder.php(1616): CodeIgniter\Database\BaseConnection->query('SELECT *
FROM `product_variants`
WHERE `child_id` = :child_id:
 LIMIT 1', [...], false)
 5 SYSTEMPATH\Model.php(268): CodeIgniter\Database\BaseBuilder->get()
 6 SYSTEMPATH\BaseModel.php(656): CodeIgniter\Model->doFirst()
 7 APPPATH\Controllers\Home.php(307): CodeIgniter\BaseModel->first()
 8 SYSTEMPATH\CodeIgniter.php(934): App\Controllers\Home->child_sub_category('4')
 9 SYSTEMPATH\CodeIgniter.php(499): CodeIgniter\CodeIgniter->runController(Object(App\Controllers\Home))
10 SYSTEMPATH\CodeIgniter.php(368): CodeIgniter\CodeIgniter->handleRequest(null, Object(Config\Cache), false)
11 FCPATH\index.php(68): CodeIgniter\CodeIgniter->run()
CRITICAL - 2023-07-29 06:46:29 --> Undefined array key "all_childs"
in APPPATH\Controllers\Home.php on line 306.
 1 APPPATH\Controllers\Home.php(306): CodeIgniter\Debug\Exceptions->errorHandler(2, 'Undefined array key "all_childs"', 'C:\\xampp\\htdocs\\truflow\\app\\Controllers\\Home.php', 306)
 2 SYSTEMPATH\CodeIgniter.php(934): App\Controllers\Home->child_sub_category('4')
 3 SYSTEMPATH\CodeIgniter.php(499): CodeIgniter\CodeIgniter->runController(Object(App\Controllers\Home))
 4 SYSTEMPATH\CodeIgniter.php(368): CodeIgniter\CodeIgniter->handleRequest(null, Object(Config\Cache), false)
 5 FCPATH\index.php(68): CodeIgniter\CodeIgniter->run()
CRITICAL - 2023-07-29 06:48:04 --> Cannot use object of type stdClass as array
in APPPATH\Controllers\Home.php on line 307.
 1 SYSTEMPATH\CodeIgniter.php(934): App\Controllers\Home->child_sub_category('4')
 2 SYSTEMPATH\CodeIgniter.php(499): CodeIgniter\CodeIgniter->runController(Object(App\Controllers\Home))
 3 SYSTEMPATH\CodeIgniter.php(368): CodeIgniter\CodeIgniter->handleRequest(null, Object(Config\Cache), false)
 4 FCPATH\index.php(68): CodeIgniter\CodeIgniter->run()
CRITICAL - 2023-07-29 06:54:13 --> Cannot use object of type stdClass as array
in APPPATH\Controllers\Home.php on line 308.
 1 SYSTEMPATH\CodeIgniter.php(934): App\Controllers\Home->child_sub_category('4')
 2 SYSTEMPATH\CodeIgniter.php(499): CodeIgniter\CodeIgniter->runController(Object(App\Controllers\Home))
 3 SYSTEMPATH\CodeIgniter.php(368): CodeIgniter\CodeIgniter->handleRequest(null, Object(Config\Cache), false)
 4 FCPATH\index.php(68): CodeIgniter\CodeIgniter->run()
CRITICAL - 2023-07-29 07:21:22 --> Undefined array key "sub_category_name"
in APPPATH\Views\front\child_sub_category.php on line 43.
 1 APPPATH\Views\front\child_sub_category.php(43): CodeIgniter\Debug\Exceptions->errorHandler(2, 'Undefined array key "sub_category_name"', 'C:\\xampp\\htdocs\\truflow\\app\\Views\\front\\child_sub_category.php', 43)
 2 SYSTEMPATH\View\View.php(213): include('C:\\xampp\\htdocs\\truflow\\app\\Views\\front\\child_sub_category.php')
 3 SYSTEMPATH\View\View.php(216): CodeIgniter\View\View->CodeIgniter\View\{closure}()
 4 SYSTEMPATH\Common.php(1184): CodeIgniter\View\View->render('front/child_sub_category', [], true)
 5 APPPATH\Controllers\Home.php(347): view('front/child_sub_category', [...])
 6 SYSTEMPATH\CodeIgniter.php(934): App\Controllers\Home->child_sub_category('4')
 7 SYSTEMPATH\CodeIgniter.php(499): CodeIgniter\CodeIgniter->runController(Object(App\Controllers\Home))
 8 SYSTEMPATH\CodeIgniter.php(368): CodeIgniter\CodeIgniter->handleRequest(null, Object(Config\Cache), false)
 9 FCPATH\index.php(68): CodeIgniter\CodeIgniter->run()
CRITICAL - 2023-07-29 07:32:38 --> Undefined array key "sub_category_name"
in APPPATH\Views\front\child_sub_category.php on line 94.
 1 APPPATH\Views\front\child_sub_category.php(94): CodeIgniter\Debug\Exceptions->errorHandler(2, 'Undefined array key "sub_category_name"', 'C:\\xampp\\htdocs\\truflow\\app\\Views\\front\\child_sub_category.php', 94)
 2 SYSTEMPATH\View\View.php(213): include('C:\\xampp\\htdocs\\truflow\\app\\Views\\front\\child_sub_category.php')
 3 SYSTEMPATH\View\View.php(216): CodeIgniter\View\View->CodeIgniter\View\{closure}()
 4 SYSTEMPATH\Common.php(1184): CodeIgniter\View\View->render('front/child_sub_category', [], true)
 5 APPPATH\Controllers\Home.php(349): view('front/child_sub_category', [...])
 6 SYSTEMPATH\CodeIgniter.php(934): App\Controllers\Home->child_sub_category('4')
 7 SYSTEMPATH\CodeIgniter.php(499): CodeIgniter\CodeIgniter->runController(Object(App\Controllers\Home))
 8 SYSTEMPATH\CodeIgniter.php(368): CodeIgniter\CodeIgniter->handleRequest(null, Object(Config\Cache), false)
 9 FCPATH\index.php(68): CodeIgniter\CodeIgniter->run()
CRITICAL - 2023-07-29 08:01:57 --> Undefined variable $subcategoryData
in APPPATH\Views\front\subcategory.php on line 33.
 1 APPPATH\Views\front\subcategory.php(33): CodeIgniter\Debug\Exceptions->errorHandler(2, 'Undefined variable $subcategoryData', 'C:\\xampp\\htdocs\\truflow\\app\\Views\\front\\subcategory.php', 33)
 2 SYSTEMPATH\View\View.php(213): include('C:\\xampp\\htdocs\\truflow\\app\\Views\\front\\subcategory.php')
 3 SYSTEMPATH\View\View.php(216): CodeIgniter\View\View->CodeIgniter\View\{closure}()
 4 SYSTEMPATH\Common.php(1184): CodeIgniter\View\View->render('front/subcategory', [], true)
 5 APPPATH\Controllers\Home.php(987): view('front/subcategory', [])
 6 SYSTEMPATH\CodeIgniter.php(934): App\Controllers\Home->main_sub_category('11')
 7 SYSTEMPATH\CodeIgniter.php(499): CodeIgniter\CodeIgniter->runController(Object(App\Controllers\Home))
 8 SYSTEMPATH\CodeIgniter.php(368): CodeIgniter\CodeIgniter->handleRequest(null, Object(Config\Cache), false)
 9 FCPATH\index.php(68): CodeIgniter\CodeIgniter->run()
CRITICAL - 2023-07-29 08:04:39 --> Undefined array key "is_child"
in APPPATH\Views\front\subcategory.php on line 44.
 1 APPPATH\Views\front\subcategory.php(44): CodeIgniter\Debug\Exceptions->errorHandler(2, 'Undefined array key "is_child"', 'C:\\xampp\\htdocs\\truflow\\app\\Views\\front\\subcategory.php', 44)
 2 SYSTEMPATH\View\View.php(213): include('C:\\xampp\\htdocs\\truflow\\app\\Views\\front\\subcategory.php')
 3 SYSTEMPATH\View\View.php(216): CodeIgniter\View\View->CodeIgniter\View\{closure}()
 4 SYSTEMPATH\Common.php(1184): CodeIgniter\View\View->render('front/subcategory', [], true)
 5 APPPATH\Controllers\Home.php(988): view('front/subcategory', [...])
 6 SYSTEMPATH\CodeIgniter.php(934): App\Controllers\Home->main_sub_category('11')
 7 SYSTEMPATH\CodeIgniter.php(499): CodeIgniter\CodeIgniter->runController(Object(App\Controllers\Home))
 8 SYSTEMPATH\CodeIgniter.php(368): CodeIgniter\CodeIgniter->handleRequest(null, Object(Config\Cache), false)
 9 FCPATH\index.php(68): CodeIgniter\CodeIgniter->run()
CRITICAL - 2023-07-29 08:10:19 --> Undefined array key "sub_category_name"
in APPPATH\Views\front\childsubcategory.php on line 55.
 1 APPPATH\Views\front\childsubcategory.php(55): CodeIgniter\Debug\Exceptions->errorHandler(2, 'Undefined array key "sub_category_name"', 'C:\\xampp\\htdocs\\truflow\\app\\Views\\front\\childsubcategory.php', 55)
 2 SYSTEMPATH\View\View.php(213): include('C:\\xampp\\htdocs\\truflow\\app\\Views\\front\\childsubcategory.php')
 3 SYSTEMPATH\View\View.php(216): CodeIgniter\View\View->CodeIgniter\View\{closure}()
 4 SYSTEMPATH\Common.php(1184): CodeIgniter\View\View->render('front/childsubcategory', [], true)
 5 APPPATH\Controllers\Home.php(998): view('front/childsubcategory', [...])
 6 SYSTEMPATH\CodeIgniter.php(934): App\Controllers\Home->main_child_category('4')
 7 SYSTEMPATH\CodeIgniter.php(499): CodeIgniter\CodeIgniter->runController(Object(App\Controllers\Home))
 8 SYSTEMPATH\CodeIgniter.php(368): CodeIgniter\CodeIgniter->handleRequest(null, Object(Config\Cache), false)
 9 FCPATH\index.php(68): CodeIgniter\CodeIgniter->run()
CRITICAL - 2023-07-29 08:10:32 --> Undefined array key "sub_category_description"
in APPPATH\Views\front\childsubcategory.php on line 58.
 1 APPPATH\Views\front\childsubcategory.php(58): CodeIgniter\Debug\Exceptions->errorHandler(2, 'Undefined array key "sub_category_description"', 'C:\\xampp\\htdocs\\truflow\\app\\Views\\front\\childsubcategory.php', 58)
 2 SYSTEMPATH\View\View.php(213): include('C:\\xampp\\htdocs\\truflow\\app\\Views\\front\\childsubcategory.php')
 3 SYSTEMPATH\View\View.php(216): CodeIgniter\View\View->CodeIgniter\View\{closure}()
 4 SYSTEMPATH\Common.php(1184): CodeIgniter\View\View->render('front/childsubcategory', [], true)
 5 APPPATH\Controllers\Home.php(998): view('front/childsubcategory', [...])
 6 SYSTEMPATH\CodeIgniter.php(934): App\Controllers\Home->main_child_category('4')
 7 SYSTEMPATH\CodeIgniter.php(499): CodeIgniter\CodeIgniter->runController(Object(App\Controllers\Home))
 8 SYSTEMPATH\CodeIgniter.php(368): CodeIgniter\CodeIgniter->handleRequest(null, Object(Config\Cache), false)
 9 FCPATH\index.php(68): CodeIgniter\CodeIgniter->run()
CRITICAL - 2023-07-29 08:16:55 --> Undefined array key "sub_category_name"
in APPPATH\Views\front\child_subchild.php on line 55.
 1 APPPATH\Views\front\child_subchild.php(55): CodeIgniter\Debug\Exceptions->errorHandler(2, 'Undefined array key "sub_category_name"', 'C:\\xampp\\htdocs\\truflow\\app\\Views\\front\\child_subchild.php', 55)
 2 SYSTEMPATH\View\View.php(213): include('C:\\xampp\\htdocs\\truflow\\app\\Views\\front\\child_subchild.php')
 3 SYSTEMPATH\View\View.php(216): CodeIgniter\View\View->CodeIgniter\View\{closure}()
 4 SYSTEMPATH\Common.php(1184): CodeIgniter\View\View->render('front/child_subchild', [], true)
 5 APPPATH\Controllers\Home.php(1008): view('front/child_subchild', [...])
 6 SYSTEMPATH\CodeIgniter.php(934): App\Controllers\Home->child_subchild_category('8')
 7 SYSTEMPATH\CodeIgniter.php(499): CodeIgniter\CodeIgniter->runController(Object(App\Controllers\Home))
 8 SYSTEMPATH\CodeIgniter.php(368): CodeIgniter\CodeIgniter->handleRequest(null, Object(Config\Cache), false)
 9 FCPATH\index.php(68): CodeIgniter\CodeIgniter->run()
CRITICAL - 2023-07-29 08:24:56 --> Undefined array key "product_id"
in APPPATH\Views\front\subcategory.php on line 55.
 1 APPPATH\Views\front\subcategory.php(55): CodeIgniter\Debug\Exceptions->errorHandler(2, 'Undefined array key "product_id"', 'C:\\xampp\\htdocs\\truflow\\app\\Views\\front\\subcategory.php', 55)
 2 SYSTEMPATH\View\View.php(213): include('C:\\xampp\\htdocs\\truflow\\app\\Views\\front\\subcategory.php')
 3 SYSTEMPATH\View\View.php(216): CodeIgniter\View\View->CodeIgniter\View\{closure}()
 4 SYSTEMPATH\Common.php(1184): CodeIgniter\View\View->render('front/subcategory', [], true)
 5 APPPATH\Controllers\Home.php(996): view('front/subcategory', [...])
 6 SYSTEMPATH\CodeIgniter.php(934): App\Controllers\Home->main_sub_category('11')
 7 SYSTEMPATH\CodeIgniter.php(499): CodeIgniter\CodeIgniter->runController(Object(App\Controllers\Home))
 8 SYSTEMPATH\CodeIgniter.php(368): CodeIgniter\CodeIgniter->handleRequest(null, Object(Config\Cache), false)
 9 FCPATH\index.php(68): CodeIgniter\CodeIgniter->run()
CRITICAL - 2023-07-29 08:25:16 --> Undefined array key "product_name"
in APPPATH\Views\front\subcategory.php on line 56.
 1 APPPATH\Views\front\subcategory.php(56): CodeIgniter\Debug\Exceptions->errorHandler(2, 'Undefined array key "product_name"', 'C:\\xampp\\htdocs\\truflow\\app\\Views\\front\\subcategory.php', 56)
 2 SYSTEMPATH\View\View.php(213): include('C:\\xampp\\htdocs\\truflow\\app\\Views\\front\\subcategory.php')
 3 SYSTEMPATH\View\View.php(216): CodeIgniter\View\View->CodeIgniter\View\{closure}()
 4 SYSTEMPATH\Common.php(1184): CodeIgniter\View\View->render('front/subcategory', [], true)
 5 APPPATH\Controllers\Home.php(996): view('front/subcategory', [...])
 6 SYSTEMPATH\CodeIgniter.php(934): App\Controllers\Home->main_sub_category('11')
 7 SYSTEMPATH\CodeIgniter.php(499): CodeIgniter\CodeIgniter->runController(Object(App\Controllers\Home))
 8 SYSTEMPATH\CodeIgniter.php(368): CodeIgniter\CodeIgniter->handleRequest(null, Object(Config\Cache), false)
 9 FCPATH\index.php(68): CodeIgniter\CodeIgniter->run()
CRITICAL - 2023-07-29 08:28:52 --> Undefined array key "chid_id"
in APPPATH\Controllers\Home.php on line 1007.
 1 APPPATH\Controllers\Home.php(1007): CodeIgniter\Debug\Exceptions->errorHandler(2, 'Undefined array key "chid_id"', 'C:\\xampp\\htdocs\\truflow\\app\\Controllers\\Home.php', 1007)
 2 SYSTEMPATH\CodeIgniter.php(934): App\Controllers\Home->main_child_category('4')
 3 SYSTEMPATH\CodeIgniter.php(499): CodeIgniter\CodeIgniter->runController(Object(App\Controllers\Home))
 4 SYSTEMPATH\CodeIgniter.php(368): CodeIgniter\CodeIgniter->handleRequest(null, Object(Config\Cache), false)
 5 FCPATH\index.php(68): CodeIgniter\CodeIgniter->run()
CRITICAL - 2023-07-29 08:30:47 --> Undefined array key "chid_id"
in APPPATH\Controllers\Home.php on line 1008.
 1 APPPATH\Controllers\Home.php(1008): CodeIgniter\Debug\Exceptions->errorHandler(2, 'Undefined array key "chid_id"', 'C:\\xampp\\htdocs\\truflow\\app\\Controllers\\Home.php', 1008)
 2 SYSTEMPATH\CodeIgniter.php(934): App\Controllers\Home->main_child_category('4')
 3 SYSTEMPATH\CodeIgniter.php(499): CodeIgniter\CodeIgniter->runController(Object(App\Controllers\Home))
 4 SYSTEMPATH\CodeIgniter.php(368): CodeIgniter\CodeIgniter->handleRequest(null, Object(Config\Cache), false)
 5 FCPATH\index.php(68): CodeIgniter\CodeIgniter->run()
CRITICAL - 2023-07-29 08:32:02 --> Undefined array key "sub_category_name"
in APPPATH\Views\front\childsubcategory.php on line 43.
 1 APPPATH\Views\front\childsubcategory.php(43): CodeIgniter\Debug\Exceptions->errorHandler(2, 'Undefined array key "sub_category_name"', 'C:\\xampp\\htdocs\\truflow\\app\\Views\\front\\childsubcategory.php', 43)
 2 SYSTEMPATH\View\View.php(213): include('C:\\xampp\\htdocs\\truflow\\app\\Views\\front\\childsubcategory.php')
 3 SYSTEMPATH\View\View.php(216): CodeIgniter\View\View->CodeIgniter\View\{closure}()
 4 SYSTEMPATH\Common.php(1184): CodeIgniter\View\View->render('front/childsubcategory', [], true)
 5 APPPATH\Controllers\Home.php(1013): view('front/childsubcategory', [...])
 6 SYSTEMPATH\CodeIgniter.php(934): App\Controllers\Home->main_child_category('4')
 7 SYSTEMPATH\CodeIgniter.php(499): CodeIgniter\CodeIgniter->runController(Object(App\Controllers\Home))
 8 SYSTEMPATH\CodeIgniter.php(368): CodeIgniter\CodeIgniter->handleRequest(null, Object(Config\Cache), false)
 9 FCPATH\index.php(68): CodeIgniter\CodeIgniter->run()
CRITICAL - 2023-07-29 10:03:09 --> Undefined variable $product
in APPPATH\Views\front\child_subchild.php on line 58.
 1 APPPATH\Views\front\child_subchild.php(58): CodeIgniter\Debug\Exceptions->errorHandler(2, 'Undefined variable $product', 'C:\\xampp\\htdocs\\truflow\\app\\Views\\front\\child_subchild.php', 58)
 2 SYSTEMPATH\View\View.php(213): include('C:\\xampp\\htdocs\\truflow\\app\\Views\\front\\child_subchild.php')
 3 SYSTEMPATH\View\View.php(216): CodeIgniter\View\View->CodeIgniter\View\{closure}()
 4 SYSTEMPATH\Common.php(1184): CodeIgniter\View\View->render('front/child_subchild', [], true)
 5 APPPATH\Controllers\Home.php(1045): view('front/child_subchild', [...])
 6 SYSTEMPATH\CodeIgniter.php(934): App\Controllers\Home->child_subchild_category('9')
 7 SYSTEMPATH\CodeIgniter.php(499): CodeIgniter\CodeIgniter->runController(Object(App\Controllers\Home))
 8 SYSTEMPATH\CodeIgniter.php(368): CodeIgniter\CodeIgniter->handleRequest(null, Object(Config\Cache), false)
 9 FCPATH\index.php(68): CodeIgniter\CodeIgniter->run()
CRITICAL - 2023-07-29 10:17:03 --> Undefined array key "product_arr"
in APPPATH\Views\front\child_subchild.php on line 5.
 1 APPPATH\Views\front\child_subchild.php(5): CodeIgniter\Debug\Exceptions->errorHandler(2, 'Undefined array key "product_arr"', 'C:\\xampp\\htdocs\\truflow\\app\\Views\\front\\child_subchild.php', 5)
 2 SYSTEMPATH\View\View.php(213): include('C:\\xampp\\htdocs\\truflow\\app\\Views\\front\\child_subchild.php')
 3 SYSTEMPATH\View\View.php(216): CodeIgniter\View\View->CodeIgniter\View\{closure}()
 4 SYSTEMPATH\Common.php(1184): CodeIgniter\View\View->render('front/child_subchild', [], true)
 5 APPPATH\Controllers\Home.php(1044): view('front/child_subchild', [...])
 6 SYSTEMPATH\CodeIgniter.php(934): App\Controllers\Home->child_subchild_category('9')
 7 SYSTEMPATH\CodeIgniter.php(499): CodeIgniter\CodeIgniter->runController(Object(App\Controllers\Home))
 8 SYSTEMPATH\CodeIgniter.php(368): CodeIgniter\CodeIgniter->handleRequest(null, Object(Config\Cache), false)
 9 FCPATH\index.php(68): CodeIgniter\CodeIgniter->run()
CRITICAL - 2023-07-29 10:18:45 --> Undefined array key "child_sub_category_name"
in APPPATH\Views\front\child_subchild.php on line 67.
 1 APPPATH\Views\front\child_subchild.php(67): CodeIgniter\Debug\Exceptions->errorHandler(2, 'Undefined array key "child_sub_category_name"', 'C:\\xampp\\htdocs\\truflow\\app\\Views\\front\\child_subchild.php', 67)
 2 SYSTEMPATH\View\View.php(213): include('C:\\xampp\\htdocs\\truflow\\app\\Views\\front\\child_subchild.php')
 3 SYSTEMPATH\View\View.php(216): CodeIgniter\View\View->CodeIgniter\View\{closure}()
 4 SYSTEMPATH\Common.php(1184): CodeIgniter\View\View->render('front/child_subchild', [], true)
 5 APPPATH\Controllers\Home.php(1044): view('front/child_subchild', [...])
 6 SYSTEMPATH\CodeIgniter.php(934): App\Controllers\Home->child_subchild_category('9')
 7 SYSTEMPATH\CodeIgniter.php(499): CodeIgniter\CodeIgniter->runController(Object(App\Controllers\Home))
 8 SYSTEMPATH\CodeIgniter.php(368): CodeIgniter\CodeIgniter->handleRequest(null, Object(Config\Cache), false)
 9 FCPATH\index.php(68): CodeIgniter\CodeIgniter->run()
