ERROR - 2023-07-04 05:15:14 --> Error connecting to the database: mysqli_sql_exception: No connection could be made because the target machine actively refused it in C:\xampp\htdocs\truflow\system\Database\MySQLi\Connection.php:174
Stack trace:
#0 C:\xampp\htdocs\truflow\system\Database\MySQLi\Connection.php(174): mysqli->real_connect('localhost', 'root', '', 'true_flow', 3306, '', 0)
#1 C:\xampp\htdocs\truflow\system\Database\BaseConnection.php(391): CodeIgniter\Database\MySQLi\Connection->connect(false)
#2 C:\xampp\htdocs\truflow\system\Database\BaseConnection.php(574): CodeIgniter\Database\BaseConnection->initialize()
#3 C:\xampp\htdocs\truflow\system\Database\BaseBuilder.php(1616): CodeIgniter\Database\BaseConnection->query('SELECT *\nFROM `...', Array, false)
#4 C:\xampp\htdocs\truflow\system\Model.php(268): CodeIgniter\Database\BaseBuilder->get()
#5 C:\xampp\htdocs\truflow\system\BaseModel.php(656): CodeIgniter\Model->doFirst()
#6 C:\xampp\htdocs\truflow\app\Controllers\Home.php(32): CodeIgniter\BaseModel->first()
#7 C:\xampp\htdocs\truflow\system\CodeIgniter.php(934): App\Controllers\Home->index()
#8 C:\xampp\htdocs\truflow\system\CodeIgniter.php(499): CodeIgniter\CodeIgniter->runController(Object(App\Controllers\Home))
#9 C:\xampp\htdocs\truflow\system\CodeIgniter.php(368): CodeIgniter\CodeIgniter->handleRequest(NULL, Object(Config\Cache), false)
#10 C:\xampp\htdocs\truflow\index.php(68): CodeIgniter\CodeIgniter->run()
#11 {main}

Next CodeIgniter\Database\Exceptions\DatabaseException: No connection could be made because the target machine actively refused it in C:\xampp\htdocs\truflow\system\Database\MySQLi\Connection.php:218
Stack trace:
#0 C:\xampp\htdocs\truflow\system\Database\BaseConnection.php(391): CodeIgniter\Database\MySQLi\Connection->connect(false)
#1 C:\xampp\htdocs\truflow\system\Database\BaseConnection.php(574): CodeIgniter\Database\BaseConnection->initialize()
#2 C:\xampp\htdocs\truflow\system\Database\BaseBuilder.php(1616): CodeIgniter\Database\BaseConnection->query('SELECT *\nFROM `...', Array, false)
#3 C:\xampp\htdocs\truflow\system\Model.php(268): CodeIgniter\Database\BaseBuilder->get()
#4 C:\xampp\htdocs\truflow\system\BaseModel.php(656): CodeIgniter\Model->doFirst()
#5 C:\xampp\htdocs\truflow\app\Controllers\Home.php(32): CodeIgniter\BaseModel->first()
#6 C:\xampp\htdocs\truflow\system\CodeIgniter.php(934): App\Controllers\Home->index()
#7 C:\xampp\htdocs\truflow\system\CodeIgniter.php(499): CodeIgniter\CodeIgniter->runController(Object(App\Controllers\Home))
#8 C:\xampp\htdocs\truflow\system\CodeIgniter.php(368): CodeIgniter\CodeIgniter->handleRequest(NULL, Object(Config\Cache), false)
#9 C:\xampp\htdocs\truflow\index.php(68): CodeIgniter\CodeIgniter->run()
#10 {main}
CRITICAL - 2023-07-04 05:15:14 --> Unable to connect to the database.
Main connection [MySQLi]: No connection could be made because the target machine actively refused it
in SYSTEMPATH\Database\BaseConnection.php on line 427.
 1 SYSTEMPATH\Database\BaseConnection.php(574): CodeIgniter\Database\BaseConnection->initialize()
 2 SYSTEMPATH\Database\BaseBuilder.php(1616): CodeIgniter\Database\BaseConnection->query('SELECT *
FROM `site_settings`
WHERE `type` = :type:
 LIMIT 1', [...], false)
 3 SYSTEMPATH\Model.php(268): CodeIgniter\Database\BaseBuilder->get()
 4 SYSTEMPATH\BaseModel.php(656): CodeIgniter\Model->doFirst()
 5 APPPATH\Controllers\Home.php(32): CodeIgniter\BaseModel->first()
 6 SYSTEMPATH\CodeIgniter.php(934): App\Controllers\Home->index()
 7 SYSTEMPATH\CodeIgniter.php(499): CodeIgniter\CodeIgniter->runController(Object(App\Controllers\Home))
 8 SYSTEMPATH\CodeIgniter.php(368): CodeIgniter\CodeIgniter->handleRequest(null, Object(Config\Cache), false)
 9 FCPATH\index.php(68): CodeIgniter\CodeIgniter->run()
CRITICAL - 2023-07-04 05:34:08 --> foreach() argument must be of type array|object, null given
in APPPATH\Views\admin\product\product.php on line 39.
 1 APPPATH\Views\admin\product\product.php(39): CodeIgniter\Debug\Exceptions->errorHandler(2, 'foreach() argument must be of type array|object, null given', 'C:\\xampp\\htdocs\\truflow\\app\\Views\\admin\\product\\product.php', 39)
 2 SYSTEMPATH\View\View.php(213): include('C:\\xampp\\htdocs\\truflow\\app\\Views\\admin\\product\\product.php')
 3 SYSTEMPATH\View\View.php(216): CodeIgniter\View\View->CodeIgniter\View\{closure}()
 4 SYSTEMPATH\Common.php(1184): CodeIgniter\View\View->render('admin/product/product', [], true)
 5 APPPATH\Controllers\Admin\ProductController.php(141): view('admin/product/product', [...])
 6 SYSTEMPATH\CodeIgniter.php(934): App\Controllers\Admin\ProductController->productEdit('5')
 7 SYSTEMPATH\CodeIgniter.php(499): CodeIgniter\CodeIgniter->runController(Object(App\Controllers\Admin\ProductController))
 8 SYSTEMPATH\CodeIgniter.php(368): CodeIgniter\CodeIgniter->handleRequest(null, Object(Config\Cache), false)
 9 FCPATH\index.php(68): CodeIgniter\CodeIgniter->run()
ERROR - 2023-07-04 06:14:30 --> mysqli_sql_exception: Unknown column 'user' in 'group statement' in C:\xampp\htdocs\truflow\system\Database\MySQLi\Connection.php:295
Stack trace:
#0 C:\xampp\htdocs\truflow\system\Database\MySQLi\Connection.php(295): mysqli->query('SELECT *\nFROM `...', 0)
#1 C:\xampp\htdocs\truflow\system\Database\BaseConnection.php(692): CodeIgniter\Database\MySQLi\Connection->execute('SELECT *\nFROM `...')
#2 C:\xampp\htdocs\truflow\system\Database\BaseConnection.php(606): CodeIgniter\Database\BaseConnection->simpleQuery('SELECT *\nFROM `...')
#3 C:\xampp\htdocs\truflow\system\Database\BaseBuilder.php(1616): CodeIgniter\Database\BaseConnection->query('SELECT *\nFROM `...', Array, false)
#4 C:\xampp\htdocs\truflow\system\Model.php(840): CodeIgniter\Database\BaseBuilder->get()
#5 C:\xampp\htdocs\truflow\app\Controllers\Admin\OrderController.php(40): CodeIgniter\Model->__call('get', Array)
#6 C:\xampp\htdocs\truflow\system\CodeIgniter.php(934): App\Controllers\Admin\OrderController->order_list()
#7 C:\xampp\htdocs\truflow\system\CodeIgniter.php(499): CodeIgniter\CodeIgniter->runController(Object(App\Controllers\Admin\OrderController))
#8 C:\xampp\htdocs\truflow\system\CodeIgniter.php(368): CodeIgniter\CodeIgniter->handleRequest(NULL, Object(Config\Cache), false)
#9 C:\xampp\htdocs\truflow\index.php(68): CodeIgniter\CodeIgniter->run()
#10 {main}
CRITICAL - 2023-07-04 06:14:30 --> Unknown column 'user' in 'group statement'
in SYSTEMPATH\Database\MySQLi\Connection.php on line 295.
 1 SYSTEMPATH\Database\MySQLi\Connection.php(295): mysqli->query('SELECT *
FROM `order_items`
LEFT JOIN `tbl_order` ON `tbl_order`.`order_id` = `order_items`.`order_id`
LEFT JOIN `product_variants` ON `product_variants`.`variant_id` = `order_items`.`variant_id`
LEFT JOIN `product` ON `product`.`product_id` = `product_variants`.`product_id`
LEFT JOIN `sub_category` ON `sub_category`.`sub_category_id` = `product`.`sub_category_id`
LEFT JOIN `category` ON `category`.`category_id` = `sub_category`.`category_id`
LEFT JOIN `users` ON `users`.`user_id` = `tbl_order`.`user_id`
GROUP BY `user`', 0)
 2 SYSTEMPATH\Database\BaseConnection.php(692): CodeIgniter\Database\MySQLi\Connection->execute('SELECT *
FROM `order_items`
LEFT JOIN `tbl_order` ON `tbl_order`.`order_id` = `order_items`.`order_id`
LEFT JOIN `product_variants` ON `product_variants`.`variant_id` = `order_items`.`variant_id`
LEFT JOIN `product` ON `product`.`product_id` = `product_variants`.`product_id`
LEFT JOIN `sub_category` ON `sub_category`.`sub_category_id` = `product`.`sub_category_id`
LEFT JOIN `category` ON `category`.`category_id` = `sub_category`.`category_id`
LEFT JOIN `users` ON `users`.`user_id` = `tbl_order`.`user_id`
GROUP BY `user`')
 3 SYSTEMPATH\Database\BaseConnection.php(606): CodeIgniter\Database\BaseConnection->simpleQuery('SELECT *
FROM `order_items`
LEFT JOIN `tbl_order` ON `tbl_order`.`order_id` = `order_items`.`order_id`
LEFT JOIN `product_variants` ON `product_variants`.`variant_id` = `order_items`.`variant_id`
LEFT JOIN `product` ON `product`.`product_id` = `product_variants`.`product_id`
LEFT JOIN `sub_category` ON `sub_category`.`sub_category_id` = `product`.`sub_category_id`
LEFT JOIN `category` ON `category`.`category_id` = `sub_category`.`category_id`
LEFT JOIN `users` ON `users`.`user_id` = `tbl_order`.`user_id`
GROUP BY `user`')
 4 SYSTEMPATH\Database\BaseBuilder.php(1616): CodeIgniter\Database\BaseConnection->query('SELECT *
FROM `order_items`
LEFT JOIN `tbl_order` ON `tbl_order`.`order_id` = `order_items`.`order_id`
LEFT JOIN `product_variants` ON `product_variants`.`variant_id` = `order_items`.`variant_id`
LEFT JOIN `product` ON `product`.`product_id` = `product_variants`.`product_id`
LEFT JOIN `sub_category` ON `sub_category`.`sub_category_id` = `product`.`sub_category_id`
LEFT JOIN `category` ON `category`.`category_id` = `sub_category`.`category_id`
LEFT JOIN `users` ON `users`.`user_id` = `tbl_order`.`user_id`
GROUP BY `user`', [], false)
 5 SYSTEMPATH\Model.php(840): CodeIgniter\Database\BaseBuilder->get()
 6 APPPATH\Controllers\Admin\OrderController.php(40): CodeIgniter\Model->__call('get', [])
 7 SYSTEMPATH\CodeIgniter.php(934): App\Controllers\Admin\OrderController->order_list()
 8 SYSTEMPATH\CodeIgniter.php(499): CodeIgniter\CodeIgniter->runController(Object(App\Controllers\Admin\OrderController))
 9 SYSTEMPATH\CodeIgniter.php(368): CodeIgniter\CodeIgniter->handleRequest(null, Object(Config\Cache), false)
10 FCPATH\index.php(68): CodeIgniter\CodeIgniter->run()
ERROR - 2023-07-04 06:14:46 --> mysqli_sql_exception: Unknown column 'users' in 'group statement' in C:\xampp\htdocs\truflow\system\Database\MySQLi\Connection.php:295
Stack trace:
#0 C:\xampp\htdocs\truflow\system\Database\MySQLi\Connection.php(295): mysqli->query('SELECT *\nFROM `...', 0)
#1 C:\xampp\htdocs\truflow\system\Database\BaseConnection.php(692): CodeIgniter\Database\MySQLi\Connection->execute('SELECT *\nFROM `...')
#2 C:\xampp\htdocs\truflow\system\Database\BaseConnection.php(606): CodeIgniter\Database\BaseConnection->simpleQuery('SELECT *\nFROM `...')
#3 C:\xampp\htdocs\truflow\system\Database\BaseBuilder.php(1616): CodeIgniter\Database\BaseConnection->query('SELECT *\nFROM `...', Array, false)
#4 C:\xampp\htdocs\truflow\system\Model.php(840): CodeIgniter\Database\BaseBuilder->get()
#5 C:\xampp\htdocs\truflow\app\Controllers\Admin\OrderController.php(40): CodeIgniter\Model->__call('get', Array)
#6 C:\xampp\htdocs\truflow\system\CodeIgniter.php(934): App\Controllers\Admin\OrderController->order_list()
#7 C:\xampp\htdocs\truflow\system\CodeIgniter.php(499): CodeIgniter\CodeIgniter->runController(Object(App\Controllers\Admin\OrderController))
#8 C:\xampp\htdocs\truflow\system\CodeIgniter.php(368): CodeIgniter\CodeIgniter->handleRequest(NULL, Object(Config\Cache), false)
#9 C:\xampp\htdocs\truflow\index.php(68): CodeIgniter\CodeIgniter->run()
#10 {main}
CRITICAL - 2023-07-04 06:14:46 --> Unknown column 'users' in 'group statement'
in SYSTEMPATH\Database\MySQLi\Connection.php on line 295.
 1 SYSTEMPATH\Database\MySQLi\Connection.php(295): mysqli->query('SELECT *
FROM `order_items`
LEFT JOIN `tbl_order` ON `tbl_order`.`order_id` = `order_items`.`order_id`
LEFT JOIN `product_variants` ON `product_variants`.`variant_id` = `order_items`.`variant_id`
LEFT JOIN `product` ON `product`.`product_id` = `product_variants`.`product_id`
LEFT JOIN `sub_category` ON `sub_category`.`sub_category_id` = `product`.`sub_category_id`
LEFT JOIN `category` ON `category`.`category_id` = `sub_category`.`category_id`
LEFT JOIN `users` ON `users`.`user_id` = `tbl_order`.`user_id`
GROUP BY `users`', 0)
 2 SYSTEMPATH\Database\BaseConnection.php(692): CodeIgniter\Database\MySQLi\Connection->execute('SELECT *
FROM `order_items`
LEFT JOIN `tbl_order` ON `tbl_order`.`order_id` = `order_items`.`order_id`
LEFT JOIN `product_variants` ON `product_variants`.`variant_id` = `order_items`.`variant_id`
LEFT JOIN `product` ON `product`.`product_id` = `product_variants`.`product_id`
LEFT JOIN `sub_category` ON `sub_category`.`sub_category_id` = `product`.`sub_category_id`
LEFT JOIN `category` ON `category`.`category_id` = `sub_category`.`category_id`
LEFT JOIN `users` ON `users`.`user_id` = `tbl_order`.`user_id`
GROUP BY `users`')
 3 SYSTEMPATH\Database\BaseConnection.php(606): CodeIgniter\Database\BaseConnection->simpleQuery('SELECT *
FROM `order_items`
LEFT JOIN `tbl_order` ON `tbl_order`.`order_id` = `order_items`.`order_id`
LEFT JOIN `product_variants` ON `product_variants`.`variant_id` = `order_items`.`variant_id`
LEFT JOIN `product` ON `product`.`product_id` = `product_variants`.`product_id`
LEFT JOIN `sub_category` ON `sub_category`.`sub_category_id` = `product`.`sub_category_id`
LEFT JOIN `category` ON `category`.`category_id` = `sub_category`.`category_id`
LEFT JOIN `users` ON `users`.`user_id` = `tbl_order`.`user_id`
GROUP BY `users`')
 4 SYSTEMPATH\Database\BaseBuilder.php(1616): CodeIgniter\Database\BaseConnection->query('SELECT *
FROM `order_items`
LEFT JOIN `tbl_order` ON `tbl_order`.`order_id` = `order_items`.`order_id`
LEFT JOIN `product_variants` ON `product_variants`.`variant_id` = `order_items`.`variant_id`
LEFT JOIN `product` ON `product`.`product_id` = `product_variants`.`product_id`
LEFT JOIN `sub_category` ON `sub_category`.`sub_category_id` = `product`.`sub_category_id`
LEFT JOIN `category` ON `category`.`category_id` = `sub_category`.`category_id`
LEFT JOIN `users` ON `users`.`user_id` = `tbl_order`.`user_id`
GROUP BY `users`', [], false)
 5 SYSTEMPATH\Model.php(840): CodeIgniter\Database\BaseBuilder->get()
 6 APPPATH\Controllers\Admin\OrderController.php(40): CodeIgniter\Model->__call('get', [])
 7 SYSTEMPATH\CodeIgniter.php(934): App\Controllers\Admin\OrderController->order_list()
 8 SYSTEMPATH\CodeIgniter.php(499): CodeIgniter\CodeIgniter->runController(Object(App\Controllers\Admin\OrderController))
 9 SYSTEMPATH\CodeIgniter.php(368): CodeIgniter\CodeIgniter->handleRequest(null, Object(Config\Cache), false)
10 FCPATH\index.php(68): CodeIgniter\CodeIgniter->run()
ERROR - 2023-07-04 06:15:15 --> mysqli_sql_exception: Unknown column 'tbl_order' in 'group statement' in C:\xampp\htdocs\truflow\system\Database\MySQLi\Connection.php:295
Stack trace:
#0 C:\xampp\htdocs\truflow\system\Database\MySQLi\Connection.php(295): mysqli->query('SELECT *\nFROM `...', 0)
#1 C:\xampp\htdocs\truflow\system\Database\BaseConnection.php(692): CodeIgniter\Database\MySQLi\Connection->execute('SELECT *\nFROM `...')
#2 C:\xampp\htdocs\truflow\system\Database\BaseConnection.php(606): CodeIgniter\Database\BaseConnection->simpleQuery('SELECT *\nFROM `...')
#3 C:\xampp\htdocs\truflow\system\Database\BaseBuilder.php(1616): CodeIgniter\Database\BaseConnection->query('SELECT *\nFROM `...', Array, false)
#4 C:\xampp\htdocs\truflow\system\Model.php(840): CodeIgniter\Database\BaseBuilder->get()
#5 C:\xampp\htdocs\truflow\app\Controllers\Admin\OrderController.php(40): CodeIgniter\Model->__call('get', Array)
#6 C:\xampp\htdocs\truflow\system\CodeIgniter.php(934): App\Controllers\Admin\OrderController->order_list()
#7 C:\xampp\htdocs\truflow\system\CodeIgniter.php(499): CodeIgniter\CodeIgniter->runController(Object(App\Controllers\Admin\OrderController))
#8 C:\xampp\htdocs\truflow\system\CodeIgniter.php(368): CodeIgniter\CodeIgniter->handleRequest(NULL, Object(Config\Cache), false)
#9 C:\xampp\htdocs\truflow\index.php(68): CodeIgniter\CodeIgniter->run()
#10 {main}
CRITICAL - 2023-07-04 06:15:15 --> Unknown column 'tbl_order' in 'group statement'
in SYSTEMPATH\Database\MySQLi\Connection.php on line 295.
 1 SYSTEMPATH\Database\MySQLi\Connection.php(295): mysqli->query('SELECT *
FROM `order_items`
LEFT JOIN `tbl_order` ON `tbl_order`.`order_id` = `order_items`.`order_id`
LEFT JOIN `product_variants` ON `product_variants`.`variant_id` = `order_items`.`variant_id`
LEFT JOIN `product` ON `product`.`product_id` = `product_variants`.`product_id`
LEFT JOIN `sub_category` ON `sub_category`.`sub_category_id` = `product`.`sub_category_id`
LEFT JOIN `category` ON `category`.`category_id` = `sub_category`.`category_id`
LEFT JOIN `users` ON `users`.`user_id` = `tbl_order`.`user_id`
GROUP BY `tbl_order`', 0)
 2 SYSTEMPATH\Database\BaseConnection.php(692): CodeIgniter\Database\MySQLi\Connection->execute('SELECT *
FROM `order_items`
LEFT JOIN `tbl_order` ON `tbl_order`.`order_id` = `order_items`.`order_id`
LEFT JOIN `product_variants` ON `product_variants`.`variant_id` = `order_items`.`variant_id`
LEFT JOIN `product` ON `product`.`product_id` = `product_variants`.`product_id`
LEFT JOIN `sub_category` ON `sub_category`.`sub_category_id` = `product`.`sub_category_id`
LEFT JOIN `category` ON `category`.`category_id` = `sub_category`.`category_id`
LEFT JOIN `users` ON `users`.`user_id` = `tbl_order`.`user_id`
GROUP BY `tbl_order`')
 3 SYSTEMPATH\Database\BaseConnection.php(606): CodeIgniter\Database\BaseConnection->simpleQuery('SELECT *
FROM `order_items`
LEFT JOIN `tbl_order` ON `tbl_order`.`order_id` = `order_items`.`order_id`
LEFT JOIN `product_variants` ON `product_variants`.`variant_id` = `order_items`.`variant_id`
LEFT JOIN `product` ON `product`.`product_id` = `product_variants`.`product_id`
LEFT JOIN `sub_category` ON `sub_category`.`sub_category_id` = `product`.`sub_category_id`
LEFT JOIN `category` ON `category`.`category_id` = `sub_category`.`category_id`
LEFT JOIN `users` ON `users`.`user_id` = `tbl_order`.`user_id`
GROUP BY `tbl_order`')
 4 SYSTEMPATH\Database\BaseBuilder.php(1616): CodeIgniter\Database\BaseConnection->query('SELECT *
FROM `order_items`
LEFT JOIN `tbl_order` ON `tbl_order`.`order_id` = `order_items`.`order_id`
LEFT JOIN `product_variants` ON `product_variants`.`variant_id` = `order_items`.`variant_id`
LEFT JOIN `product` ON `product`.`product_id` = `product_variants`.`product_id`
LEFT JOIN `sub_category` ON `sub_category`.`sub_category_id` = `product`.`sub_category_id`
LEFT JOIN `category` ON `category`.`category_id` = `sub_category`.`category_id`
LEFT JOIN `users` ON `users`.`user_id` = `tbl_order`.`user_id`
GROUP BY `tbl_order`', [], false)
 5 SYSTEMPATH\Model.php(840): CodeIgniter\Database\BaseBuilder->get()
 6 APPPATH\Controllers\Admin\OrderController.php(40): CodeIgniter\Model->__call('get', [])
 7 SYSTEMPATH\CodeIgniter.php(934): App\Controllers\Admin\OrderController->order_list()
 8 SYSTEMPATH\CodeIgniter.php(499): CodeIgniter\CodeIgniter->runController(Object(App\Controllers\Admin\OrderController))
 9 SYSTEMPATH\CodeIgniter.php(368): CodeIgniter\CodeIgniter->handleRequest(null, Object(Config\Cache), false)
10 FCPATH\index.php(68): CodeIgniter\CodeIgniter->run()
CRITICAL - 2023-07-04 06:28:15 --> Attempt to assign property "product_item" on array
in APPPATH\Controllers\Admin\OrderController.php on line 45.
 1 SYSTEMPATH\CodeIgniter.php(934): App\Controllers\Admin\OrderController->order_list()
 2 SYSTEMPATH\CodeIgniter.php(499): CodeIgniter\CodeIgniter->runController(Object(App\Controllers\Admin\OrderController))
 3 SYSTEMPATH\CodeIgniter.php(368): CodeIgniter\CodeIgniter->handleRequest(null, Object(Config\Cache), false)
 4 FCPATH\index.php(68): CodeIgniter\CodeIgniter->run()
ERROR - 2023-07-04 06:35:51 --> mysqli_sql_exception: Unknown column 'tbl_order' in 'where clause' in C:\xampp\htdocs\truflow\system\Database\MySQLi\Connection.php:295
Stack trace:
#0 C:\xampp\htdocs\truflow\system\Database\MySQLi\Connection.php(295): mysqli->query('SELECT *\nFROM `...', 0)
#1 C:\xampp\htdocs\truflow\system\Database\BaseConnection.php(692): CodeIgniter\Database\MySQLi\Connection->execute('SELECT *\nFROM `...')
#2 C:\xampp\htdocs\truflow\system\Database\BaseConnection.php(606): CodeIgniter\Database\BaseConnection->simpleQuery('SELECT *\nFROM `...')
#3 C:\xampp\htdocs\truflow\system\Database\BaseBuilder.php(1616): CodeIgniter\Database\BaseConnection->query('SELECT *\nFROM `...', Array, false)
#4 C:\xampp\htdocs\truflow\system\Model.php(241): CodeIgniter\Database\BaseBuilder->get()
#5 C:\xampp\htdocs\truflow\system\BaseModel.php(618): CodeIgniter\Model->doFindAll(0, 0)
#6 C:\xampp\htdocs\truflow\app\Controllers\Admin\OrderController.php(47): CodeIgniter\BaseModel->findAll()
#7 C:\xampp\htdocs\truflow\system\CodeIgniter.php(934): App\Controllers\Admin\OrderController->order_list()
#8 C:\xampp\htdocs\truflow\system\CodeIgniter.php(499): CodeIgniter\CodeIgniter->runController(Object(App\Controllers\Admin\OrderController))
#9 C:\xampp\htdocs\truflow\system\CodeIgniter.php(368): CodeIgniter\CodeIgniter->handleRequest(NULL, Object(Config\Cache), false)
#10 C:\xampp\htdocs\truflow\index.php(68): CodeIgniter\CodeIgniter->run()
#11 {main}
CRITICAL - 2023-07-04 06:35:51 --> Unknown column 'tbl_order' in 'where clause'
in SYSTEMPATH\Database\MySQLi\Connection.php on line 295.
 1 SYSTEMPATH\Database\MySQLi\Connection.php(295): mysqli->query('SELECT *
FROM `order_items`
WHERE `tbl_order` = \'tbl_order.order_id = order_items.order_id\'', 0)
 2 SYSTEMPATH\Database\BaseConnection.php(692): CodeIgniter\Database\MySQLi\Connection->execute('SELECT *
FROM `order_items`
WHERE `tbl_order` = \'tbl_order.order_id = order_items.order_id\'')
 3 SYSTEMPATH\Database\BaseConnection.php(606): CodeIgniter\Database\BaseConnection->simpleQuery('SELECT *
FROM `order_items`
WHERE `tbl_order` = \'tbl_order.order_id = order_items.order_id\'')
 4 SYSTEMPATH\Database\BaseBuilder.php(1616): CodeIgniter\Database\BaseConnection->query('SELECT *
FROM `order_items`
WHERE `tbl_order` = :tbl_order:', [...], false)
 5 SYSTEMPATH\Model.php(241): CodeIgniter\Database\BaseBuilder->get()
 6 SYSTEMPATH\BaseModel.php(618): CodeIgniter\Model->doFindAll(0, 0)
 7 APPPATH\Controllers\Admin\OrderController.php(47): CodeIgniter\BaseModel->findAll()
 8 SYSTEMPATH\CodeIgniter.php(934): App\Controllers\Admin\OrderController->order_list()
 9 SYSTEMPATH\CodeIgniter.php(499): CodeIgniter\CodeIgniter->runController(Object(App\Controllers\Admin\OrderController))
10 SYSTEMPATH\CodeIgniter.php(368): CodeIgniter\CodeIgniter->handleRequest(null, Object(Config\Cache), false)
11 FCPATH\index.php(68): CodeIgniter\CodeIgniter->run()
CRITICAL - 2023-07-04 06:40:34 --> Undefined array key "product_item"
in APPPATH\Views\admin\order\order_list.php on line 147.
 1 APPPATH\Views\admin\order\order_list.php(147): CodeIgniter\Debug\Exceptions->errorHandler(2, 'Undefined array key "product_item"', 'C:\\xampp\\htdocs\\truflow\\app\\Views\\admin\\order\\order_list.php', 147)
 2 SYSTEMPATH\View\View.php(213): include('C:\\xampp\\htdocs\\truflow\\app\\Views\\admin\\order\\order_list.php')
 3 SYSTEMPATH\View\View.php(216): CodeIgniter\View\View->CodeIgniter\View\{closure}()
 4 SYSTEMPATH\Common.php(1184): CodeIgniter\View\View->render('admin/order/order_list', [], true)
 5 APPPATH\Controllers\Admin\OrderController.php(62): view('admin/order/order_list', [...])
 6 SYSTEMPATH\CodeIgniter.php(934): App\Controllers\Admin\OrderController->order_list()
 7 SYSTEMPATH\CodeIgniter.php(499): CodeIgniter\CodeIgniter->runController(Object(App\Controllers\Admin\OrderController))
 8 SYSTEMPATH\CodeIgniter.php(368): CodeIgniter\CodeIgniter->handleRequest(null, Object(Config\Cache), false)
 9 FCPATH\index.php(68): CodeIgniter\CodeIgniter->run()
CRITICAL - 2023-07-04 06:40:44 --> Undefined array key ""
in APPPATH\Views\admin\order\order_list.php on line 147.
 1 APPPATH\Views\admin\order\order_list.php(147): CodeIgniter\Debug\Exceptions->errorHandler(2, 'Undefined array key ""', 'C:\\xampp\\htdocs\\truflow\\app\\Views\\admin\\order\\order_list.php', 147)
 2 SYSTEMPATH\View\View.php(213): include('C:\\xampp\\htdocs\\truflow\\app\\Views\\admin\\order\\order_list.php')
 3 SYSTEMPATH\View\View.php(216): CodeIgniter\View\View->CodeIgniter\View\{closure}()
 4 SYSTEMPATH\Common.php(1184): CodeIgniter\View\View->render('admin/order/order_list', [], true)
 5 APPPATH\Controllers\Admin\OrderController.php(62): view('admin/order/order_list', [...])
 6 SYSTEMPATH\CodeIgniter.php(934): App\Controllers\Admin\OrderController->order_list()
 7 SYSTEMPATH\CodeIgniter.php(499): CodeIgniter\CodeIgniter->runController(Object(App\Controllers\Admin\OrderController))
 8 SYSTEMPATH\CodeIgniter.php(368): CodeIgniter\CodeIgniter->handleRequest(null, Object(Config\Cache), false)
 9 FCPATH\index.php(68): CodeIgniter\CodeIgniter->run()
CRITICAL - 2023-07-04 07:05:39 --> Undefined variable $order
in APPPATH\Views\admin\order\order_list.php on line 149.
 1 APPPATH\Views\admin\order\order_list.php(149): CodeIgniter\Debug\Exceptions->errorHandler(2, 'Undefined variable $order', 'C:\\xampp\\htdocs\\truflow\\app\\Views\\admin\\order\\order_list.php', 149)
 2 SYSTEMPATH\View\View.php(213): include('C:\\xampp\\htdocs\\truflow\\app\\Views\\admin\\order\\order_list.php')
 3 SYSTEMPATH\View\View.php(216): CodeIgniter\View\View->CodeIgniter\View\{closure}()
 4 SYSTEMPATH\Common.php(1184): CodeIgniter\View\View->render('admin/order/order_list', [], true)
 5 APPPATH\Controllers\Admin\OrderController.php(69): view('admin/order/order_list', [...])
 6 SYSTEMPATH\CodeIgniter.php(934): App\Controllers\Admin\OrderController->order_list()
 7 SYSTEMPATH\CodeIgniter.php(499): CodeIgniter\CodeIgniter->runController(Object(App\Controllers\Admin\OrderController))
 8 SYSTEMPATH\CodeIgniter.php(368): CodeIgniter\CodeIgniter->handleRequest(null, Object(Config\Cache), false)
 9 FCPATH\index.php(68): CodeIgniter\CodeIgniter->run()
CRITICAL - 2023-07-04 07:06:40 --> Undefined variable $order
in APPPATH\Views\admin\order\order_list.php on line 154.
 1 APPPATH\Views\admin\order\order_list.php(154): CodeIgniter\Debug\Exceptions->errorHandler(2, 'Undefined variable $order', 'C:\\xampp\\htdocs\\truflow\\app\\Views\\admin\\order\\order_list.php', 154)
 2 SYSTEMPATH\View\View.php(213): include('C:\\xampp\\htdocs\\truflow\\app\\Views\\admin\\order\\order_list.php')
 3 SYSTEMPATH\View\View.php(216): CodeIgniter\View\View->CodeIgniter\View\{closure}()
 4 SYSTEMPATH\Common.php(1184): CodeIgniter\View\View->render('admin/order/order_list', [], true)
 5 APPPATH\Controllers\Admin\OrderController.php(69): view('admin/order/order_list', [...])
 6 SYSTEMPATH\CodeIgniter.php(934): App\Controllers\Admin\OrderController->order_list()
 7 SYSTEMPATH\CodeIgniter.php(499): CodeIgniter\CodeIgniter->runController(Object(App\Controllers\Admin\OrderController))
 8 SYSTEMPATH\CodeIgniter.php(368): CodeIgniter\CodeIgniter->handleRequest(null, Object(Config\Cache), false)
 9 FCPATH\index.php(68): CodeIgniter\CodeIgniter->run()
