CRITICAL - 2023-06-13 07:16:50 --> Undefined array key "gender"
in APPPATH\Controllers\UserController.php on line 55.
 1 APPPATH\Controllers\UserController.php(55): CodeIgniter\Debug\Exceptions->errorHandler(2, 'Undefined array key "gender"', 'C:\\xampp\\htdocs\\truflow\\app\\Controllers\\UserController.php', 55)
 2 SYSTEMPATH\CodeIgniter.php(934): App\Controllers\UserController->registerSave()
 3 SYSTEMPATH\CodeIgniter.php(499): CodeIgniter\CodeIgniter->runController(Object(App\Controllers\UserController))
 4 SYSTEMPATH\CodeIgniter.php(368): CodeIgniter\CodeIgniter->handleRequest(null, Object(Config\Cache), false)
 5 FCPATH\index.php(68): CodeIgniter\CodeIgniter->run()
CRITICAL - 2023-06-13 07:40:06 --> Unsupported operand types: string * string
in APPPATH\Controllers\Home.php on line 379.
 1 SYSTEMPATH\CodeIgniter.php(934): App\Controllers\Home->add_to_cart_new()
 2 SYSTEMPATH\CodeIgniter.php(499): CodeIgniter\CodeIgniter->runController(Object(App\Controllers\Home))
 3 SYSTEMPATH\CodeIgniter.php(368): CodeIgniter\CodeIgniter->handleRequest(null, Object(Config\Cache), false)
 4 FCPATH\index.php(68): CodeIgniter\CodeIgniter->run()
CRITICAL - 2023-06-13 07:40:23 --> Unsupported operand types: string * string
in APPPATH\Controllers\Home.php on line 379.
 1 SYSTEMPATH\CodeIgniter.php(934): App\Controllers\Home->add_to_cart_new()
 2 SYSTEMPATH\CodeIgniter.php(499): CodeIgniter\CodeIgniter->runController(Object(App\Controllers\Home))
 3 SYSTEMPATH\CodeIgniter.php(368): CodeIgniter\CodeIgniter->handleRequest(null, Object(Config\Cache), false)
 4 FCPATH\index.php(68): CodeIgniter\CodeIgniter->run()
ERROR - 2023-06-13 09:19:36 --> Error connecting to the database: mysqli_sql_exception: No connection could be made because the target machine actively refused it in C:\xampp\htdocs\truflow\system\Database\MySQLi\Connection.php:174
Stack trace:
#0 C:\xampp\htdocs\truflow\system\Database\MySQLi\Connection.php(174): mysqli->real_connect('localhost', 'root', '', 'true_flow', 3306, '', 0)
#1 C:\xampp\htdocs\truflow\system\Database\BaseConnection.php(391): CodeIgniter\Database\MySQLi\Connection->connect(false)
#2 C:\xampp\htdocs\truflow\system\Database\BaseConnection.php(574): CodeIgniter\Database\BaseConnection->initialize()
#3 C:\xampp\htdocs\truflow\system\Database\BaseBuilder.php(1616): CodeIgniter\Database\BaseConnection->query('SELECT *\nFROM `...', Array, false)
#4 C:\xampp\htdocs\truflow\system\Model.php(203): CodeIgniter\Database\BaseBuilder->get()
#5 C:\xampp\htdocs\truflow\system\BaseModel.php(557): CodeIgniter\Model->doFind(false, NULL)
#6 C:\xampp\htdocs\truflow\app\Controllers\Home.php(269): CodeIgniter\BaseModel->find()
#7 C:\xampp\htdocs\truflow\system\CodeIgniter.php(934): App\Controllers\Home->add_to_cart()
#8 C:\xampp\htdocs\truflow\system\CodeIgniter.php(499): CodeIgniter\CodeIgniter->runController(Object(App\Controllers\Home))
#9 C:\xampp\htdocs\truflow\system\CodeIgniter.php(368): CodeIgniter\CodeIgniter->handleRequest(NULL, Object(Config\Cache), false)
#10 C:\xampp\htdocs\truflow\index.php(68): CodeIgniter\CodeIgniter->run()
#11 {main}

Next CodeIgniter\Database\Exceptions\DatabaseException: No connection could be made because the target machine actively refused it in C:\xampp\htdocs\truflow\system\Database\MySQLi\Connection.php:218
Stack trace:
#0 C:\xampp\htdocs\truflow\system\Database\BaseConnection.php(391): CodeIgniter\Database\MySQLi\Connection->connect(false)
#1 C:\xampp\htdocs\truflow\system\Database\BaseConnection.php(574): CodeIgniter\Database\BaseConnection->initialize()
#2 C:\xampp\htdocs\truflow\system\Database\BaseBuilder.php(1616): CodeIgniter\Database\BaseConnection->query('SELECT *\nFROM `...', Array, false)
#3 C:\xampp\htdocs\truflow\system\Model.php(203): CodeIgniter\Database\BaseBuilder->get()
#4 C:\xampp\htdocs\truflow\system\BaseModel.php(557): CodeIgniter\Model->doFind(false, NULL)
#5 C:\xampp\htdocs\truflow\app\Controllers\Home.php(269): CodeIgniter\BaseModel->find()
#6 C:\xampp\htdocs\truflow\system\CodeIgniter.php(934): App\Controllers\Home->add_to_cart()
#7 C:\xampp\htdocs\truflow\system\CodeIgniter.php(499): CodeIgniter\CodeIgniter->runController(Object(App\Controllers\Home))
#8 C:\xampp\htdocs\truflow\system\CodeIgniter.php(368): CodeIgniter\CodeIgniter->handleRequest(NULL, Object(Config\Cache), false)
#9 C:\xampp\htdocs\truflow\index.php(68): CodeIgniter\CodeIgniter->run()
#10 {main}
ERROR - 2023-06-13 09:19:36 --> Error connecting to the database: mysqli_sql_exception: No connection could be made because the target machine actively refused it in C:\xampp\htdocs\truflow\system\Database\MySQLi\Connection.php:174
Stack trace:
#0 C:\xampp\htdocs\truflow\system\Database\MySQLi\Connection.php(174): mysqli->real_connect('localhost', 'root', '', 'true_flow', 3306, '', 0)
#1 C:\xampp\htdocs\truflow\system\Database\BaseConnection.php(391): CodeIgniter\Database\MySQLi\Connection->connect(false)
#2 C:\xampp\htdocs\truflow\system\Database\BaseConnection.php(574): CodeIgniter\Database\BaseConnection->initialize()
#3 C:\xampp\htdocs\truflow\system\Database\BaseBuilder.php(1616): CodeIgniter\Database\BaseConnection->query('SELECT *\nFROM `...', Array, false)
#4 C:\xampp\htdocs\truflow\system\Model.php(203): CodeIgniter\Database\BaseBuilder->get()
#5 C:\xampp\htdocs\truflow\system\BaseModel.php(557): CodeIgniter\Model->doFind(false, NULL)
#6 C:\xampp\htdocs\truflow\app\Controllers\Home.php(269): CodeIgniter\BaseModel->find()
#7 C:\xampp\htdocs\truflow\system\CodeIgniter.php(934): App\Controllers\Home->add_to_cart()
#8 C:\xampp\htdocs\truflow\system\CodeIgniter.php(499): CodeIgniter\CodeIgniter->runController(Object(App\Controllers\Home))
#9 C:\xampp\htdocs\truflow\system\CodeIgniter.php(368): CodeIgniter\CodeIgniter->handleRequest(NULL, Object(Config\Cache), false)
#10 C:\xampp\htdocs\truflow\index.php(68): CodeIgniter\CodeIgniter->run()
#11 {main}

Next CodeIgniter\Database\Exceptions\DatabaseException: No connection could be made because the target machine actively refused it in C:\xampp\htdocs\truflow\system\Database\MySQLi\Connection.php:218
Stack trace:
#0 C:\xampp\htdocs\truflow\system\Database\BaseConnection.php(391): CodeIgniter\Database\MySQLi\Connection->connect(false)
#1 C:\xampp\htdocs\truflow\system\Database\BaseConnection.php(574): CodeIgniter\Database\BaseConnection->initialize()
#2 C:\xampp\htdocs\truflow\system\Database\BaseBuilder.php(1616): CodeIgniter\Database\BaseConnection->query('SELECT *\nFROM `...', Array, false)
#3 C:\xampp\htdocs\truflow\system\Model.php(203): CodeIgniter\Database\BaseBuilder->get()
#4 C:\xampp\htdocs\truflow\system\BaseModel.php(557): CodeIgniter\Model->doFind(false, NULL)
#5 C:\xampp\htdocs\truflow\app\Controllers\Home.php(269): CodeIgniter\BaseModel->find()
#6 C:\xampp\htdocs\truflow\system\CodeIgniter.php(934): App\Controllers\Home->add_to_cart()
#7 C:\xampp\htdocs\truflow\system\CodeIgniter.php(499): CodeIgniter\CodeIgniter->runController(Object(App\Controllers\Home))
#8 C:\xampp\htdocs\truflow\system\CodeIgniter.php(368): CodeIgniter\CodeIgniter->handleRequest(NULL, Object(Config\Cache), false)
#9 C:\xampp\htdocs\truflow\index.php(68): CodeIgniter\CodeIgniter->run()
#10 {main}
CRITICAL - 2023-06-13 09:19:36 --> Unable to connect to the database.
Main connection [MySQLi]: No connection could be made because the target machine actively refused it
in SYSTEMPATH\Database\BaseConnection.php on line 427.
 1 SYSTEMPATH\Database\BaseConnection.php(574): CodeIgniter\Database\BaseConnection->initialize()
 2 SYSTEMPATH\Database\BaseBuilder.php(1616): CodeIgniter\Database\BaseConnection->query('SELECT *
FROM `header_menu`', [], false)
 3 SYSTEMPATH\Model.php(203): CodeIgniter\Database\BaseBuilder->get()
 4 SYSTEMPATH\BaseModel.php(557): CodeIgniter\Model->doFind(false, null)
 5 APPPATH\Controllers\Home.php(269): CodeIgniter\BaseModel->find()
 6 SYSTEMPATH\CodeIgniter.php(934): App\Controllers\Home->add_to_cart()
 7 SYSTEMPATH\CodeIgniter.php(499): CodeIgniter\CodeIgniter->runController(Object(App\Controllers\Home))
 8 SYSTEMPATH\CodeIgniter.php(368): CodeIgniter\CodeIgniter->handleRequest(null, Object(Config\Cache), false)
 9 FCPATH\index.php(68): CodeIgniter\CodeIgniter->run()
CRITICAL - 2023-06-13 09:19:36 --> Unable to connect to the database.
Main connection [MySQLi]: No connection could be made because the target machine actively refused it
in SYSTEMPATH\Database\BaseConnection.php on line 427.
 1 SYSTEMPATH\Database\BaseConnection.php(574): CodeIgniter\Database\BaseConnection->initialize()
 2 SYSTEMPATH\Database\BaseBuilder.php(1616): CodeIgniter\Database\BaseConnection->query('SELECT *
FROM `header_menu`', [], false)
 3 SYSTEMPATH\Model.php(203): CodeIgniter\Database\BaseBuilder->get()
 4 SYSTEMPATH\BaseModel.php(557): CodeIgniter\Model->doFind(false, null)
 5 APPPATH\Controllers\Home.php(269): CodeIgniter\BaseModel->find()
 6 SYSTEMPATH\CodeIgniter.php(934): App\Controllers\Home->add_to_cart()
 7 SYSTEMPATH\CodeIgniter.php(499): CodeIgniter\CodeIgniter->runController(Object(App\Controllers\Home))
 8 SYSTEMPATH\CodeIgniter.php(368): CodeIgniter\CodeIgniter->handleRequest(null, Object(Config\Cache), false)
 9 FCPATH\index.php(68): CodeIgniter\CodeIgniter->run()
ERROR - 2023-06-13 09:20:31 --> Error connecting to the database: mysqli_sql_exception: No connection could be made because the target machine actively refused it in C:\xampp\htdocs\truflow\system\Database\MySQLi\Connection.php:174
Stack trace:
#0 C:\xampp\htdocs\truflow\system\Database\MySQLi\Connection.php(174): mysqli->real_connect('localhost', 'root', '', 'true_flow', 3306, '', 0)
#1 C:\xampp\htdocs\truflow\system\Database\BaseConnection.php(391): CodeIgniter\Database\MySQLi\Connection->connect(false)
#2 C:\xampp\htdocs\truflow\system\Database\BaseConnection.php(574): CodeIgniter\Database\BaseConnection->initialize()
#3 C:\xampp\htdocs\truflow\system\Database\BaseBuilder.php(1616): CodeIgniter\Database\BaseConnection->query('SELECT *\nFROM `...', Array, false)
#4 C:\xampp\htdocs\truflow\system\Model.php(203): CodeIgniter\Database\BaseBuilder->get()
#5 C:\xampp\htdocs\truflow\system\BaseModel.php(557): CodeIgniter\Model->doFind(false, NULL)
#6 C:\xampp\htdocs\truflow\app\Controllers\Home.php(269): CodeIgniter\BaseModel->find()
#7 C:\xampp\htdocs\truflow\system\CodeIgniter.php(934): App\Controllers\Home->add_to_cart()
#8 C:\xampp\htdocs\truflow\system\CodeIgniter.php(499): CodeIgniter\CodeIgniter->runController(Object(App\Controllers\Home))
#9 C:\xampp\htdocs\truflow\system\CodeIgniter.php(368): CodeIgniter\CodeIgniter->handleRequest(NULL, Object(Config\Cache), false)
#10 C:\xampp\htdocs\truflow\index.php(68): CodeIgniter\CodeIgniter->run()
#11 {main}

Next CodeIgniter\Database\Exceptions\DatabaseException: No connection could be made because the target machine actively refused it in C:\xampp\htdocs\truflow\system\Database\MySQLi\Connection.php:218
Stack trace:
#0 C:\xampp\htdocs\truflow\system\Database\BaseConnection.php(391): CodeIgniter\Database\MySQLi\Connection->connect(false)
#1 C:\xampp\htdocs\truflow\system\Database\BaseConnection.php(574): CodeIgniter\Database\BaseConnection->initialize()
#2 C:\xampp\htdocs\truflow\system\Database\BaseBuilder.php(1616): CodeIgniter\Database\BaseConnection->query('SELECT *\nFROM `...', Array, false)
#3 C:\xampp\htdocs\truflow\system\Model.php(203): CodeIgniter\Database\BaseBuilder->get()
#4 C:\xampp\htdocs\truflow\system\BaseModel.php(557): CodeIgniter\Model->doFind(false, NULL)
#5 C:\xampp\htdocs\truflow\app\Controllers\Home.php(269): CodeIgniter\BaseModel->find()
#6 C:\xampp\htdocs\truflow\system\CodeIgniter.php(934): App\Controllers\Home->add_to_cart()
#7 C:\xampp\htdocs\truflow\system\CodeIgniter.php(499): CodeIgniter\CodeIgniter->runController(Object(App\Controllers\Home))
#8 C:\xampp\htdocs\truflow\system\CodeIgniter.php(368): CodeIgniter\CodeIgniter->handleRequest(NULL, Object(Config\Cache), false)
#9 C:\xampp\htdocs\truflow\index.php(68): CodeIgniter\CodeIgniter->run()
#10 {main}
CRITICAL - 2023-06-13 09:20:31 --> Unable to connect to the database.
Main connection [MySQLi]: No connection could be made because the target machine actively refused it
in SYSTEMPATH\Database\BaseConnection.php on line 427.
 1 SYSTEMPATH\Database\BaseConnection.php(574): CodeIgniter\Database\BaseConnection->initialize()
 2 SYSTEMPATH\Database\BaseBuilder.php(1616): CodeIgniter\Database\BaseConnection->query('SELECT *
FROM `header_menu`', [], false)
 3 SYSTEMPATH\Model.php(203): CodeIgniter\Database\BaseBuilder->get()
 4 SYSTEMPATH\BaseModel.php(557): CodeIgniter\Model->doFind(false, null)
 5 APPPATH\Controllers\Home.php(269): CodeIgniter\BaseModel->find()
 6 SYSTEMPATH\CodeIgniter.php(934): App\Controllers\Home->add_to_cart()
 7 SYSTEMPATH\CodeIgniter.php(499): CodeIgniter\CodeIgniter->runController(Object(App\Controllers\Home))
 8 SYSTEMPATH\CodeIgniter.php(368): CodeIgniter\CodeIgniter->handleRequest(null, Object(Config\Cache), false)
 9 FCPATH\index.php(68): CodeIgniter\CodeIgniter->run()
ERROR - 2023-06-13 09:20:38 --> Error connecting to the database: mysqli_sql_exception: No connection could be made because the target machine actively refused it in C:\xampp\htdocs\truflow\system\Database\MySQLi\Connection.php:174
Stack trace:
#0 C:\xampp\htdocs\truflow\system\Database\MySQLi\Connection.php(174): mysqli->real_connect('localhost', 'root', '', 'true_flow', 3306, '', 0)
#1 C:\xampp\htdocs\truflow\system\Database\BaseConnection.php(391): CodeIgniter\Database\MySQLi\Connection->connect(false)
#2 C:\xampp\htdocs\truflow\system\Database\BaseConnection.php(574): CodeIgniter\Database\BaseConnection->initialize()
#3 C:\xampp\htdocs\truflow\system\Database\BaseBuilder.php(1616): CodeIgniter\Database\BaseConnection->query('SELECT *\nFROM `...', Array, false)
#4 C:\xampp\htdocs\truflow\system\Model.php(203): CodeIgniter\Database\BaseBuilder->get()
#5 C:\xampp\htdocs\truflow\system\BaseModel.php(557): CodeIgniter\Model->doFind(false, NULL)
#6 C:\xampp\htdocs\truflow\app\Controllers\Home.php(269): CodeIgniter\BaseModel->find()
#7 C:\xampp\htdocs\truflow\system\CodeIgniter.php(934): App\Controllers\Home->add_to_cart()
#8 C:\xampp\htdocs\truflow\system\CodeIgniter.php(499): CodeIgniter\CodeIgniter->runController(Object(App\Controllers\Home))
#9 C:\xampp\htdocs\truflow\system\CodeIgniter.php(368): CodeIgniter\CodeIgniter->handleRequest(NULL, Object(Config\Cache), false)
#10 C:\xampp\htdocs\truflow\index.php(68): CodeIgniter\CodeIgniter->run()
#11 {main}

Next CodeIgniter\Database\Exceptions\DatabaseException: No connection could be made because the target machine actively refused it in C:\xampp\htdocs\truflow\system\Database\MySQLi\Connection.php:218
Stack trace:
#0 C:\xampp\htdocs\truflow\system\Database\BaseConnection.php(391): CodeIgniter\Database\MySQLi\Connection->connect(false)
#1 C:\xampp\htdocs\truflow\system\Database\BaseConnection.php(574): CodeIgniter\Database\BaseConnection->initialize()
#2 C:\xampp\htdocs\truflow\system\Database\BaseBuilder.php(1616): CodeIgniter\Database\BaseConnection->query('SELECT *\nFROM `...', Array, false)
#3 C:\xampp\htdocs\truflow\system\Model.php(203): CodeIgniter\Database\BaseBuilder->get()
#4 C:\xampp\htdocs\truflow\system\BaseModel.php(557): CodeIgniter\Model->doFind(false, NULL)
#5 C:\xampp\htdocs\truflow\app\Controllers\Home.php(269): CodeIgniter\BaseModel->find()
#6 C:\xampp\htdocs\truflow\system\CodeIgniter.php(934): App\Controllers\Home->add_to_cart()
#7 C:\xampp\htdocs\truflow\system\CodeIgniter.php(499): CodeIgniter\CodeIgniter->runController(Object(App\Controllers\Home))
#8 C:\xampp\htdocs\truflow\system\CodeIgniter.php(368): CodeIgniter\CodeIgniter->handleRequest(NULL, Object(Config\Cache), false)
#9 C:\xampp\htdocs\truflow\index.php(68): CodeIgniter\CodeIgniter->run()
#10 {main}
CRITICAL - 2023-06-13 09:20:38 --> Unable to connect to the database.
Main connection [MySQLi]: No connection could be made because the target machine actively refused it
in SYSTEMPATH\Database\BaseConnection.php on line 427.
 1 SYSTEMPATH\Database\BaseConnection.php(574): CodeIgniter\Database\BaseConnection->initialize()
 2 SYSTEMPATH\Database\BaseBuilder.php(1616): CodeIgniter\Database\BaseConnection->query('SELECT *
FROM `header_menu`', [], false)
 3 SYSTEMPATH\Model.php(203): CodeIgniter\Database\BaseBuilder->get()
 4 SYSTEMPATH\BaseModel.php(557): CodeIgniter\Model->doFind(false, null)
 5 APPPATH\Controllers\Home.php(269): CodeIgniter\BaseModel->find()
 6 SYSTEMPATH\CodeIgniter.php(934): App\Controllers\Home->add_to_cart()
 7 SYSTEMPATH\CodeIgniter.php(499): CodeIgniter\CodeIgniter->runController(Object(App\Controllers\Home))
 8 SYSTEMPATH\CodeIgniter.php(368): CodeIgniter\CodeIgniter->handleRequest(null, Object(Config\Cache), false)
 9 FCPATH\index.php(68): CodeIgniter\CodeIgniter->run()
CRITICAL - 2023-06-13 12:06:59 --> Undefined array key "variant_name"
in APPPATH\Controllers\Admin\ProductController.php on line 146.
 1 APPPATH\Controllers\Admin\ProductController.php(146): CodeIgniter\Debug\Exceptions->errorHandler(2, 'Undefined array key "variant_name"', 'C:\\xampp\\htdocs\\truflow\\app\\Controllers\\Admin\\ProductController.php', 146)
 2 APPPATH\Controllers\Admin\ProductController.php(87): App\Controllers\Admin\ProductController->variantProductSave(8)
 3 SYSTEMPATH\CodeIgniter.php(934): App\Controllers\Admin\ProductController->productSave()
 4 SYSTEMPATH\CodeIgniter.php(499): CodeIgniter\CodeIgniter->runController(Object(App\Controllers\Admin\ProductController))
 5 SYSTEMPATH\CodeIgniter.php(368): CodeIgniter\CodeIgniter->handleRequest(null, Object(Config\Cache), false)
 6 FCPATH\index.php(68): CodeIgniter\CodeIgniter->run()
CRITICAL - 2023-06-13 13:24:48 --> Unclosed '{' on line 107
in APPPATH\Views\admin\order\order_list.php on line 166.
 1 SYSTEMPATH\View\View.php(216): CodeIgniter\View\View->CodeIgniter\View\{closure}()
 2 SYSTEMPATH\Common.php(1184): CodeIgniter\View\View->render('admin/order/order_list', [], true)
 3 APPPATH\Controllers\Admin\OrderController.php(57): view('admin/order/order_list', [...])
 4 SYSTEMPATH\CodeIgniter.php(934): App\Controllers\Admin\OrderController->order_list()
 5 SYSTEMPATH\CodeIgniter.php(499): CodeIgniter\CodeIgniter->runController(Object(App\Controllers\Admin\OrderController))
 6 SYSTEMPATH\CodeIgniter.php(368): CodeIgniter\CodeIgniter->handleRequest(null, Object(Config\Cache), false)
 7 FCPATH\index.php(68): CodeIgniter\CodeIgniter->run()
